<?xml version="1.0" encoding="UTF-8"?>
<testsuite xmlns:xsi="http://www.w3.org/2001/XMLSchema-instance" xsi:schemaLocation="https://maven.apache.org/surefire/maven-surefire-plugin/xsd/surefire-test-report.xsd" name="Happy_Path_Patient_Web_and_MR.cukes.DemoWebBestBuy" time="34.127" tests="28" errors="0" skipped="0" failures="27">
  <properties>
    <property name="idea.version" value="2022.2.3"/>
    <property name="app" value="Happy_Path_Patient_Web_and_MR"/>
    <property name="java.runtime.name" value="Java(TM) SE Runtime Environment"/>
    <property name="sun.boot.library.path" value="C:\Program Files\Java\jdk1.8.0_351\jre\bin"/>
    <property name="runner" value="DemoWebBestBuy"/>
    <property name="java.vm.version" value="25.351-b10"/>
    <property name="java.vm.vendor" value="Oracle Corporation"/>
    <property name="maven.multiModuleProjectDirectory" value="E:\ShareWebCopy_Guvi_BestBuy"/>
    <property name="java.vendor.url" value="http://java.oracle.com/"/>
    <property name="path.separator" value=";"/>
    <property name="guice.disable.misplaced.annotation.check" value="true"/>
    <property name="java.vm.name" value="Java HotSpot(TM) 64-Bit Server VM"/>
    <property name="file.encoding.pkg" value="sun.io"/>
    <property name="user.script" value=""/>
    <property name="env" value="QA"/>
    <property name="user.country" value="IN"/>
    <property name="sun.java.launcher" value="SUN_STANDARD"/>
    <property name="sun.os.patch.level" value=""/>
    <property name="java.vm.specification.name" value="Java Virtual Machine Specification"/>
    <property name="user.dir" value="E:\ShareWebCopy_Guvi_BestBuy"/>
    <property name="java.runtime.version" value="1.8.0_351-b10"/>
    <property name="java.awt.graphicsenv" value="sun.awt.Win32GraphicsEnvironment"/>
    <property name="java.endorsed.dirs" value="C:\Program Files\Java\jdk1.8.0_351\jre\lib\endorsed"/>
    <property name="os.arch" value="amd64"/>
    <property name="java.io.tmpdir" value="C:\Users\BHAANU~1\AppData\Local\Temp\"/>
    <property name="line.separator" value="&#10;"/>
    <property name="java.vm.specification.vendor" value="Oracle Corporation"/>
    <property name="user.variant" value=""/>
    <property name="os.name" value="Windows 11"/>
    <property name="maven.ext.class.path" value="C:\Program Files\JetBrains\IntelliJ IDEA Community Edition 2022.2.3\plugins\maven\lib\maven-event-listener.jar"/>
    <property name="classworlds.conf" value="C:\Program Files\JetBrains\IntelliJ IDEA Community Edition 2022.2.3\plugins\maven\lib\maven3\bin\m2.conf"/>
    <property name="sun.jnu.encoding" value="Cp1252"/>
    <property name="execution_type" value="browser"/>
    <property name="java.library.path" value="C:\Program Files\Java\jdk1.8.0_351\bin;C:\WINDOWS\Sun\Java\bin;C:\WINDOWS\system32;C:\WINDOWS;C:\Python311\Scripts\;C:\Python311\;C:\Program Files (x86)\Common Files\Oracle\Java\javapath;C:\WINDOWS\system32;C:\WINDOWS;C:\WINDOWS\System32\Wbem;C:\WINDOWS\System32\WindowsPowerShell\v1.0\;C:\WINDOWS\System32\OpenSSH\;C:\Program Files\Java\jdk1.8.0_351\bin;C:\Users\Bhaanureaka K\AppData\Local\Android\Sdk\build-tools;C:\Users\Bhaanureaka K\AppData\Local\Android\Sdk\platform-tools;C:\Users\Bhaanureaka K\AppData\Local\Android\Sdk\tools\bin;C:\Program Files\Git\cmd;C:\Program Files\Maven\apache-maven-3.6.0-bin\bin;C:\Users\Bhaanureaka K\AppData\Local\Android\Sdk\cmdline-tools;C:\ProgramData\chocolatey\bin;C:\Program Files\nodejs\;C:\strawberry\c\bin;C:\strawberry\perl\bin;C:\Program Files\MySQL\MySQL Shell 8.0\bin\;C:\Users\Bhaanureaka K\AppData\Local\Microsoft\WindowsApps;C:\Users\Bhaanureaka K\AppData\Roaming\npm;."/>
    <property name="maven.conf" value="C:\Program Files\JetBrains\IntelliJ IDEA Community Edition 2022.2.3\plugins\maven\lib\maven3/conf"/>
    <property name="java.class.version" value="52.0"/>
    <property name="java.specification.name" value="Java Platform API Specification"/>
    <property name="sun.management.compiler" value="HotSpot 64-Bit Tiered Compilers"/>
    <property name="os.version" value="10.0"/>
    <property name="user.home" value="C:\Users\Bhaanureaka K"/>
    <property name="user.timezone" value="Asia/Calcutta"/>
    <property name="java.awt.printerjob" value="sun.awt.windows.WPrinterJob"/>
    <property name="java.specification.version" value="1.8"/>
    <property name="file.encoding" value="UTF-8"/>
    <property name="user.name" value="Bhaanureaka K"/>
    <property name="java.class.path" value="C:\Program Files\JetBrains\IntelliJ IDEA Community Edition 2022.2.3\plugins\maven\lib\maven3\boot\plexus-classworlds-2.6.0.jar;C:\Program Files\JetBrains\IntelliJ IDEA Community Edition 2022.2.3\plugins\maven\lib\maven3\boot\plexus-classworlds.license;C:\Program Files\JetBrains\IntelliJ IDEA Community Edition 2022.2.3\lib\idea_rt.jar"/>
    <property name="browser_name" value="chrome"/>
    <property name="java.vm.specification.version" value="1.8"/>
    <property name="sun.arch.data.model" value="64"/>
    <property name="java.home" value="C:\Program Files\Java\jdk1.8.0_351\jre"/>
    <property name="sun.java.command" value="org.codehaus.classworlds.Launcher -Didea.version=2022.2.3 clean test -Dapp=Happy_Path_Patient_Web_and_MR -Dexecution_type=browser -Drunner=DemoWebBestBuy -Dbrowser_name=chrome -Denv=QA -DargLine=-Dextent.reporter.spark.out=reports/Extent-Report/Web-QAResults.html -Dsysteminfo.AppName=BestBuy-Website"/>
    <property name="java.specification.vendor" value="Oracle Corporation"/>
    <property name="user.language" value="en"/>
    <property name="awt.toolkit" value="sun.awt.windows.WToolkit"/>
    <property name="java.vm.info" value="mixed mode"/>
    <property name="java.version" value="1.8.0_351"/>
    <property name="java.ext.dirs" value="C:\Program Files\Java\jdk1.8.0_351\jre\lib\ext;C:\WINDOWS\Sun\Java\lib\ext"/>
    <property name="sun.boot.class.path" value="C:\Program Files\Java\jdk1.8.0_351\jre\lib\resources.jar;C:\Program Files\Java\jdk1.8.0_351\jre\lib\rt.jar;C:\Program Files\Java\jdk1.8.0_351\jre\lib\jsse.jar;C:\Program Files\Java\jdk1.8.0_351\jre\lib\jce.jar;C:\Program Files\Java\jdk1.8.0_351\jre\lib\charsets.jar;C:\Program Files\Java\jdk1.8.0_351\jre\lib\jfr.jar;C:\Program Files\Java\jdk1.8.0_351\jre\classes"/>
    <property name="java.vendor" value="Oracle Corporation"/>
    <property name="java.specification.maintenance.version" value="4"/>
    <property name="maven.home" value="C:\Program Files\JetBrains\IntelliJ IDEA Community Edition 2022.2.3\plugins\maven\lib\maven3"/>
    <property name="file.separator" value="\"/>
    <property name="java.vendor.url.bug" value="http://bugreport.sun.com/bugreport/"/>
    <property name="sun.cpu.endian" value="little"/>
    <property name="sun.io.unicode.encoding" value="UnicodeLittle"/>
    <property name="argLine" value="-Dextent.reporter.spark.out=reports/Extent-Report/Web-QAResults.html -Dsysteminfo.AppName=BestBuy-Website"/>
    <property name="sun.desktop" value="windows"/>
    <property name="sun.cpu.isalist" value="amd64"/>
  </properties>
  <testcase name="runScenario" classname="Happy_Path_Patient_Web_and_MR.cukes.DemoWebBestBuy" time="26.317"/>
  <testcase name="runScenario" classname="Happy_Path_Patient_Web_and_MR.cukes.DemoWebBestBuy" time="0.725">
    <failure message="expected [true] but found [false]" type="java.lang.AssertionError">java.lang.AssertionError: expected [true] but found [false]
</failure>
    <system-out><![CDATA[
@WEB @TEST1 @TC_ID_1003 @TC_ID_1004 @TC_ID_1005 @TC_ID_1006
Scenario Template: Create Account with No Test Data and Invalid Data                                     # src/test/resources/features/BestBuyPurchase/1_GUVI_BestBuyPurchase.feature:25
  Given As a user i should navigate to Create Account page                                               # Happy_Path_Patient_Web_and_MR.stepDefinitions.BestBuySteps.asAUserIShouldNavigateToCreateAccountPage()
      java.lang.AssertionError: expected [true] but found [false]
	at org.testng.Assert.fail(Assert.java:99)
	at org.testng.Assert.failNotEquals(Assert.java:1037)
	at org.testng.Assert.assertTrue(Assert.java:45)
	at org.testng.Assert.assertTrue(Assert.java:55)
	at Happy_Path_Patient_Web_and_MR.stepDefinitions.BestBuySteps.asAUserIShouldNavigateToCreateAccountPage(BestBuySteps.java:42)
	at âœ½.As a user i should navigate to Create Account page(file:///E:/ShareWebCopy_Guvi_BestBuy/src/test/resources/features/BestBuyPurchase/1_GUVI_BestBuyPurchase.feature:15)

  And I should not enter any data in input fields and Click on Create an Account button                  # Happy_Path_Patient_Web_and_MR.stepDefinitions.BestBuySteps.iShouldNotEnterAnyDataInInputFieldsAndClickOnCreateAnAccountButton()
  Then I should check the mandatory fields "&VALIDATION MESSAGES&" validation messages                   # Happy_Path_Patient_Web_and_MR.stepDefinitions.BestBuySteps.iShouldCheckTheMandatoryFieldsValidationMessages(java.lang.String)
  And I should enter invalid data "&INVALID DATA&" in input fields and Click on Create an Account button # Happy_Path_Patient_Web_and_MR.stepDefinitions.BestBuySteps.iShouldEnterInvalidDataInInputFieldsAndClickOnCreateAnAccountButton(java.lang.String)
  Then I should check all invalid messages "&INVALID VALIDATION MESSAGES&" are displayed                 # Happy_Path_Patient_Web_and_MR.stepDefinitions.BestBuySteps.iShouldCheckAllInvalidMessagesAreDisplayed(java.lang.String)
  And I should enter valid data "&VALID DATA&" in input fields and Click on Create an Account button     # Happy_Path_Patient_Web_and_MR.stepDefinitions.BestBuySteps.iShouldEnterValidDataInInputFieldsAndClickOnCreateAnAccountButton(java.lang.String)
  Then I should check account is created successfully                                                    # Happy_Path_Patient_Web_and_MR.stepDefinitions.BestBuySteps.iShouldCheckAccountIsCreatedSuccessfully()
      org.openqa.selenium.NoSuchSessionException: invalid session id
Build info: version: '3.141.59', revision: 'e82be7d358', time: '2018-11-14T08:17:03'
System info: host: 'LAPTOP-G0UQGSFP', ip: '192.168.199.43', os.name: 'Windows 11', os.arch: 'amd64', os.version: '10.0', java.version: '1.8.0_351'
Driver info: org.openqa.selenium.chrome.ChromeDriver
Capabilities {acceptInsecureCerts: false, browserName: chrome, browserVersion: 135.0.7049.85, chrome: {chromedriverVersion: 135.0.7049.84 (6c019e560019..., userDataDir: C:\Users\BHAANU~1\AppData\L...}, fedcm:accounts: true, goog:chromeOptions: {debuggerAddress: localhost:56801}, javascriptEnabled: true, networkConnectionEnabled: false, pageLoadStrategy: normal, platform: WINDOWS, platformName: WINDOWS, proxy: Proxy(), setWindowRect: true, strictFileInteractability: false, timeouts: {implicit: 0, pageLoad: 300000, script: 30000}, unhandledPromptBehavior: dismiss and notify, webauthn:extension:credBlob: true, webauthn:extension:largeBlob: true, webauthn:extension:minPinLength: true, webauthn:extension:prf: true, webauthn:virtualAuthenticators: true}
Session ID: cfaceeb228dae2bfffd3eb7a2c48880e
	at sun.reflect.NativeConstructorAccessorImpl.newInstance0(Native Method)
	at sun.reflect.NativeConstructorAccessorImpl.newInstance(NativeConstructorAccessorImpl.java:62)
	at sun.reflect.DelegatingConstructorAccessorImpl.newInstance(DelegatingConstructorAccessorImpl.java:45)
	at java.lang.reflect.Constructor.newInstance(Constructor.java:423)
	at org.openqa.selenium.remote.http.W3CHttpResponseCodec.createException(W3CHttpResponseCodec.java:187)
	at org.openqa.selenium.remote.http.W3CHttpResponseCodec.decode(W3CHttpResponseCodec.java:122)
	at org.openqa.selenium.remote.http.W3CHttpResponseCodec.decode(W3CHttpResponseCodec.java:49)
	at org.openqa.selenium.remote.HttpCommandExecutor.execute(HttpCommandExecutor.java:158)
	at org.openqa.selenium.remote.service.DriverCommandExecutor.execute(DriverCommandExecutor.java:83)
	at org.openqa.selenium.remote.RemoteWebDriver.execute(RemoteWebDriver.java:552)
	at org.openqa.selenium.remote.RemoteWebDriver.execute(RemoteWebDriver.java:609)
	at org.openqa.selenium.remote.RemoteWebDriver.getScreenshotAs(RemoteWebDriver.java:295)
	at Happy_Path_Patient_Web_and_MR.DemoPageContainer.afterScenario(DemoPageContainer.java:74)

]]></system-out>
    <system-err><![CDATA[org.openqa.selenium.WebDriverException: org.openqa.selenium.NoSuchSessionException: invalid session id: session deleted as the browser has closed the connection
from disconnected: not connected to DevTools
  (Session info: chrome=135.0.7049.85)
Build info: version: '3.141.59', revision: 'e82be7d358', time: '2018-11-14T08:17:03'
System info: host: 'LAPTOP-G0UQGSFP', ip: '192.168.199.43', os.name: 'Windows 11', os.arch: 'amd64', os.version: '10.0', java.version: '1.8.0_351'
Driver info: org.openqa.selenium.chrome.ChromeDriver
Capabilities {acceptInsecureCerts: false, browserName: chrome, browserVersion: 135.0.7049.85, chrome: {chromedriverVersion: 135.0.7049.84 (6c019e560019..., userDataDir: C:\Users\BHAANU~1\AppData\L...}, fedcm:accounts: true, goog:chromeOptions: {debuggerAddress: localhost:56801}, javascriptEnabled: true, networkConnectionEnabled: false, pageLoadStrategy: normal, platform: WINDOWS, platformName: WINDOWS, proxy: Proxy(), setWindowRect: true, strictFileInteractability: false, timeouts: {implicit: 0, pageLoad: 300000, script: 30000}, unhandledPromptBehavior: dismiss and notify, webauthn:extension:credBlob: true, webauthn:extension:largeBlob: true, webauthn:extension:minPinLength: true, webauthn:extension:prf: true, webauthn:virtualAuthenticators: true}
Session ID: cfaceeb228dae2bfffd3eb7a2c48880e
*** Element info: {Using=xpath, value=//span[contains(text(),'Account')]}
	at io.appium.java_client.pagefactory.AppiumElementLocator$WaitingFunction.apply(AppiumElementLocator.java:192)
	at io.appium.java_client.pagefactory.AppiumElementLocator$WaitingFunction.apply(AppiumElementLocator.java:1)
	at org.openqa.selenium.support.ui.FluentWait.until(FluentWait.java:249)
	at io.appium.java_client.pagefactory.AppiumElementLocator.waitFor(AppiumElementLocator.java:99)
	at io.appium.java_client.pagefactory.AppiumElementLocator.findElement(AppiumElementLocator.java:119)
	at io.appium.java_client.pagefactory.interceptors.InterceptorOfASingleElement.intercept(InterceptorOfASingleElement.java:59)
	at io.appium.java_client.windows.WindowsElement$$EnhancerByCGLIB$$7365f0b4.isDisplayed(<generated>)
	at org.openqa.selenium.support.ui.ExpectedConditions.elementIfVisible(ExpectedConditions.java:314)
	at org.openqa.selenium.support.ui.ExpectedConditions.access$000(ExpectedConditions.java:43)
	at org.openqa.selenium.support.ui.ExpectedConditions$10.apply(ExpectedConditions.java:300)
	at org.openqa.selenium.support.ui.ExpectedConditions$10.apply(ExpectedConditions.java:297)
	at org.openqa.selenium.support.ui.FluentWait.until(FluentWait.java:249)
	at cap.common.BasePage.waitForElement(BasePage.java:103)
	at Happy_Path_Patient_Web_and_MR.pages.BestBuyPage.goToCreateAccountPage(BestBuyPage.java:478)
	at Happy_Path_Patient_Web_and_MR.stepDefinitions.BestBuySteps.asAUserIShouldNavigateToCreateAccountPage(BestBuySteps.java:42)
	at sun.reflect.NativeMethodAccessorImpl.invoke0(Native Method)
	at sun.reflect.NativeMethodAccessorImpl.invoke(NativeMethodAccessorImpl.java:62)
	at sun.reflect.DelegatingMethodAccessorImpl.invoke(DelegatingMethodAccessorImpl.java:43)
	at java.lang.reflect.Method.invoke(Method.java:498)
	at io.cucumber.java.Invoker.doInvoke(Invoker.java:66)
	at io.cucumber.java.Invoker.invoke(Invoker.java:24)
	at io.cucumber.java.AbstractGlueDefinition.invokeMethod(AbstractGlueDefinition.java:47)
	at io.cucumber.java.JavaStepDefinition.execute(JavaStepDefinition.java:29)
	at io.cucumber.core.runner.CoreStepDefinition.execute(CoreStepDefinition.java:66)
	at io.cucumber.core.runner.PickleStepDefinitionMatch.runStep(PickleStepDefinitionMatch.java:63)
	at io.cucumber.core.runner.ExecutionMode$1.execute(ExecutionMode.java:10)
	at io.cucumber.core.runner.TestStep.executeStep(TestStep.java:92)
	at io.cucumber.core.runner.TestStep.run(TestStep.java:64)
	at io.cucumber.core.runner.PickleStepTestStep.run(PickleStepTestStep.java:51)
	at io.cucumber.core.runner.TestCase.run(TestCase.java:104)
	at io.cucumber.core.runner.Runner.runPickle(Runner.java:73)
	at io.cucumber.testng.TestNGCucumberRunner.lambda$runScenario$0(TestNGCucumberRunner.java:117)
	at io.cucumber.core.runtime.CucumberExecutionContext.runTestCase(CucumberExecutionContext.java:117)
	at io.cucumber.testng.TestNGCucumberRunner.runScenario(TestNGCucumberRunner.java:114)
	at io.cucumber.testng.AbstractTestNGCucumberTests.runScenario(AbstractTestNGCucumberTests.java:31)
	at sun.reflect.NativeMethodAccessorImpl.invoke0(Native Method)
	at sun.reflect.NativeMethodAccessorImpl.invoke(NativeMethodAccessorImpl.java:62)
	at sun.reflect.DelegatingMethodAccessorImpl.invoke(DelegatingMethodAccessorImpl.java:43)
	at java.lang.reflect.Method.invoke(Method.java:498)
	at org.testng.internal.MethodInvocationHelper.invokeMethod(MethodInvocationHelper.java:133)
	at org.testng.internal.TestInvoker.invokeMethod(TestInvoker.java:598)
	at org.testng.internal.TestInvoker.invokeTestMethod(TestInvoker.java:173)
	at org.testng.internal.MethodRunner.runInSequence(MethodRunner.java:46)
	at org.testng.internal.TestInvoker$MethodInvocationAgent.invoke(TestInvoker.java:824)
	at org.testng.internal.TestInvoker.invokeTestMethods(TestInvoker.java:146)
	at org.testng.internal.TestMethodWorker.invokeTestMethods(TestMethodWorker.java:146)
	at org.testng.internal.TestMethodWorker.run(TestMethodWorker.java:128)
	at java.util.ArrayList.forEach(ArrayList.java:1259)
	at org.testng.TestRunner.privateRun(TestRunner.java:794)
	at org.testng.TestRunner.run(TestRunner.java:596)
	at org.testng.SuiteRunner.runTest(SuiteRunner.java:377)
	at org.testng.SuiteRunner.runSequentially(SuiteRunner.java:371)
	at org.testng.SuiteRunner.privateRun(SuiteRunner.java:332)
	at org.testng.SuiteRunner.run(SuiteRunner.java:276)
	at org.testng.SuiteRunnerWorker.runSuite(SuiteRunnerWorker.java:53)
	at org.testng.SuiteRunnerWorker.run(SuiteRunnerWorker.java:96)
	at org.testng.TestNG.runSuitesSequentially(TestNG.java:1212)
	at org.testng.TestNG.runSuitesLocally(TestNG.java:1134)
	at org.testng.TestNG.runSuites(TestNG.java:1063)
	at org.testng.TestNG.run(TestNG.java:1031)
	at org.apache.maven.surefire.testng.TestNGExecutor.run(TestNGExecutor.java:132)
	at org.apache.maven.surefire.testng.TestNGDirectoryTestSuite.executeSingleClass(TestNGDirectoryTestSuite.java:112)
	at org.apache.maven.surefire.testng.TestNGDirectoryTestSuite.execute(TestNGDirectoryTestSuite.java:99)
	at org.apache.maven.surefire.testng.TestNGProvider.invoke(TestNGProvider.java:147)
	at org.apache.maven.surefire.booter.ForkedBooter.invokeProviderInSameClassLoader(ForkedBooter.java:290)
	at org.apache.maven.surefire.booter.ForkedBooter.runSuitesInProcess(ForkedBooter.java:242)
	at org.apache.maven.surefire.booter.ForkedBooter.main(ForkedBooter.java:121)
Caused by: org.openqa.selenium.NoSuchSessionException: invalid session id: session deleted as the browser has closed the connection
from disconnected: not connected to DevTools
  (Session info: chrome=135.0.7049.85)
Build info: version: '3.141.59', revision: 'e82be7d358', time: '2018-11-14T08:17:03'
System info: host: 'LAPTOP-G0UQGSFP', ip: '192.168.199.43', os.name: 'Windows 11', os.arch: 'amd64', os.version: '10.0', java.version: '1.8.0_351'
Driver info: org.openqa.selenium.chrome.ChromeDriver
Capabilities {acceptInsecureCerts: false, browserName: chrome, browserVersion: 135.0.7049.85, chrome: {chromedriverVersion: 135.0.7049.84 (6c019e560019..., userDataDir: C:\Users\BHAANU~1\AppData\L...}, fedcm:accounts: true, goog:chromeOptions: {debuggerAddress: localhost:56801}, javascriptEnabled: true, networkConnectionEnabled: false, pageLoadStrategy: normal, platform: WINDOWS, platformName: WINDOWS, proxy: Proxy(), setWindowRect: true, strictFileInteractability: false, timeouts: {implicit: 0, pageLoad: 300000, script: 30000}, unhandledPromptBehavior: dismiss and notify, webauthn:extension:credBlob: true, webauthn:extension:largeBlob: true, webauthn:extension:minPinLength: true, webauthn:extension:prf: true, webauthn:virtualAuthenticators: true}
Session ID: cfaceeb228dae2bfffd3eb7a2c48880e
*** Element info: {Using=xpath, value=//span[contains(text(),'Account')]}
	at sun.reflect.NativeConstructorAccessorImpl.newInstance0(Native Method)
	at sun.reflect.NativeConstructorAccessorImpl.newInstance(NativeConstructorAccessorImpl.java:62)
	at sun.reflect.DelegatingConstructorAccessorImpl.newInstance(DelegatingConstructorAccessorImpl.java:45)
	at java.lang.reflect.Constructor.newInstance(Constructor.java:423)
	at org.openqa.selenium.remote.http.W3CHttpResponseCodec.createException(W3CHttpResponseCodec.java:187)
	at org.openqa.selenium.remote.http.W3CHttpResponseCodec.decode(W3CHttpResponseCodec.java:122)
	at org.openqa.selenium.remote.http.W3CHttpResponseCodec.decode(W3CHttpResponseCodec.java:49)
	at org.openqa.selenium.remote.HttpCommandExecutor.execute(HttpCommandExecutor.java:158)
	at org.openqa.selenium.remote.service.DriverCommandExecutor.execute(DriverCommandExecutor.java:83)
	at org.openqa.selenium.remote.RemoteWebDriver.execute(RemoteWebDriver.java:552)
	at org.openqa.selenium.remote.RemoteWebDriver.findElement(RemoteWebDriver.java:323)
	at org.openqa.selenium.remote.RemoteWebDriver.findElementByXPath(RemoteWebDriver.java:428)
	at org.openqa.selenium.By$ByXPath.findElement(By.java:353)
	at org.openqa.selenium.remote.RemoteWebDriver.findElement(RemoteWebDriver.java:315)
	at io.appium.java_client.pagefactory.bys.ContentMappedBy.findElement(ContentMappedBy.java:50)
	at org.openqa.selenium.remote.RemoteWebDriver.findElement(RemoteWebDriver.java:315)
	at io.appium.java_client.pagefactory.AppiumElementLocator.lambda$0(AppiumElementLocator.java:120)
	at io.appium.java_client.pagefactory.AppiumElementLocator$WaitingFunction.apply(AppiumElementLocator.java:172)
	... 66 more
]]></system-err>
  </testcase>
  <testcase name="runScenario" classname="Happy_Path_Patient_Web_and_MR.cukes.DemoWebBestBuy" time="0.176">
    <failure message="expected [true] but found [false]" type="java.lang.AssertionError">java.lang.AssertionError: expected [true] but found [false]
</failure>
    <system-out><![CDATA[
@WEB @TEST1 @TC_ID_1007
Scenario Template: Login with Existing User                                  # src/test/resources/features/BestBuyPurchase/1_GUVI_BestBuyPurchase.feature:35
  Given As a user i should navigate to Sign In button                        # Happy_Path_Patient_Web_and_MR.stepDefinitions.BestBuySteps.asAUserIShouldNavigateToSignInButton()
      java.lang.AssertionError: expected [true] but found [false]
	at org.testng.Assert.fail(Assert.java:99)
	at org.testng.Assert.failNotEquals(Assert.java:1037)
	at org.testng.Assert.assertTrue(Assert.java:45)
	at org.testng.Assert.assertTrue(Assert.java:55)
	at Happy_Path_Patient_Web_and_MR.stepDefinitions.BestBuySteps.asAUserIShouldNavigateToSignInButton(BestBuySteps.java:84)
	at âœ½.As a user i should navigate to Sign In button(file:///E:/ShareWebCopy_Guvi_BestBuy/src/test/resources/features/BestBuyPurchase/1_GUVI_BestBuyPurchase.feature:29)

  When I enter UserName "&USERNAME&" and click Continue                      # Happy_Path_Patient_Web_and_MR.stepDefinitions.BestBuySteps.iEnterUserNameAndClickContinue(java.lang.String)
  When I select Use Password "&PASSWORD&" ,enter Password and click Continue # Happy_Path_Patient_Web_and_MR.stepDefinitions.BestBuySteps.iSelectUsePasswordEnterPasswordAndClickContinue(java.lang.String)
  Then I should check account is logged in successfully                      # Happy_Path_Patient_Web_and_MR.stepDefinitions.BestBuySteps.iShouldCheckAccountIsLoggedInSuccessfully()
      org.openqa.selenium.NoSuchSessionException: invalid session id
Build info: version: '3.141.59', revision: 'e82be7d358', time: '2018-11-14T08:17:03'
System info: host: 'LAPTOP-G0UQGSFP', ip: '192.168.199.43', os.name: 'Windows 11', os.arch: 'amd64', os.version: '10.0', java.version: '1.8.0_351'
Driver info: org.openqa.selenium.chrome.ChromeDriver
Capabilities {acceptInsecureCerts: false, browserName: chrome, browserVersion: 135.0.7049.85, chrome: {chromedriverVersion: 135.0.7049.84 (6c019e560019..., userDataDir: C:\Users\BHAANU~1\AppData\L...}, fedcm:accounts: true, goog:chromeOptions: {debuggerAddress: localhost:56801}, javascriptEnabled: true, networkConnectionEnabled: false, pageLoadStrategy: normal, platform: WINDOWS, platformName: WINDOWS, proxy: Proxy(), setWindowRect: true, strictFileInteractability: false, timeouts: {implicit: 0, pageLoad: 300000, script: 30000}, unhandledPromptBehavior: dismiss and notify, webauthn:extension:credBlob: true, webauthn:extension:largeBlob: true, webauthn:extension:minPinLength: true, webauthn:extension:prf: true, webauthn:virtualAuthenticators: true}
Session ID: cfaceeb228dae2bfffd3eb7a2c48880e
	at sun.reflect.NativeConstructorAccessorImpl.newInstance0(Native Method)
	at sun.reflect.NativeConstructorAccessorImpl.newInstance(NativeConstructorAccessorImpl.java:62)
	at sun.reflect.DelegatingConstructorAccessorImpl.newInstance(DelegatingConstructorAccessorImpl.java:45)
	at java.lang.reflect.Constructor.newInstance(Constructor.java:423)
	at org.openqa.selenium.remote.http.W3CHttpResponseCodec.createException(W3CHttpResponseCodec.java:187)
	at org.openqa.selenium.remote.http.W3CHttpResponseCodec.decode(W3CHttpResponseCodec.java:122)
	at org.openqa.selenium.remote.http.W3CHttpResponseCodec.decode(W3CHttpResponseCodec.java:49)
	at org.openqa.selenium.remote.HttpCommandExecutor.execute(HttpCommandExecutor.java:158)
	at org.openqa.selenium.remote.service.DriverCommandExecutor.execute(DriverCommandExecutor.java:83)
	at org.openqa.selenium.remote.RemoteWebDriver.execute(RemoteWebDriver.java:552)
	at org.openqa.selenium.remote.RemoteWebDriver.execute(RemoteWebDriver.java:609)
	at org.openqa.selenium.remote.RemoteWebDriver.getScreenshotAs(RemoteWebDriver.java:295)
	at Happy_Path_Patient_Web_and_MR.DemoPageContainer.afterScenario(DemoPageContainer.java:74)

]]></system-out>
    <system-err><![CDATA[org.openqa.selenium.WebDriverException: org.openqa.selenium.NoSuchSessionException: invalid session id
Build info: version: '3.141.59', revision: 'e82be7d358', time: '2018-11-14T08:17:03'
System info: host: 'LAPTOP-G0UQGSFP', ip: '192.168.199.43', os.name: 'Windows 11', os.arch: 'amd64', os.version: '10.0', java.version: '1.8.0_351'
Driver info: org.openqa.selenium.chrome.ChromeDriver
Capabilities {acceptInsecureCerts: false, browserName: chrome, browserVersion: 135.0.7049.85, chrome: {chromedriverVersion: 135.0.7049.84 (6c019e560019..., userDataDir: C:\Users\BHAANU~1\AppData\L...}, fedcm:accounts: true, goog:chromeOptions: {debuggerAddress: localhost:56801}, javascriptEnabled: true, networkConnectionEnabled: false, pageLoadStrategy: normal, platform: WINDOWS, platformName: WINDOWS, proxy: Proxy(), setWindowRect: true, strictFileInteractability: false, timeouts: {implicit: 0, pageLoad: 300000, script: 30000}, unhandledPromptBehavior: dismiss and notify, webauthn:extension:credBlob: true, webauthn:extension:largeBlob: true, webauthn:extension:minPinLength: true, webauthn:extension:prf: true, webauthn:virtualAuthenticators: true}
Session ID: cfaceeb228dae2bfffd3eb7a2c48880e
*** Element info: {Using=xpath, value=//div[@class='flyout-button-wrapper']/button}
	at io.appium.java_client.pagefactory.AppiumElementLocator$WaitingFunction.apply(AppiumElementLocator.java:192)
	at io.appium.java_client.pagefactory.AppiumElementLocator$WaitingFunction.apply(AppiumElementLocator.java:1)
	at org.openqa.selenium.support.ui.FluentWait.until(FluentWait.java:249)
	at io.appium.java_client.pagefactory.AppiumElementLocator.waitFor(AppiumElementLocator.java:99)
	at io.appium.java_client.pagefactory.AppiumElementLocator.findElement(AppiumElementLocator.java:119)
	at io.appium.java_client.pagefactory.interceptors.InterceptorOfASingleElement.intercept(InterceptorOfASingleElement.java:59)
	at io.appium.java_client.windows.WindowsElement$$EnhancerByCGLIB$$7365f0b4.isDisplayed(<generated>)
	at cap.common.BasePage.verifyElement(BasePage.java:548)
	at Happy_Path_Patient_Web_and_MR.pages.BestBuyPage.navigateToSignInButton(BestBuyPage.java:638)
	at Happy_Path_Patient_Web_and_MR.stepDefinitions.BestBuySteps.asAUserIShouldNavigateToSignInButton(BestBuySteps.java:84)
	at sun.reflect.NativeMethodAccessorImpl.invoke0(Native Method)
	at sun.reflect.NativeMethodAccessorImpl.invoke(NativeMethodAccessorImpl.java:62)
	at sun.reflect.DelegatingMethodAccessorImpl.invoke(DelegatingMethodAccessorImpl.java:43)
	at java.lang.reflect.Method.invoke(Method.java:498)
	at io.cucumber.java.Invoker.doInvoke(Invoker.java:66)
	at io.cucumber.java.Invoker.invoke(Invoker.java:24)
	at io.cucumber.java.AbstractGlueDefinition.invokeMethod(AbstractGlueDefinition.java:47)
	at io.cucumber.java.JavaStepDefinition.execute(JavaStepDefinition.java:29)
	at io.cucumber.core.runner.CoreStepDefinition.execute(CoreStepDefinition.java:66)
	at io.cucumber.core.runner.PickleStepDefinitionMatch.runStep(PickleStepDefinitionMatch.java:63)
	at io.cucumber.core.runner.ExecutionMode$1.execute(ExecutionMode.java:10)
	at io.cucumber.core.runner.TestStep.executeStep(TestStep.java:92)
	at io.cucumber.core.runner.TestStep.run(TestStep.java:64)
	at io.cucumber.core.runner.PickleStepTestStep.run(PickleStepTestStep.java:51)
	at io.cucumber.core.runner.TestCase.run(TestCase.java:104)
	at io.cucumber.core.runner.Runner.runPickle(Runner.java:73)
	at io.cucumber.testng.TestNGCucumberRunner.lambda$runScenario$0(TestNGCucumberRunner.java:117)
	at io.cucumber.core.runtime.CucumberExecutionContext.runTestCase(CucumberExecutionContext.java:117)
	at io.cucumber.testng.TestNGCucumberRunner.runScenario(TestNGCucumberRunner.java:114)
	at io.cucumber.testng.AbstractTestNGCucumberTests.runScenario(AbstractTestNGCucumberTests.java:31)
	at sun.reflect.NativeMethodAccessorImpl.invoke0(Native Method)
	at sun.reflect.NativeMethodAccessorImpl.invoke(NativeMethodAccessorImpl.java:62)
	at sun.reflect.DelegatingMethodAccessorImpl.invoke(DelegatingMethodAccessorImpl.java:43)
	at java.lang.reflect.Method.invoke(Method.java:498)
	at org.testng.internal.MethodInvocationHelper.invokeMethod(MethodInvocationHelper.java:133)
	at org.testng.internal.TestInvoker.invokeMethod(TestInvoker.java:598)
	at org.testng.internal.TestInvoker.invokeTestMethod(TestInvoker.java:173)
	at org.testng.internal.MethodRunner.runInSequence(MethodRunner.java:46)
	at org.testng.internal.TestInvoker$MethodInvocationAgent.invoke(TestInvoker.java:824)
	at org.testng.internal.TestInvoker.invokeTestMethods(TestInvoker.java:146)
	at org.testng.internal.TestMethodWorker.invokeTestMethods(TestMethodWorker.java:146)
	at org.testng.internal.TestMethodWorker.run(TestMethodWorker.java:128)
	at java.util.ArrayList.forEach(ArrayList.java:1259)
	at org.testng.TestRunner.privateRun(TestRunner.java:794)
	at org.testng.TestRunner.run(TestRunner.java:596)
	at org.testng.SuiteRunner.runTest(SuiteRunner.java:377)
	at org.testng.SuiteRunner.runSequentially(SuiteRunner.java:371)
	at org.testng.SuiteRunner.privateRun(SuiteRunner.java:332)
	at org.testng.SuiteRunner.run(SuiteRunner.java:276)
	at org.testng.SuiteRunnerWorker.runSuite(SuiteRunnerWorker.java:53)
	at org.testng.SuiteRunnerWorker.run(SuiteRunnerWorker.java:96)
	at org.testng.TestNG.runSuitesSequentially(TestNG.java:1212)
	at org.testng.TestNG.runSuitesLocally(TestNG.java:1134)
	at org.testng.TestNG.runSuites(TestNG.java:1063)
	at org.testng.TestNG.run(TestNG.java:1031)
	at org.apache.maven.surefire.testng.TestNGExecutor.run(TestNGExecutor.java:132)
	at org.apache.maven.surefire.testng.TestNGDirectoryTestSuite.executeSingleClass(TestNGDirectoryTestSuite.java:112)
	at org.apache.maven.surefire.testng.TestNGDirectoryTestSuite.execute(TestNGDirectoryTestSuite.java:99)
	at org.apache.maven.surefire.testng.TestNGProvider.invoke(TestNGProvider.java:147)
	at org.apache.maven.surefire.booter.ForkedBooter.invokeProviderInSameClassLoader(ForkedBooter.java:290)
	at org.apache.maven.surefire.booter.ForkedBooter.runSuitesInProcess(ForkedBooter.java:242)
	at org.apache.maven.surefire.booter.ForkedBooter.main(ForkedBooter.java:121)
Caused by: org.openqa.selenium.NoSuchSessionException: invalid session id
Build info: version: '3.141.59', revision: 'e82be7d358', time: '2018-11-14T08:17:03'
System info: host: 'LAPTOP-G0UQGSFP', ip: '192.168.199.43', os.name: 'Windows 11', os.arch: 'amd64', os.version: '10.0', java.version: '1.8.0_351'
Driver info: org.openqa.selenium.chrome.ChromeDriver
Capabilities {acceptInsecureCerts: false, browserName: chrome, browserVersion: 135.0.7049.85, chrome: {chromedriverVersion: 135.0.7049.84 (6c019e560019..., userDataDir: C:\Users\BHAANU~1\AppData\L...}, fedcm:accounts: true, goog:chromeOptions: {debuggerAddress: localhost:56801}, javascriptEnabled: true, networkConnectionEnabled: false, pageLoadStrategy: normal, platform: WINDOWS, platformName: WINDOWS, proxy: Proxy(), setWindowRect: true, strictFileInteractability: false, timeouts: {implicit: 0, pageLoad: 300000, script: 30000}, unhandledPromptBehavior: dismiss and notify, webauthn:extension:credBlob: true, webauthn:extension:largeBlob: true, webauthn:extension:minPinLength: true, webauthn:extension:prf: true, webauthn:virtualAuthenticators: true}
Session ID: cfaceeb228dae2bfffd3eb7a2c48880e
*** Element info: {Using=xpath, value=//div[@class='flyout-button-wrapper']/button}
	at sun.reflect.NativeConstructorAccessorImpl.newInstance0(Native Method)
	at sun.reflect.NativeConstructorAccessorImpl.newInstance(NativeConstructorAccessorImpl.java:62)
	at sun.reflect.DelegatingConstructorAccessorImpl.newInstance(DelegatingConstructorAccessorImpl.java:45)
	at java.lang.reflect.Constructor.newInstance(Constructor.java:423)
	at org.openqa.selenium.remote.http.W3CHttpResponseCodec.createException(W3CHttpResponseCodec.java:187)
	at org.openqa.selenium.remote.http.W3CHttpResponseCodec.decode(W3CHttpResponseCodec.java:122)
	at org.openqa.selenium.remote.http.W3CHttpResponseCodec.decode(W3CHttpResponseCodec.java:49)
	at org.openqa.selenium.remote.HttpCommandExecutor.execute(HttpCommandExecutor.java:158)
	at org.openqa.selenium.remote.service.DriverCommandExecutor.execute(DriverCommandExecutor.java:83)
	at org.openqa.selenium.remote.RemoteWebDriver.execute(RemoteWebDriver.java:552)
	at org.openqa.selenium.remote.RemoteWebDriver.findElement(RemoteWebDriver.java:323)
	at org.openqa.selenium.remote.RemoteWebDriver.findElementByXPath(RemoteWebDriver.java:428)
	at org.openqa.selenium.By$ByXPath.findElement(By.java:353)
	at org.openqa.selenium.remote.RemoteWebDriver.findElement(RemoteWebDriver.java:315)
	at io.appium.java_client.pagefactory.bys.ContentMappedBy.findElement(ContentMappedBy.java:50)
	at org.openqa.selenium.remote.RemoteWebDriver.findElement(RemoteWebDriver.java:315)
	at io.appium.java_client.pagefactory.AppiumElementLocator.lambda$0(AppiumElementLocator.java:120)
	at io.appium.java_client.pagefactory.AppiumElementLocator$WaitingFunction.apply(AppiumElementLocator.java:172)
	... 61 more
]]></system-err>
  </testcase>
  <testcase name="runScenario" classname="Happy_Path_Patient_Web_and_MR.cukes.DemoWebBestBuy" time="0.172">
    <failure message="expected [true] but found [false]" type="java.lang.AssertionError">java.lang.AssertionError: expected [true] but found [false]
</failure>
    <system-out><![CDATA[
@WEB @TEST1 @TC_ID_1008
Scenario Outline: Navigate to Deals Menu , Deals and Deals by Category Sub-Menu and its Pages and Validate URL # src/test/resources/features/BestBuyPurchase/1_GUVI_BestBuyPurchase.feature:46
ClickOnMenuButton catch false
  Given As a user i should click on Menu Button                                                                # Happy_Path_Patient_Web_and_MR.stepDefinitions.BestBuySteps.asAUserIShouldClickOnMenuButton()
      java.lang.AssertionError: expected [true] but found [false]
	at org.testng.Assert.fail(Assert.java:99)
	at org.testng.Assert.failNotEquals(Assert.java:1037)
	at org.testng.Assert.assertTrue(Assert.java:45)
	at org.testng.Assert.assertTrue(Assert.java:55)
	at Happy_Path_Patient_Web_and_MR.stepDefinitions.BestBuySteps.asAUserIShouldClickOnMenuButton(BestBuySteps.java:104)
	at âœ½.As a user i should click on Menu Button(file:///E:/ShareWebCopy_Guvi_BestBuy/src/test/resources/features/BestBuyPurchase/1_GUVI_BestBuyPurchase.feature:39)

  When I should click on Deals Sub-menu                                                                        # Happy_Path_Patient_Web_and_MR.stepDefinitions.BestBuySteps.iShouldClickOnDealsSubMenu()
  And I should get all the Deals Pages and Navigate to each page                                               # Happy_Path_Patient_Web_and_MR.stepDefinitions.BestBuySteps.iShouldGetAllTheDealsPagesAndNavigateToEachPage()
  Then I should validate Sub-Menu URL "&DEALSPAGEURL&"                                                         # Happy_Path_Patient_Web_and_MR.stepDefinitions.BestBuySteps.iShouldValidateSubMenuURL(java.lang.String)
      org.openqa.selenium.NoSuchSessionException: invalid session id
Build info: version: '3.141.59', revision: 'e82be7d358', time: '2018-11-14T08:17:03'
System info: host: 'LAPTOP-G0UQGSFP', ip: '192.168.199.43', os.name: 'Windows 11', os.arch: 'amd64', os.version: '10.0', java.version: '1.8.0_351'
Driver info: org.openqa.selenium.chrome.ChromeDriver
Capabilities {acceptInsecureCerts: false, browserName: chrome, browserVersion: 135.0.7049.85, chrome: {chromedriverVersion: 135.0.7049.84 (6c019e560019..., userDataDir: C:\Users\BHAANU~1\AppData\L...}, fedcm:accounts: true, goog:chromeOptions: {debuggerAddress: localhost:56801}, javascriptEnabled: true, networkConnectionEnabled: false, pageLoadStrategy: normal, platform: WINDOWS, platformName: WINDOWS, proxy: Proxy(), setWindowRect: true, strictFileInteractability: false, timeouts: {implicit: 0, pageLoad: 300000, script: 30000}, unhandledPromptBehavior: dismiss and notify, webauthn:extension:credBlob: true, webauthn:extension:largeBlob: true, webauthn:extension:minPinLength: true, webauthn:extension:prf: true, webauthn:virtualAuthenticators: true}
Session ID: cfaceeb228dae2bfffd3eb7a2c48880e
	at sun.reflect.NativeConstructorAccessorImpl.newInstance0(Native Method)
	at sun.reflect.NativeConstructorAccessorImpl.newInstance(NativeConstructorAccessorImpl.java:62)
	at sun.reflect.DelegatingConstructorAccessorImpl.newInstance(DelegatingConstructorAccessorImpl.java:45)
	at java.lang.reflect.Constructor.newInstance(Constructor.java:423)
	at org.openqa.selenium.remote.http.W3CHttpResponseCodec.createException(W3CHttpResponseCodec.java:187)
	at org.openqa.selenium.remote.http.W3CHttpResponseCodec.decode(W3CHttpResponseCodec.java:122)
	at org.openqa.selenium.remote.http.W3CHttpResponseCodec.decode(W3CHttpResponseCodec.java:49)
	at org.openqa.selenium.remote.HttpCommandExecutor.execute(HttpCommandExecutor.java:158)
	at org.openqa.selenium.remote.service.DriverCommandExecutor.execute(DriverCommandExecutor.java:83)
	at org.openqa.selenium.remote.RemoteWebDriver.execute(RemoteWebDriver.java:552)
	at org.openqa.selenium.remote.RemoteWebDriver.execute(RemoteWebDriver.java:609)
	at org.openqa.selenium.remote.RemoteWebDriver.getScreenshotAs(RemoteWebDriver.java:295)
	at Happy_Path_Patient_Web_and_MR.DemoPageContainer.afterScenario(DemoPageContainer.java:74)

]]></system-out>
    <system-err><![CDATA[org.openqa.selenium.WebDriverException: org.openqa.selenium.NoSuchSessionException: invalid session id
Build info: version: '3.141.59', revision: 'e82be7d358', time: '2018-11-14T08:17:03'
System info: host: 'LAPTOP-G0UQGSFP', ip: '192.168.199.43', os.name: 'Windows 11', os.arch: 'amd64', os.version: '10.0', java.version: '1.8.0_351'
Driver info: org.openqa.selenium.chrome.ChromeDriver
Capabilities {acceptInsecureCerts: false, browserName: chrome, browserVersion: 135.0.7049.85, chrome: {chromedriverVersion: 135.0.7049.84 (6c019e560019..., userDataDir: C:\Users\BHAANU~1\AppData\L...}, fedcm:accounts: true, goog:chromeOptions: {debuggerAddress: localhost:56801}, javascriptEnabled: true, networkConnectionEnabled: false, pageLoadStrategy: normal, platform: WINDOWS, platformName: WINDOWS, proxy: Proxy(), setWindowRect: true, strictFileInteractability: false, timeouts: {implicit: 0, pageLoad: 300000, script: 30000}, unhandledPromptBehavior: dismiss and notify, webauthn:extension:credBlob: true, webauthn:extension:largeBlob: true, webauthn:extension:minPinLength: true, webauthn:extension:prf: true, webauthn:virtualAuthenticators: true}
Session ID: cfaceeb228dae2bfffd3eb7a2c48880e
*** Element info: {Using=xpath, value=//button[@class='c-button-unstyled hamburger-menu-button']}
	at io.appium.java_client.pagefactory.AppiumElementLocator$WaitingFunction.apply(AppiumElementLocator.java:192)
	at io.appium.java_client.pagefactory.AppiumElementLocator$WaitingFunction.apply(AppiumElementLocator.java:1)
	at org.openqa.selenium.support.ui.FluentWait.until(FluentWait.java:249)
	at io.appium.java_client.pagefactory.AppiumElementLocator.waitFor(AppiumElementLocator.java:99)
	at io.appium.java_client.pagefactory.AppiumElementLocator.findElement(AppiumElementLocator.java:119)
	at io.appium.java_client.pagefactory.interceptors.InterceptorOfASingleElement.intercept(InterceptorOfASingleElement.java:59)
	at io.appium.java_client.windows.WindowsElement$$EnhancerByCGLIB$$7365f0b4.isDisplayed(<generated>)
	at cap.common.BasePage.verifyElement(BasePage.java:548)
	at Happy_Path_Patient_Web_and_MR.pages.BestBuyPage.clickOnMenuButton(BestBuyPage.java:704)
	at Happy_Path_Patient_Web_and_MR.stepDefinitions.BestBuySteps.asAUserIShouldClickOnMenuButton(BestBuySteps.java:104)
	at sun.reflect.NativeMethodAccessorImpl.invoke0(Native Method)
	at sun.reflect.NativeMethodAccessorImpl.invoke(NativeMethodAccessorImpl.java:62)
	at sun.reflect.DelegatingMethodAccessorImpl.invoke(DelegatingMethodAccessorImpl.java:43)
	at java.lang.reflect.Method.invoke(Method.java:498)
	at io.cucumber.java.Invoker.doInvoke(Invoker.java:66)
	at io.cucumber.java.Invoker.invoke(Invoker.java:24)
	at io.cucumber.java.AbstractGlueDefinition.invokeMethod(AbstractGlueDefinition.java:47)
	at io.cucumber.java.JavaStepDefinition.execute(JavaStepDefinition.java:29)
	at io.cucumber.core.runner.CoreStepDefinition.execute(CoreStepDefinition.java:66)
	at io.cucumber.core.runner.PickleStepDefinitionMatch.runStep(PickleStepDefinitionMatch.java:63)
	at io.cucumber.core.runner.ExecutionMode$1.execute(ExecutionMode.java:10)
	at io.cucumber.core.runner.TestStep.executeStep(TestStep.java:92)
	at io.cucumber.core.runner.TestStep.run(TestStep.java:64)
	at io.cucumber.core.runner.PickleStepTestStep.run(PickleStepTestStep.java:51)
	at io.cucumber.core.runner.TestCase.run(TestCase.java:104)
	at io.cucumber.core.runner.Runner.runPickle(Runner.java:73)
	at io.cucumber.testng.TestNGCucumberRunner.lambda$runScenario$0(TestNGCucumberRunner.java:117)
	at io.cucumber.core.runtime.CucumberExecutionContext.runTestCase(CucumberExecutionContext.java:117)
	at io.cucumber.testng.TestNGCucumberRunner.runScenario(TestNGCucumberRunner.java:114)
	at io.cucumber.testng.AbstractTestNGCucumberTests.runScenario(AbstractTestNGCucumberTests.java:31)
	at sun.reflect.NativeMethodAccessorImpl.invoke0(Native Method)
	at sun.reflect.NativeMethodAccessorImpl.invoke(NativeMethodAccessorImpl.java:62)
	at sun.reflect.DelegatingMethodAccessorImpl.invoke(DelegatingMethodAccessorImpl.java:43)
	at java.lang.reflect.Method.invoke(Method.java:498)
	at org.testng.internal.MethodInvocationHelper.invokeMethod(MethodInvocationHelper.java:133)
	at org.testng.internal.TestInvoker.invokeMethod(TestInvoker.java:598)
	at org.testng.internal.TestInvoker.invokeTestMethod(TestInvoker.java:173)
	at org.testng.internal.MethodRunner.runInSequence(MethodRunner.java:46)
	at org.testng.internal.TestInvoker$MethodInvocationAgent.invoke(TestInvoker.java:824)
	at org.testng.internal.TestInvoker.invokeTestMethods(TestInvoker.java:146)
	at org.testng.internal.TestMethodWorker.invokeTestMethods(TestMethodWorker.java:146)
	at org.testng.internal.TestMethodWorker.run(TestMethodWorker.java:128)
	at java.util.ArrayList.forEach(ArrayList.java:1259)
	at org.testng.TestRunner.privateRun(TestRunner.java:794)
	at org.testng.TestRunner.run(TestRunner.java:596)
	at org.testng.SuiteRunner.runTest(SuiteRunner.java:377)
	at org.testng.SuiteRunner.runSequentially(SuiteRunner.java:371)
	at org.testng.SuiteRunner.privateRun(SuiteRunner.java:332)
	at org.testng.SuiteRunner.run(SuiteRunner.java:276)
	at org.testng.SuiteRunnerWorker.runSuite(SuiteRunnerWorker.java:53)
	at org.testng.SuiteRunnerWorker.run(SuiteRunnerWorker.java:96)
	at org.testng.TestNG.runSuitesSequentially(TestNG.java:1212)
	at org.testng.TestNG.runSuitesLocally(TestNG.java:1134)
	at org.testng.TestNG.runSuites(TestNG.java:1063)
	at org.testng.TestNG.run(TestNG.java:1031)
	at org.apache.maven.surefire.testng.TestNGExecutor.run(TestNGExecutor.java:132)
	at org.apache.maven.surefire.testng.TestNGDirectoryTestSuite.executeSingleClass(TestNGDirectoryTestSuite.java:112)
	at org.apache.maven.surefire.testng.TestNGDirectoryTestSuite.execute(TestNGDirectoryTestSuite.java:99)
	at org.apache.maven.surefire.testng.TestNGProvider.invoke(TestNGProvider.java:147)
	at org.apache.maven.surefire.booter.ForkedBooter.invokeProviderInSameClassLoader(ForkedBooter.java:290)
	at org.apache.maven.surefire.booter.ForkedBooter.runSuitesInProcess(ForkedBooter.java:242)
	at org.apache.maven.surefire.booter.ForkedBooter.main(ForkedBooter.java:121)
Caused by: org.openqa.selenium.NoSuchSessionException: invalid session id
Build info: version: '3.141.59', revision: 'e82be7d358', time: '2018-11-14T08:17:03'
System info: host: 'LAPTOP-G0UQGSFP', ip: '192.168.199.43', os.name: 'Windows 11', os.arch: 'amd64', os.version: '10.0', java.version: '1.8.0_351'
Driver info: org.openqa.selenium.chrome.ChromeDriver
Capabilities {acceptInsecureCerts: false, browserName: chrome, browserVersion: 135.0.7049.85, chrome: {chromedriverVersion: 135.0.7049.84 (6c019e560019..., userDataDir: C:\Users\BHAANU~1\AppData\L...}, fedcm:accounts: true, goog:chromeOptions: {debuggerAddress: localhost:56801}, javascriptEnabled: true, networkConnectionEnabled: false, pageLoadStrategy: normal, platform: WINDOWS, platformName: WINDOWS, proxy: Proxy(), setWindowRect: true, strictFileInteractability: false, timeouts: {implicit: 0, pageLoad: 300000, script: 30000}, unhandledPromptBehavior: dismiss and notify, webauthn:extension:credBlob: true, webauthn:extension:largeBlob: true, webauthn:extension:minPinLength: true, webauthn:extension:prf: true, webauthn:virtualAuthenticators: true}
Session ID: cfaceeb228dae2bfffd3eb7a2c48880e
*** Element info: {Using=xpath, value=//button[@class='c-button-unstyled hamburger-menu-button']}
	at sun.reflect.NativeConstructorAccessorImpl.newInstance0(Native Method)
	at sun.reflect.NativeConstructorAccessorImpl.newInstance(NativeConstructorAccessorImpl.java:62)
	at sun.reflect.DelegatingConstructorAccessorImpl.newInstance(DelegatingConstructorAccessorImpl.java:45)
	at java.lang.reflect.Constructor.newInstance(Constructor.java:423)
	at org.openqa.selenium.remote.http.W3CHttpResponseCodec.createException(W3CHttpResponseCodec.java:187)
	at org.openqa.selenium.remote.http.W3CHttpResponseCodec.decode(W3CHttpResponseCodec.java:122)
	at org.openqa.selenium.remote.http.W3CHttpResponseCodec.decode(W3CHttpResponseCodec.java:49)
	at org.openqa.selenium.remote.HttpCommandExecutor.execute(HttpCommandExecutor.java:158)
	at org.openqa.selenium.remote.service.DriverCommandExecutor.execute(DriverCommandExecutor.java:83)
	at org.openqa.selenium.remote.RemoteWebDriver.execute(RemoteWebDriver.java:552)
	at org.openqa.selenium.remote.RemoteWebDriver.findElement(RemoteWebDriver.java:323)
	at org.openqa.selenium.remote.RemoteWebDriver.findElementByXPath(RemoteWebDriver.java:428)
	at org.openqa.selenium.By$ByXPath.findElement(By.java:353)
	at org.openqa.selenium.remote.RemoteWebDriver.findElement(RemoteWebDriver.java:315)
	at io.appium.java_client.pagefactory.bys.ContentMappedBy.findElement(ContentMappedBy.java:50)
	at org.openqa.selenium.remote.RemoteWebDriver.findElement(RemoteWebDriver.java:315)
	at io.appium.java_client.pagefactory.AppiumElementLocator.lambda$0(AppiumElementLocator.java:120)
	at io.appium.java_client.pagefactory.AppiumElementLocator$WaitingFunction.apply(AppiumElementLocator.java:172)
	... 61 more
]]></system-err>
  </testcase>
  <testcase name="runScenario" classname="Happy_Path_Patient_Web_and_MR.cukes.DemoWebBestBuy" time="0.157">
    <failure message="expected [true] but found [false]" type="java.lang.AssertionError">java.lang.AssertionError: expected [true] but found [false]
</failure>
    <system-out><![CDATA[
@WEB @TEST1 @TC_ID_1009
Scenario Outline: Navigate to Deals Menu , Deals by Category Sub-Menu and its Pages and Validate URL # src/test/resources/features/BestBuyPurchase/1_GUVI_BestBuyPurchase.feature:57
ClickOnMenuButton catch false
  Given As a user i should click on Menu Button                                                      # Happy_Path_Patient_Web_and_MR.stepDefinitions.BestBuySteps.asAUserIShouldClickOnMenuButton()
      java.lang.AssertionError: expected [true] but found [false]
	at org.testng.Assert.fail(Assert.java:99)
	at org.testng.Assert.failNotEquals(Assert.java:1037)
	at org.testng.Assert.assertTrue(Assert.java:45)
	at org.testng.Assert.assertTrue(Assert.java:55)
	at Happy_Path_Patient_Web_and_MR.stepDefinitions.BestBuySteps.asAUserIShouldClickOnMenuButton(BestBuySteps.java:104)
	at âœ½.As a user i should click on Menu Button(file:///E:/ShareWebCopy_Guvi_BestBuy/src/test/resources/features/BestBuyPurchase/1_GUVI_BestBuyPurchase.feature:50)

  When I should click on Support and Services Sub-menu                                               # Happy_Path_Patient_Web_and_MR.stepDefinitions.BestBuySteps.iShouldClickOnSupportAndServicesSubMenu()
  And I should get all the Support and Services Pages and Navigate to each page                      # Happy_Path_Patient_Web_and_MR.stepDefinitions.BestBuySteps.iShouldGetAllTheSupportAndServicesPagesAndNavigateToEachPage()
  Then I should validate Support and Services Sub-Menu URL "&SUPPORTANDSERVICESPAGEURL&"             # Happy_Path_Patient_Web_and_MR.stepDefinitions.BestBuySteps.iShouldValidateSupportAndServicesSubMenuURL(java.lang.String)
      org.openqa.selenium.NoSuchSessionException: invalid session id
Build info: version: '3.141.59', revision: 'e82be7d358', time: '2018-11-14T08:17:03'
System info: host: 'LAPTOP-G0UQGSFP', ip: '192.168.199.43', os.name: 'Windows 11', os.arch: 'amd64', os.version: '10.0', java.version: '1.8.0_351'
Driver info: org.openqa.selenium.chrome.ChromeDriver
Capabilities {acceptInsecureCerts: false, browserName: chrome, browserVersion: 135.0.7049.85, chrome: {chromedriverVersion: 135.0.7049.84 (6c019e560019..., userDataDir: C:\Users\BHAANU~1\AppData\L...}, fedcm:accounts: true, goog:chromeOptions: {debuggerAddress: localhost:56801}, javascriptEnabled: true, networkConnectionEnabled: false, pageLoadStrategy: normal, platform: WINDOWS, platformName: WINDOWS, proxy: Proxy(), setWindowRect: true, strictFileInteractability: false, timeouts: {implicit: 0, pageLoad: 300000, script: 30000}, unhandledPromptBehavior: dismiss and notify, webauthn:extension:credBlob: true, webauthn:extension:largeBlob: true, webauthn:extension:minPinLength: true, webauthn:extension:prf: true, webauthn:virtualAuthenticators: true}
Session ID: cfaceeb228dae2bfffd3eb7a2c48880e
	at sun.reflect.NativeConstructorAccessorImpl.newInstance0(Native Method)
	at sun.reflect.NativeConstructorAccessorImpl.newInstance(NativeConstructorAccessorImpl.java:62)
	at sun.reflect.DelegatingConstructorAccessorImpl.newInstance(DelegatingConstructorAccessorImpl.java:45)
	at java.lang.reflect.Constructor.newInstance(Constructor.java:423)
	at org.openqa.selenium.remote.http.W3CHttpResponseCodec.createException(W3CHttpResponseCodec.java:187)
	at org.openqa.selenium.remote.http.W3CHttpResponseCodec.decode(W3CHttpResponseCodec.java:122)
	at org.openqa.selenium.remote.http.W3CHttpResponseCodec.decode(W3CHttpResponseCodec.java:49)
	at org.openqa.selenium.remote.HttpCommandExecutor.execute(HttpCommandExecutor.java:158)
	at org.openqa.selenium.remote.service.DriverCommandExecutor.execute(DriverCommandExecutor.java:83)
	at org.openqa.selenium.remote.RemoteWebDriver.execute(RemoteWebDriver.java:552)
	at org.openqa.selenium.remote.RemoteWebDriver.execute(RemoteWebDriver.java:609)
	at org.openqa.selenium.remote.RemoteWebDriver.getScreenshotAs(RemoteWebDriver.java:295)
	at Happy_Path_Patient_Web_and_MR.DemoPageContainer.afterScenario(DemoPageContainer.java:74)

]]></system-out>
    <system-err><![CDATA[org.openqa.selenium.WebDriverException: org.openqa.selenium.NoSuchSessionException: invalid session id
Build info: version: '3.141.59', revision: 'e82be7d358', time: '2018-11-14T08:17:03'
System info: host: 'LAPTOP-G0UQGSFP', ip: '192.168.199.43', os.name: 'Windows 11', os.arch: 'amd64', os.version: '10.0', java.version: '1.8.0_351'
Driver info: org.openqa.selenium.chrome.ChromeDriver
Capabilities {acceptInsecureCerts: false, browserName: chrome, browserVersion: 135.0.7049.85, chrome: {chromedriverVersion: 135.0.7049.84 (6c019e560019..., userDataDir: C:\Users\BHAANU~1\AppData\L...}, fedcm:accounts: true, goog:chromeOptions: {debuggerAddress: localhost:56801}, javascriptEnabled: true, networkConnectionEnabled: false, pageLoadStrategy: normal, platform: WINDOWS, platformName: WINDOWS, proxy: Proxy(), setWindowRect: true, strictFileInteractability: false, timeouts: {implicit: 0, pageLoad: 300000, script: 30000}, unhandledPromptBehavior: dismiss and notify, webauthn:extension:credBlob: true, webauthn:extension:largeBlob: true, webauthn:extension:minPinLength: true, webauthn:extension:prf: true, webauthn:virtualAuthenticators: true}
Session ID: cfaceeb228dae2bfffd3eb7a2c48880e
*** Element info: {Using=xpath, value=//button[@class='c-button-unstyled hamburger-menu-button']}
	at io.appium.java_client.pagefactory.AppiumElementLocator$WaitingFunction.apply(AppiumElementLocator.java:192)
	at io.appium.java_client.pagefactory.AppiumElementLocator$WaitingFunction.apply(AppiumElementLocator.java:1)
	at org.openqa.selenium.support.ui.FluentWait.until(FluentWait.java:249)
	at io.appium.java_client.pagefactory.AppiumElementLocator.waitFor(AppiumElementLocator.java:99)
	at io.appium.java_client.pagefactory.AppiumElementLocator.findElement(AppiumElementLocator.java:119)
	at io.appium.java_client.pagefactory.interceptors.InterceptorOfASingleElement.intercept(InterceptorOfASingleElement.java:59)
	at io.appium.java_client.windows.WindowsElement$$EnhancerByCGLIB$$7365f0b4.isDisplayed(<generated>)
	at cap.common.BasePage.verifyElement(BasePage.java:548)
	at Happy_Path_Patient_Web_and_MR.pages.BestBuyPage.clickOnMenuButton(BestBuyPage.java:704)
	at Happy_Path_Patient_Web_and_MR.stepDefinitions.BestBuySteps.asAUserIShouldClickOnMenuButton(BestBuySteps.java:104)
	at sun.reflect.NativeMethodAccessorImpl.invoke0(Native Method)
	at sun.reflect.NativeMethodAccessorImpl.invoke(NativeMethodAccessorImpl.java:62)
	at sun.reflect.DelegatingMethodAccessorImpl.invoke(DelegatingMethodAccessorImpl.java:43)
	at java.lang.reflect.Method.invoke(Method.java:498)
	at io.cucumber.java.Invoker.doInvoke(Invoker.java:66)
	at io.cucumber.java.Invoker.invoke(Invoker.java:24)
	at io.cucumber.java.AbstractGlueDefinition.invokeMethod(AbstractGlueDefinition.java:47)
	at io.cucumber.java.JavaStepDefinition.execute(JavaStepDefinition.java:29)
	at io.cucumber.core.runner.CoreStepDefinition.execute(CoreStepDefinition.java:66)
	at io.cucumber.core.runner.PickleStepDefinitionMatch.runStep(PickleStepDefinitionMatch.java:63)
	at io.cucumber.core.runner.ExecutionMode$1.execute(ExecutionMode.java:10)
	at io.cucumber.core.runner.TestStep.executeStep(TestStep.java:92)
	at io.cucumber.core.runner.TestStep.run(TestStep.java:64)
	at io.cucumber.core.runner.PickleStepTestStep.run(PickleStepTestStep.java:51)
	at io.cucumber.core.runner.TestCase.run(TestCase.java:104)
	at io.cucumber.core.runner.Runner.runPickle(Runner.java:73)
	at io.cucumber.testng.TestNGCucumberRunner.lambda$runScenario$0(TestNGCucumberRunner.java:117)
	at io.cucumber.core.runtime.CucumberExecutionContext.runTestCase(CucumberExecutionContext.java:117)
	at io.cucumber.testng.TestNGCucumberRunner.runScenario(TestNGCucumberRunner.java:114)
	at io.cucumber.testng.AbstractTestNGCucumberTests.runScenario(AbstractTestNGCucumberTests.java:31)
	at sun.reflect.NativeMethodAccessorImpl.invoke0(Native Method)
	at sun.reflect.NativeMethodAccessorImpl.invoke(NativeMethodAccessorImpl.java:62)
	at sun.reflect.DelegatingMethodAccessorImpl.invoke(DelegatingMethodAccessorImpl.java:43)
	at java.lang.reflect.Method.invoke(Method.java:498)
	at org.testng.internal.MethodInvocationHelper.invokeMethod(MethodInvocationHelper.java:133)
	at org.testng.internal.TestInvoker.invokeMethod(TestInvoker.java:598)
	at org.testng.internal.TestInvoker.invokeTestMethod(TestInvoker.java:173)
	at org.testng.internal.MethodRunner.runInSequence(MethodRunner.java:46)
	at org.testng.internal.TestInvoker$MethodInvocationAgent.invoke(TestInvoker.java:824)
	at org.testng.internal.TestInvoker.invokeTestMethods(TestInvoker.java:146)
	at org.testng.internal.TestMethodWorker.invokeTestMethods(TestMethodWorker.java:146)
	at org.testng.internal.TestMethodWorker.run(TestMethodWorker.java:128)
	at java.util.ArrayList.forEach(ArrayList.java:1259)
	at org.testng.TestRunner.privateRun(TestRunner.java:794)
	at org.testng.TestRunner.run(TestRunner.java:596)
	at org.testng.SuiteRunner.runTest(SuiteRunner.java:377)
	at org.testng.SuiteRunner.runSequentially(SuiteRunner.java:371)
	at org.testng.SuiteRunner.privateRun(SuiteRunner.java:332)
	at org.testng.SuiteRunner.run(SuiteRunner.java:276)
	at org.testng.SuiteRunnerWorker.runSuite(SuiteRunnerWorker.java:53)
	at org.testng.SuiteRunnerWorker.run(SuiteRunnerWorker.java:96)
	at org.testng.TestNG.runSuitesSequentially(TestNG.java:1212)
	at org.testng.TestNG.runSuitesLocally(TestNG.java:1134)
	at org.testng.TestNG.runSuites(TestNG.java:1063)
	at org.testng.TestNG.run(TestNG.java:1031)
	at org.apache.maven.surefire.testng.TestNGExecutor.run(TestNGExecutor.java:132)
	at org.apache.maven.surefire.testng.TestNGDirectoryTestSuite.executeSingleClass(TestNGDirectoryTestSuite.java:112)
	at org.apache.maven.surefire.testng.TestNGDirectoryTestSuite.execute(TestNGDirectoryTestSuite.java:99)
	at org.apache.maven.surefire.testng.TestNGProvider.invoke(TestNGProvider.java:147)
	at org.apache.maven.surefire.booter.ForkedBooter.invokeProviderInSameClassLoader(ForkedBooter.java:290)
	at org.apache.maven.surefire.booter.ForkedBooter.runSuitesInProcess(ForkedBooter.java:242)
	at org.apache.maven.surefire.booter.ForkedBooter.main(ForkedBooter.java:121)
Caused by: org.openqa.selenium.NoSuchSessionException: invalid session id
Build info: version: '3.141.59', revision: 'e82be7d358', time: '2018-11-14T08:17:03'
System info: host: 'LAPTOP-G0UQGSFP', ip: '192.168.199.43', os.name: 'Windows 11', os.arch: 'amd64', os.version: '10.0', java.version: '1.8.0_351'
Driver info: org.openqa.selenium.chrome.ChromeDriver
Capabilities {acceptInsecureCerts: false, browserName: chrome, browserVersion: 135.0.7049.85, chrome: {chromedriverVersion: 135.0.7049.84 (6c019e560019..., userDataDir: C:\Users\BHAANU~1\AppData\L...}, fedcm:accounts: true, goog:chromeOptions: {debuggerAddress: localhost:56801}, javascriptEnabled: true, networkConnectionEnabled: false, pageLoadStrategy: normal, platform: WINDOWS, platformName: WINDOWS, proxy: Proxy(), setWindowRect: true, strictFileInteractability: false, timeouts: {implicit: 0, pageLoad: 300000, script: 30000}, unhandledPromptBehavior: dismiss and notify, webauthn:extension:credBlob: true, webauthn:extension:largeBlob: true, webauthn:extension:minPinLength: true, webauthn:extension:prf: true, webauthn:virtualAuthenticators: true}
Session ID: cfaceeb228dae2bfffd3eb7a2c48880e
*** Element info: {Using=xpath, value=//button[@class='c-button-unstyled hamburger-menu-button']}
	at sun.reflect.NativeConstructorAccessorImpl.newInstance0(Native Method)
	at sun.reflect.NativeConstructorAccessorImpl.newInstance(NativeConstructorAccessorImpl.java:62)
	at sun.reflect.DelegatingConstructorAccessorImpl.newInstance(DelegatingConstructorAccessorImpl.java:45)
	at java.lang.reflect.Constructor.newInstance(Constructor.java:423)
	at org.openqa.selenium.remote.http.W3CHttpResponseCodec.createException(W3CHttpResponseCodec.java:187)
	at org.openqa.selenium.remote.http.W3CHttpResponseCodec.decode(W3CHttpResponseCodec.java:122)
	at org.openqa.selenium.remote.http.W3CHttpResponseCodec.decode(W3CHttpResponseCodec.java:49)
	at org.openqa.selenium.remote.HttpCommandExecutor.execute(HttpCommandExecutor.java:158)
	at org.openqa.selenium.remote.service.DriverCommandExecutor.execute(DriverCommandExecutor.java:83)
	at org.openqa.selenium.remote.RemoteWebDriver.execute(RemoteWebDriver.java:552)
	at org.openqa.selenium.remote.RemoteWebDriver.findElement(RemoteWebDriver.java:323)
	at org.openqa.selenium.remote.RemoteWebDriver.findElementByXPath(RemoteWebDriver.java:428)
	at org.openqa.selenium.By$ByXPath.findElement(By.java:353)
	at org.openqa.selenium.remote.RemoteWebDriver.findElement(RemoteWebDriver.java:315)
	at io.appium.java_client.pagefactory.bys.ContentMappedBy.findElement(ContentMappedBy.java:50)
	at org.openqa.selenium.remote.RemoteWebDriver.findElement(RemoteWebDriver.java:315)
	at io.appium.java_client.pagefactory.AppiumElementLocator.lambda$0(AppiumElementLocator.java:120)
	at io.appium.java_client.pagefactory.AppiumElementLocator$WaitingFunction.apply(AppiumElementLocator.java:172)
	... 61 more
]]></system-err>
  </testcase>
  <testcase name="runScenario" classname="Happy_Path_Patient_Web_and_MR.cukes.DemoWebBestBuy" time="0.175">
    <failure message="expected [true] but found [false]" type="java.lang.AssertionError">java.lang.AssertionError: expected [true] but found [false]
</failure>
    <system-out><![CDATA[
@WEB @TEST1 @TC_ID_1010
Scenario Outline: Navigate to Deals Menu , Brands Sub-Menu and its Pages and Validate URL # src/test/resources/features/BestBuyPurchase/1_GUVI_BestBuyPurchase.feature:68
ClickOnMenuButton catch false
  Given As a user i should click on Menu Button                                           # Happy_Path_Patient_Web_and_MR.stepDefinitions.BestBuySteps.asAUserIShouldClickOnMenuButton()
      java.lang.AssertionError: expected [true] but found [false]
	at org.testng.Assert.fail(Assert.java:99)
	at org.testng.Assert.failNotEquals(Assert.java:1037)
	at org.testng.Assert.assertTrue(Assert.java:45)
	at org.testng.Assert.assertTrue(Assert.java:55)
	at Happy_Path_Patient_Web_and_MR.stepDefinitions.BestBuySteps.asAUserIShouldClickOnMenuButton(BestBuySteps.java:104)
	at âœ½.As a user i should click on Menu Button(file:///E:/ShareWebCopy_Guvi_BestBuy/src/test/resources/features/BestBuyPurchase/1_GUVI_BestBuyPurchase.feature:61)

  When I should click on Brands Sub-menu                                                  # Happy_Path_Patient_Web_and_MR.stepDefinitions.BestBuySteps.iShouldClickOnBrandsSubMenu()
  And I should get all the Brands Pages and Navigate to each page                         # Happy_Path_Patient_Web_and_MR.stepDefinitions.BestBuySteps.iShouldGetAllTheBrandsPagesAndNavigateToEachPage()
  Then I should validate Brands Sub-Menu URL "&BRANDSPAGEURL&"                            # Happy_Path_Patient_Web_and_MR.stepDefinitions.BestBuySteps.iShouldValidateBrandsSubMenuURL(java.lang.String)
      org.openqa.selenium.NoSuchSessionException: invalid session id
Build info: version: '3.141.59', revision: 'e82be7d358', time: '2018-11-14T08:17:03'
System info: host: 'LAPTOP-G0UQGSFP', ip: '192.168.199.43', os.name: 'Windows 11', os.arch: 'amd64', os.version: '10.0', java.version: '1.8.0_351'
Driver info: org.openqa.selenium.chrome.ChromeDriver
Capabilities {acceptInsecureCerts: false, browserName: chrome, browserVersion: 135.0.7049.85, chrome: {chromedriverVersion: 135.0.7049.84 (6c019e560019..., userDataDir: C:\Users\BHAANU~1\AppData\L...}, fedcm:accounts: true, goog:chromeOptions: {debuggerAddress: localhost:56801}, javascriptEnabled: true, networkConnectionEnabled: false, pageLoadStrategy: normal, platform: WINDOWS, platformName: WINDOWS, proxy: Proxy(), setWindowRect: true, strictFileInteractability: false, timeouts: {implicit: 0, pageLoad: 300000, script: 30000}, unhandledPromptBehavior: dismiss and notify, webauthn:extension:credBlob: true, webauthn:extension:largeBlob: true, webauthn:extension:minPinLength: true, webauthn:extension:prf: true, webauthn:virtualAuthenticators: true}
Session ID: cfaceeb228dae2bfffd3eb7a2c48880e
	at sun.reflect.NativeConstructorAccessorImpl.newInstance0(Native Method)
	at sun.reflect.NativeConstructorAccessorImpl.newInstance(NativeConstructorAccessorImpl.java:62)
	at sun.reflect.DelegatingConstructorAccessorImpl.newInstance(DelegatingConstructorAccessorImpl.java:45)
	at java.lang.reflect.Constructor.newInstance(Constructor.java:423)
	at org.openqa.selenium.remote.http.W3CHttpResponseCodec.createException(W3CHttpResponseCodec.java:187)
	at org.openqa.selenium.remote.http.W3CHttpResponseCodec.decode(W3CHttpResponseCodec.java:122)
	at org.openqa.selenium.remote.http.W3CHttpResponseCodec.decode(W3CHttpResponseCodec.java:49)
	at org.openqa.selenium.remote.HttpCommandExecutor.execute(HttpCommandExecutor.java:158)
	at org.openqa.selenium.remote.service.DriverCommandExecutor.execute(DriverCommandExecutor.java:83)
	at org.openqa.selenium.remote.RemoteWebDriver.execute(RemoteWebDriver.java:552)
	at org.openqa.selenium.remote.RemoteWebDriver.execute(RemoteWebDriver.java:609)
	at org.openqa.selenium.remote.RemoteWebDriver.getScreenshotAs(RemoteWebDriver.java:295)
	at Happy_Path_Patient_Web_and_MR.DemoPageContainer.afterScenario(DemoPageContainer.java:74)

]]></system-out>
    <system-err><![CDATA[org.openqa.selenium.WebDriverException: org.openqa.selenium.NoSuchSessionException: invalid session id
Build info: version: '3.141.59', revision: 'e82be7d358', time: '2018-11-14T08:17:03'
System info: host: 'LAPTOP-G0UQGSFP', ip: '192.168.199.43', os.name: 'Windows 11', os.arch: 'amd64', os.version: '10.0', java.version: '1.8.0_351'
Driver info: org.openqa.selenium.chrome.ChromeDriver
Capabilities {acceptInsecureCerts: false, browserName: chrome, browserVersion: 135.0.7049.85, chrome: {chromedriverVersion: 135.0.7049.84 (6c019e560019..., userDataDir: C:\Users\BHAANU~1\AppData\L...}, fedcm:accounts: true, goog:chromeOptions: {debuggerAddress: localhost:56801}, javascriptEnabled: true, networkConnectionEnabled: false, pageLoadStrategy: normal, platform: WINDOWS, platformName: WINDOWS, proxy: Proxy(), setWindowRect: true, strictFileInteractability: false, timeouts: {implicit: 0, pageLoad: 300000, script: 30000}, unhandledPromptBehavior: dismiss and notify, webauthn:extension:credBlob: true, webauthn:extension:largeBlob: true, webauthn:extension:minPinLength: true, webauthn:extension:prf: true, webauthn:virtualAuthenticators: true}
Session ID: cfaceeb228dae2bfffd3eb7a2c48880e
*** Element info: {Using=xpath, value=//button[@class='c-button-unstyled hamburger-menu-button']}
	at io.appium.java_client.pagefactory.AppiumElementLocator$WaitingFunction.apply(AppiumElementLocator.java:192)
	at io.appium.java_client.pagefactory.AppiumElementLocator$WaitingFunction.apply(AppiumElementLocator.java:1)
	at org.openqa.selenium.support.ui.FluentWait.until(FluentWait.java:249)
	at io.appium.java_client.pagefactory.AppiumElementLocator.waitFor(AppiumElementLocator.java:99)
	at io.appium.java_client.pagefactory.AppiumElementLocator.findElement(AppiumElementLocator.java:119)
	at io.appium.java_client.pagefactory.interceptors.InterceptorOfASingleElement.intercept(InterceptorOfASingleElement.java:59)
	at io.appium.java_client.windows.WindowsElement$$EnhancerByCGLIB$$7365f0b4.isDisplayed(<generated>)
	at cap.common.BasePage.verifyElement(BasePage.java:548)
	at Happy_Path_Patient_Web_and_MR.pages.BestBuyPage.clickOnMenuButton(BestBuyPage.java:704)
	at Happy_Path_Patient_Web_and_MR.stepDefinitions.BestBuySteps.asAUserIShouldClickOnMenuButton(BestBuySteps.java:104)
	at sun.reflect.NativeMethodAccessorImpl.invoke0(Native Method)
	at sun.reflect.NativeMethodAccessorImpl.invoke(NativeMethodAccessorImpl.java:62)
	at sun.reflect.DelegatingMethodAccessorImpl.invoke(DelegatingMethodAccessorImpl.java:43)
	at java.lang.reflect.Method.invoke(Method.java:498)
	at io.cucumber.java.Invoker.doInvoke(Invoker.java:66)
	at io.cucumber.java.Invoker.invoke(Invoker.java:24)
	at io.cucumber.java.AbstractGlueDefinition.invokeMethod(AbstractGlueDefinition.java:47)
	at io.cucumber.java.JavaStepDefinition.execute(JavaStepDefinition.java:29)
	at io.cucumber.core.runner.CoreStepDefinition.execute(CoreStepDefinition.java:66)
	at io.cucumber.core.runner.PickleStepDefinitionMatch.runStep(PickleStepDefinitionMatch.java:63)
	at io.cucumber.core.runner.ExecutionMode$1.execute(ExecutionMode.java:10)
	at io.cucumber.core.runner.TestStep.executeStep(TestStep.java:92)
	at io.cucumber.core.runner.TestStep.run(TestStep.java:64)
	at io.cucumber.core.runner.PickleStepTestStep.run(PickleStepTestStep.java:51)
	at io.cucumber.core.runner.TestCase.run(TestCase.java:104)
	at io.cucumber.core.runner.Runner.runPickle(Runner.java:73)
	at io.cucumber.testng.TestNGCucumberRunner.lambda$runScenario$0(TestNGCucumberRunner.java:117)
	at io.cucumber.core.runtime.CucumberExecutionContext.runTestCase(CucumberExecutionContext.java:117)
	at io.cucumber.testng.TestNGCucumberRunner.runScenario(TestNGCucumberRunner.java:114)
	at io.cucumber.testng.AbstractTestNGCucumberTests.runScenario(AbstractTestNGCucumberTests.java:31)
	at sun.reflect.NativeMethodAccessorImpl.invoke0(Native Method)
	at sun.reflect.NativeMethodAccessorImpl.invoke(NativeMethodAccessorImpl.java:62)
	at sun.reflect.DelegatingMethodAccessorImpl.invoke(DelegatingMethodAccessorImpl.java:43)
	at java.lang.reflect.Method.invoke(Method.java:498)
	at org.testng.internal.MethodInvocationHelper.invokeMethod(MethodInvocationHelper.java:133)
	at org.testng.internal.TestInvoker.invokeMethod(TestInvoker.java:598)
	at org.testng.internal.TestInvoker.invokeTestMethod(TestInvoker.java:173)
	at org.testng.internal.MethodRunner.runInSequence(MethodRunner.java:46)
	at org.testng.internal.TestInvoker$MethodInvocationAgent.invoke(TestInvoker.java:824)
	at org.testng.internal.TestInvoker.invokeTestMethods(TestInvoker.java:146)
	at org.testng.internal.TestMethodWorker.invokeTestMethods(TestMethodWorker.java:146)
	at org.testng.internal.TestMethodWorker.run(TestMethodWorker.java:128)
	at java.util.ArrayList.forEach(ArrayList.java:1259)
	at org.testng.TestRunner.privateRun(TestRunner.java:794)
	at org.testng.TestRunner.run(TestRunner.java:596)
	at org.testng.SuiteRunner.runTest(SuiteRunner.java:377)
	at org.testng.SuiteRunner.runSequentially(SuiteRunner.java:371)
	at org.testng.SuiteRunner.privateRun(SuiteRunner.java:332)
	at org.testng.SuiteRunner.run(SuiteRunner.java:276)
	at org.testng.SuiteRunnerWorker.runSuite(SuiteRunnerWorker.java:53)
	at org.testng.SuiteRunnerWorker.run(SuiteRunnerWorker.java:96)
	at org.testng.TestNG.runSuitesSequentially(TestNG.java:1212)
	at org.testng.TestNG.runSuitesLocally(TestNG.java:1134)
	at org.testng.TestNG.runSuites(TestNG.java:1063)
	at org.testng.TestNG.run(TestNG.java:1031)
	at org.apache.maven.surefire.testng.TestNGExecutor.run(TestNGExecutor.java:132)
	at org.apache.maven.surefire.testng.TestNGDirectoryTestSuite.executeSingleClass(TestNGDirectoryTestSuite.java:112)
	at org.apache.maven.surefire.testng.TestNGDirectoryTestSuite.execute(TestNGDirectoryTestSuite.java:99)
	at org.apache.maven.surefire.testng.TestNGProvider.invoke(TestNGProvider.java:147)
	at org.apache.maven.surefire.booter.ForkedBooter.invokeProviderInSameClassLoader(ForkedBooter.java:290)
	at org.apache.maven.surefire.booter.ForkedBooter.runSuitesInProcess(ForkedBooter.java:242)
	at org.apache.maven.surefire.booter.ForkedBooter.main(ForkedBooter.java:121)
Caused by: org.openqa.selenium.NoSuchSessionException: invalid session id
Build info: version: '3.141.59', revision: 'e82be7d358', time: '2018-11-14T08:17:03'
System info: host: 'LAPTOP-G0UQGSFP', ip: '192.168.199.43', os.name: 'Windows 11', os.arch: 'amd64', os.version: '10.0', java.version: '1.8.0_351'
Driver info: org.openqa.selenium.chrome.ChromeDriver
Capabilities {acceptInsecureCerts: false, browserName: chrome, browserVersion: 135.0.7049.85, chrome: {chromedriverVersion: 135.0.7049.84 (6c019e560019..., userDataDir: C:\Users\BHAANU~1\AppData\L...}, fedcm:accounts: true, goog:chromeOptions: {debuggerAddress: localhost:56801}, javascriptEnabled: true, networkConnectionEnabled: false, pageLoadStrategy: normal, platform: WINDOWS, platformName: WINDOWS, proxy: Proxy(), setWindowRect: true, strictFileInteractability: false, timeouts: {implicit: 0, pageLoad: 300000, script: 30000}, unhandledPromptBehavior: dismiss and notify, webauthn:extension:credBlob: true, webauthn:extension:largeBlob: true, webauthn:extension:minPinLength: true, webauthn:extension:prf: true, webauthn:virtualAuthenticators: true}
Session ID: cfaceeb228dae2bfffd3eb7a2c48880e
*** Element info: {Using=xpath, value=//button[@class='c-button-unstyled hamburger-menu-button']}
	at sun.reflect.NativeConstructorAccessorImpl.newInstance0(Native Method)
	at sun.reflect.NativeConstructorAccessorImpl.newInstance(NativeConstructorAccessorImpl.java:62)
	at sun.reflect.DelegatingConstructorAccessorImpl.newInstance(DelegatingConstructorAccessorImpl.java:45)
	at java.lang.reflect.Constructor.newInstance(Constructor.java:423)
	at org.openqa.selenium.remote.http.W3CHttpResponseCodec.createException(W3CHttpResponseCodec.java:187)
	at org.openqa.selenium.remote.http.W3CHttpResponseCodec.decode(W3CHttpResponseCodec.java:122)
	at org.openqa.selenium.remote.http.W3CHttpResponseCodec.decode(W3CHttpResponseCodec.java:49)
	at org.openqa.selenium.remote.HttpCommandExecutor.execute(HttpCommandExecutor.java:158)
	at org.openqa.selenium.remote.service.DriverCommandExecutor.execute(DriverCommandExecutor.java:83)
	at org.openqa.selenium.remote.RemoteWebDriver.execute(RemoteWebDriver.java:552)
	at org.openqa.selenium.remote.RemoteWebDriver.findElement(RemoteWebDriver.java:323)
	at org.openqa.selenium.remote.RemoteWebDriver.findElementByXPath(RemoteWebDriver.java:428)
	at org.openqa.selenium.By$ByXPath.findElement(By.java:353)
	at org.openqa.selenium.remote.RemoteWebDriver.findElement(RemoteWebDriver.java:315)
	at io.appium.java_client.pagefactory.bys.ContentMappedBy.findElement(ContentMappedBy.java:50)
	at org.openqa.selenium.remote.RemoteWebDriver.findElement(RemoteWebDriver.java:315)
	at io.appium.java_client.pagefactory.AppiumElementLocator.lambda$0(AppiumElementLocator.java:120)
	at io.appium.java_client.pagefactory.AppiumElementLocator$WaitingFunction.apply(AppiumElementLocator.java:172)
	... 61 more
]]></system-err>
  </testcase>
  <testcase name="runScenario" classname="Happy_Path_Patient_Web_and_MR.cukes.DemoWebBestBuy" time="0.123">
    <failure message="expected [true] but found [false]" type="java.lang.AssertionError">java.lang.AssertionError: expected [true] but found [false]
</failure>
    <system-out><![CDATA[
@WEB @TEST1 @TC_ID_1011
Scenario Outline: Navigate to Appliances Menu and Validate Menu                                         # src/test/resources/features/BestBuyPurchase/1_GUVI_BestBuyPurchase.feature:79
ClickOnMenuButton catch false
  Given As a user i should click on Menu Button                                                         # Happy_Path_Patient_Web_and_MR.stepDefinitions.BestBuySteps.asAUserIShouldClickOnMenuButton()
      java.lang.AssertionError: expected [true] but found [false]
	at org.testng.Assert.fail(Assert.java:99)
	at org.testng.Assert.failNotEquals(Assert.java:1037)
	at org.testng.Assert.assertTrue(Assert.java:45)
	at org.testng.Assert.assertTrue(Assert.java:55)
	at Happy_Path_Patient_Web_and_MR.stepDefinitions.BestBuySteps.asAUserIShouldClickOnMenuButton(BestBuySteps.java:104)
	at âœ½.As a user i should click on Menu Button(file:///E:/ShareWebCopy_Guvi_BestBuy/src/test/resources/features/BestBuyPurchase/1_GUVI_BestBuyPurchase.feature:72)

  When I should click on Appliances Sub-menu                                                            # Happy_Path_Patient_Web_and_MR.stepDefinitions.BestBuySteps.iShouldClickOnAppliancesSubMenu()
  Then I should get all the Appliances Sub Menu Pages and Validate the Sub Menus "&APPLIANCESSUBMENUS&" # Happy_Path_Patient_Web_and_MR.stepDefinitions.BestBuySteps.iShouldGetAllTheAppliancesSubMenuPagesAndValidateTheSubMenus(java.lang.String)
  Then I should get all the Appliances Menu Pages and Validate the Menus "&APPLIANCESMENUS&"            # Happy_Path_Patient_Web_and_MR.stepDefinitions.BestBuySteps.iShouldGetAllTheAppliancesMenuPagesAndValidateTheMenus(java.lang.String)
      org.openqa.selenium.NoSuchSessionException: invalid session id
Build info: version: '3.141.59', revision: 'e82be7d358', time: '2018-11-14T08:17:03'
System info: host: 'LAPTOP-G0UQGSFP', ip: '192.168.199.43', os.name: 'Windows 11', os.arch: 'amd64', os.version: '10.0', java.version: '1.8.0_351'
Driver info: org.openqa.selenium.chrome.ChromeDriver
Capabilities {acceptInsecureCerts: false, browserName: chrome, browserVersion: 135.0.7049.85, chrome: {chromedriverVersion: 135.0.7049.84 (6c019e560019..., userDataDir: C:\Users\BHAANU~1\AppData\L...}, fedcm:accounts: true, goog:chromeOptions: {debuggerAddress: localhost:56801}, javascriptEnabled: true, networkConnectionEnabled: false, pageLoadStrategy: normal, platform: WINDOWS, platformName: WINDOWS, proxy: Proxy(), setWindowRect: true, strictFileInteractability: false, timeouts: {implicit: 0, pageLoad: 300000, script: 30000}, unhandledPromptBehavior: dismiss and notify, webauthn:extension:credBlob: true, webauthn:extension:largeBlob: true, webauthn:extension:minPinLength: true, webauthn:extension:prf: true, webauthn:virtualAuthenticators: true}
Session ID: cfaceeb228dae2bfffd3eb7a2c48880e
	at sun.reflect.NativeConstructorAccessorImpl.newInstance0(Native Method)
	at sun.reflect.NativeConstructorAccessorImpl.newInstance(NativeConstructorAccessorImpl.java:62)
	at sun.reflect.DelegatingConstructorAccessorImpl.newInstance(DelegatingConstructorAccessorImpl.java:45)
	at java.lang.reflect.Constructor.newInstance(Constructor.java:423)
	at org.openqa.selenium.remote.http.W3CHttpResponseCodec.createException(W3CHttpResponseCodec.java:187)
	at org.openqa.selenium.remote.http.W3CHttpResponseCodec.decode(W3CHttpResponseCodec.java:122)
	at org.openqa.selenium.remote.http.W3CHttpResponseCodec.decode(W3CHttpResponseCodec.java:49)
	at org.openqa.selenium.remote.HttpCommandExecutor.execute(HttpCommandExecutor.java:158)
	at org.openqa.selenium.remote.service.DriverCommandExecutor.execute(DriverCommandExecutor.java:83)
	at org.openqa.selenium.remote.RemoteWebDriver.execute(RemoteWebDriver.java:552)
	at org.openqa.selenium.remote.RemoteWebDriver.execute(RemoteWebDriver.java:609)
	at org.openqa.selenium.remote.RemoteWebDriver.getScreenshotAs(RemoteWebDriver.java:295)
	at Happy_Path_Patient_Web_and_MR.DemoPageContainer.afterScenario(DemoPageContainer.java:74)

]]></system-out>
    <system-err><![CDATA[org.openqa.selenium.WebDriverException: org.openqa.selenium.NoSuchSessionException: invalid session id
Build info: version: '3.141.59', revision: 'e82be7d358', time: '2018-11-14T08:17:03'
System info: host: 'LAPTOP-G0UQGSFP', ip: '192.168.199.43', os.name: 'Windows 11', os.arch: 'amd64', os.version: '10.0', java.version: '1.8.0_351'
Driver info: org.openqa.selenium.chrome.ChromeDriver
Capabilities {acceptInsecureCerts: false, browserName: chrome, browserVersion: 135.0.7049.85, chrome: {chromedriverVersion: 135.0.7049.84 (6c019e560019..., userDataDir: C:\Users\BHAANU~1\AppData\L...}, fedcm:accounts: true, goog:chromeOptions: {debuggerAddress: localhost:56801}, javascriptEnabled: true, networkConnectionEnabled: false, pageLoadStrategy: normal, platform: WINDOWS, platformName: WINDOWS, proxy: Proxy(), setWindowRect: true, strictFileInteractability: false, timeouts: {implicit: 0, pageLoad: 300000, script: 30000}, unhandledPromptBehavior: dismiss and notify, webauthn:extension:credBlob: true, webauthn:extension:largeBlob: true, webauthn:extension:minPinLength: true, webauthn:extension:prf: true, webauthn:virtualAuthenticators: true}
Session ID: cfaceeb228dae2bfffd3eb7a2c48880e
*** Element info: {Using=xpath, value=//button[@class='c-button-unstyled hamburger-menu-button']}
	at io.appium.java_client.pagefactory.AppiumElementLocator$WaitingFunction.apply(AppiumElementLocator.java:192)
	at io.appium.java_client.pagefactory.AppiumElementLocator$WaitingFunction.apply(AppiumElementLocator.java:1)
	at org.openqa.selenium.support.ui.FluentWait.until(FluentWait.java:249)
	at io.appium.java_client.pagefactory.AppiumElementLocator.waitFor(AppiumElementLocator.java:99)
	at io.appium.java_client.pagefactory.AppiumElementLocator.findElement(AppiumElementLocator.java:119)
	at io.appium.java_client.pagefactory.interceptors.InterceptorOfASingleElement.intercept(InterceptorOfASingleElement.java:59)
	at io.appium.java_client.windows.WindowsElement$$EnhancerByCGLIB$$7365f0b4.isDisplayed(<generated>)
	at cap.common.BasePage.verifyElement(BasePage.java:548)
	at Happy_Path_Patient_Web_and_MR.pages.BestBuyPage.clickOnMenuButton(BestBuyPage.java:704)
	at Happy_Path_Patient_Web_and_MR.stepDefinitions.BestBuySteps.asAUserIShouldClickOnMenuButton(BestBuySteps.java:104)
	at sun.reflect.NativeMethodAccessorImpl.invoke0(Native Method)
	at sun.reflect.NativeMethodAccessorImpl.invoke(NativeMethodAccessorImpl.java:62)
	at sun.reflect.DelegatingMethodAccessorImpl.invoke(DelegatingMethodAccessorImpl.java:43)
	at java.lang.reflect.Method.invoke(Method.java:498)
	at io.cucumber.java.Invoker.doInvoke(Invoker.java:66)
	at io.cucumber.java.Invoker.invoke(Invoker.java:24)
	at io.cucumber.java.AbstractGlueDefinition.invokeMethod(AbstractGlueDefinition.java:47)
	at io.cucumber.java.JavaStepDefinition.execute(JavaStepDefinition.java:29)
	at io.cucumber.core.runner.CoreStepDefinition.execute(CoreStepDefinition.java:66)
	at io.cucumber.core.runner.PickleStepDefinitionMatch.runStep(PickleStepDefinitionMatch.java:63)
	at io.cucumber.core.runner.ExecutionMode$1.execute(ExecutionMode.java:10)
	at io.cucumber.core.runner.TestStep.executeStep(TestStep.java:92)
	at io.cucumber.core.runner.TestStep.run(TestStep.java:64)
	at io.cucumber.core.runner.PickleStepTestStep.run(PickleStepTestStep.java:51)
	at io.cucumber.core.runner.TestCase.run(TestCase.java:104)
	at io.cucumber.core.runner.Runner.runPickle(Runner.java:73)
	at io.cucumber.testng.TestNGCucumberRunner.lambda$runScenario$0(TestNGCucumberRunner.java:117)
	at io.cucumber.core.runtime.CucumberExecutionContext.runTestCase(CucumberExecutionContext.java:117)
	at io.cucumber.testng.TestNGCucumberRunner.runScenario(TestNGCucumberRunner.java:114)
	at io.cucumber.testng.AbstractTestNGCucumberTests.runScenario(AbstractTestNGCucumberTests.java:31)
	at sun.reflect.NativeMethodAccessorImpl.invoke0(Native Method)
	at sun.reflect.NativeMethodAccessorImpl.invoke(NativeMethodAccessorImpl.java:62)
	at sun.reflect.DelegatingMethodAccessorImpl.invoke(DelegatingMethodAccessorImpl.java:43)
	at java.lang.reflect.Method.invoke(Method.java:498)
	at org.testng.internal.MethodInvocationHelper.invokeMethod(MethodInvocationHelper.java:133)
	at org.testng.internal.TestInvoker.invokeMethod(TestInvoker.java:598)
	at org.testng.internal.TestInvoker.invokeTestMethod(TestInvoker.java:173)
	at org.testng.internal.MethodRunner.runInSequence(MethodRunner.java:46)
	at org.testng.internal.TestInvoker$MethodInvocationAgent.invoke(TestInvoker.java:824)
	at org.testng.internal.TestInvoker.invokeTestMethods(TestInvoker.java:146)
	at org.testng.internal.TestMethodWorker.invokeTestMethods(TestMethodWorker.java:146)
	at org.testng.internal.TestMethodWorker.run(TestMethodWorker.java:128)
	at java.util.ArrayList.forEach(ArrayList.java:1259)
	at org.testng.TestRunner.privateRun(TestRunner.java:794)
	at org.testng.TestRunner.run(TestRunner.java:596)
	at org.testng.SuiteRunner.runTest(SuiteRunner.java:377)
	at org.testng.SuiteRunner.runSequentially(SuiteRunner.java:371)
	at org.testng.SuiteRunner.privateRun(SuiteRunner.java:332)
	at org.testng.SuiteRunner.run(SuiteRunner.java:276)
	at org.testng.SuiteRunnerWorker.runSuite(SuiteRunnerWorker.java:53)
	at org.testng.SuiteRunnerWorker.run(SuiteRunnerWorker.java:96)
	at org.testng.TestNG.runSuitesSequentially(TestNG.java:1212)
	at org.testng.TestNG.runSuitesLocally(TestNG.java:1134)
	at org.testng.TestNG.runSuites(TestNG.java:1063)
	at org.testng.TestNG.run(TestNG.java:1031)
	at org.apache.maven.surefire.testng.TestNGExecutor.run(TestNGExecutor.java:132)
	at org.apache.maven.surefire.testng.TestNGDirectoryTestSuite.executeSingleClass(TestNGDirectoryTestSuite.java:112)
	at org.apache.maven.surefire.testng.TestNGDirectoryTestSuite.execute(TestNGDirectoryTestSuite.java:99)
	at org.apache.maven.surefire.testng.TestNGProvider.invoke(TestNGProvider.java:147)
	at org.apache.maven.surefire.booter.ForkedBooter.invokeProviderInSameClassLoader(ForkedBooter.java:290)
	at org.apache.maven.surefire.booter.ForkedBooter.runSuitesInProcess(ForkedBooter.java:242)
	at org.apache.maven.surefire.booter.ForkedBooter.main(ForkedBooter.java:121)
Caused by: org.openqa.selenium.NoSuchSessionException: invalid session id
Build info: version: '3.141.59', revision: 'e82be7d358', time: '2018-11-14T08:17:03'
System info: host: 'LAPTOP-G0UQGSFP', ip: '192.168.199.43', os.name: 'Windows 11', os.arch: 'amd64', os.version: '10.0', java.version: '1.8.0_351'
Driver info: org.openqa.selenium.chrome.ChromeDriver
Capabilities {acceptInsecureCerts: false, browserName: chrome, browserVersion: 135.0.7049.85, chrome: {chromedriverVersion: 135.0.7049.84 (6c019e560019..., userDataDir: C:\Users\BHAANU~1\AppData\L...}, fedcm:accounts: true, goog:chromeOptions: {debuggerAddress: localhost:56801}, javascriptEnabled: true, networkConnectionEnabled: false, pageLoadStrategy: normal, platform: WINDOWS, platformName: WINDOWS, proxy: Proxy(), setWindowRect: true, strictFileInteractability: false, timeouts: {implicit: 0, pageLoad: 300000, script: 30000}, unhandledPromptBehavior: dismiss and notify, webauthn:extension:credBlob: true, webauthn:extension:largeBlob: true, webauthn:extension:minPinLength: true, webauthn:extension:prf: true, webauthn:virtualAuthenticators: true}
Session ID: cfaceeb228dae2bfffd3eb7a2c48880e
*** Element info: {Using=xpath, value=//button[@class='c-button-unstyled hamburger-menu-button']}
	at sun.reflect.NativeConstructorAccessorImpl.newInstance0(Native Method)
	at sun.reflect.NativeConstructorAccessorImpl.newInstance(NativeConstructorAccessorImpl.java:62)
	at sun.reflect.DelegatingConstructorAccessorImpl.newInstance(DelegatingConstructorAccessorImpl.java:45)
	at java.lang.reflect.Constructor.newInstance(Constructor.java:423)
	at org.openqa.selenium.remote.http.W3CHttpResponseCodec.createException(W3CHttpResponseCodec.java:187)
	at org.openqa.selenium.remote.http.W3CHttpResponseCodec.decode(W3CHttpResponseCodec.java:122)
	at org.openqa.selenium.remote.http.W3CHttpResponseCodec.decode(W3CHttpResponseCodec.java:49)
	at org.openqa.selenium.remote.HttpCommandExecutor.execute(HttpCommandExecutor.java:158)
	at org.openqa.selenium.remote.service.DriverCommandExecutor.execute(DriverCommandExecutor.java:83)
	at org.openqa.selenium.remote.RemoteWebDriver.execute(RemoteWebDriver.java:552)
	at org.openqa.selenium.remote.RemoteWebDriver.findElement(RemoteWebDriver.java:323)
	at org.openqa.selenium.remote.RemoteWebDriver.findElementByXPath(RemoteWebDriver.java:428)
	at org.openqa.selenium.By$ByXPath.findElement(By.java:353)
	at org.openqa.selenium.remote.RemoteWebDriver.findElement(RemoteWebDriver.java:315)
	at io.appium.java_client.pagefactory.bys.ContentMappedBy.findElement(ContentMappedBy.java:50)
	at org.openqa.selenium.remote.RemoteWebDriver.findElement(RemoteWebDriver.java:315)
	at io.appium.java_client.pagefactory.AppiumElementLocator.lambda$0(AppiumElementLocator.java:120)
	at io.appium.java_client.pagefactory.AppiumElementLocator$WaitingFunction.apply(AppiumElementLocator.java:172)
	... 61 more
]]></system-err>
  </testcase>
  <testcase name="runScenario" classname="Happy_Path_Patient_Web_and_MR.cukes.DemoWebBestBuy" time="0.186">
    <failure message="expected [true] but found [false]" type="java.lang.AssertionError">java.lang.AssertionError: expected [true] but found [false]
</failure>
    <system-out><![CDATA[
@WEB @TEST1 @TC_ID_1012
Scenario Outline: Navigate to TV & Home Theatre Menu and Validate Menu                                    # src/test/resources/features/BestBuyPurchase/1_GUVI_BestBuyPurchase.feature:90
ClickOnMenuButton catch false
  Given As a user i should click on Menu Button                                                           # Happy_Path_Patient_Web_and_MR.stepDefinitions.BestBuySteps.asAUserIShouldClickOnMenuButton()
      java.lang.AssertionError: expected [true] but found [false]
	at org.testng.Assert.fail(Assert.java:99)
	at org.testng.Assert.failNotEquals(Assert.java:1037)
	at org.testng.Assert.assertTrue(Assert.java:45)
	at org.testng.Assert.assertTrue(Assert.java:55)
	at Happy_Path_Patient_Web_and_MR.stepDefinitions.BestBuySteps.asAUserIShouldClickOnMenuButton(BestBuySteps.java:104)
	at âœ½.As a user i should click on Menu Button(file:///E:/ShareWebCopy_Guvi_BestBuy/src/test/resources/features/BestBuyPurchase/1_GUVI_BestBuyPurchase.feature:83)

  When I should click on TV & Home Theatre Sub-menu                                                       # Happy_Path_Patient_Web_and_MR.stepDefinitions.BestBuySteps.iShouldClickOnTVHomeTheatreSubMenu()
  Then I should get all the TV & Home Theatre  Sub Menu Pages and Validate the Sub Menus "&TVTHSUBMENUS&" # Happy_Path_Patient_Web_and_MR.stepDefinitions.BestBuySteps.iShouldGetAllTheTVHomeTheatreSubMenuPagesAndValidateTheSubMenus(java.lang.String)
  Then I should get all the TV & Home Theatre  Menu Pages and Validate the Menus "&TVHTMENUS&"            # Happy_Path_Patient_Web_and_MR.stepDefinitions.BestBuySteps.iShouldGetAllTheTVHomeTheatreMenuPagesAndValidateTheMenus(java.lang.String)
      org.openqa.selenium.NoSuchSessionException: invalid session id
Build info: version: '3.141.59', revision: 'e82be7d358', time: '2018-11-14T08:17:03'
System info: host: 'LAPTOP-G0UQGSFP', ip: '192.168.199.43', os.name: 'Windows 11', os.arch: 'amd64', os.version: '10.0', java.version: '1.8.0_351'
Driver info: org.openqa.selenium.chrome.ChromeDriver
Capabilities {acceptInsecureCerts: false, browserName: chrome, browserVersion: 135.0.7049.85, chrome: {chromedriverVersion: 135.0.7049.84 (6c019e560019..., userDataDir: C:\Users\BHAANU~1\AppData\L...}, fedcm:accounts: true, goog:chromeOptions: {debuggerAddress: localhost:56801}, javascriptEnabled: true, networkConnectionEnabled: false, pageLoadStrategy: normal, platform: WINDOWS, platformName: WINDOWS, proxy: Proxy(), setWindowRect: true, strictFileInteractability: false, timeouts: {implicit: 0, pageLoad: 300000, script: 30000}, unhandledPromptBehavior: dismiss and notify, webauthn:extension:credBlob: true, webauthn:extension:largeBlob: true, webauthn:extension:minPinLength: true, webauthn:extension:prf: true, webauthn:virtualAuthenticators: true}
Session ID: cfaceeb228dae2bfffd3eb7a2c48880e
	at sun.reflect.NativeConstructorAccessorImpl.newInstance0(Native Method)
	at sun.reflect.NativeConstructorAccessorImpl.newInstance(NativeConstructorAccessorImpl.java:62)
	at sun.reflect.DelegatingConstructorAccessorImpl.newInstance(DelegatingConstructorAccessorImpl.java:45)
	at java.lang.reflect.Constructor.newInstance(Constructor.java:423)
	at org.openqa.selenium.remote.http.W3CHttpResponseCodec.createException(W3CHttpResponseCodec.java:187)
	at org.openqa.selenium.remote.http.W3CHttpResponseCodec.decode(W3CHttpResponseCodec.java:122)
	at org.openqa.selenium.remote.http.W3CHttpResponseCodec.decode(W3CHttpResponseCodec.java:49)
	at org.openqa.selenium.remote.HttpCommandExecutor.execute(HttpCommandExecutor.java:158)
	at org.openqa.selenium.remote.service.DriverCommandExecutor.execute(DriverCommandExecutor.java:83)
	at org.openqa.selenium.remote.RemoteWebDriver.execute(RemoteWebDriver.java:552)
	at org.openqa.selenium.remote.RemoteWebDriver.execute(RemoteWebDriver.java:609)
	at org.openqa.selenium.remote.RemoteWebDriver.getScreenshotAs(RemoteWebDriver.java:295)
	at Happy_Path_Patient_Web_and_MR.DemoPageContainer.afterScenario(DemoPageContainer.java:74)

]]></system-out>
    <system-err><![CDATA[org.openqa.selenium.WebDriverException: org.openqa.selenium.NoSuchSessionException: invalid session id
Build info: version: '3.141.59', revision: 'e82be7d358', time: '2018-11-14T08:17:03'
System info: host: 'LAPTOP-G0UQGSFP', ip: '192.168.199.43', os.name: 'Windows 11', os.arch: 'amd64', os.version: '10.0', java.version: '1.8.0_351'
Driver info: org.openqa.selenium.chrome.ChromeDriver
Capabilities {acceptInsecureCerts: false, browserName: chrome, browserVersion: 135.0.7049.85, chrome: {chromedriverVersion: 135.0.7049.84 (6c019e560019..., userDataDir: C:\Users\BHAANU~1\AppData\L...}, fedcm:accounts: true, goog:chromeOptions: {debuggerAddress: localhost:56801}, javascriptEnabled: true, networkConnectionEnabled: false, pageLoadStrategy: normal, platform: WINDOWS, platformName: WINDOWS, proxy: Proxy(), setWindowRect: true, strictFileInteractability: false, timeouts: {implicit: 0, pageLoad: 300000, script: 30000}, unhandledPromptBehavior: dismiss and notify, webauthn:extension:credBlob: true, webauthn:extension:largeBlob: true, webauthn:extension:minPinLength: true, webauthn:extension:prf: true, webauthn:virtualAuthenticators: true}
Session ID: cfaceeb228dae2bfffd3eb7a2c48880e
*** Element info: {Using=xpath, value=//button[@class='c-button-unstyled hamburger-menu-button']}
	at io.appium.java_client.pagefactory.AppiumElementLocator$WaitingFunction.apply(AppiumElementLocator.java:192)
	at io.appium.java_client.pagefactory.AppiumElementLocator$WaitingFunction.apply(AppiumElementLocator.java:1)
	at org.openqa.selenium.support.ui.FluentWait.until(FluentWait.java:249)
	at io.appium.java_client.pagefactory.AppiumElementLocator.waitFor(AppiumElementLocator.java:99)
	at io.appium.java_client.pagefactory.AppiumElementLocator.findElement(AppiumElementLocator.java:119)
	at io.appium.java_client.pagefactory.interceptors.InterceptorOfASingleElement.intercept(InterceptorOfASingleElement.java:59)
	at io.appium.java_client.windows.WindowsElement$$EnhancerByCGLIB$$7365f0b4.isDisplayed(<generated>)
	at cap.common.BasePage.verifyElement(BasePage.java:548)
	at Happy_Path_Patient_Web_and_MR.pages.BestBuyPage.clickOnMenuButton(BestBuyPage.java:704)
	at Happy_Path_Patient_Web_and_MR.stepDefinitions.BestBuySteps.asAUserIShouldClickOnMenuButton(BestBuySteps.java:104)
	at sun.reflect.NativeMethodAccessorImpl.invoke0(Native Method)
	at sun.reflect.NativeMethodAccessorImpl.invoke(NativeMethodAccessorImpl.java:62)
	at sun.reflect.DelegatingMethodAccessorImpl.invoke(DelegatingMethodAccessorImpl.java:43)
	at java.lang.reflect.Method.invoke(Method.java:498)
	at io.cucumber.java.Invoker.doInvoke(Invoker.java:66)
	at io.cucumber.java.Invoker.invoke(Invoker.java:24)
	at io.cucumber.java.AbstractGlueDefinition.invokeMethod(AbstractGlueDefinition.java:47)
	at io.cucumber.java.JavaStepDefinition.execute(JavaStepDefinition.java:29)
	at io.cucumber.core.runner.CoreStepDefinition.execute(CoreStepDefinition.java:66)
	at io.cucumber.core.runner.PickleStepDefinitionMatch.runStep(PickleStepDefinitionMatch.java:63)
	at io.cucumber.core.runner.ExecutionMode$1.execute(ExecutionMode.java:10)
	at io.cucumber.core.runner.TestStep.executeStep(TestStep.java:92)
	at io.cucumber.core.runner.TestStep.run(TestStep.java:64)
	at io.cucumber.core.runner.PickleStepTestStep.run(PickleStepTestStep.java:51)
	at io.cucumber.core.runner.TestCase.run(TestCase.java:104)
	at io.cucumber.core.runner.Runner.runPickle(Runner.java:73)
	at io.cucumber.testng.TestNGCucumberRunner.lambda$runScenario$0(TestNGCucumberRunner.java:117)
	at io.cucumber.core.runtime.CucumberExecutionContext.runTestCase(CucumberExecutionContext.java:117)
	at io.cucumber.testng.TestNGCucumberRunner.runScenario(TestNGCucumberRunner.java:114)
	at io.cucumber.testng.AbstractTestNGCucumberTests.runScenario(AbstractTestNGCucumberTests.java:31)
	at sun.reflect.NativeMethodAccessorImpl.invoke0(Native Method)
	at sun.reflect.NativeMethodAccessorImpl.invoke(NativeMethodAccessorImpl.java:62)
	at sun.reflect.DelegatingMethodAccessorImpl.invoke(DelegatingMethodAccessorImpl.java:43)
	at java.lang.reflect.Method.invoke(Method.java:498)
	at org.testng.internal.MethodInvocationHelper.invokeMethod(MethodInvocationHelper.java:133)
	at org.testng.internal.TestInvoker.invokeMethod(TestInvoker.java:598)
	at org.testng.internal.TestInvoker.invokeTestMethod(TestInvoker.java:173)
	at org.testng.internal.MethodRunner.runInSequence(MethodRunner.java:46)
	at org.testng.internal.TestInvoker$MethodInvocationAgent.invoke(TestInvoker.java:824)
	at org.testng.internal.TestInvoker.invokeTestMethods(TestInvoker.java:146)
	at org.testng.internal.TestMethodWorker.invokeTestMethods(TestMethodWorker.java:146)
	at org.testng.internal.TestMethodWorker.run(TestMethodWorker.java:128)
	at java.util.ArrayList.forEach(ArrayList.java:1259)
	at org.testng.TestRunner.privateRun(TestRunner.java:794)
	at org.testng.TestRunner.run(TestRunner.java:596)
	at org.testng.SuiteRunner.runTest(SuiteRunner.java:377)
	at org.testng.SuiteRunner.runSequentially(SuiteRunner.java:371)
	at org.testng.SuiteRunner.privateRun(SuiteRunner.java:332)
	at org.testng.SuiteRunner.run(SuiteRunner.java:276)
	at org.testng.SuiteRunnerWorker.runSuite(SuiteRunnerWorker.java:53)
	at org.testng.SuiteRunnerWorker.run(SuiteRunnerWorker.java:96)
	at org.testng.TestNG.runSuitesSequentially(TestNG.java:1212)
	at org.testng.TestNG.runSuitesLocally(TestNG.java:1134)
	at org.testng.TestNG.runSuites(TestNG.java:1063)
	at org.testng.TestNG.run(TestNG.java:1031)
	at org.apache.maven.surefire.testng.TestNGExecutor.run(TestNGExecutor.java:132)
	at org.apache.maven.surefire.testng.TestNGDirectoryTestSuite.executeSingleClass(TestNGDirectoryTestSuite.java:112)
	at org.apache.maven.surefire.testng.TestNGDirectoryTestSuite.execute(TestNGDirectoryTestSuite.java:99)
	at org.apache.maven.surefire.testng.TestNGProvider.invoke(TestNGProvider.java:147)
	at org.apache.maven.surefire.booter.ForkedBooter.invokeProviderInSameClassLoader(ForkedBooter.java:290)
	at org.apache.maven.surefire.booter.ForkedBooter.runSuitesInProcess(ForkedBooter.java:242)
	at org.apache.maven.surefire.booter.ForkedBooter.main(ForkedBooter.java:121)
Caused by: org.openqa.selenium.NoSuchSessionException: invalid session id
Build info: version: '3.141.59', revision: 'e82be7d358', time: '2018-11-14T08:17:03'
System info: host: 'LAPTOP-G0UQGSFP', ip: '192.168.199.43', os.name: 'Windows 11', os.arch: 'amd64', os.version: '10.0', java.version: '1.8.0_351'
Driver info: org.openqa.selenium.chrome.ChromeDriver
Capabilities {acceptInsecureCerts: false, browserName: chrome, browserVersion: 135.0.7049.85, chrome: {chromedriverVersion: 135.0.7049.84 (6c019e560019..., userDataDir: C:\Users\BHAANU~1\AppData\L...}, fedcm:accounts: true, goog:chromeOptions: {debuggerAddress: localhost:56801}, javascriptEnabled: true, networkConnectionEnabled: false, pageLoadStrategy: normal, platform: WINDOWS, platformName: WINDOWS, proxy: Proxy(), setWindowRect: true, strictFileInteractability: false, timeouts: {implicit: 0, pageLoad: 300000, script: 30000}, unhandledPromptBehavior: dismiss and notify, webauthn:extension:credBlob: true, webauthn:extension:largeBlob: true, webauthn:extension:minPinLength: true, webauthn:extension:prf: true, webauthn:virtualAuthenticators: true}
Session ID: cfaceeb228dae2bfffd3eb7a2c48880e
*** Element info: {Using=xpath, value=//button[@class='c-button-unstyled hamburger-menu-button']}
	at sun.reflect.NativeConstructorAccessorImpl.newInstance0(Native Method)
	at sun.reflect.NativeConstructorAccessorImpl.newInstance(NativeConstructorAccessorImpl.java:62)
	at sun.reflect.DelegatingConstructorAccessorImpl.newInstance(DelegatingConstructorAccessorImpl.java:45)
	at java.lang.reflect.Constructor.newInstance(Constructor.java:423)
	at org.openqa.selenium.remote.http.W3CHttpResponseCodec.createException(W3CHttpResponseCodec.java:187)
	at org.openqa.selenium.remote.http.W3CHttpResponseCodec.decode(W3CHttpResponseCodec.java:122)
	at org.openqa.selenium.remote.http.W3CHttpResponseCodec.decode(W3CHttpResponseCodec.java:49)
	at org.openqa.selenium.remote.HttpCommandExecutor.execute(HttpCommandExecutor.java:158)
	at org.openqa.selenium.remote.service.DriverCommandExecutor.execute(DriverCommandExecutor.java:83)
	at org.openqa.selenium.remote.RemoteWebDriver.execute(RemoteWebDriver.java:552)
	at org.openqa.selenium.remote.RemoteWebDriver.findElement(RemoteWebDriver.java:323)
	at org.openqa.selenium.remote.RemoteWebDriver.findElementByXPath(RemoteWebDriver.java:428)
	at org.openqa.selenium.By$ByXPath.findElement(By.java:353)
	at org.openqa.selenium.remote.RemoteWebDriver.findElement(RemoteWebDriver.java:315)
	at io.appium.java_client.pagefactory.bys.ContentMappedBy.findElement(ContentMappedBy.java:50)
	at org.openqa.selenium.remote.RemoteWebDriver.findElement(RemoteWebDriver.java:315)
	at io.appium.java_client.pagefactory.AppiumElementLocator.lambda$0(AppiumElementLocator.java:120)
	at io.appium.java_client.pagefactory.AppiumElementLocator$WaitingFunction.apply(AppiumElementLocator.java:172)
	... 61 more
]]></system-err>
  </testcase>
  <testcase name="runScenario" classname="Happy_Path_Patient_Web_and_MR.cukes.DemoWebBestBuy" time="0.164">
    <failure message="expected [true] but found [false]" type="java.lang.AssertionError">java.lang.AssertionError: expected [true] but found [false]
</failure>
    <system-out><![CDATA[
@WEB @TEST1 @TC_ID_1013
Scenario Outline: Navigate to Computers & Tablets Menu and Validate Menu                                 # src/test/resources/features/BestBuyPurchase/1_GUVI_BestBuyPurchase.feature:101
ClickOnMenuButton catch false
  Given As a user i should click on Menu Button                                                          # Happy_Path_Patient_Web_and_MR.stepDefinitions.BestBuySteps.asAUserIShouldClickOnMenuButton()
      java.lang.AssertionError: expected [true] but found [false]
	at org.testng.Assert.fail(Assert.java:99)
	at org.testng.Assert.failNotEquals(Assert.java:1037)
	at org.testng.Assert.assertTrue(Assert.java:45)
	at org.testng.Assert.assertTrue(Assert.java:55)
	at Happy_Path_Patient_Web_and_MR.stepDefinitions.BestBuySteps.asAUserIShouldClickOnMenuButton(BestBuySteps.java:104)
	at âœ½.As a user i should click on Menu Button(file:///E:/ShareWebCopy_Guvi_BestBuy/src/test/resources/features/BestBuyPurchase/1_GUVI_BestBuyPurchase.feature:94)

  When I should click on Computers & Tablets Sub-menu                                                    # Happy_Path_Patient_Web_and_MR.stepDefinitions.BestBuySteps.iShouldClickOnComputersTabletsSubMenu()
  Then I should get all the Computers & Tablets Sub Menu Pages and Validate the Sub Menus "&CTSUBMENUS&" # Happy_Path_Patient_Web_and_MR.stepDefinitions.BestBuySteps.iShouldGetAllTheComputersTabletsSubMenuPagesAndValidateTheSubMenus(java.lang.String)
  Then I should get all the Computers & Tablets Menu Pages and Validate the Menus "&CTMENUS&"            # Happy_Path_Patient_Web_and_MR.stepDefinitions.BestBuySteps.iShouldGetAllTheComputersTabletsMenuPagesAndValidateTheMenus(java.lang.String)
      org.openqa.selenium.NoSuchSessionException: invalid session id
Build info: version: '3.141.59', revision: 'e82be7d358', time: '2018-11-14T08:17:03'
System info: host: 'LAPTOP-G0UQGSFP', ip: '192.168.199.43', os.name: 'Windows 11', os.arch: 'amd64', os.version: '10.0', java.version: '1.8.0_351'
Driver info: org.openqa.selenium.chrome.ChromeDriver
Capabilities {acceptInsecureCerts: false, browserName: chrome, browserVersion: 135.0.7049.85, chrome: {chromedriverVersion: 135.0.7049.84 (6c019e560019..., userDataDir: C:\Users\BHAANU~1\AppData\L...}, fedcm:accounts: true, goog:chromeOptions: {debuggerAddress: localhost:56801}, javascriptEnabled: true, networkConnectionEnabled: false, pageLoadStrategy: normal, platform: WINDOWS, platformName: WINDOWS, proxy: Proxy(), setWindowRect: true, strictFileInteractability: false, timeouts: {implicit: 0, pageLoad: 300000, script: 30000}, unhandledPromptBehavior: dismiss and notify, webauthn:extension:credBlob: true, webauthn:extension:largeBlob: true, webauthn:extension:minPinLength: true, webauthn:extension:prf: true, webauthn:virtualAuthenticators: true}
Session ID: cfaceeb228dae2bfffd3eb7a2c48880e
	at sun.reflect.NativeConstructorAccessorImpl.newInstance0(Native Method)
	at sun.reflect.NativeConstructorAccessorImpl.newInstance(NativeConstructorAccessorImpl.java:62)
	at sun.reflect.DelegatingConstructorAccessorImpl.newInstance(DelegatingConstructorAccessorImpl.java:45)
	at java.lang.reflect.Constructor.newInstance(Constructor.java:423)
	at org.openqa.selenium.remote.http.W3CHttpResponseCodec.createException(W3CHttpResponseCodec.java:187)
	at org.openqa.selenium.remote.http.W3CHttpResponseCodec.decode(W3CHttpResponseCodec.java:122)
	at org.openqa.selenium.remote.http.W3CHttpResponseCodec.decode(W3CHttpResponseCodec.java:49)
	at org.openqa.selenium.remote.HttpCommandExecutor.execute(HttpCommandExecutor.java:158)
	at org.openqa.selenium.remote.service.DriverCommandExecutor.execute(DriverCommandExecutor.java:83)
	at org.openqa.selenium.remote.RemoteWebDriver.execute(RemoteWebDriver.java:552)
	at org.openqa.selenium.remote.RemoteWebDriver.execute(RemoteWebDriver.java:609)
	at org.openqa.selenium.remote.RemoteWebDriver.getScreenshotAs(RemoteWebDriver.java:295)
	at Happy_Path_Patient_Web_and_MR.DemoPageContainer.afterScenario(DemoPageContainer.java:74)

]]></system-out>
    <system-err><![CDATA[org.openqa.selenium.WebDriverException: org.openqa.selenium.NoSuchSessionException: invalid session id
Build info: version: '3.141.59', revision: 'e82be7d358', time: '2018-11-14T08:17:03'
System info: host: 'LAPTOP-G0UQGSFP', ip: '192.168.199.43', os.name: 'Windows 11', os.arch: 'amd64', os.version: '10.0', java.version: '1.8.0_351'
Driver info: org.openqa.selenium.chrome.ChromeDriver
Capabilities {acceptInsecureCerts: false, browserName: chrome, browserVersion: 135.0.7049.85, chrome: {chromedriverVersion: 135.0.7049.84 (6c019e560019..., userDataDir: C:\Users\BHAANU~1\AppData\L...}, fedcm:accounts: true, goog:chromeOptions: {debuggerAddress: localhost:56801}, javascriptEnabled: true, networkConnectionEnabled: false, pageLoadStrategy: normal, platform: WINDOWS, platformName: WINDOWS, proxy: Proxy(), setWindowRect: true, strictFileInteractability: false, timeouts: {implicit: 0, pageLoad: 300000, script: 30000}, unhandledPromptBehavior: dismiss and notify, webauthn:extension:credBlob: true, webauthn:extension:largeBlob: true, webauthn:extension:minPinLength: true, webauthn:extension:prf: true, webauthn:virtualAuthenticators: true}
Session ID: cfaceeb228dae2bfffd3eb7a2c48880e
*** Element info: {Using=xpath, value=//button[@class='c-button-unstyled hamburger-menu-button']}
	at io.appium.java_client.pagefactory.AppiumElementLocator$WaitingFunction.apply(AppiumElementLocator.java:192)
	at io.appium.java_client.pagefactory.AppiumElementLocator$WaitingFunction.apply(AppiumElementLocator.java:1)
	at org.openqa.selenium.support.ui.FluentWait.until(FluentWait.java:249)
	at io.appium.java_client.pagefactory.AppiumElementLocator.waitFor(AppiumElementLocator.java:99)
	at io.appium.java_client.pagefactory.AppiumElementLocator.findElement(AppiumElementLocator.java:119)
	at io.appium.java_client.pagefactory.interceptors.InterceptorOfASingleElement.intercept(InterceptorOfASingleElement.java:59)
	at io.appium.java_client.windows.WindowsElement$$EnhancerByCGLIB$$7365f0b4.isDisplayed(<generated>)
	at cap.common.BasePage.verifyElement(BasePage.java:548)
	at Happy_Path_Patient_Web_and_MR.pages.BestBuyPage.clickOnMenuButton(BestBuyPage.java:704)
	at Happy_Path_Patient_Web_and_MR.stepDefinitions.BestBuySteps.asAUserIShouldClickOnMenuButton(BestBuySteps.java:104)
	at sun.reflect.NativeMethodAccessorImpl.invoke0(Native Method)
	at sun.reflect.NativeMethodAccessorImpl.invoke(NativeMethodAccessorImpl.java:62)
	at sun.reflect.DelegatingMethodAccessorImpl.invoke(DelegatingMethodAccessorImpl.java:43)
	at java.lang.reflect.Method.invoke(Method.java:498)
	at io.cucumber.java.Invoker.doInvoke(Invoker.java:66)
	at io.cucumber.java.Invoker.invoke(Invoker.java:24)
	at io.cucumber.java.AbstractGlueDefinition.invokeMethod(AbstractGlueDefinition.java:47)
	at io.cucumber.java.JavaStepDefinition.execute(JavaStepDefinition.java:29)
	at io.cucumber.core.runner.CoreStepDefinition.execute(CoreStepDefinition.java:66)
	at io.cucumber.core.runner.PickleStepDefinitionMatch.runStep(PickleStepDefinitionMatch.java:63)
	at io.cucumber.core.runner.ExecutionMode$1.execute(ExecutionMode.java:10)
	at io.cucumber.core.runner.TestStep.executeStep(TestStep.java:92)
	at io.cucumber.core.runner.TestStep.run(TestStep.java:64)
	at io.cucumber.core.runner.PickleStepTestStep.run(PickleStepTestStep.java:51)
	at io.cucumber.core.runner.TestCase.run(TestCase.java:104)
	at io.cucumber.core.runner.Runner.runPickle(Runner.java:73)
	at io.cucumber.testng.TestNGCucumberRunner.lambda$runScenario$0(TestNGCucumberRunner.java:117)
	at io.cucumber.core.runtime.CucumberExecutionContext.runTestCase(CucumberExecutionContext.java:117)
	at io.cucumber.testng.TestNGCucumberRunner.runScenario(TestNGCucumberRunner.java:114)
	at io.cucumber.testng.AbstractTestNGCucumberTests.runScenario(AbstractTestNGCucumberTests.java:31)
	at sun.reflect.NativeMethodAccessorImpl.invoke0(Native Method)
	at sun.reflect.NativeMethodAccessorImpl.invoke(NativeMethodAccessorImpl.java:62)
	at sun.reflect.DelegatingMethodAccessorImpl.invoke(DelegatingMethodAccessorImpl.java:43)
	at java.lang.reflect.Method.invoke(Method.java:498)
	at org.testng.internal.MethodInvocationHelper.invokeMethod(MethodInvocationHelper.java:133)
	at org.testng.internal.TestInvoker.invokeMethod(TestInvoker.java:598)
	at org.testng.internal.TestInvoker.invokeTestMethod(TestInvoker.java:173)
	at org.testng.internal.MethodRunner.runInSequence(MethodRunner.java:46)
	at org.testng.internal.TestInvoker$MethodInvocationAgent.invoke(TestInvoker.java:824)
	at org.testng.internal.TestInvoker.invokeTestMethods(TestInvoker.java:146)
	at org.testng.internal.TestMethodWorker.invokeTestMethods(TestMethodWorker.java:146)
	at org.testng.internal.TestMethodWorker.run(TestMethodWorker.java:128)
	at java.util.ArrayList.forEach(ArrayList.java:1259)
	at org.testng.TestRunner.privateRun(TestRunner.java:794)
	at org.testng.TestRunner.run(TestRunner.java:596)
	at org.testng.SuiteRunner.runTest(SuiteRunner.java:377)
	at org.testng.SuiteRunner.runSequentially(SuiteRunner.java:371)
	at org.testng.SuiteRunner.privateRun(SuiteRunner.java:332)
	at org.testng.SuiteRunner.run(SuiteRunner.java:276)
	at org.testng.SuiteRunnerWorker.runSuite(SuiteRunnerWorker.java:53)
	at org.testng.SuiteRunnerWorker.run(SuiteRunnerWorker.java:96)
	at org.testng.TestNG.runSuitesSequentially(TestNG.java:1212)
	at org.testng.TestNG.runSuitesLocally(TestNG.java:1134)
	at org.testng.TestNG.runSuites(TestNG.java:1063)
	at org.testng.TestNG.run(TestNG.java:1031)
	at org.apache.maven.surefire.testng.TestNGExecutor.run(TestNGExecutor.java:132)
	at org.apache.maven.surefire.testng.TestNGDirectoryTestSuite.executeSingleClass(TestNGDirectoryTestSuite.java:112)
	at org.apache.maven.surefire.testng.TestNGDirectoryTestSuite.execute(TestNGDirectoryTestSuite.java:99)
	at org.apache.maven.surefire.testng.TestNGProvider.invoke(TestNGProvider.java:147)
	at org.apache.maven.surefire.booter.ForkedBooter.invokeProviderInSameClassLoader(ForkedBooter.java:290)
	at org.apache.maven.surefire.booter.ForkedBooter.runSuitesInProcess(ForkedBooter.java:242)
	at org.apache.maven.surefire.booter.ForkedBooter.main(ForkedBooter.java:121)
Caused by: org.openqa.selenium.NoSuchSessionException: invalid session id
Build info: version: '3.141.59', revision: 'e82be7d358', time: '2018-11-14T08:17:03'
System info: host: 'LAPTOP-G0UQGSFP', ip: '192.168.199.43', os.name: 'Windows 11', os.arch: 'amd64', os.version: '10.0', java.version: '1.8.0_351'
Driver info: org.openqa.selenium.chrome.ChromeDriver
Capabilities {acceptInsecureCerts: false, browserName: chrome, browserVersion: 135.0.7049.85, chrome: {chromedriverVersion: 135.0.7049.84 (6c019e560019..., userDataDir: C:\Users\BHAANU~1\AppData\L...}, fedcm:accounts: true, goog:chromeOptions: {debuggerAddress: localhost:56801}, javascriptEnabled: true, networkConnectionEnabled: false, pageLoadStrategy: normal, platform: WINDOWS, platformName: WINDOWS, proxy: Proxy(), setWindowRect: true, strictFileInteractability: false, timeouts: {implicit: 0, pageLoad: 300000, script: 30000}, unhandledPromptBehavior: dismiss and notify, webauthn:extension:credBlob: true, webauthn:extension:largeBlob: true, webauthn:extension:minPinLength: true, webauthn:extension:prf: true, webauthn:virtualAuthenticators: true}
Session ID: cfaceeb228dae2bfffd3eb7a2c48880e
*** Element info: {Using=xpath, value=//button[@class='c-button-unstyled hamburger-menu-button']}
	at sun.reflect.NativeConstructorAccessorImpl.newInstance0(Native Method)
	at sun.reflect.NativeConstructorAccessorImpl.newInstance(NativeConstructorAccessorImpl.java:62)
	at sun.reflect.DelegatingConstructorAccessorImpl.newInstance(DelegatingConstructorAccessorImpl.java:45)
	at java.lang.reflect.Constructor.newInstance(Constructor.java:423)
	at org.openqa.selenium.remote.http.W3CHttpResponseCodec.createException(W3CHttpResponseCodec.java:187)
	at org.openqa.selenium.remote.http.W3CHttpResponseCodec.decode(W3CHttpResponseCodec.java:122)
	at org.openqa.selenium.remote.http.W3CHttpResponseCodec.decode(W3CHttpResponseCodec.java:49)
	at org.openqa.selenium.remote.HttpCommandExecutor.execute(HttpCommandExecutor.java:158)
	at org.openqa.selenium.remote.service.DriverCommandExecutor.execute(DriverCommandExecutor.java:83)
	at org.openqa.selenium.remote.RemoteWebDriver.execute(RemoteWebDriver.java:552)
	at org.openqa.selenium.remote.RemoteWebDriver.findElement(RemoteWebDriver.java:323)
	at org.openqa.selenium.remote.RemoteWebDriver.findElementByXPath(RemoteWebDriver.java:428)
	at org.openqa.selenium.By$ByXPath.findElement(By.java:353)
	at org.openqa.selenium.remote.RemoteWebDriver.findElement(RemoteWebDriver.java:315)
	at io.appium.java_client.pagefactory.bys.ContentMappedBy.findElement(ContentMappedBy.java:50)
	at org.openqa.selenium.remote.RemoteWebDriver.findElement(RemoteWebDriver.java:315)
	at io.appium.java_client.pagefactory.AppiumElementLocator.lambda$0(AppiumElementLocator.java:120)
	at io.appium.java_client.pagefactory.AppiumElementLocator$WaitingFunction.apply(AppiumElementLocator.java:172)
	... 61 more
]]></system-err>
  </testcase>
  <testcase name="runScenario" classname="Happy_Path_Patient_Web_and_MR.cukes.DemoWebBestBuy" time="0.245">
    <failure message="expected [true] but found [false]" type="java.lang.AssertionError">java.lang.AssertionError: expected [true] but found [false]
</failure>
    <system-out><![CDATA[
@WEB @TEST1 @TC_ID_1014
Scenario Outline: Navigate to Cell Phones Menu and Validate Menu                                 # src/test/resources/features/BestBuyPurchase/1_GUVI_BestBuyPurchase.feature:112
ClickOnMenuButton catch false
  Given As a user i should click on Menu Button                                                  # Happy_Path_Patient_Web_and_MR.stepDefinitions.BestBuySteps.asAUserIShouldClickOnMenuButton()
      java.lang.AssertionError: expected [true] but found [false]
	at org.testng.Assert.fail(Assert.java:99)
	at org.testng.Assert.failNotEquals(Assert.java:1037)
	at org.testng.Assert.assertTrue(Assert.java:45)
	at org.testng.Assert.assertTrue(Assert.java:55)
	at Happy_Path_Patient_Web_and_MR.stepDefinitions.BestBuySteps.asAUserIShouldClickOnMenuButton(BestBuySteps.java:104)
	at âœ½.As a user i should click on Menu Button(file:///E:/ShareWebCopy_Guvi_BestBuy/src/test/resources/features/BestBuyPurchase/1_GUVI_BestBuyPurchase.feature:105)

  When I should click on Cell Phones Sub-menu                                                    # Happy_Path_Patient_Web_and_MR.stepDefinitions.BestBuySteps.iShouldClickOnCellPhonesSubMenu()
  Then I should get all the Cell Phones Sub Menu Pages and Validate the Sub Menus "&CPSUBMENUS&" # Happy_Path_Patient_Web_and_MR.stepDefinitions.BestBuySteps.iShouldGetAllTheCellPhonesSubMenuPagesAndValidateTheSubMenus(java.lang.String)
  Then I should get all the Cell Phones Menu Pages and Validate the Menus "&CPMENUS&"            # Happy_Path_Patient_Web_and_MR.stepDefinitions.BestBuySteps.iShouldGetAllTheCellPhonesMenuPagesAndValidateTheMenus(java.lang.String)
      org.openqa.selenium.NoSuchSessionException: invalid session id
Build info: version: '3.141.59', revision: 'e82be7d358', time: '2018-11-14T08:17:03'
System info: host: 'LAPTOP-G0UQGSFP', ip: '192.168.199.43', os.name: 'Windows 11', os.arch: 'amd64', os.version: '10.0', java.version: '1.8.0_351'
Driver info: org.openqa.selenium.chrome.ChromeDriver
Capabilities {acceptInsecureCerts: false, browserName: chrome, browserVersion: 135.0.7049.85, chrome: {chromedriverVersion: 135.0.7049.84 (6c019e560019..., userDataDir: C:\Users\BHAANU~1\AppData\L...}, fedcm:accounts: true, goog:chromeOptions: {debuggerAddress: localhost:56801}, javascriptEnabled: true, networkConnectionEnabled: false, pageLoadStrategy: normal, platform: WINDOWS, platformName: WINDOWS, proxy: Proxy(), setWindowRect: true, strictFileInteractability: false, timeouts: {implicit: 0, pageLoad: 300000, script: 30000}, unhandledPromptBehavior: dismiss and notify, webauthn:extension:credBlob: true, webauthn:extension:largeBlob: true, webauthn:extension:minPinLength: true, webauthn:extension:prf: true, webauthn:virtualAuthenticators: true}
Session ID: cfaceeb228dae2bfffd3eb7a2c48880e
	at sun.reflect.GeneratedConstructorAccessor27.newInstance(Unknown Source)
	at sun.reflect.DelegatingConstructorAccessorImpl.newInstance(DelegatingConstructorAccessorImpl.java:45)
	at java.lang.reflect.Constructor.newInstance(Constructor.java:423)
	at org.openqa.selenium.remote.http.W3CHttpResponseCodec.createException(W3CHttpResponseCodec.java:187)
	at org.openqa.selenium.remote.http.W3CHttpResponseCodec.decode(W3CHttpResponseCodec.java:122)
	at org.openqa.selenium.remote.http.W3CHttpResponseCodec.decode(W3CHttpResponseCodec.java:49)
	at org.openqa.selenium.remote.HttpCommandExecutor.execute(HttpCommandExecutor.java:158)
	at org.openqa.selenium.remote.service.DriverCommandExecutor.execute(DriverCommandExecutor.java:83)
	at org.openqa.selenium.remote.RemoteWebDriver.execute(RemoteWebDriver.java:552)
	at org.openqa.selenium.remote.RemoteWebDriver.execute(RemoteWebDriver.java:609)
	at org.openqa.selenium.remote.RemoteWebDriver.getScreenshotAs(RemoteWebDriver.java:295)
	at Happy_Path_Patient_Web_and_MR.DemoPageContainer.afterScenario(DemoPageContainer.java:74)

]]></system-out>
    <system-err><![CDATA[org.openqa.selenium.WebDriverException: org.openqa.selenium.NoSuchSessionException: invalid session id
Build info: version: '3.141.59', revision: 'e82be7d358', time: '2018-11-14T08:17:03'
System info: host: 'LAPTOP-G0UQGSFP', ip: '192.168.199.43', os.name: 'Windows 11', os.arch: 'amd64', os.version: '10.0', java.version: '1.8.0_351'
Driver info: org.openqa.selenium.chrome.ChromeDriver
Capabilities {acceptInsecureCerts: false, browserName: chrome, browserVersion: 135.0.7049.85, chrome: {chromedriverVersion: 135.0.7049.84 (6c019e560019..., userDataDir: C:\Users\BHAANU~1\AppData\L...}, fedcm:accounts: true, goog:chromeOptions: {debuggerAddress: localhost:56801}, javascriptEnabled: true, networkConnectionEnabled: false, pageLoadStrategy: normal, platform: WINDOWS, platformName: WINDOWS, proxy: Proxy(), setWindowRect: true, strictFileInteractability: false, timeouts: {implicit: 0, pageLoad: 300000, script: 30000}, unhandledPromptBehavior: dismiss and notify, webauthn:extension:credBlob: true, webauthn:extension:largeBlob: true, webauthn:extension:minPinLength: true, webauthn:extension:prf: true, webauthn:virtualAuthenticators: true}
Session ID: cfaceeb228dae2bfffd3eb7a2c48880e
*** Element info: {Using=xpath, value=//button[@class='c-button-unstyled hamburger-menu-button']}
	at io.appium.java_client.pagefactory.AppiumElementLocator$WaitingFunction.apply(AppiumElementLocator.java:192)
	at io.appium.java_client.pagefactory.AppiumElementLocator$WaitingFunction.apply(AppiumElementLocator.java:1)
	at org.openqa.selenium.support.ui.FluentWait.until(FluentWait.java:249)
	at io.appium.java_client.pagefactory.AppiumElementLocator.waitFor(AppiumElementLocator.java:99)
	at io.appium.java_client.pagefactory.AppiumElementLocator.findElement(AppiumElementLocator.java:119)
	at io.appium.java_client.pagefactory.interceptors.InterceptorOfASingleElement.intercept(InterceptorOfASingleElement.java:59)
	at io.appium.java_client.windows.WindowsElement$$EnhancerByCGLIB$$7365f0b4.isDisplayed(<generated>)
	at cap.common.BasePage.verifyElement(BasePage.java:548)
	at Happy_Path_Patient_Web_and_MR.pages.BestBuyPage.clickOnMenuButton(BestBuyPage.java:704)
	at Happy_Path_Patient_Web_and_MR.stepDefinitions.BestBuySteps.asAUserIShouldClickOnMenuButton(BestBuySteps.java:104)
	at sun.reflect.NativeMethodAccessorImpl.invoke0(Native Method)
	at sun.reflect.NativeMethodAccessorImpl.invoke(NativeMethodAccessorImpl.java:62)
	at sun.reflect.DelegatingMethodAccessorImpl.invoke(DelegatingMethodAccessorImpl.java:43)
	at java.lang.reflect.Method.invoke(Method.java:498)
	at io.cucumber.java.Invoker.doInvoke(Invoker.java:66)
	at io.cucumber.java.Invoker.invoke(Invoker.java:24)
	at io.cucumber.java.AbstractGlueDefinition.invokeMethod(AbstractGlueDefinition.java:47)
	at io.cucumber.java.JavaStepDefinition.execute(JavaStepDefinition.java:29)
	at io.cucumber.core.runner.CoreStepDefinition.execute(CoreStepDefinition.java:66)
	at io.cucumber.core.runner.PickleStepDefinitionMatch.runStep(PickleStepDefinitionMatch.java:63)
	at io.cucumber.core.runner.ExecutionMode$1.execute(ExecutionMode.java:10)
	at io.cucumber.core.runner.TestStep.executeStep(TestStep.java:92)
	at io.cucumber.core.runner.TestStep.run(TestStep.java:64)
	at io.cucumber.core.runner.PickleStepTestStep.run(PickleStepTestStep.java:51)
	at io.cucumber.core.runner.TestCase.run(TestCase.java:104)
	at io.cucumber.core.runner.Runner.runPickle(Runner.java:73)
	at io.cucumber.testng.TestNGCucumberRunner.lambda$runScenario$0(TestNGCucumberRunner.java:117)
	at io.cucumber.core.runtime.CucumberExecutionContext.runTestCase(CucumberExecutionContext.java:117)
	at io.cucumber.testng.TestNGCucumberRunner.runScenario(TestNGCucumberRunner.java:114)
	at io.cucumber.testng.AbstractTestNGCucumberTests.runScenario(AbstractTestNGCucumberTests.java:31)
	at sun.reflect.NativeMethodAccessorImpl.invoke0(Native Method)
	at sun.reflect.NativeMethodAccessorImpl.invoke(NativeMethodAccessorImpl.java:62)
	at sun.reflect.DelegatingMethodAccessorImpl.invoke(DelegatingMethodAccessorImpl.java:43)
	at java.lang.reflect.Method.invoke(Method.java:498)
	at org.testng.internal.MethodInvocationHelper.invokeMethod(MethodInvocationHelper.java:133)
	at org.testng.internal.TestInvoker.invokeMethod(TestInvoker.java:598)
	at org.testng.internal.TestInvoker.invokeTestMethod(TestInvoker.java:173)
	at org.testng.internal.MethodRunner.runInSequence(MethodRunner.java:46)
	at org.testng.internal.TestInvoker$MethodInvocationAgent.invoke(TestInvoker.java:824)
	at org.testng.internal.TestInvoker.invokeTestMethods(TestInvoker.java:146)
	at org.testng.internal.TestMethodWorker.invokeTestMethods(TestMethodWorker.java:146)
	at org.testng.internal.TestMethodWorker.run(TestMethodWorker.java:128)
	at java.util.ArrayList.forEach(ArrayList.java:1259)
	at org.testng.TestRunner.privateRun(TestRunner.java:794)
	at org.testng.TestRunner.run(TestRunner.java:596)
	at org.testng.SuiteRunner.runTest(SuiteRunner.java:377)
	at org.testng.SuiteRunner.runSequentially(SuiteRunner.java:371)
	at org.testng.SuiteRunner.privateRun(SuiteRunner.java:332)
	at org.testng.SuiteRunner.run(SuiteRunner.java:276)
	at org.testng.SuiteRunnerWorker.runSuite(SuiteRunnerWorker.java:53)
	at org.testng.SuiteRunnerWorker.run(SuiteRunnerWorker.java:96)
	at org.testng.TestNG.runSuitesSequentially(TestNG.java:1212)
	at org.testng.TestNG.runSuitesLocally(TestNG.java:1134)
	at org.testng.TestNG.runSuites(TestNG.java:1063)
	at org.testng.TestNG.run(TestNG.java:1031)
	at org.apache.maven.surefire.testng.TestNGExecutor.run(TestNGExecutor.java:132)
	at org.apache.maven.surefire.testng.TestNGDirectoryTestSuite.executeSingleClass(TestNGDirectoryTestSuite.java:112)
	at org.apache.maven.surefire.testng.TestNGDirectoryTestSuite.execute(TestNGDirectoryTestSuite.java:99)
	at org.apache.maven.surefire.testng.TestNGProvider.invoke(TestNGProvider.java:147)
	at org.apache.maven.surefire.booter.ForkedBooter.invokeProviderInSameClassLoader(ForkedBooter.java:290)
	at org.apache.maven.surefire.booter.ForkedBooter.runSuitesInProcess(ForkedBooter.java:242)
	at org.apache.maven.surefire.booter.ForkedBooter.main(ForkedBooter.java:121)
Caused by: org.openqa.selenium.NoSuchSessionException: invalid session id
Build info: version: '3.141.59', revision: 'e82be7d358', time: '2018-11-14T08:17:03'
System info: host: 'LAPTOP-G0UQGSFP', ip: '192.168.199.43', os.name: 'Windows 11', os.arch: 'amd64', os.version: '10.0', java.version: '1.8.0_351'
Driver info: org.openqa.selenium.chrome.ChromeDriver
Capabilities {acceptInsecureCerts: false, browserName: chrome, browserVersion: 135.0.7049.85, chrome: {chromedriverVersion: 135.0.7049.84 (6c019e560019..., userDataDir: C:\Users\BHAANU~1\AppData\L...}, fedcm:accounts: true, goog:chromeOptions: {debuggerAddress: localhost:56801}, javascriptEnabled: true, networkConnectionEnabled: false, pageLoadStrategy: normal, platform: WINDOWS, platformName: WINDOWS, proxy: Proxy(), setWindowRect: true, strictFileInteractability: false, timeouts: {implicit: 0, pageLoad: 300000, script: 30000}, unhandledPromptBehavior: dismiss and notify, webauthn:extension:credBlob: true, webauthn:extension:largeBlob: true, webauthn:extension:minPinLength: true, webauthn:extension:prf: true, webauthn:virtualAuthenticators: true}
Session ID: cfaceeb228dae2bfffd3eb7a2c48880e
*** Element info: {Using=xpath, value=//button[@class='c-button-unstyled hamburger-menu-button']}
	at sun.reflect.GeneratedConstructorAccessor27.newInstance(Unknown Source)
	at sun.reflect.DelegatingConstructorAccessorImpl.newInstance(DelegatingConstructorAccessorImpl.java:45)
	at java.lang.reflect.Constructor.newInstance(Constructor.java:423)
	at org.openqa.selenium.remote.http.W3CHttpResponseCodec.createException(W3CHttpResponseCodec.java:187)
	at org.openqa.selenium.remote.http.W3CHttpResponseCodec.decode(W3CHttpResponseCodec.java:122)
	at org.openqa.selenium.remote.http.W3CHttpResponseCodec.decode(W3CHttpResponseCodec.java:49)
	at org.openqa.selenium.remote.HttpCommandExecutor.execute(HttpCommandExecutor.java:158)
	at org.openqa.selenium.remote.service.DriverCommandExecutor.execute(DriverCommandExecutor.java:83)
	at org.openqa.selenium.remote.RemoteWebDriver.execute(RemoteWebDriver.java:552)
	at org.openqa.selenium.remote.RemoteWebDriver.findElement(RemoteWebDriver.java:323)
	at org.openqa.selenium.remote.RemoteWebDriver.findElementByXPath(RemoteWebDriver.java:428)
	at org.openqa.selenium.By$ByXPath.findElement(By.java:353)
	at org.openqa.selenium.remote.RemoteWebDriver.findElement(RemoteWebDriver.java:315)
	at io.appium.java_client.pagefactory.bys.ContentMappedBy.findElement(ContentMappedBy.java:50)
	at org.openqa.selenium.remote.RemoteWebDriver.findElement(RemoteWebDriver.java:315)
	at io.appium.java_client.pagefactory.AppiumElementLocator.lambda$0(AppiumElementLocator.java:120)
	at io.appium.java_client.pagefactory.AppiumElementLocator$WaitingFunction.apply(AppiumElementLocator.java:172)
	... 61 more
]]></system-err>
  </testcase>
  <testcase name="runScenario" classname="Happy_Path_Patient_Web_and_MR.cukes.DemoWebBestBuy" time="0.11">
    <failure message="expected [true] but found [false]" type="java.lang.AssertionError">java.lang.AssertionError: expected [true] but found [false]
</failure>
    <system-out><![CDATA[
@WEB @TEST1 @TC_ID_1015
Scenario Outline: Navigate to Audio and Head Phones Menu and Validate Menu                                  # src/test/resources/features/BestBuyPurchase/1_GUVI_BestBuyPurchase.feature:123
ClickOnMenuButton catch false
  Given As a user i should click on Menu Button                                                             # Happy_Path_Patient_Web_and_MR.stepDefinitions.BestBuySteps.asAUserIShouldClickOnMenuButton()
      java.lang.AssertionError: expected [true] but found [false]
	at org.testng.Assert.fail(Assert.java:99)
	at org.testng.Assert.failNotEquals(Assert.java:1037)
	at org.testng.Assert.assertTrue(Assert.java:45)
	at org.testng.Assert.assertTrue(Assert.java:55)
	at Happy_Path_Patient_Web_and_MR.stepDefinitions.BestBuySteps.asAUserIShouldClickOnMenuButton(BestBuySteps.java:104)
	at âœ½.As a user i should click on Menu Button(file:///E:/ShareWebCopy_Guvi_BestBuy/src/test/resources/features/BestBuyPurchase/1_GUVI_BestBuyPurchase.feature:116)

  When I should click on Audio and Head Phones Sub-menu                                                     # Happy_Path_Patient_Web_and_MR.stepDefinitions.BestBuySteps.iShouldClickOnAudioAndHeadPhonesSubMenu()
  Then I should get all the Audio and Head Phones Sub Menu Pages and Validate the Sub Menus "&AHPSUBMENUS&" # Happy_Path_Patient_Web_and_MR.stepDefinitions.BestBuySteps.iShouldGetAllTheAudioAndHeadPhonesSubMenuPagesAndValidateTheSubMenus(java.lang.String)
  Then I should get all the Audio and Head Phones Menu Pages and Validate the Menus "&AHPMENUS&"            # Happy_Path_Patient_Web_and_MR.stepDefinitions.BestBuySteps.iShouldGetAllTheAudioAndHeadPhonesMenuPagesAndValidateTheMenus(java.lang.String)
      org.openqa.selenium.NoSuchSessionException: invalid session id
Build info: version: '3.141.59', revision: 'e82be7d358', time: '2018-11-14T08:17:03'
System info: host: 'LAPTOP-G0UQGSFP', ip: '192.168.199.43', os.name: 'Windows 11', os.arch: 'amd64', os.version: '10.0', java.version: '1.8.0_351'
Driver info: org.openqa.selenium.chrome.ChromeDriver
Capabilities {acceptInsecureCerts: false, browserName: chrome, browserVersion: 135.0.7049.85, chrome: {chromedriverVersion: 135.0.7049.84 (6c019e560019..., userDataDir: C:\Users\BHAANU~1\AppData\L...}, fedcm:accounts: true, goog:chromeOptions: {debuggerAddress: localhost:56801}, javascriptEnabled: true, networkConnectionEnabled: false, pageLoadStrategy: normal, platform: WINDOWS, platformName: WINDOWS, proxy: Proxy(), setWindowRect: true, strictFileInteractability: false, timeouts: {implicit: 0, pageLoad: 300000, script: 30000}, unhandledPromptBehavior: dismiss and notify, webauthn:extension:credBlob: true, webauthn:extension:largeBlob: true, webauthn:extension:minPinLength: true, webauthn:extension:prf: true, webauthn:virtualAuthenticators: true}
Session ID: cfaceeb228dae2bfffd3eb7a2c48880e
	at sun.reflect.GeneratedConstructorAccessor27.newInstance(Unknown Source)
	at sun.reflect.DelegatingConstructorAccessorImpl.newInstance(DelegatingConstructorAccessorImpl.java:45)
	at java.lang.reflect.Constructor.newInstance(Constructor.java:423)
	at org.openqa.selenium.remote.http.W3CHttpResponseCodec.createException(W3CHttpResponseCodec.java:187)
	at org.openqa.selenium.remote.http.W3CHttpResponseCodec.decode(W3CHttpResponseCodec.java:122)
	at org.openqa.selenium.remote.http.W3CHttpResponseCodec.decode(W3CHttpResponseCodec.java:49)
	at org.openqa.selenium.remote.HttpCommandExecutor.execute(HttpCommandExecutor.java:158)
	at org.openqa.selenium.remote.service.DriverCommandExecutor.execute(DriverCommandExecutor.java:83)
	at org.openqa.selenium.remote.RemoteWebDriver.execute(RemoteWebDriver.java:552)
	at org.openqa.selenium.remote.RemoteWebDriver.execute(RemoteWebDriver.java:609)
	at org.openqa.selenium.remote.RemoteWebDriver.getScreenshotAs(RemoteWebDriver.java:295)
	at Happy_Path_Patient_Web_and_MR.DemoPageContainer.afterScenario(DemoPageContainer.java:74)

]]></system-out>
    <system-err><![CDATA[org.openqa.selenium.WebDriverException: org.openqa.selenium.NoSuchSessionException: invalid session id
Build info: version: '3.141.59', revision: 'e82be7d358', time: '2018-11-14T08:17:03'
System info: host: 'LAPTOP-G0UQGSFP', ip: '192.168.199.43', os.name: 'Windows 11', os.arch: 'amd64', os.version: '10.0', java.version: '1.8.0_351'
Driver info: org.openqa.selenium.chrome.ChromeDriver
Capabilities {acceptInsecureCerts: false, browserName: chrome, browserVersion: 135.0.7049.85, chrome: {chromedriverVersion: 135.0.7049.84 (6c019e560019..., userDataDir: C:\Users\BHAANU~1\AppData\L...}, fedcm:accounts: true, goog:chromeOptions: {debuggerAddress: localhost:56801}, javascriptEnabled: true, networkConnectionEnabled: false, pageLoadStrategy: normal, platform: WINDOWS, platformName: WINDOWS, proxy: Proxy(), setWindowRect: true, strictFileInteractability: false, timeouts: {implicit: 0, pageLoad: 300000, script: 30000}, unhandledPromptBehavior: dismiss and notify, webauthn:extension:credBlob: true, webauthn:extension:largeBlob: true, webauthn:extension:minPinLength: true, webauthn:extension:prf: true, webauthn:virtualAuthenticators: true}
Session ID: cfaceeb228dae2bfffd3eb7a2c48880e
*** Element info: {Using=xpath, value=//button[@class='c-button-unstyled hamburger-menu-button']}
	at io.appium.java_client.pagefactory.AppiumElementLocator$WaitingFunction.apply(AppiumElementLocator.java:192)
	at io.appium.java_client.pagefactory.AppiumElementLocator$WaitingFunction.apply(AppiumElementLocator.java:1)
	at org.openqa.selenium.support.ui.FluentWait.until(FluentWait.java:249)
	at io.appium.java_client.pagefactory.AppiumElementLocator.waitFor(AppiumElementLocator.java:99)
	at io.appium.java_client.pagefactory.AppiumElementLocator.findElement(AppiumElementLocator.java:119)
	at io.appium.java_client.pagefactory.interceptors.InterceptorOfASingleElement.intercept(InterceptorOfASingleElement.java:59)
	at io.appium.java_client.windows.WindowsElement$$EnhancerByCGLIB$$7365f0b4.isDisplayed(<generated>)
	at cap.common.BasePage.verifyElement(BasePage.java:548)
	at Happy_Path_Patient_Web_and_MR.pages.BestBuyPage.clickOnMenuButton(BestBuyPage.java:704)
	at Happy_Path_Patient_Web_and_MR.stepDefinitions.BestBuySteps.asAUserIShouldClickOnMenuButton(BestBuySteps.java:104)
	at sun.reflect.NativeMethodAccessorImpl.invoke0(Native Method)
	at sun.reflect.NativeMethodAccessorImpl.invoke(NativeMethodAccessorImpl.java:62)
	at sun.reflect.DelegatingMethodAccessorImpl.invoke(DelegatingMethodAccessorImpl.java:43)
	at java.lang.reflect.Method.invoke(Method.java:498)
	at io.cucumber.java.Invoker.doInvoke(Invoker.java:66)
	at io.cucumber.java.Invoker.invoke(Invoker.java:24)
	at io.cucumber.java.AbstractGlueDefinition.invokeMethod(AbstractGlueDefinition.java:47)
	at io.cucumber.java.JavaStepDefinition.execute(JavaStepDefinition.java:29)
	at io.cucumber.core.runner.CoreStepDefinition.execute(CoreStepDefinition.java:66)
	at io.cucumber.core.runner.PickleStepDefinitionMatch.runStep(PickleStepDefinitionMatch.java:63)
	at io.cucumber.core.runner.ExecutionMode$1.execute(ExecutionMode.java:10)
	at io.cucumber.core.runner.TestStep.executeStep(TestStep.java:92)
	at io.cucumber.core.runner.TestStep.run(TestStep.java:64)
	at io.cucumber.core.runner.PickleStepTestStep.run(PickleStepTestStep.java:51)
	at io.cucumber.core.runner.TestCase.run(TestCase.java:104)
	at io.cucumber.core.runner.Runner.runPickle(Runner.java:73)
	at io.cucumber.testng.TestNGCucumberRunner.lambda$runScenario$0(TestNGCucumberRunner.java:117)
	at io.cucumber.core.runtime.CucumberExecutionContext.runTestCase(CucumberExecutionContext.java:117)
	at io.cucumber.testng.TestNGCucumberRunner.runScenario(TestNGCucumberRunner.java:114)
	at io.cucumber.testng.AbstractTestNGCucumberTests.runScenario(AbstractTestNGCucumberTests.java:31)
	at sun.reflect.NativeMethodAccessorImpl.invoke0(Native Method)
	at sun.reflect.NativeMethodAccessorImpl.invoke(NativeMethodAccessorImpl.java:62)
	at sun.reflect.DelegatingMethodAccessorImpl.invoke(DelegatingMethodAccessorImpl.java:43)
	at java.lang.reflect.Method.invoke(Method.java:498)
	at org.testng.internal.MethodInvocationHelper.invokeMethod(MethodInvocationHelper.java:133)
	at org.testng.internal.TestInvoker.invokeMethod(TestInvoker.java:598)
	at org.testng.internal.TestInvoker.invokeTestMethod(TestInvoker.java:173)
	at org.testng.internal.MethodRunner.runInSequence(MethodRunner.java:46)
	at org.testng.internal.TestInvoker$MethodInvocationAgent.invoke(TestInvoker.java:824)
	at org.testng.internal.TestInvoker.invokeTestMethods(TestInvoker.java:146)
	at org.testng.internal.TestMethodWorker.invokeTestMethods(TestMethodWorker.java:146)
	at org.testng.internal.TestMethodWorker.run(TestMethodWorker.java:128)
	at java.util.ArrayList.forEach(ArrayList.java:1259)
	at org.testng.TestRunner.privateRun(TestRunner.java:794)
	at org.testng.TestRunner.run(TestRunner.java:596)
	at org.testng.SuiteRunner.runTest(SuiteRunner.java:377)
	at org.testng.SuiteRunner.runSequentially(SuiteRunner.java:371)
	at org.testng.SuiteRunner.privateRun(SuiteRunner.java:332)
	at org.testng.SuiteRunner.run(SuiteRunner.java:276)
	at org.testng.SuiteRunnerWorker.runSuite(SuiteRunnerWorker.java:53)
	at org.testng.SuiteRunnerWorker.run(SuiteRunnerWorker.java:96)
	at org.testng.TestNG.runSuitesSequentially(TestNG.java:1212)
	at org.testng.TestNG.runSuitesLocally(TestNG.java:1134)
	at org.testng.TestNG.runSuites(TestNG.java:1063)
	at org.testng.TestNG.run(TestNG.java:1031)
	at org.apache.maven.surefire.testng.TestNGExecutor.run(TestNGExecutor.java:132)
	at org.apache.maven.surefire.testng.TestNGDirectoryTestSuite.executeSingleClass(TestNGDirectoryTestSuite.java:112)
	at org.apache.maven.surefire.testng.TestNGDirectoryTestSuite.execute(TestNGDirectoryTestSuite.java:99)
	at org.apache.maven.surefire.testng.TestNGProvider.invoke(TestNGProvider.java:147)
	at org.apache.maven.surefire.booter.ForkedBooter.invokeProviderInSameClassLoader(ForkedBooter.java:290)
	at org.apache.maven.surefire.booter.ForkedBooter.runSuitesInProcess(ForkedBooter.java:242)
	at org.apache.maven.surefire.booter.ForkedBooter.main(ForkedBooter.java:121)
Caused by: org.openqa.selenium.NoSuchSessionException: invalid session id
Build info: version: '3.141.59', revision: 'e82be7d358', time: '2018-11-14T08:17:03'
System info: host: 'LAPTOP-G0UQGSFP', ip: '192.168.199.43', os.name: 'Windows 11', os.arch: 'amd64', os.version: '10.0', java.version: '1.8.0_351'
Driver info: org.openqa.selenium.chrome.ChromeDriver
Capabilities {acceptInsecureCerts: false, browserName: chrome, browserVersion: 135.0.7049.85, chrome: {chromedriverVersion: 135.0.7049.84 (6c019e560019..., userDataDir: C:\Users\BHAANU~1\AppData\L...}, fedcm:accounts: true, goog:chromeOptions: {debuggerAddress: localhost:56801}, javascriptEnabled: true, networkConnectionEnabled: false, pageLoadStrategy: normal, platform: WINDOWS, platformName: WINDOWS, proxy: Proxy(), setWindowRect: true, strictFileInteractability: false, timeouts: {implicit: 0, pageLoad: 300000, script: 30000}, unhandledPromptBehavior: dismiss and notify, webauthn:extension:credBlob: true, webauthn:extension:largeBlob: true, webauthn:extension:minPinLength: true, webauthn:extension:prf: true, webauthn:virtualAuthenticators: true}
Session ID: cfaceeb228dae2bfffd3eb7a2c48880e
*** Element info: {Using=xpath, value=//button[@class='c-button-unstyled hamburger-menu-button']}
	at sun.reflect.GeneratedConstructorAccessor27.newInstance(Unknown Source)
	at sun.reflect.DelegatingConstructorAccessorImpl.newInstance(DelegatingConstructorAccessorImpl.java:45)
	at java.lang.reflect.Constructor.newInstance(Constructor.java:423)
	at org.openqa.selenium.remote.http.W3CHttpResponseCodec.createException(W3CHttpResponseCodec.java:187)
	at org.openqa.selenium.remote.http.W3CHttpResponseCodec.decode(W3CHttpResponseCodec.java:122)
	at org.openqa.selenium.remote.http.W3CHttpResponseCodec.decode(W3CHttpResponseCodec.java:49)
	at org.openqa.selenium.remote.HttpCommandExecutor.execute(HttpCommandExecutor.java:158)
	at org.openqa.selenium.remote.service.DriverCommandExecutor.execute(DriverCommandExecutor.java:83)
	at org.openqa.selenium.remote.RemoteWebDriver.execute(RemoteWebDriver.java:552)
	at org.openqa.selenium.remote.RemoteWebDriver.findElement(RemoteWebDriver.java:323)
	at org.openqa.selenium.remote.RemoteWebDriver.findElementByXPath(RemoteWebDriver.java:428)
	at org.openqa.selenium.By$ByXPath.findElement(By.java:353)
	at org.openqa.selenium.remote.RemoteWebDriver.findElement(RemoteWebDriver.java:315)
	at io.appium.java_client.pagefactory.bys.ContentMappedBy.findElement(ContentMappedBy.java:50)
	at org.openqa.selenium.remote.RemoteWebDriver.findElement(RemoteWebDriver.java:315)
	at io.appium.java_client.pagefactory.AppiumElementLocator.lambda$0(AppiumElementLocator.java:120)
	at io.appium.java_client.pagefactory.AppiumElementLocator$WaitingFunction.apply(AppiumElementLocator.java:172)
	... 61 more
]]></system-err>
  </testcase>
  <testcase name="runScenario" classname="Happy_Path_Patient_Web_and_MR.cukes.DemoWebBestBuy" time="0.095">
    <failure message="expected [true] but found [false]" type="java.lang.AssertionError">java.lang.AssertionError: expected [true] but found [false]
</failure>
    <system-out><![CDATA[
@WEB @TEST1 @TC_ID_1016
Scenario Outline: Navigate to Video Games Menu and Validate Menu                                 # src/test/resources/features/BestBuyPurchase/1_GUVI_BestBuyPurchase.feature:134
ClickOnMenuButton catch false
  Given As a user i should click on Menu Button                                                  # Happy_Path_Patient_Web_and_MR.stepDefinitions.BestBuySteps.asAUserIShouldClickOnMenuButton()
      java.lang.AssertionError: expected [true] but found [false]
	at org.testng.Assert.fail(Assert.java:99)
	at org.testng.Assert.failNotEquals(Assert.java:1037)
	at org.testng.Assert.assertTrue(Assert.java:45)
	at org.testng.Assert.assertTrue(Assert.java:55)
	at Happy_Path_Patient_Web_and_MR.stepDefinitions.BestBuySteps.asAUserIShouldClickOnMenuButton(BestBuySteps.java:104)
	at âœ½.As a user i should click on Menu Button(file:///E:/ShareWebCopy_Guvi_BestBuy/src/test/resources/features/BestBuyPurchase/1_GUVI_BestBuyPurchase.feature:127)

  When I should click on Video Games Sub-menu                                                    # Happy_Path_Patient_Web_and_MR.stepDefinitions.BestBuySteps.iShouldClickOnVideoGamesSubMenu()
  Then I should get all the Video Games Sub Menu Pages and Validate the Sub Menus "&VGSUBMENUS&" # Happy_Path_Patient_Web_and_MR.stepDefinitions.BestBuySteps.iShouldGetAllTheVideoGamesSubMenuPagesAndValidateTheSubMenus(java.lang.String)
  Then I should get all the Video Games Menu Pages and Validate the Menus "&VGMENUS&"            # Happy_Path_Patient_Web_and_MR.stepDefinitions.BestBuySteps.iShouldGetAllTheVideoGamesMenuPagesAndValidateTheMenus(java.lang.String)
      org.openqa.selenium.NoSuchSessionException: invalid session id
Build info: version: '3.141.59', revision: 'e82be7d358', time: '2018-11-14T08:17:03'
System info: host: 'LAPTOP-G0UQGSFP', ip: '192.168.199.43', os.name: 'Windows 11', os.arch: 'amd64', os.version: '10.0', java.version: '1.8.0_351'
Driver info: org.openqa.selenium.chrome.ChromeDriver
Capabilities {acceptInsecureCerts: false, browserName: chrome, browserVersion: 135.0.7049.85, chrome: {chromedriverVersion: 135.0.7049.84 (6c019e560019..., userDataDir: C:\Users\BHAANU~1\AppData\L...}, fedcm:accounts: true, goog:chromeOptions: {debuggerAddress: localhost:56801}, javascriptEnabled: true, networkConnectionEnabled: false, pageLoadStrategy: normal, platform: WINDOWS, platformName: WINDOWS, proxy: Proxy(), setWindowRect: true, strictFileInteractability: false, timeouts: {implicit: 0, pageLoad: 300000, script: 30000}, unhandledPromptBehavior: dismiss and notify, webauthn:extension:credBlob: true, webauthn:extension:largeBlob: true, webauthn:extension:minPinLength: true, webauthn:extension:prf: true, webauthn:virtualAuthenticators: true}
Session ID: cfaceeb228dae2bfffd3eb7a2c48880e
	at sun.reflect.GeneratedConstructorAccessor27.newInstance(Unknown Source)
	at sun.reflect.DelegatingConstructorAccessorImpl.newInstance(DelegatingConstructorAccessorImpl.java:45)
	at java.lang.reflect.Constructor.newInstance(Constructor.java:423)
	at org.openqa.selenium.remote.http.W3CHttpResponseCodec.createException(W3CHttpResponseCodec.java:187)
	at org.openqa.selenium.remote.http.W3CHttpResponseCodec.decode(W3CHttpResponseCodec.java:122)
	at org.openqa.selenium.remote.http.W3CHttpResponseCodec.decode(W3CHttpResponseCodec.java:49)
	at org.openqa.selenium.remote.HttpCommandExecutor.execute(HttpCommandExecutor.java:158)
	at org.openqa.selenium.remote.service.DriverCommandExecutor.execute(DriverCommandExecutor.java:83)
	at org.openqa.selenium.remote.RemoteWebDriver.execute(RemoteWebDriver.java:552)
	at org.openqa.selenium.remote.RemoteWebDriver.execute(RemoteWebDriver.java:609)
	at org.openqa.selenium.remote.RemoteWebDriver.getScreenshotAs(RemoteWebDriver.java:295)
	at Happy_Path_Patient_Web_and_MR.DemoPageContainer.afterScenario(DemoPageContainer.java:74)

]]></system-out>
    <system-err><![CDATA[org.openqa.selenium.WebDriverException: org.openqa.selenium.NoSuchSessionException: invalid session id
Build info: version: '3.141.59', revision: 'e82be7d358', time: '2018-11-14T08:17:03'
System info: host: 'LAPTOP-G0UQGSFP', ip: '192.168.199.43', os.name: 'Windows 11', os.arch: 'amd64', os.version: '10.0', java.version: '1.8.0_351'
Driver info: org.openqa.selenium.chrome.ChromeDriver
Capabilities {acceptInsecureCerts: false, browserName: chrome, browserVersion: 135.0.7049.85, chrome: {chromedriverVersion: 135.0.7049.84 (6c019e560019..., userDataDir: C:\Users\BHAANU~1\AppData\L...}, fedcm:accounts: true, goog:chromeOptions: {debuggerAddress: localhost:56801}, javascriptEnabled: true, networkConnectionEnabled: false, pageLoadStrategy: normal, platform: WINDOWS, platformName: WINDOWS, proxy: Proxy(), setWindowRect: true, strictFileInteractability: false, timeouts: {implicit: 0, pageLoad: 300000, script: 30000}, unhandledPromptBehavior: dismiss and notify, webauthn:extension:credBlob: true, webauthn:extension:largeBlob: true, webauthn:extension:minPinLength: true, webauthn:extension:prf: true, webauthn:virtualAuthenticators: true}
Session ID: cfaceeb228dae2bfffd3eb7a2c48880e
*** Element info: {Using=xpath, value=//button[@class='c-button-unstyled hamburger-menu-button']}
	at io.appium.java_client.pagefactory.AppiumElementLocator$WaitingFunction.apply(AppiumElementLocator.java:192)
	at io.appium.java_client.pagefactory.AppiumElementLocator$WaitingFunction.apply(AppiumElementLocator.java:1)
	at org.openqa.selenium.support.ui.FluentWait.until(FluentWait.java:249)
	at io.appium.java_client.pagefactory.AppiumElementLocator.waitFor(AppiumElementLocator.java:99)
	at io.appium.java_client.pagefactory.AppiumElementLocator.findElement(AppiumElementLocator.java:119)
	at io.appium.java_client.pagefactory.interceptors.InterceptorOfASingleElement.intercept(InterceptorOfASingleElement.java:59)
	at io.appium.java_client.windows.WindowsElement$$EnhancerByCGLIB$$7365f0b4.isDisplayed(<generated>)
	at cap.common.BasePage.verifyElement(BasePage.java:548)
	at Happy_Path_Patient_Web_and_MR.pages.BestBuyPage.clickOnMenuButton(BestBuyPage.java:704)
	at Happy_Path_Patient_Web_and_MR.stepDefinitions.BestBuySteps.asAUserIShouldClickOnMenuButton(BestBuySteps.java:104)
	at sun.reflect.NativeMethodAccessorImpl.invoke0(Native Method)
	at sun.reflect.NativeMethodAccessorImpl.invoke(NativeMethodAccessorImpl.java:62)
	at sun.reflect.DelegatingMethodAccessorImpl.invoke(DelegatingMethodAccessorImpl.java:43)
	at java.lang.reflect.Method.invoke(Method.java:498)
	at io.cucumber.java.Invoker.doInvoke(Invoker.java:66)
	at io.cucumber.java.Invoker.invoke(Invoker.java:24)
	at io.cucumber.java.AbstractGlueDefinition.invokeMethod(AbstractGlueDefinition.java:47)
	at io.cucumber.java.JavaStepDefinition.execute(JavaStepDefinition.java:29)
	at io.cucumber.core.runner.CoreStepDefinition.execute(CoreStepDefinition.java:66)
	at io.cucumber.core.runner.PickleStepDefinitionMatch.runStep(PickleStepDefinitionMatch.java:63)
	at io.cucumber.core.runner.ExecutionMode$1.execute(ExecutionMode.java:10)
	at io.cucumber.core.runner.TestStep.executeStep(TestStep.java:92)
	at io.cucumber.core.runner.TestStep.run(TestStep.java:64)
	at io.cucumber.core.runner.PickleStepTestStep.run(PickleStepTestStep.java:51)
	at io.cucumber.core.runner.TestCase.run(TestCase.java:104)
	at io.cucumber.core.runner.Runner.runPickle(Runner.java:73)
	at io.cucumber.testng.TestNGCucumberRunner.lambda$runScenario$0(TestNGCucumberRunner.java:117)
	at io.cucumber.core.runtime.CucumberExecutionContext.runTestCase(CucumberExecutionContext.java:117)
	at io.cucumber.testng.TestNGCucumberRunner.runScenario(TestNGCucumberRunner.java:114)
	at io.cucumber.testng.AbstractTestNGCucumberTests.runScenario(AbstractTestNGCucumberTests.java:31)
	at sun.reflect.NativeMethodAccessorImpl.invoke0(Native Method)
	at sun.reflect.NativeMethodAccessorImpl.invoke(NativeMethodAccessorImpl.java:62)
	at sun.reflect.DelegatingMethodAccessorImpl.invoke(DelegatingMethodAccessorImpl.java:43)
	at java.lang.reflect.Method.invoke(Method.java:498)
	at org.testng.internal.MethodInvocationHelper.invokeMethod(MethodInvocationHelper.java:133)
	at org.testng.internal.TestInvoker.invokeMethod(TestInvoker.java:598)
	at org.testng.internal.TestInvoker.invokeTestMethod(TestInvoker.java:173)
	at org.testng.internal.MethodRunner.runInSequence(MethodRunner.java:46)
	at org.testng.internal.TestInvoker$MethodInvocationAgent.invoke(TestInvoker.java:824)
	at org.testng.internal.TestInvoker.invokeTestMethods(TestInvoker.java:146)
	at org.testng.internal.TestMethodWorker.invokeTestMethods(TestMethodWorker.java:146)
	at org.testng.internal.TestMethodWorker.run(TestMethodWorker.java:128)
	at java.util.ArrayList.forEach(ArrayList.java:1259)
	at org.testng.TestRunner.privateRun(TestRunner.java:794)
	at org.testng.TestRunner.run(TestRunner.java:596)
	at org.testng.SuiteRunner.runTest(SuiteRunner.java:377)
	at org.testng.SuiteRunner.runSequentially(SuiteRunner.java:371)
	at org.testng.SuiteRunner.privateRun(SuiteRunner.java:332)
	at org.testng.SuiteRunner.run(SuiteRunner.java:276)
	at org.testng.SuiteRunnerWorker.runSuite(SuiteRunnerWorker.java:53)
	at org.testng.SuiteRunnerWorker.run(SuiteRunnerWorker.java:96)
	at org.testng.TestNG.runSuitesSequentially(TestNG.java:1212)
	at org.testng.TestNG.runSuitesLocally(TestNG.java:1134)
	at org.testng.TestNG.runSuites(TestNG.java:1063)
	at org.testng.TestNG.run(TestNG.java:1031)
	at org.apache.maven.surefire.testng.TestNGExecutor.run(TestNGExecutor.java:132)
	at org.apache.maven.surefire.testng.TestNGDirectoryTestSuite.executeSingleClass(TestNGDirectoryTestSuite.java:112)
	at org.apache.maven.surefire.testng.TestNGDirectoryTestSuite.execute(TestNGDirectoryTestSuite.java:99)
	at org.apache.maven.surefire.testng.TestNGProvider.invoke(TestNGProvider.java:147)
	at org.apache.maven.surefire.booter.ForkedBooter.invokeProviderInSameClassLoader(ForkedBooter.java:290)
	at org.apache.maven.surefire.booter.ForkedBooter.runSuitesInProcess(ForkedBooter.java:242)
	at org.apache.maven.surefire.booter.ForkedBooter.main(ForkedBooter.java:121)
Caused by: org.openqa.selenium.NoSuchSessionException: invalid session id
Build info: version: '3.141.59', revision: 'e82be7d358', time: '2018-11-14T08:17:03'
System info: host: 'LAPTOP-G0UQGSFP', ip: '192.168.199.43', os.name: 'Windows 11', os.arch: 'amd64', os.version: '10.0', java.version: '1.8.0_351'
Driver info: org.openqa.selenium.chrome.ChromeDriver
Capabilities {acceptInsecureCerts: false, browserName: chrome, browserVersion: 135.0.7049.85, chrome: {chromedriverVersion: 135.0.7049.84 (6c019e560019..., userDataDir: C:\Users\BHAANU~1\AppData\L...}, fedcm:accounts: true, goog:chromeOptions: {debuggerAddress: localhost:56801}, javascriptEnabled: true, networkConnectionEnabled: false, pageLoadStrategy: normal, platform: WINDOWS, platformName: WINDOWS, proxy: Proxy(), setWindowRect: true, strictFileInteractability: false, timeouts: {implicit: 0, pageLoad: 300000, script: 30000}, unhandledPromptBehavior: dismiss and notify, webauthn:extension:credBlob: true, webauthn:extension:largeBlob: true, webauthn:extension:minPinLength: true, webauthn:extension:prf: true, webauthn:virtualAuthenticators: true}
Session ID: cfaceeb228dae2bfffd3eb7a2c48880e
*** Element info: {Using=xpath, value=//button[@class='c-button-unstyled hamburger-menu-button']}
	at sun.reflect.GeneratedConstructorAccessor27.newInstance(Unknown Source)
	at sun.reflect.DelegatingConstructorAccessorImpl.newInstance(DelegatingConstructorAccessorImpl.java:45)
	at java.lang.reflect.Constructor.newInstance(Constructor.java:423)
	at org.openqa.selenium.remote.http.W3CHttpResponseCodec.createException(W3CHttpResponseCodec.java:187)
	at org.openqa.selenium.remote.http.W3CHttpResponseCodec.decode(W3CHttpResponseCodec.java:122)
	at org.openqa.selenium.remote.http.W3CHttpResponseCodec.decode(W3CHttpResponseCodec.java:49)
	at org.openqa.selenium.remote.HttpCommandExecutor.execute(HttpCommandExecutor.java:158)
	at org.openqa.selenium.remote.service.DriverCommandExecutor.execute(DriverCommandExecutor.java:83)
	at org.openqa.selenium.remote.RemoteWebDriver.execute(RemoteWebDriver.java:552)
	at org.openqa.selenium.remote.RemoteWebDriver.findElement(RemoteWebDriver.java:323)
	at org.openqa.selenium.remote.RemoteWebDriver.findElementByXPath(RemoteWebDriver.java:428)
	at org.openqa.selenium.By$ByXPath.findElement(By.java:353)
	at org.openqa.selenium.remote.RemoteWebDriver.findElement(RemoteWebDriver.java:315)
	at io.appium.java_client.pagefactory.bys.ContentMappedBy.findElement(ContentMappedBy.java:50)
	at org.openqa.selenium.remote.RemoteWebDriver.findElement(RemoteWebDriver.java:315)
	at io.appium.java_client.pagefactory.AppiumElementLocator.lambda$0(AppiumElementLocator.java:120)
	at io.appium.java_client.pagefactory.AppiumElementLocator$WaitingFunction.apply(AppiumElementLocator.java:172)
	... 61 more
]]></system-err>
  </testcase>
  <testcase name="runScenario" classname="Happy_Path_Patient_Web_and_MR.cukes.DemoWebBestBuy" time="0.098">
    <failure message="expected [true] but found [false]" type="java.lang.AssertionError">java.lang.AssertionError: expected [true] but found [false]
</failure>
    <system-out><![CDATA[
@WEB @TEST1 @TC_ID_1017
Scenario Outline: Navigate to Cameras,Cam recorders and Drones and Validate Menu                                       # src/test/resources/features/BestBuyPurchase/1_GUVI_BestBuyPurchase.feature:145
ClickOnMenuButton catch false
  Given As a user i should click on Menu Button                                                                        # Happy_Path_Patient_Web_and_MR.stepDefinitions.BestBuySteps.asAUserIShouldClickOnMenuButton()
      java.lang.AssertionError: expected [true] but found [false]
	at org.testng.Assert.fail(Assert.java:99)
	at org.testng.Assert.failNotEquals(Assert.java:1037)
	at org.testng.Assert.assertTrue(Assert.java:45)
	at org.testng.Assert.assertTrue(Assert.java:55)
	at Happy_Path_Patient_Web_and_MR.stepDefinitions.BestBuySteps.asAUserIShouldClickOnMenuButton(BestBuySteps.java:104)
	at âœ½.As a user i should click on Menu Button(file:///E:/ShareWebCopy_Guvi_BestBuy/src/test/resources/features/BestBuyPurchase/1_GUVI_BestBuyPurchase.feature:138)

  When I should click on Cameras,Cam recorders and Drones Sub-menu                                                     # Happy_Path_Patient_Web_and_MR.stepDefinitions.BestBuySteps.iShouldClickOnCamerasCamRecordersAndDronesSubMenu()
  Then I should get all the Cameras,Cam recorders and Drones Sub Menu Pages and Validate the Sub Menus "&CCDSUBMENUS&" # Happy_Path_Patient_Web_and_MR.stepDefinitions.BestBuySteps.iShouldGetAllTheCamerasCamRecordersAndDronesSubMenuPagesAndValidateTheSubMenus(java.lang.String)
  Then I should get all the Cameras,Cam recorders and Drones Menu Pages and Validate the Menus "&CCDMENUS&"            # Happy_Path_Patient_Web_and_MR.stepDefinitions.BestBuySteps.iShouldGetAllTheCamerasCamRecordersAndDronesMenuPagesAndValidateTheMenus(java.lang.String)
      org.openqa.selenium.NoSuchSessionException: invalid session id
Build info: version: '3.141.59', revision: 'e82be7d358', time: '2018-11-14T08:17:03'
System info: host: 'LAPTOP-G0UQGSFP', ip: '192.168.199.43', os.name: 'Windows 11', os.arch: 'amd64', os.version: '10.0', java.version: '1.8.0_351'
Driver info: org.openqa.selenium.chrome.ChromeDriver
Capabilities {acceptInsecureCerts: false, browserName: chrome, browserVersion: 135.0.7049.85, chrome: {chromedriverVersion: 135.0.7049.84 (6c019e560019..., userDataDir: C:\Users\BHAANU~1\AppData\L...}, fedcm:accounts: true, goog:chromeOptions: {debuggerAddress: localhost:56801}, javascriptEnabled: true, networkConnectionEnabled: false, pageLoadStrategy: normal, platform: WINDOWS, platformName: WINDOWS, proxy: Proxy(), setWindowRect: true, strictFileInteractability: false, timeouts: {implicit: 0, pageLoad: 300000, script: 30000}, unhandledPromptBehavior: dismiss and notify, webauthn:extension:credBlob: true, webauthn:extension:largeBlob: true, webauthn:extension:minPinLength: true, webauthn:extension:prf: true, webauthn:virtualAuthenticators: true}
Session ID: cfaceeb228dae2bfffd3eb7a2c48880e
	at sun.reflect.GeneratedConstructorAccessor27.newInstance(Unknown Source)
	at sun.reflect.DelegatingConstructorAccessorImpl.newInstance(DelegatingConstructorAccessorImpl.java:45)
	at java.lang.reflect.Constructor.newInstance(Constructor.java:423)
	at org.openqa.selenium.remote.http.W3CHttpResponseCodec.createException(W3CHttpResponseCodec.java:187)
	at org.openqa.selenium.remote.http.W3CHttpResponseCodec.decode(W3CHttpResponseCodec.java:122)
	at org.openqa.selenium.remote.http.W3CHttpResponseCodec.decode(W3CHttpResponseCodec.java:49)
	at org.openqa.selenium.remote.HttpCommandExecutor.execute(HttpCommandExecutor.java:158)
	at org.openqa.selenium.remote.service.DriverCommandExecutor.execute(DriverCommandExecutor.java:83)
	at org.openqa.selenium.remote.RemoteWebDriver.execute(RemoteWebDriver.java:552)
	at org.openqa.selenium.remote.RemoteWebDriver.execute(RemoteWebDriver.java:609)
	at org.openqa.selenium.remote.RemoteWebDriver.getScreenshotAs(RemoteWebDriver.java:295)
	at Happy_Path_Patient_Web_and_MR.DemoPageContainer.afterScenario(DemoPageContainer.java:74)

]]></system-out>
    <system-err><![CDATA[org.openqa.selenium.WebDriverException: org.openqa.selenium.NoSuchSessionException: invalid session id
Build info: version: '3.141.59', revision: 'e82be7d358', time: '2018-11-14T08:17:03'
System info: host: 'LAPTOP-G0UQGSFP', ip: '192.168.199.43', os.name: 'Windows 11', os.arch: 'amd64', os.version: '10.0', java.version: '1.8.0_351'
Driver info: org.openqa.selenium.chrome.ChromeDriver
Capabilities {acceptInsecureCerts: false, browserName: chrome, browserVersion: 135.0.7049.85, chrome: {chromedriverVersion: 135.0.7049.84 (6c019e560019..., userDataDir: C:\Users\BHAANU~1\AppData\L...}, fedcm:accounts: true, goog:chromeOptions: {debuggerAddress: localhost:56801}, javascriptEnabled: true, networkConnectionEnabled: false, pageLoadStrategy: normal, platform: WINDOWS, platformName: WINDOWS, proxy: Proxy(), setWindowRect: true, strictFileInteractability: false, timeouts: {implicit: 0, pageLoad: 300000, script: 30000}, unhandledPromptBehavior: dismiss and notify, webauthn:extension:credBlob: true, webauthn:extension:largeBlob: true, webauthn:extension:minPinLength: true, webauthn:extension:prf: true, webauthn:virtualAuthenticators: true}
Session ID: cfaceeb228dae2bfffd3eb7a2c48880e
*** Element info: {Using=xpath, value=//button[@class='c-button-unstyled hamburger-menu-button']}
	at io.appium.java_client.pagefactory.AppiumElementLocator$WaitingFunction.apply(AppiumElementLocator.java:192)
	at io.appium.java_client.pagefactory.AppiumElementLocator$WaitingFunction.apply(AppiumElementLocator.java:1)
	at org.openqa.selenium.support.ui.FluentWait.until(FluentWait.java:249)
	at io.appium.java_client.pagefactory.AppiumElementLocator.waitFor(AppiumElementLocator.java:99)
	at io.appium.java_client.pagefactory.AppiumElementLocator.findElement(AppiumElementLocator.java:119)
	at io.appium.java_client.pagefactory.interceptors.InterceptorOfASingleElement.intercept(InterceptorOfASingleElement.java:59)
	at io.appium.java_client.windows.WindowsElement$$EnhancerByCGLIB$$7365f0b4.isDisplayed(<generated>)
	at cap.common.BasePage.verifyElement(BasePage.java:548)
	at Happy_Path_Patient_Web_and_MR.pages.BestBuyPage.clickOnMenuButton(BestBuyPage.java:704)
	at Happy_Path_Patient_Web_and_MR.stepDefinitions.BestBuySteps.asAUserIShouldClickOnMenuButton(BestBuySteps.java:104)
	at sun.reflect.NativeMethodAccessorImpl.invoke0(Native Method)
	at sun.reflect.NativeMethodAccessorImpl.invoke(NativeMethodAccessorImpl.java:62)
	at sun.reflect.DelegatingMethodAccessorImpl.invoke(DelegatingMethodAccessorImpl.java:43)
	at java.lang.reflect.Method.invoke(Method.java:498)
	at io.cucumber.java.Invoker.doInvoke(Invoker.java:66)
	at io.cucumber.java.Invoker.invoke(Invoker.java:24)
	at io.cucumber.java.AbstractGlueDefinition.invokeMethod(AbstractGlueDefinition.java:47)
	at io.cucumber.java.JavaStepDefinition.execute(JavaStepDefinition.java:29)
	at io.cucumber.core.runner.CoreStepDefinition.execute(CoreStepDefinition.java:66)
	at io.cucumber.core.runner.PickleStepDefinitionMatch.runStep(PickleStepDefinitionMatch.java:63)
	at io.cucumber.core.runner.ExecutionMode$1.execute(ExecutionMode.java:10)
	at io.cucumber.core.runner.TestStep.executeStep(TestStep.java:92)
	at io.cucumber.core.runner.TestStep.run(TestStep.java:64)
	at io.cucumber.core.runner.PickleStepTestStep.run(PickleStepTestStep.java:51)
	at io.cucumber.core.runner.TestCase.run(TestCase.java:104)
	at io.cucumber.core.runner.Runner.runPickle(Runner.java:73)
	at io.cucumber.testng.TestNGCucumberRunner.lambda$runScenario$0(TestNGCucumberRunner.java:117)
	at io.cucumber.core.runtime.CucumberExecutionContext.runTestCase(CucumberExecutionContext.java:117)
	at io.cucumber.testng.TestNGCucumberRunner.runScenario(TestNGCucumberRunner.java:114)
	at io.cucumber.testng.AbstractTestNGCucumberTests.runScenario(AbstractTestNGCucumberTests.java:31)
	at sun.reflect.NativeMethodAccessorImpl.invoke0(Native Method)
	at sun.reflect.NativeMethodAccessorImpl.invoke(NativeMethodAccessorImpl.java:62)
	at sun.reflect.DelegatingMethodAccessorImpl.invoke(DelegatingMethodAccessorImpl.java:43)
	at java.lang.reflect.Method.invoke(Method.java:498)
	at org.testng.internal.MethodInvocationHelper.invokeMethod(MethodInvocationHelper.java:133)
	at org.testng.internal.TestInvoker.invokeMethod(TestInvoker.java:598)
	at org.testng.internal.TestInvoker.invokeTestMethod(TestInvoker.java:173)
	at org.testng.internal.MethodRunner.runInSequence(MethodRunner.java:46)
	at org.testng.internal.TestInvoker$MethodInvocationAgent.invoke(TestInvoker.java:824)
	at org.testng.internal.TestInvoker.invokeTestMethods(TestInvoker.java:146)
	at org.testng.internal.TestMethodWorker.invokeTestMethods(TestMethodWorker.java:146)
	at org.testng.internal.TestMethodWorker.run(TestMethodWorker.java:128)
	at java.util.ArrayList.forEach(ArrayList.java:1259)
	at org.testng.TestRunner.privateRun(TestRunner.java:794)
	at org.testng.TestRunner.run(TestRunner.java:596)
	at org.testng.SuiteRunner.runTest(SuiteRunner.java:377)
	at org.testng.SuiteRunner.runSequentially(SuiteRunner.java:371)
	at org.testng.SuiteRunner.privateRun(SuiteRunner.java:332)
	at org.testng.SuiteRunner.run(SuiteRunner.java:276)
	at org.testng.SuiteRunnerWorker.runSuite(SuiteRunnerWorker.java:53)
	at org.testng.SuiteRunnerWorker.run(SuiteRunnerWorker.java:96)
	at org.testng.TestNG.runSuitesSequentially(TestNG.java:1212)
	at org.testng.TestNG.runSuitesLocally(TestNG.java:1134)
	at org.testng.TestNG.runSuites(TestNG.java:1063)
	at org.testng.TestNG.run(TestNG.java:1031)
	at org.apache.maven.surefire.testng.TestNGExecutor.run(TestNGExecutor.java:132)
	at org.apache.maven.surefire.testng.TestNGDirectoryTestSuite.executeSingleClass(TestNGDirectoryTestSuite.java:112)
	at org.apache.maven.surefire.testng.TestNGDirectoryTestSuite.execute(TestNGDirectoryTestSuite.java:99)
	at org.apache.maven.surefire.testng.TestNGProvider.invoke(TestNGProvider.java:147)
	at org.apache.maven.surefire.booter.ForkedBooter.invokeProviderInSameClassLoader(ForkedBooter.java:290)
	at org.apache.maven.surefire.booter.ForkedBooter.runSuitesInProcess(ForkedBooter.java:242)
	at org.apache.maven.surefire.booter.ForkedBooter.main(ForkedBooter.java:121)
Caused by: org.openqa.selenium.NoSuchSessionException: invalid session id
Build info: version: '3.141.59', revision: 'e82be7d358', time: '2018-11-14T08:17:03'
System info: host: 'LAPTOP-G0UQGSFP', ip: '192.168.199.43', os.name: 'Windows 11', os.arch: 'amd64', os.version: '10.0', java.version: '1.8.0_351'
Driver info: org.openqa.selenium.chrome.ChromeDriver
Capabilities {acceptInsecureCerts: false, browserName: chrome, browserVersion: 135.0.7049.85, chrome: {chromedriverVersion: 135.0.7049.84 (6c019e560019..., userDataDir: C:\Users\BHAANU~1\AppData\L...}, fedcm:accounts: true, goog:chromeOptions: {debuggerAddress: localhost:56801}, javascriptEnabled: true, networkConnectionEnabled: false, pageLoadStrategy: normal, platform: WINDOWS, platformName: WINDOWS, proxy: Proxy(), setWindowRect: true, strictFileInteractability: false, timeouts: {implicit: 0, pageLoad: 300000, script: 30000}, unhandledPromptBehavior: dismiss and notify, webauthn:extension:credBlob: true, webauthn:extension:largeBlob: true, webauthn:extension:minPinLength: true, webauthn:extension:prf: true, webauthn:virtualAuthenticators: true}
Session ID: cfaceeb228dae2bfffd3eb7a2c48880e
*** Element info: {Using=xpath, value=//button[@class='c-button-unstyled hamburger-menu-button']}
	at sun.reflect.GeneratedConstructorAccessor27.newInstance(Unknown Source)
	at sun.reflect.DelegatingConstructorAccessorImpl.newInstance(DelegatingConstructorAccessorImpl.java:45)
	at java.lang.reflect.Constructor.newInstance(Constructor.java:423)
	at org.openqa.selenium.remote.http.W3CHttpResponseCodec.createException(W3CHttpResponseCodec.java:187)
	at org.openqa.selenium.remote.http.W3CHttpResponseCodec.decode(W3CHttpResponseCodec.java:122)
	at org.openqa.selenium.remote.http.W3CHttpResponseCodec.decode(W3CHttpResponseCodec.java:49)
	at org.openqa.selenium.remote.HttpCommandExecutor.execute(HttpCommandExecutor.java:158)
	at org.openqa.selenium.remote.service.DriverCommandExecutor.execute(DriverCommandExecutor.java:83)
	at org.openqa.selenium.remote.RemoteWebDriver.execute(RemoteWebDriver.java:552)
	at org.openqa.selenium.remote.RemoteWebDriver.findElement(RemoteWebDriver.java:323)
	at org.openqa.selenium.remote.RemoteWebDriver.findElementByXPath(RemoteWebDriver.java:428)
	at org.openqa.selenium.By$ByXPath.findElement(By.java:353)
	at org.openqa.selenium.remote.RemoteWebDriver.findElement(RemoteWebDriver.java:315)
	at io.appium.java_client.pagefactory.bys.ContentMappedBy.findElement(ContentMappedBy.java:50)
	at org.openqa.selenium.remote.RemoteWebDriver.findElement(RemoteWebDriver.java:315)
	at io.appium.java_client.pagefactory.AppiumElementLocator.lambda$0(AppiumElementLocator.java:120)
	at io.appium.java_client.pagefactory.AppiumElementLocator$WaitingFunction.apply(AppiumElementLocator.java:172)
	... 61 more
]]></system-err>
  </testcase>
  <testcase name="runScenario" classname="Happy_Path_Patient_Web_and_MR.cukes.DemoWebBestBuy" time="0.109">
    <failure message="expected [true] but found [false]" type="java.lang.AssertionError">java.lang.AssertionError: expected [true] but found [false]
</failure>
    <system-out><![CDATA[
@WEB @TEST1 @TC_ID_1018
Scenario Outline: Navigate to Home,Furniture and Office and Validate Menu                                       # src/test/resources/features/BestBuyPurchase/1_GUVI_BestBuyPurchase.feature:156
ClickOnMenuButton catch false
  Given As a user i should click on Menu Button                                                                 # Happy_Path_Patient_Web_and_MR.stepDefinitions.BestBuySteps.asAUserIShouldClickOnMenuButton()
      java.lang.AssertionError: expected [true] but found [false]
	at org.testng.Assert.fail(Assert.java:99)
	at org.testng.Assert.failNotEquals(Assert.java:1037)
	at org.testng.Assert.assertTrue(Assert.java:45)
	at org.testng.Assert.assertTrue(Assert.java:55)
	at Happy_Path_Patient_Web_and_MR.stepDefinitions.BestBuySteps.asAUserIShouldClickOnMenuButton(BestBuySteps.java:104)
	at âœ½.As a user i should click on Menu Button(file:///E:/ShareWebCopy_Guvi_BestBuy/src/test/resources/features/BestBuyPurchase/1_GUVI_BestBuyPurchase.feature:149)

  When I should click on Home,Furniture and Office Sub-menu                                                     # Happy_Path_Patient_Web_and_MR.stepDefinitions.BestBuySteps.iShouldClickOnHomeFurnitureAndOfficeSubMenu()
  Then I should get all the Home,Furniture and Office Sub Menu Pages and Validate the Sub Menus "&HFOSUBMENUS&" # Happy_Path_Patient_Web_and_MR.stepDefinitions.BestBuySteps.iShouldGetAllTheHomeFurnitureAndOfficeSubMenuPagesAndValidateTheSubMenus(java.lang.String)
  Then I should get all the Home,Furniture and Office Menu Pages and Validate the Menus "&HFOMENUS&"            # Happy_Path_Patient_Web_and_MR.stepDefinitions.BestBuySteps.iShouldGetAllTheHomeFurnitureAndOfficeMenuPagesAndValidateTheMenus(java.lang.String)
      org.openqa.selenium.NoSuchSessionException: invalid session id
Build info: version: '3.141.59', revision: 'e82be7d358', time: '2018-11-14T08:17:03'
System info: host: 'LAPTOP-G0UQGSFP', ip: '192.168.199.43', os.name: 'Windows 11', os.arch: 'amd64', os.version: '10.0', java.version: '1.8.0_351'
Driver info: org.openqa.selenium.chrome.ChromeDriver
Capabilities {acceptInsecureCerts: false, browserName: chrome, browserVersion: 135.0.7049.85, chrome: {chromedriverVersion: 135.0.7049.84 (6c019e560019..., userDataDir: C:\Users\BHAANU~1\AppData\L...}, fedcm:accounts: true, goog:chromeOptions: {debuggerAddress: localhost:56801}, javascriptEnabled: true, networkConnectionEnabled: false, pageLoadStrategy: normal, platform: WINDOWS, platformName: WINDOWS, proxy: Proxy(), setWindowRect: true, strictFileInteractability: false, timeouts: {implicit: 0, pageLoad: 300000, script: 30000}, unhandledPromptBehavior: dismiss and notify, webauthn:extension:credBlob: true, webauthn:extension:largeBlob: true, webauthn:extension:minPinLength: true, webauthn:extension:prf: true, webauthn:virtualAuthenticators: true}
Session ID: cfaceeb228dae2bfffd3eb7a2c48880e
	at sun.reflect.GeneratedConstructorAccessor27.newInstance(Unknown Source)
	at sun.reflect.DelegatingConstructorAccessorImpl.newInstance(DelegatingConstructorAccessorImpl.java:45)
	at java.lang.reflect.Constructor.newInstance(Constructor.java:423)
	at org.openqa.selenium.remote.http.W3CHttpResponseCodec.createException(W3CHttpResponseCodec.java:187)
	at org.openqa.selenium.remote.http.W3CHttpResponseCodec.decode(W3CHttpResponseCodec.java:122)
	at org.openqa.selenium.remote.http.W3CHttpResponseCodec.decode(W3CHttpResponseCodec.java:49)
	at org.openqa.selenium.remote.HttpCommandExecutor.execute(HttpCommandExecutor.java:158)
	at org.openqa.selenium.remote.service.DriverCommandExecutor.execute(DriverCommandExecutor.java:83)
	at org.openqa.selenium.remote.RemoteWebDriver.execute(RemoteWebDriver.java:552)
	at org.openqa.selenium.remote.RemoteWebDriver.execute(RemoteWebDriver.java:609)
	at org.openqa.selenium.remote.RemoteWebDriver.getScreenshotAs(RemoteWebDriver.java:295)
	at Happy_Path_Patient_Web_and_MR.DemoPageContainer.afterScenario(DemoPageContainer.java:74)

]]></system-out>
    <system-err><![CDATA[org.openqa.selenium.WebDriverException: org.openqa.selenium.NoSuchSessionException: invalid session id
Build info: version: '3.141.59', revision: 'e82be7d358', time: '2018-11-14T08:17:03'
System info: host: 'LAPTOP-G0UQGSFP', ip: '192.168.199.43', os.name: 'Windows 11', os.arch: 'amd64', os.version: '10.0', java.version: '1.8.0_351'
Driver info: org.openqa.selenium.chrome.ChromeDriver
Capabilities {acceptInsecureCerts: false, browserName: chrome, browserVersion: 135.0.7049.85, chrome: {chromedriverVersion: 135.0.7049.84 (6c019e560019..., userDataDir: C:\Users\BHAANU~1\AppData\L...}, fedcm:accounts: true, goog:chromeOptions: {debuggerAddress: localhost:56801}, javascriptEnabled: true, networkConnectionEnabled: false, pageLoadStrategy: normal, platform: WINDOWS, platformName: WINDOWS, proxy: Proxy(), setWindowRect: true, strictFileInteractability: false, timeouts: {implicit: 0, pageLoad: 300000, script: 30000}, unhandledPromptBehavior: dismiss and notify, webauthn:extension:credBlob: true, webauthn:extension:largeBlob: true, webauthn:extension:minPinLength: true, webauthn:extension:prf: true, webauthn:virtualAuthenticators: true}
Session ID: cfaceeb228dae2bfffd3eb7a2c48880e
*** Element info: {Using=xpath, value=//button[@class='c-button-unstyled hamburger-menu-button']}
	at io.appium.java_client.pagefactory.AppiumElementLocator$WaitingFunction.apply(AppiumElementLocator.java:192)
	at io.appium.java_client.pagefactory.AppiumElementLocator$WaitingFunction.apply(AppiumElementLocator.java:1)
	at org.openqa.selenium.support.ui.FluentWait.until(FluentWait.java:249)
	at io.appium.java_client.pagefactory.AppiumElementLocator.waitFor(AppiumElementLocator.java:99)
	at io.appium.java_client.pagefactory.AppiumElementLocator.findElement(AppiumElementLocator.java:119)
	at io.appium.java_client.pagefactory.interceptors.InterceptorOfASingleElement.intercept(InterceptorOfASingleElement.java:59)
	at io.appium.java_client.windows.WindowsElement$$EnhancerByCGLIB$$7365f0b4.isDisplayed(<generated>)
	at cap.common.BasePage.verifyElement(BasePage.java:548)
	at Happy_Path_Patient_Web_and_MR.pages.BestBuyPage.clickOnMenuButton(BestBuyPage.java:704)
	at Happy_Path_Patient_Web_and_MR.stepDefinitions.BestBuySteps.asAUserIShouldClickOnMenuButton(BestBuySteps.java:104)
	at sun.reflect.NativeMethodAccessorImpl.invoke0(Native Method)
	at sun.reflect.NativeMethodAccessorImpl.invoke(NativeMethodAccessorImpl.java:62)
	at sun.reflect.DelegatingMethodAccessorImpl.invoke(DelegatingMethodAccessorImpl.java:43)
	at java.lang.reflect.Method.invoke(Method.java:498)
	at io.cucumber.java.Invoker.doInvoke(Invoker.java:66)
	at io.cucumber.java.Invoker.invoke(Invoker.java:24)
	at io.cucumber.java.AbstractGlueDefinition.invokeMethod(AbstractGlueDefinition.java:47)
	at io.cucumber.java.JavaStepDefinition.execute(JavaStepDefinition.java:29)
	at io.cucumber.core.runner.CoreStepDefinition.execute(CoreStepDefinition.java:66)
	at io.cucumber.core.runner.PickleStepDefinitionMatch.runStep(PickleStepDefinitionMatch.java:63)
	at io.cucumber.core.runner.ExecutionMode$1.execute(ExecutionMode.java:10)
	at io.cucumber.core.runner.TestStep.executeStep(TestStep.java:92)
	at io.cucumber.core.runner.TestStep.run(TestStep.java:64)
	at io.cucumber.core.runner.PickleStepTestStep.run(PickleStepTestStep.java:51)
	at io.cucumber.core.runner.TestCase.run(TestCase.java:104)
	at io.cucumber.core.runner.Runner.runPickle(Runner.java:73)
	at io.cucumber.testng.TestNGCucumberRunner.lambda$runScenario$0(TestNGCucumberRunner.java:117)
	at io.cucumber.core.runtime.CucumberExecutionContext.runTestCase(CucumberExecutionContext.java:117)
	at io.cucumber.testng.TestNGCucumberRunner.runScenario(TestNGCucumberRunner.java:114)
	at io.cucumber.testng.AbstractTestNGCucumberTests.runScenario(AbstractTestNGCucumberTests.java:31)
	at sun.reflect.NativeMethodAccessorImpl.invoke0(Native Method)
	at sun.reflect.NativeMethodAccessorImpl.invoke(NativeMethodAccessorImpl.java:62)
	at sun.reflect.DelegatingMethodAccessorImpl.invoke(DelegatingMethodAccessorImpl.java:43)
	at java.lang.reflect.Method.invoke(Method.java:498)
	at org.testng.internal.MethodInvocationHelper.invokeMethod(MethodInvocationHelper.java:133)
	at org.testng.internal.TestInvoker.invokeMethod(TestInvoker.java:598)
	at org.testng.internal.TestInvoker.invokeTestMethod(TestInvoker.java:173)
	at org.testng.internal.MethodRunner.runInSequence(MethodRunner.java:46)
	at org.testng.internal.TestInvoker$MethodInvocationAgent.invoke(TestInvoker.java:824)
	at org.testng.internal.TestInvoker.invokeTestMethods(TestInvoker.java:146)
	at org.testng.internal.TestMethodWorker.invokeTestMethods(TestMethodWorker.java:146)
	at org.testng.internal.TestMethodWorker.run(TestMethodWorker.java:128)
	at java.util.ArrayList.forEach(ArrayList.java:1259)
	at org.testng.TestRunner.privateRun(TestRunner.java:794)
	at org.testng.TestRunner.run(TestRunner.java:596)
	at org.testng.SuiteRunner.runTest(SuiteRunner.java:377)
	at org.testng.SuiteRunner.runSequentially(SuiteRunner.java:371)
	at org.testng.SuiteRunner.privateRun(SuiteRunner.java:332)
	at org.testng.SuiteRunner.run(SuiteRunner.java:276)
	at org.testng.SuiteRunnerWorker.runSuite(SuiteRunnerWorker.java:53)
	at org.testng.SuiteRunnerWorker.run(SuiteRunnerWorker.java:96)
	at org.testng.TestNG.runSuitesSequentially(TestNG.java:1212)
	at org.testng.TestNG.runSuitesLocally(TestNG.java:1134)
	at org.testng.TestNG.runSuites(TestNG.java:1063)
	at org.testng.TestNG.run(TestNG.java:1031)
	at org.apache.maven.surefire.testng.TestNGExecutor.run(TestNGExecutor.java:132)
	at org.apache.maven.surefire.testng.TestNGDirectoryTestSuite.executeSingleClass(TestNGDirectoryTestSuite.java:112)
	at org.apache.maven.surefire.testng.TestNGDirectoryTestSuite.execute(TestNGDirectoryTestSuite.java:99)
	at org.apache.maven.surefire.testng.TestNGProvider.invoke(TestNGProvider.java:147)
	at org.apache.maven.surefire.booter.ForkedBooter.invokeProviderInSameClassLoader(ForkedBooter.java:290)
	at org.apache.maven.surefire.booter.ForkedBooter.runSuitesInProcess(ForkedBooter.java:242)
	at org.apache.maven.surefire.booter.ForkedBooter.main(ForkedBooter.java:121)
Caused by: org.openqa.selenium.NoSuchSessionException: invalid session id
Build info: version: '3.141.59', revision: 'e82be7d358', time: '2018-11-14T08:17:03'
System info: host: 'LAPTOP-G0UQGSFP', ip: '192.168.199.43', os.name: 'Windows 11', os.arch: 'amd64', os.version: '10.0', java.version: '1.8.0_351'
Driver info: org.openqa.selenium.chrome.ChromeDriver
Capabilities {acceptInsecureCerts: false, browserName: chrome, browserVersion: 135.0.7049.85, chrome: {chromedriverVersion: 135.0.7049.84 (6c019e560019..., userDataDir: C:\Users\BHAANU~1\AppData\L...}, fedcm:accounts: true, goog:chromeOptions: {debuggerAddress: localhost:56801}, javascriptEnabled: true, networkConnectionEnabled: false, pageLoadStrategy: normal, platform: WINDOWS, platformName: WINDOWS, proxy: Proxy(), setWindowRect: true, strictFileInteractability: false, timeouts: {implicit: 0, pageLoad: 300000, script: 30000}, unhandledPromptBehavior: dismiss and notify, webauthn:extension:credBlob: true, webauthn:extension:largeBlob: true, webauthn:extension:minPinLength: true, webauthn:extension:prf: true, webauthn:virtualAuthenticators: true}
Session ID: cfaceeb228dae2bfffd3eb7a2c48880e
*** Element info: {Using=xpath, value=//button[@class='c-button-unstyled hamburger-menu-button']}
	at sun.reflect.GeneratedConstructorAccessor27.newInstance(Unknown Source)
	at sun.reflect.DelegatingConstructorAccessorImpl.newInstance(DelegatingConstructorAccessorImpl.java:45)
	at java.lang.reflect.Constructor.newInstance(Constructor.java:423)
	at org.openqa.selenium.remote.http.W3CHttpResponseCodec.createException(W3CHttpResponseCodec.java:187)
	at org.openqa.selenium.remote.http.W3CHttpResponseCodec.decode(W3CHttpResponseCodec.java:122)
	at org.openqa.selenium.remote.http.W3CHttpResponseCodec.decode(W3CHttpResponseCodec.java:49)
	at org.openqa.selenium.remote.HttpCommandExecutor.execute(HttpCommandExecutor.java:158)
	at org.openqa.selenium.remote.service.DriverCommandExecutor.execute(DriverCommandExecutor.java:83)
	at org.openqa.selenium.remote.RemoteWebDriver.execute(RemoteWebDriver.java:552)
	at org.openqa.selenium.remote.RemoteWebDriver.findElement(RemoteWebDriver.java:323)
	at org.openqa.selenium.remote.RemoteWebDriver.findElementByXPath(RemoteWebDriver.java:428)
	at org.openqa.selenium.By$ByXPath.findElement(By.java:353)
	at org.openqa.selenium.remote.RemoteWebDriver.findElement(RemoteWebDriver.java:315)
	at io.appium.java_client.pagefactory.bys.ContentMappedBy.findElement(ContentMappedBy.java:50)
	at org.openqa.selenium.remote.RemoteWebDriver.findElement(RemoteWebDriver.java:315)
	at io.appium.java_client.pagefactory.AppiumElementLocator.lambda$0(AppiumElementLocator.java:120)
	at io.appium.java_client.pagefactory.AppiumElementLocator$WaitingFunction.apply(AppiumElementLocator.java:172)
	... 61 more
]]></system-err>
  </testcase>
  <testcase name="runScenario" classname="Happy_Path_Patient_Web_and_MR.cukes.DemoWebBestBuy" time="0.1">
    <failure message="expected [true] but found [false]" type="java.lang.AssertionError">java.lang.AssertionError: expected [true] but found [false]
</failure>
    <system-out><![CDATA[
@WEB @TEST1 @TC_ID_1019
Scenario Outline: Navigate to Smart Home, Security & Wi-Fi and Validate Menu                                       # src/test/resources/features/BestBuyPurchase/1_GUVI_BestBuyPurchase.feature:167
ClickOnMenuButton catch false
  Given As a user i should click on Menu Button                                                                    # Happy_Path_Patient_Web_and_MR.stepDefinitions.BestBuySteps.asAUserIShouldClickOnMenuButton()
      java.lang.AssertionError: expected [true] but found [false]
	at org.testng.Assert.fail(Assert.java:99)
	at org.testng.Assert.failNotEquals(Assert.java:1037)
	at org.testng.Assert.assertTrue(Assert.java:45)
	at org.testng.Assert.assertTrue(Assert.java:55)
	at Happy_Path_Patient_Web_and_MR.stepDefinitions.BestBuySteps.asAUserIShouldClickOnMenuButton(BestBuySteps.java:104)
	at âœ½.As a user i should click on Menu Button(file:///E:/ShareWebCopy_Guvi_BestBuy/src/test/resources/features/BestBuyPurchase/1_GUVI_BestBuyPurchase.feature:160)

  When I should click on Smart Home, Security & Wi-Fi Sub-menu                                                     # Happy_Path_Patient_Web_and_MR.stepDefinitions.BestBuySteps.iShouldClickOnSmartHomeSecurityWiFiSubMenu()
  Then I should get all the Smart Home, Security & Wi-Fi Sub Menu Pages and Validate the Sub Menus "&SSWSUBMENUS&" # Happy_Path_Patient_Web_and_MR.stepDefinitions.BestBuySteps.iShouldGetAllTheSmartHomeSecurityWiFiSubMenuPagesAndValidateTheSubMenus(java.lang.String)
  Then I should get all the Smart Home, Security & Wi-Fi Menu Pages and Validate the Menus "&SSWMENUS&"            # Happy_Path_Patient_Web_and_MR.stepDefinitions.BestBuySteps.iShouldGetAllTheSmartHomeSecurityWiFiMenuPagesAndValidateTheMenus(java.lang.String)
      org.openqa.selenium.NoSuchSessionException: invalid session id
Build info: version: '3.141.59', revision: 'e82be7d358', time: '2018-11-14T08:17:03'
System info: host: 'LAPTOP-G0UQGSFP', ip: '192.168.199.43', os.name: 'Windows 11', os.arch: 'amd64', os.version: '10.0', java.version: '1.8.0_351'
Driver info: org.openqa.selenium.chrome.ChromeDriver
Capabilities {acceptInsecureCerts: false, browserName: chrome, browserVersion: 135.0.7049.85, chrome: {chromedriverVersion: 135.0.7049.84 (6c019e560019..., userDataDir: C:\Users\BHAANU~1\AppData\L...}, fedcm:accounts: true, goog:chromeOptions: {debuggerAddress: localhost:56801}, javascriptEnabled: true, networkConnectionEnabled: false, pageLoadStrategy: normal, platform: WINDOWS, platformName: WINDOWS, proxy: Proxy(), setWindowRect: true, strictFileInteractability: false, timeouts: {implicit: 0, pageLoad: 300000, script: 30000}, unhandledPromptBehavior: dismiss and notify, webauthn:extension:credBlob: true, webauthn:extension:largeBlob: true, webauthn:extension:minPinLength: true, webauthn:extension:prf: true, webauthn:virtualAuthenticators: true}
Session ID: cfaceeb228dae2bfffd3eb7a2c48880e
	at sun.reflect.GeneratedConstructorAccessor27.newInstance(Unknown Source)
	at sun.reflect.DelegatingConstructorAccessorImpl.newInstance(DelegatingConstructorAccessorImpl.java:45)
	at java.lang.reflect.Constructor.newInstance(Constructor.java:423)
	at org.openqa.selenium.remote.http.W3CHttpResponseCodec.createException(W3CHttpResponseCodec.java:187)
	at org.openqa.selenium.remote.http.W3CHttpResponseCodec.decode(W3CHttpResponseCodec.java:122)
	at org.openqa.selenium.remote.http.W3CHttpResponseCodec.decode(W3CHttpResponseCodec.java:49)
	at org.openqa.selenium.remote.HttpCommandExecutor.execute(HttpCommandExecutor.java:158)
	at org.openqa.selenium.remote.service.DriverCommandExecutor.execute(DriverCommandExecutor.java:83)
	at org.openqa.selenium.remote.RemoteWebDriver.execute(RemoteWebDriver.java:552)
	at org.openqa.selenium.remote.RemoteWebDriver.execute(RemoteWebDriver.java:609)
	at org.openqa.selenium.remote.RemoteWebDriver.getScreenshotAs(RemoteWebDriver.java:295)
	at Happy_Path_Patient_Web_and_MR.DemoPageContainer.afterScenario(DemoPageContainer.java:74)

]]></system-out>
    <system-err><![CDATA[org.openqa.selenium.WebDriverException: org.openqa.selenium.NoSuchSessionException: invalid session id
Build info: version: '3.141.59', revision: 'e82be7d358', time: '2018-11-14T08:17:03'
System info: host: 'LAPTOP-G0UQGSFP', ip: '192.168.199.43', os.name: 'Windows 11', os.arch: 'amd64', os.version: '10.0', java.version: '1.8.0_351'
Driver info: org.openqa.selenium.chrome.ChromeDriver
Capabilities {acceptInsecureCerts: false, browserName: chrome, browserVersion: 135.0.7049.85, chrome: {chromedriverVersion: 135.0.7049.84 (6c019e560019..., userDataDir: C:\Users\BHAANU~1\AppData\L...}, fedcm:accounts: true, goog:chromeOptions: {debuggerAddress: localhost:56801}, javascriptEnabled: true, networkConnectionEnabled: false, pageLoadStrategy: normal, platform: WINDOWS, platformName: WINDOWS, proxy: Proxy(), setWindowRect: true, strictFileInteractability: false, timeouts: {implicit: 0, pageLoad: 300000, script: 30000}, unhandledPromptBehavior: dismiss and notify, webauthn:extension:credBlob: true, webauthn:extension:largeBlob: true, webauthn:extension:minPinLength: true, webauthn:extension:prf: true, webauthn:virtualAuthenticators: true}
Session ID: cfaceeb228dae2bfffd3eb7a2c48880e
*** Element info: {Using=xpath, value=//button[@class='c-button-unstyled hamburger-menu-button']}
	at io.appium.java_client.pagefactory.AppiumElementLocator$WaitingFunction.apply(AppiumElementLocator.java:192)
	at io.appium.java_client.pagefactory.AppiumElementLocator$WaitingFunction.apply(AppiumElementLocator.java:1)
	at org.openqa.selenium.support.ui.FluentWait.until(FluentWait.java:249)
	at io.appium.java_client.pagefactory.AppiumElementLocator.waitFor(AppiumElementLocator.java:99)
	at io.appium.java_client.pagefactory.AppiumElementLocator.findElement(AppiumElementLocator.java:119)
	at io.appium.java_client.pagefactory.interceptors.InterceptorOfASingleElement.intercept(InterceptorOfASingleElement.java:59)
	at io.appium.java_client.windows.WindowsElement$$EnhancerByCGLIB$$7365f0b4.isDisplayed(<generated>)
	at cap.common.BasePage.verifyElement(BasePage.java:548)
	at Happy_Path_Patient_Web_and_MR.pages.BestBuyPage.clickOnMenuButton(BestBuyPage.java:704)
	at Happy_Path_Patient_Web_and_MR.stepDefinitions.BestBuySteps.asAUserIShouldClickOnMenuButton(BestBuySteps.java:104)
	at sun.reflect.NativeMethodAccessorImpl.invoke0(Native Method)
	at sun.reflect.NativeMethodAccessorImpl.invoke(NativeMethodAccessorImpl.java:62)
	at sun.reflect.DelegatingMethodAccessorImpl.invoke(DelegatingMethodAccessorImpl.java:43)
	at java.lang.reflect.Method.invoke(Method.java:498)
	at io.cucumber.java.Invoker.doInvoke(Invoker.java:66)
	at io.cucumber.java.Invoker.invoke(Invoker.java:24)
	at io.cucumber.java.AbstractGlueDefinition.invokeMethod(AbstractGlueDefinition.java:47)
	at io.cucumber.java.JavaStepDefinition.execute(JavaStepDefinition.java:29)
	at io.cucumber.core.runner.CoreStepDefinition.execute(CoreStepDefinition.java:66)
	at io.cucumber.core.runner.PickleStepDefinitionMatch.runStep(PickleStepDefinitionMatch.java:63)
	at io.cucumber.core.runner.ExecutionMode$1.execute(ExecutionMode.java:10)
	at io.cucumber.core.runner.TestStep.executeStep(TestStep.java:92)
	at io.cucumber.core.runner.TestStep.run(TestStep.java:64)
	at io.cucumber.core.runner.PickleStepTestStep.run(PickleStepTestStep.java:51)
	at io.cucumber.core.runner.TestCase.run(TestCase.java:104)
	at io.cucumber.core.runner.Runner.runPickle(Runner.java:73)
	at io.cucumber.testng.TestNGCucumberRunner.lambda$runScenario$0(TestNGCucumberRunner.java:117)
	at io.cucumber.core.runtime.CucumberExecutionContext.runTestCase(CucumberExecutionContext.java:117)
	at io.cucumber.testng.TestNGCucumberRunner.runScenario(TestNGCucumberRunner.java:114)
	at io.cucumber.testng.AbstractTestNGCucumberTests.runScenario(AbstractTestNGCucumberTests.java:31)
	at sun.reflect.NativeMethodAccessorImpl.invoke0(Native Method)
	at sun.reflect.NativeMethodAccessorImpl.invoke(NativeMethodAccessorImpl.java:62)
	at sun.reflect.DelegatingMethodAccessorImpl.invoke(DelegatingMethodAccessorImpl.java:43)
	at java.lang.reflect.Method.invoke(Method.java:498)
	at org.testng.internal.MethodInvocationHelper.invokeMethod(MethodInvocationHelper.java:133)
	at org.testng.internal.TestInvoker.invokeMethod(TestInvoker.java:598)
	at org.testng.internal.TestInvoker.invokeTestMethod(TestInvoker.java:173)
	at org.testng.internal.MethodRunner.runInSequence(MethodRunner.java:46)
	at org.testng.internal.TestInvoker$MethodInvocationAgent.invoke(TestInvoker.java:824)
	at org.testng.internal.TestInvoker.invokeTestMethods(TestInvoker.java:146)
	at org.testng.internal.TestMethodWorker.invokeTestMethods(TestMethodWorker.java:146)
	at org.testng.internal.TestMethodWorker.run(TestMethodWorker.java:128)
	at java.util.ArrayList.forEach(ArrayList.java:1259)
	at org.testng.TestRunner.privateRun(TestRunner.java:794)
	at org.testng.TestRunner.run(TestRunner.java:596)
	at org.testng.SuiteRunner.runTest(SuiteRunner.java:377)
	at org.testng.SuiteRunner.runSequentially(SuiteRunner.java:371)
	at org.testng.SuiteRunner.privateRun(SuiteRunner.java:332)
	at org.testng.SuiteRunner.run(SuiteRunner.java:276)
	at org.testng.SuiteRunnerWorker.runSuite(SuiteRunnerWorker.java:53)
	at org.testng.SuiteRunnerWorker.run(SuiteRunnerWorker.java:96)
	at org.testng.TestNG.runSuitesSequentially(TestNG.java:1212)
	at org.testng.TestNG.runSuitesLocally(TestNG.java:1134)
	at org.testng.TestNG.runSuites(TestNG.java:1063)
	at org.testng.TestNG.run(TestNG.java:1031)
	at org.apache.maven.surefire.testng.TestNGExecutor.run(TestNGExecutor.java:132)
	at org.apache.maven.surefire.testng.TestNGDirectoryTestSuite.executeSingleClass(TestNGDirectoryTestSuite.java:112)
	at org.apache.maven.surefire.testng.TestNGDirectoryTestSuite.execute(TestNGDirectoryTestSuite.java:99)
	at org.apache.maven.surefire.testng.TestNGProvider.invoke(TestNGProvider.java:147)
	at org.apache.maven.surefire.booter.ForkedBooter.invokeProviderInSameClassLoader(ForkedBooter.java:290)
	at org.apache.maven.surefire.booter.ForkedBooter.runSuitesInProcess(ForkedBooter.java:242)
	at org.apache.maven.surefire.booter.ForkedBooter.main(ForkedBooter.java:121)
Caused by: org.openqa.selenium.NoSuchSessionException: invalid session id
Build info: version: '3.141.59', revision: 'e82be7d358', time: '2018-11-14T08:17:03'
System info: host: 'LAPTOP-G0UQGSFP', ip: '192.168.199.43', os.name: 'Windows 11', os.arch: 'amd64', os.version: '10.0', java.version: '1.8.0_351'
Driver info: org.openqa.selenium.chrome.ChromeDriver
Capabilities {acceptInsecureCerts: false, browserName: chrome, browserVersion: 135.0.7049.85, chrome: {chromedriverVersion: 135.0.7049.84 (6c019e560019..., userDataDir: C:\Users\BHAANU~1\AppData\L...}, fedcm:accounts: true, goog:chromeOptions: {debuggerAddress: localhost:56801}, javascriptEnabled: true, networkConnectionEnabled: false, pageLoadStrategy: normal, platform: WINDOWS, platformName: WINDOWS, proxy: Proxy(), setWindowRect: true, strictFileInteractability: false, timeouts: {implicit: 0, pageLoad: 300000, script: 30000}, unhandledPromptBehavior: dismiss and notify, webauthn:extension:credBlob: true, webauthn:extension:largeBlob: true, webauthn:extension:minPinLength: true, webauthn:extension:prf: true, webauthn:virtualAuthenticators: true}
Session ID: cfaceeb228dae2bfffd3eb7a2c48880e
*** Element info: {Using=xpath, value=//button[@class='c-button-unstyled hamburger-menu-button']}
	at sun.reflect.GeneratedConstructorAccessor27.newInstance(Unknown Source)
	at sun.reflect.DelegatingConstructorAccessorImpl.newInstance(DelegatingConstructorAccessorImpl.java:45)
	at java.lang.reflect.Constructor.newInstance(Constructor.java:423)
	at org.openqa.selenium.remote.http.W3CHttpResponseCodec.createException(W3CHttpResponseCodec.java:187)
	at org.openqa.selenium.remote.http.W3CHttpResponseCodec.decode(W3CHttpResponseCodec.java:122)
	at org.openqa.selenium.remote.http.W3CHttpResponseCodec.decode(W3CHttpResponseCodec.java:49)
	at org.openqa.selenium.remote.HttpCommandExecutor.execute(HttpCommandExecutor.java:158)
	at org.openqa.selenium.remote.service.DriverCommandExecutor.execute(DriverCommandExecutor.java:83)
	at org.openqa.selenium.remote.RemoteWebDriver.execute(RemoteWebDriver.java:552)
	at org.openqa.selenium.remote.RemoteWebDriver.findElement(RemoteWebDriver.java:323)
	at org.openqa.selenium.remote.RemoteWebDriver.findElementByXPath(RemoteWebDriver.java:428)
	at org.openqa.selenium.By$ByXPath.findElement(By.java:353)
	at org.openqa.selenium.remote.RemoteWebDriver.findElement(RemoteWebDriver.java:315)
	at io.appium.java_client.pagefactory.bys.ContentMappedBy.findElement(ContentMappedBy.java:50)
	at org.openqa.selenium.remote.RemoteWebDriver.findElement(RemoteWebDriver.java:315)
	at io.appium.java_client.pagefactory.AppiumElementLocator.lambda$0(AppiumElementLocator.java:120)
	at io.appium.java_client.pagefactory.AppiumElementLocator$WaitingFunction.apply(AppiumElementLocator.java:172)
	... 61 more
]]></system-err>
  </testcase>
  <testcase name="runScenario" classname="Happy_Path_Patient_Web_and_MR.cukes.DemoWebBestBuy" time="0.073">
    <failure message="expected [true] but found [false]" type="java.lang.AssertionError">java.lang.AssertionError: expected [true] but found [false]
</failure>
    <system-out><![CDATA[
@WEB @TEST1 @TC_ID_1020
Scenario Outline: Navigate to Car Electronics & GPS and Validate Menu                                       # src/test/resources/features/BestBuyPurchase/1_GUVI_BestBuyPurchase.feature:178
ClickOnMenuButton catch false
  Given As a user i should click on Menu Button                                                             # Happy_Path_Patient_Web_and_MR.stepDefinitions.BestBuySteps.asAUserIShouldClickOnMenuButton()
      java.lang.AssertionError: expected [true] but found [false]
	at org.testng.Assert.fail(Assert.java:99)
	at org.testng.Assert.failNotEquals(Assert.java:1037)
	at org.testng.Assert.assertTrue(Assert.java:45)
	at org.testng.Assert.assertTrue(Assert.java:55)
	at Happy_Path_Patient_Web_and_MR.stepDefinitions.BestBuySteps.asAUserIShouldClickOnMenuButton(BestBuySteps.java:104)
	at âœ½.As a user i should click on Menu Button(file:///E:/ShareWebCopy_Guvi_BestBuy/src/test/resources/features/BestBuyPurchase/1_GUVI_BestBuyPurchase.feature:171)

  When I should click on Car Electronics & GPS Sub-menu                                                     # Happy_Path_Patient_Web_and_MR.stepDefinitions.BestBuySteps.iShouldClickOnCarElectronicsGPSSubMenu()
  Then I should get all the Car Electronics & GPS Sub Menu Pages and Validate the Sub Menus "&CEGSUBMENUS&" # Happy_Path_Patient_Web_and_MR.stepDefinitions.BestBuySteps.iShouldGetAllTheCarElectronicsGPSSubMenuPagesAndValidateTheSubMenus(java.lang.String)
  Then I should get all the Car Electronics & GPS Menu Pages and Validate the Menus "&CEGMENUS&"            # Happy_Path_Patient_Web_and_MR.stepDefinitions.BestBuySteps.iShouldGetAllTheCarElectronicsGPSMenuPagesAndValidateTheMenus(java.lang.String)
      org.openqa.selenium.NoSuchSessionException: invalid session id
Build info: version: '3.141.59', revision: 'e82be7d358', time: '2018-11-14T08:17:03'
System info: host: 'LAPTOP-G0UQGSFP', ip: '192.168.199.43', os.name: 'Windows 11', os.arch: 'amd64', os.version: '10.0', java.version: '1.8.0_351'
Driver info: org.openqa.selenium.chrome.ChromeDriver
Capabilities {acceptInsecureCerts: false, browserName: chrome, browserVersion: 135.0.7049.85, chrome: {chromedriverVersion: 135.0.7049.84 (6c019e560019..., userDataDir: C:\Users\BHAANU~1\AppData\L...}, fedcm:accounts: true, goog:chromeOptions: {debuggerAddress: localhost:56801}, javascriptEnabled: true, networkConnectionEnabled: false, pageLoadStrategy: normal, platform: WINDOWS, platformName: WINDOWS, proxy: Proxy(), setWindowRect: true, strictFileInteractability: false, timeouts: {implicit: 0, pageLoad: 300000, script: 30000}, unhandledPromptBehavior: dismiss and notify, webauthn:extension:credBlob: true, webauthn:extension:largeBlob: true, webauthn:extension:minPinLength: true, webauthn:extension:prf: true, webauthn:virtualAuthenticators: true}
Session ID: cfaceeb228dae2bfffd3eb7a2c48880e
	at sun.reflect.GeneratedConstructorAccessor27.newInstance(Unknown Source)
	at sun.reflect.DelegatingConstructorAccessorImpl.newInstance(DelegatingConstructorAccessorImpl.java:45)
	at java.lang.reflect.Constructor.newInstance(Constructor.java:423)
	at org.openqa.selenium.remote.http.W3CHttpResponseCodec.createException(W3CHttpResponseCodec.java:187)
	at org.openqa.selenium.remote.http.W3CHttpResponseCodec.decode(W3CHttpResponseCodec.java:122)
	at org.openqa.selenium.remote.http.W3CHttpResponseCodec.decode(W3CHttpResponseCodec.java:49)
	at org.openqa.selenium.remote.HttpCommandExecutor.execute(HttpCommandExecutor.java:158)
	at org.openqa.selenium.remote.service.DriverCommandExecutor.execute(DriverCommandExecutor.java:83)
	at org.openqa.selenium.remote.RemoteWebDriver.execute(RemoteWebDriver.java:552)
	at org.openqa.selenium.remote.RemoteWebDriver.execute(RemoteWebDriver.java:609)
	at org.openqa.selenium.remote.RemoteWebDriver.getScreenshotAs(RemoteWebDriver.java:295)
	at Happy_Path_Patient_Web_and_MR.DemoPageContainer.afterScenario(DemoPageContainer.java:74)

]]></system-out>
    <system-err><![CDATA[org.openqa.selenium.WebDriverException: org.openqa.selenium.NoSuchSessionException: invalid session id
Build info: version: '3.141.59', revision: 'e82be7d358', time: '2018-11-14T08:17:03'
System info: host: 'LAPTOP-G0UQGSFP', ip: '192.168.199.43', os.name: 'Windows 11', os.arch: 'amd64', os.version: '10.0', java.version: '1.8.0_351'
Driver info: org.openqa.selenium.chrome.ChromeDriver
Capabilities {acceptInsecureCerts: false, browserName: chrome, browserVersion: 135.0.7049.85, chrome: {chromedriverVersion: 135.0.7049.84 (6c019e560019..., userDataDir: C:\Users\BHAANU~1\AppData\L...}, fedcm:accounts: true, goog:chromeOptions: {debuggerAddress: localhost:56801}, javascriptEnabled: true, networkConnectionEnabled: false, pageLoadStrategy: normal, platform: WINDOWS, platformName: WINDOWS, proxy: Proxy(), setWindowRect: true, strictFileInteractability: false, timeouts: {implicit: 0, pageLoad: 300000, script: 30000}, unhandledPromptBehavior: dismiss and notify, webauthn:extension:credBlob: true, webauthn:extension:largeBlob: true, webauthn:extension:minPinLength: true, webauthn:extension:prf: true, webauthn:virtualAuthenticators: true}
Session ID: cfaceeb228dae2bfffd3eb7a2c48880e
*** Element info: {Using=xpath, value=//button[@class='c-button-unstyled hamburger-menu-button']}
	at io.appium.java_client.pagefactory.AppiumElementLocator$WaitingFunction.apply(AppiumElementLocator.java:192)
	at io.appium.java_client.pagefactory.AppiumElementLocator$WaitingFunction.apply(AppiumElementLocator.java:1)
	at org.openqa.selenium.support.ui.FluentWait.until(FluentWait.java:249)
	at io.appium.java_client.pagefactory.AppiumElementLocator.waitFor(AppiumElementLocator.java:99)
	at io.appium.java_client.pagefactory.AppiumElementLocator.findElement(AppiumElementLocator.java:119)
	at io.appium.java_client.pagefactory.interceptors.InterceptorOfASingleElement.intercept(InterceptorOfASingleElement.java:59)
	at io.appium.java_client.windows.WindowsElement$$EnhancerByCGLIB$$7365f0b4.isDisplayed(<generated>)
	at cap.common.BasePage.verifyElement(BasePage.java:548)
	at Happy_Path_Patient_Web_and_MR.pages.BestBuyPage.clickOnMenuButton(BestBuyPage.java:704)
	at Happy_Path_Patient_Web_and_MR.stepDefinitions.BestBuySteps.asAUserIShouldClickOnMenuButton(BestBuySteps.java:104)
	at sun.reflect.NativeMethodAccessorImpl.invoke0(Native Method)
	at sun.reflect.NativeMethodAccessorImpl.invoke(NativeMethodAccessorImpl.java:62)
	at sun.reflect.DelegatingMethodAccessorImpl.invoke(DelegatingMethodAccessorImpl.java:43)
	at java.lang.reflect.Method.invoke(Method.java:498)
	at io.cucumber.java.Invoker.doInvoke(Invoker.java:66)
	at io.cucumber.java.Invoker.invoke(Invoker.java:24)
	at io.cucumber.java.AbstractGlueDefinition.invokeMethod(AbstractGlueDefinition.java:47)
	at io.cucumber.java.JavaStepDefinition.execute(JavaStepDefinition.java:29)
	at io.cucumber.core.runner.CoreStepDefinition.execute(CoreStepDefinition.java:66)
	at io.cucumber.core.runner.PickleStepDefinitionMatch.runStep(PickleStepDefinitionMatch.java:63)
	at io.cucumber.core.runner.ExecutionMode$1.execute(ExecutionMode.java:10)
	at io.cucumber.core.runner.TestStep.executeStep(TestStep.java:92)
	at io.cucumber.core.runner.TestStep.run(TestStep.java:64)
	at io.cucumber.core.runner.PickleStepTestStep.run(PickleStepTestStep.java:51)
	at io.cucumber.core.runner.TestCase.run(TestCase.java:104)
	at io.cucumber.core.runner.Runner.runPickle(Runner.java:73)
	at io.cucumber.testng.TestNGCucumberRunner.lambda$runScenario$0(TestNGCucumberRunner.java:117)
	at io.cucumber.core.runtime.CucumberExecutionContext.runTestCase(CucumberExecutionContext.java:117)
	at io.cucumber.testng.TestNGCucumberRunner.runScenario(TestNGCucumberRunner.java:114)
	at io.cucumber.testng.AbstractTestNGCucumberTests.runScenario(AbstractTestNGCucumberTests.java:31)
	at sun.reflect.NativeMethodAccessorImpl.invoke0(Native Method)
	at sun.reflect.NativeMethodAccessorImpl.invoke(NativeMethodAccessorImpl.java:62)
	at sun.reflect.DelegatingMethodAccessorImpl.invoke(DelegatingMethodAccessorImpl.java:43)
	at java.lang.reflect.Method.invoke(Method.java:498)
	at org.testng.internal.MethodInvocationHelper.invokeMethod(MethodInvocationHelper.java:133)
	at org.testng.internal.TestInvoker.invokeMethod(TestInvoker.java:598)
	at org.testng.internal.TestInvoker.invokeTestMethod(TestInvoker.java:173)
	at org.testng.internal.MethodRunner.runInSequence(MethodRunner.java:46)
	at org.testng.internal.TestInvoker$MethodInvocationAgent.invoke(TestInvoker.java:824)
	at org.testng.internal.TestInvoker.invokeTestMethods(TestInvoker.java:146)
	at org.testng.internal.TestMethodWorker.invokeTestMethods(TestMethodWorker.java:146)
	at org.testng.internal.TestMethodWorker.run(TestMethodWorker.java:128)
	at java.util.ArrayList.forEach(ArrayList.java:1259)
	at org.testng.TestRunner.privateRun(TestRunner.java:794)
	at org.testng.TestRunner.run(TestRunner.java:596)
	at org.testng.SuiteRunner.runTest(SuiteRunner.java:377)
	at org.testng.SuiteRunner.runSequentially(SuiteRunner.java:371)
	at org.testng.SuiteRunner.privateRun(SuiteRunner.java:332)
	at org.testng.SuiteRunner.run(SuiteRunner.java:276)
	at org.testng.SuiteRunnerWorker.runSuite(SuiteRunnerWorker.java:53)
	at org.testng.SuiteRunnerWorker.run(SuiteRunnerWorker.java:96)
	at org.testng.TestNG.runSuitesSequentially(TestNG.java:1212)
	at org.testng.TestNG.runSuitesLocally(TestNG.java:1134)
	at org.testng.TestNG.runSuites(TestNG.java:1063)
	at org.testng.TestNG.run(TestNG.java:1031)
	at org.apache.maven.surefire.testng.TestNGExecutor.run(TestNGExecutor.java:132)
	at org.apache.maven.surefire.testng.TestNGDirectoryTestSuite.executeSingleClass(TestNGDirectoryTestSuite.java:112)
	at org.apache.maven.surefire.testng.TestNGDirectoryTestSuite.execute(TestNGDirectoryTestSuite.java:99)
	at org.apache.maven.surefire.testng.TestNGProvider.invoke(TestNGProvider.java:147)
	at org.apache.maven.surefire.booter.ForkedBooter.invokeProviderInSameClassLoader(ForkedBooter.java:290)
	at org.apache.maven.surefire.booter.ForkedBooter.runSuitesInProcess(ForkedBooter.java:242)
	at org.apache.maven.surefire.booter.ForkedBooter.main(ForkedBooter.java:121)
Caused by: org.openqa.selenium.NoSuchSessionException: invalid session id
Build info: version: '3.141.59', revision: 'e82be7d358', time: '2018-11-14T08:17:03'
System info: host: 'LAPTOP-G0UQGSFP', ip: '192.168.199.43', os.name: 'Windows 11', os.arch: 'amd64', os.version: '10.0', java.version: '1.8.0_351'
Driver info: org.openqa.selenium.chrome.ChromeDriver
Capabilities {acceptInsecureCerts: false, browserName: chrome, browserVersion: 135.0.7049.85, chrome: {chromedriverVersion: 135.0.7049.84 (6c019e560019..., userDataDir: C:\Users\BHAANU~1\AppData\L...}, fedcm:accounts: true, goog:chromeOptions: {debuggerAddress: localhost:56801}, javascriptEnabled: true, networkConnectionEnabled: false, pageLoadStrategy: normal, platform: WINDOWS, platformName: WINDOWS, proxy: Proxy(), setWindowRect: true, strictFileInteractability: false, timeouts: {implicit: 0, pageLoad: 300000, script: 30000}, unhandledPromptBehavior: dismiss and notify, webauthn:extension:credBlob: true, webauthn:extension:largeBlob: true, webauthn:extension:minPinLength: true, webauthn:extension:prf: true, webauthn:virtualAuthenticators: true}
Session ID: cfaceeb228dae2bfffd3eb7a2c48880e
*** Element info: {Using=xpath, value=//button[@class='c-button-unstyled hamburger-menu-button']}
	at sun.reflect.GeneratedConstructorAccessor27.newInstance(Unknown Source)
	at sun.reflect.DelegatingConstructorAccessorImpl.newInstance(DelegatingConstructorAccessorImpl.java:45)
	at java.lang.reflect.Constructor.newInstance(Constructor.java:423)
	at org.openqa.selenium.remote.http.W3CHttpResponseCodec.createException(W3CHttpResponseCodec.java:187)
	at org.openqa.selenium.remote.http.W3CHttpResponseCodec.decode(W3CHttpResponseCodec.java:122)
	at org.openqa.selenium.remote.http.W3CHttpResponseCodec.decode(W3CHttpResponseCodec.java:49)
	at org.openqa.selenium.remote.HttpCommandExecutor.execute(HttpCommandExecutor.java:158)
	at org.openqa.selenium.remote.service.DriverCommandExecutor.execute(DriverCommandExecutor.java:83)
	at org.openqa.selenium.remote.RemoteWebDriver.execute(RemoteWebDriver.java:552)
	at org.openqa.selenium.remote.RemoteWebDriver.findElement(RemoteWebDriver.java:323)
	at org.openqa.selenium.remote.RemoteWebDriver.findElementByXPath(RemoteWebDriver.java:428)
	at org.openqa.selenium.By$ByXPath.findElement(By.java:353)
	at org.openqa.selenium.remote.RemoteWebDriver.findElement(RemoteWebDriver.java:315)
	at io.appium.java_client.pagefactory.bys.ContentMappedBy.findElement(ContentMappedBy.java:50)
	at org.openqa.selenium.remote.RemoteWebDriver.findElement(RemoteWebDriver.java:315)
	at io.appium.java_client.pagefactory.AppiumElementLocator.lambda$0(AppiumElementLocator.java:120)
	at io.appium.java_client.pagefactory.AppiumElementLocator$WaitingFunction.apply(AppiumElementLocator.java:172)
	... 61 more
]]></system-err>
  </testcase>
  <testcase name="runScenario" classname="Happy_Path_Patient_Web_and_MR.cukes.DemoWebBestBuy" time="0.082">
    <failure message="expected [true] but found [false]" type="java.lang.AssertionError">java.lang.AssertionError: expected [true] but found [false]
</failure>
    <system-out><![CDATA[
@WEB @TEST1 @TC_ID_1021
Scenario Outline: Navigate to Wearable Technology and Validate Menu                                      # src/test/resources/features/BestBuyPurchase/1_GUVI_BestBuyPurchase.feature:189
ClickOnMenuButton catch false
  Given As a user i should click on Menu Button                                                          # Happy_Path_Patient_Web_and_MR.stepDefinitions.BestBuySteps.asAUserIShouldClickOnMenuButton()
      java.lang.AssertionError: expected [true] but found [false]
	at org.testng.Assert.fail(Assert.java:99)
	at org.testng.Assert.failNotEquals(Assert.java:1037)
	at org.testng.Assert.assertTrue(Assert.java:45)
	at org.testng.Assert.assertTrue(Assert.java:55)
	at Happy_Path_Patient_Web_and_MR.stepDefinitions.BestBuySteps.asAUserIShouldClickOnMenuButton(BestBuySteps.java:104)
	at âœ½.As a user i should click on Menu Button(file:///E:/ShareWebCopy_Guvi_BestBuy/src/test/resources/features/BestBuyPurchase/1_GUVI_BestBuyPurchase.feature:182)

  When I should click on Wearable Technology Sub-menu                                                    # Happy_Path_Patient_Web_and_MR.stepDefinitions.BestBuySteps.iShouldClickOnWearableTechnologySubMenu()
  Then I should get all the Wearable Technology Sub Menu Pages and Validate the Sub Menus "&WTSUBMENUS&" # Happy_Path_Patient_Web_and_MR.stepDefinitions.BestBuySteps.iShouldGetAllTheWearableTechnologySubMenuPagesAndValidateTheSubMenus(java.lang.String)
  Then I should get all the Wearable Technology Menu Pages and Validate the Menus "&WTMENUS&"            # Happy_Path_Patient_Web_and_MR.stepDefinitions.BestBuySteps.iShouldGetAllTheWearableTechnologyMenuPagesAndValidateTheMenus(java.lang.String)
      org.openqa.selenium.NoSuchSessionException: invalid session id
Build info: version: '3.141.59', revision: 'e82be7d358', time: '2018-11-14T08:17:03'
System info: host: 'LAPTOP-G0UQGSFP', ip: '192.168.199.43', os.name: 'Windows 11', os.arch: 'amd64', os.version: '10.0', java.version: '1.8.0_351'
Driver info: org.openqa.selenium.chrome.ChromeDriver
Capabilities {acceptInsecureCerts: false, browserName: chrome, browserVersion: 135.0.7049.85, chrome: {chromedriverVersion: 135.0.7049.84 (6c019e560019..., userDataDir: C:\Users\BHAANU~1\AppData\L...}, fedcm:accounts: true, goog:chromeOptions: {debuggerAddress: localhost:56801}, javascriptEnabled: true, networkConnectionEnabled: false, pageLoadStrategy: normal, platform: WINDOWS, platformName: WINDOWS, proxy: Proxy(), setWindowRect: true, strictFileInteractability: false, timeouts: {implicit: 0, pageLoad: 300000, script: 30000}, unhandledPromptBehavior: dismiss and notify, webauthn:extension:credBlob: true, webauthn:extension:largeBlob: true, webauthn:extension:minPinLength: true, webauthn:extension:prf: true, webauthn:virtualAuthenticators: true}
Session ID: cfaceeb228dae2bfffd3eb7a2c48880e
	at sun.reflect.GeneratedConstructorAccessor27.newInstance(Unknown Source)
	at sun.reflect.DelegatingConstructorAccessorImpl.newInstance(DelegatingConstructorAccessorImpl.java:45)
	at java.lang.reflect.Constructor.newInstance(Constructor.java:423)
	at org.openqa.selenium.remote.http.W3CHttpResponseCodec.createException(W3CHttpResponseCodec.java:187)
	at org.openqa.selenium.remote.http.W3CHttpResponseCodec.decode(W3CHttpResponseCodec.java:122)
	at org.openqa.selenium.remote.http.W3CHttpResponseCodec.decode(W3CHttpResponseCodec.java:49)
	at org.openqa.selenium.remote.HttpCommandExecutor.execute(HttpCommandExecutor.java:158)
	at org.openqa.selenium.remote.service.DriverCommandExecutor.execute(DriverCommandExecutor.java:83)
	at org.openqa.selenium.remote.RemoteWebDriver.execute(RemoteWebDriver.java:552)
	at org.openqa.selenium.remote.RemoteWebDriver.execute(RemoteWebDriver.java:609)
	at org.openqa.selenium.remote.RemoteWebDriver.getScreenshotAs(RemoteWebDriver.java:295)
	at Happy_Path_Patient_Web_and_MR.DemoPageContainer.afterScenario(DemoPageContainer.java:74)

]]></system-out>
    <system-err><![CDATA[org.openqa.selenium.WebDriverException: org.openqa.selenium.NoSuchSessionException: invalid session id
Build info: version: '3.141.59', revision: 'e82be7d358', time: '2018-11-14T08:17:03'
System info: host: 'LAPTOP-G0UQGSFP', ip: '192.168.199.43', os.name: 'Windows 11', os.arch: 'amd64', os.version: '10.0', java.version: '1.8.0_351'
Driver info: org.openqa.selenium.chrome.ChromeDriver
Capabilities {acceptInsecureCerts: false, browserName: chrome, browserVersion: 135.0.7049.85, chrome: {chromedriverVersion: 135.0.7049.84 (6c019e560019..., userDataDir: C:\Users\BHAANU~1\AppData\L...}, fedcm:accounts: true, goog:chromeOptions: {debuggerAddress: localhost:56801}, javascriptEnabled: true, networkConnectionEnabled: false, pageLoadStrategy: normal, platform: WINDOWS, platformName: WINDOWS, proxy: Proxy(), setWindowRect: true, strictFileInteractability: false, timeouts: {implicit: 0, pageLoad: 300000, script: 30000}, unhandledPromptBehavior: dismiss and notify, webauthn:extension:credBlob: true, webauthn:extension:largeBlob: true, webauthn:extension:minPinLength: true, webauthn:extension:prf: true, webauthn:virtualAuthenticators: true}
Session ID: cfaceeb228dae2bfffd3eb7a2c48880e
*** Element info: {Using=xpath, value=//button[@class='c-button-unstyled hamburger-menu-button']}
	at io.appium.java_client.pagefactory.AppiumElementLocator$WaitingFunction.apply(AppiumElementLocator.java:192)
	at io.appium.java_client.pagefactory.AppiumElementLocator$WaitingFunction.apply(AppiumElementLocator.java:1)
	at org.openqa.selenium.support.ui.FluentWait.until(FluentWait.java:249)
	at io.appium.java_client.pagefactory.AppiumElementLocator.waitFor(AppiumElementLocator.java:99)
	at io.appium.java_client.pagefactory.AppiumElementLocator.findElement(AppiumElementLocator.java:119)
	at io.appium.java_client.pagefactory.interceptors.InterceptorOfASingleElement.intercept(InterceptorOfASingleElement.java:59)
	at io.appium.java_client.windows.WindowsElement$$EnhancerByCGLIB$$7365f0b4.isDisplayed(<generated>)
	at cap.common.BasePage.verifyElement(BasePage.java:548)
	at Happy_Path_Patient_Web_and_MR.pages.BestBuyPage.clickOnMenuButton(BestBuyPage.java:704)
	at Happy_Path_Patient_Web_and_MR.stepDefinitions.BestBuySteps.asAUserIShouldClickOnMenuButton(BestBuySteps.java:104)
	at sun.reflect.NativeMethodAccessorImpl.invoke0(Native Method)
	at sun.reflect.NativeMethodAccessorImpl.invoke(NativeMethodAccessorImpl.java:62)
	at sun.reflect.DelegatingMethodAccessorImpl.invoke(DelegatingMethodAccessorImpl.java:43)
	at java.lang.reflect.Method.invoke(Method.java:498)
	at io.cucumber.java.Invoker.doInvoke(Invoker.java:66)
	at io.cucumber.java.Invoker.invoke(Invoker.java:24)
	at io.cucumber.java.AbstractGlueDefinition.invokeMethod(AbstractGlueDefinition.java:47)
	at io.cucumber.java.JavaStepDefinition.execute(JavaStepDefinition.java:29)
	at io.cucumber.core.runner.CoreStepDefinition.execute(CoreStepDefinition.java:66)
	at io.cucumber.core.runner.PickleStepDefinitionMatch.runStep(PickleStepDefinitionMatch.java:63)
	at io.cucumber.core.runner.ExecutionMode$1.execute(ExecutionMode.java:10)
	at io.cucumber.core.runner.TestStep.executeStep(TestStep.java:92)
	at io.cucumber.core.runner.TestStep.run(TestStep.java:64)
	at io.cucumber.core.runner.PickleStepTestStep.run(PickleStepTestStep.java:51)
	at io.cucumber.core.runner.TestCase.run(TestCase.java:104)
	at io.cucumber.core.runner.Runner.runPickle(Runner.java:73)
	at io.cucumber.testng.TestNGCucumberRunner.lambda$runScenario$0(TestNGCucumberRunner.java:117)
	at io.cucumber.core.runtime.CucumberExecutionContext.runTestCase(CucumberExecutionContext.java:117)
	at io.cucumber.testng.TestNGCucumberRunner.runScenario(TestNGCucumberRunner.java:114)
	at io.cucumber.testng.AbstractTestNGCucumberTests.runScenario(AbstractTestNGCucumberTests.java:31)
	at sun.reflect.GeneratedMethodAccessor98.invoke(Unknown Source)
	at sun.reflect.DelegatingMethodAccessorImpl.invoke(DelegatingMethodAccessorImpl.java:43)
	at java.lang.reflect.Method.invoke(Method.java:498)
	at org.testng.internal.MethodInvocationHelper.invokeMethod(MethodInvocationHelper.java:133)
	at org.testng.internal.TestInvoker.invokeMethod(TestInvoker.java:598)
	at org.testng.internal.TestInvoker.invokeTestMethod(TestInvoker.java:173)
	at org.testng.internal.MethodRunner.runInSequence(MethodRunner.java:46)
	at org.testng.internal.TestInvoker$MethodInvocationAgent.invoke(TestInvoker.java:824)
	at org.testng.internal.TestInvoker.invokeTestMethods(TestInvoker.java:146)
	at org.testng.internal.TestMethodWorker.invokeTestMethods(TestMethodWorker.java:146)
	at org.testng.internal.TestMethodWorker.run(TestMethodWorker.java:128)
	at java.util.ArrayList.forEach(ArrayList.java:1259)
	at org.testng.TestRunner.privateRun(TestRunner.java:794)
	at org.testng.TestRunner.run(TestRunner.java:596)
	at org.testng.SuiteRunner.runTest(SuiteRunner.java:377)
	at org.testng.SuiteRunner.runSequentially(SuiteRunner.java:371)
	at org.testng.SuiteRunner.privateRun(SuiteRunner.java:332)
	at org.testng.SuiteRunner.run(SuiteRunner.java:276)
	at org.testng.SuiteRunnerWorker.runSuite(SuiteRunnerWorker.java:53)
	at org.testng.SuiteRunnerWorker.run(SuiteRunnerWorker.java:96)
	at org.testng.TestNG.runSuitesSequentially(TestNG.java:1212)
	at org.testng.TestNG.runSuitesLocally(TestNG.java:1134)
	at org.testng.TestNG.runSuites(TestNG.java:1063)
	at org.testng.TestNG.run(TestNG.java:1031)
	at org.apache.maven.surefire.testng.TestNGExecutor.run(TestNGExecutor.java:132)
	at org.apache.maven.surefire.testng.TestNGDirectoryTestSuite.executeSingleClass(TestNGDirectoryTestSuite.java:112)
	at org.apache.maven.surefire.testng.TestNGDirectoryTestSuite.execute(TestNGDirectoryTestSuite.java:99)
	at org.apache.maven.surefire.testng.TestNGProvider.invoke(TestNGProvider.java:147)
	at org.apache.maven.surefire.booter.ForkedBooter.invokeProviderInSameClassLoader(ForkedBooter.java:290)
	at org.apache.maven.surefire.booter.ForkedBooter.runSuitesInProcess(ForkedBooter.java:242)
	at org.apache.maven.surefire.booter.ForkedBooter.main(ForkedBooter.java:121)
Caused by: org.openqa.selenium.NoSuchSessionException: invalid session id
Build info: version: '3.141.59', revision: 'e82be7d358', time: '2018-11-14T08:17:03'
System info: host: 'LAPTOP-G0UQGSFP', ip: '192.168.199.43', os.name: 'Windows 11', os.arch: 'amd64', os.version: '10.0', java.version: '1.8.0_351'
Driver info: org.openqa.selenium.chrome.ChromeDriver
Capabilities {acceptInsecureCerts: false, browserName: chrome, browserVersion: 135.0.7049.85, chrome: {chromedriverVersion: 135.0.7049.84 (6c019e560019..., userDataDir: C:\Users\BHAANU~1\AppData\L...}, fedcm:accounts: true, goog:chromeOptions: {debuggerAddress: localhost:56801}, javascriptEnabled: true, networkConnectionEnabled: false, pageLoadStrategy: normal, platform: WINDOWS, platformName: WINDOWS, proxy: Proxy(), setWindowRect: true, strictFileInteractability: false, timeouts: {implicit: 0, pageLoad: 300000, script: 30000}, unhandledPromptBehavior: dismiss and notify, webauthn:extension:credBlob: true, webauthn:extension:largeBlob: true, webauthn:extension:minPinLength: true, webauthn:extension:prf: true, webauthn:virtualAuthenticators: true}
Session ID: cfaceeb228dae2bfffd3eb7a2c48880e
*** Element info: {Using=xpath, value=//button[@class='c-button-unstyled hamburger-menu-button']}
	at sun.reflect.GeneratedConstructorAccessor27.newInstance(Unknown Source)
	at sun.reflect.DelegatingConstructorAccessorImpl.newInstance(DelegatingConstructorAccessorImpl.java:45)
	at java.lang.reflect.Constructor.newInstance(Constructor.java:423)
	at org.openqa.selenium.remote.http.W3CHttpResponseCodec.createException(W3CHttpResponseCodec.java:187)
	at org.openqa.selenium.remote.http.W3CHttpResponseCodec.decode(W3CHttpResponseCodec.java:122)
	at org.openqa.selenium.remote.http.W3CHttpResponseCodec.decode(W3CHttpResponseCodec.java:49)
	at org.openqa.selenium.remote.HttpCommandExecutor.execute(HttpCommandExecutor.java:158)
	at org.openqa.selenium.remote.service.DriverCommandExecutor.execute(DriverCommandExecutor.java:83)
	at org.openqa.selenium.remote.RemoteWebDriver.execute(RemoteWebDriver.java:552)
	at org.openqa.selenium.remote.RemoteWebDriver.findElement(RemoteWebDriver.java:323)
	at org.openqa.selenium.remote.RemoteWebDriver.findElementByXPath(RemoteWebDriver.java:428)
	at org.openqa.selenium.By$ByXPath.findElement(By.java:353)
	at org.openqa.selenium.remote.RemoteWebDriver.findElement(RemoteWebDriver.java:315)
	at io.appium.java_client.pagefactory.bys.ContentMappedBy.findElement(ContentMappedBy.java:50)
	at org.openqa.selenium.remote.RemoteWebDriver.findElement(RemoteWebDriver.java:315)
	at io.appium.java_client.pagefactory.AppiumElementLocator.lambda$0(AppiumElementLocator.java:120)
	at io.appium.java_client.pagefactory.AppiumElementLocator$WaitingFunction.apply(AppiumElementLocator.java:172)
	... 60 more
]]></system-err>
  </testcase>
  <testcase name="runScenario" classname="Happy_Path_Patient_Web_and_MR.cukes.DemoWebBestBuy" time="0.2">
    <failure message="expected [true] but found [false]" type="java.lang.AssertionError">java.lang.AssertionError: expected [true] but found [false]
</failure>
    <system-out><![CDATA[
@WEB @TEST1 @TC_ID_1022
Scenario Outline: Navigate to Health, Wellness & Fitness and Validate Menu                                       # src/test/resources/features/BestBuyPurchase/1_GUVI_BestBuyPurchase.feature:200
ClickOnMenuButton catch false
  Given As a user i should click on Menu Button                                                                  # Happy_Path_Patient_Web_and_MR.stepDefinitions.BestBuySteps.asAUserIShouldClickOnMenuButton()
      java.lang.AssertionError: expected [true] but found [false]
	at org.testng.Assert.fail(Assert.java:99)
	at org.testng.Assert.failNotEquals(Assert.java:1037)
	at org.testng.Assert.assertTrue(Assert.java:45)
	at org.testng.Assert.assertTrue(Assert.java:55)
	at Happy_Path_Patient_Web_and_MR.stepDefinitions.BestBuySteps.asAUserIShouldClickOnMenuButton(BestBuySteps.java:104)
	at âœ½.As a user i should click on Menu Button(file:///E:/ShareWebCopy_Guvi_BestBuy/src/test/resources/features/BestBuyPurchase/1_GUVI_BestBuyPurchase.feature:193)

  When I should click on Health, Wellness & Fitness Sub-menu                                                     # Happy_Path_Patient_Web_and_MR.stepDefinitions.BestBuySteps.iShouldClickOnHealthWellnessFitnessSubMenu()
  Then I should get all the Health, Wellness & Fitness Sub Menu Pages and Validate the Sub Menus "&HWFSUBMENUS&" # Happy_Path_Patient_Web_and_MR.stepDefinitions.BestBuySteps.iShouldGetAllTheHealthWellnessFitnessSubMenuPagesAndValidateTheSubMenus(java.lang.String)
  Then I should get all the Health, Wellness & Fitness Menu Pages and Validate the Menus "&HWFMENUS&"            # Happy_Path_Patient_Web_and_MR.stepDefinitions.BestBuySteps.iShouldGetAllTheHealthWellnessFitnessMenuPagesAndValidateTheMenus(java.lang.String)
      org.openqa.selenium.NoSuchSessionException: invalid session id
Build info: version: '3.141.59', revision: 'e82be7d358', time: '2018-11-14T08:17:03'
System info: host: 'LAPTOP-G0UQGSFP', ip: '192.168.199.43', os.name: 'Windows 11', os.arch: 'amd64', os.version: '10.0', java.version: '1.8.0_351'
Driver info: org.openqa.selenium.chrome.ChromeDriver
Capabilities {acceptInsecureCerts: false, browserName: chrome, browserVersion: 135.0.7049.85, chrome: {chromedriverVersion: 135.0.7049.84 (6c019e560019..., userDataDir: C:\Users\BHAANU~1\AppData\L...}, fedcm:accounts: true, goog:chromeOptions: {debuggerAddress: localhost:56801}, javascriptEnabled: true, networkConnectionEnabled: false, pageLoadStrategy: normal, platform: WINDOWS, platformName: WINDOWS, proxy: Proxy(), setWindowRect: true, strictFileInteractability: false, timeouts: {implicit: 0, pageLoad: 300000, script: 30000}, unhandledPromptBehavior: dismiss and notify, webauthn:extension:credBlob: true, webauthn:extension:largeBlob: true, webauthn:extension:minPinLength: true, webauthn:extension:prf: true, webauthn:virtualAuthenticators: true}
Session ID: cfaceeb228dae2bfffd3eb7a2c48880e
	at sun.reflect.GeneratedConstructorAccessor27.newInstance(Unknown Source)
	at sun.reflect.DelegatingConstructorAccessorImpl.newInstance(DelegatingConstructorAccessorImpl.java:45)
	at java.lang.reflect.Constructor.newInstance(Constructor.java:423)
	at org.openqa.selenium.remote.http.W3CHttpResponseCodec.createException(W3CHttpResponseCodec.java:187)
	at org.openqa.selenium.remote.http.W3CHttpResponseCodec.decode(W3CHttpResponseCodec.java:122)
	at org.openqa.selenium.remote.http.W3CHttpResponseCodec.decode(W3CHttpResponseCodec.java:49)
	at org.openqa.selenium.remote.HttpCommandExecutor.execute(HttpCommandExecutor.java:158)
	at org.openqa.selenium.remote.service.DriverCommandExecutor.execute(DriverCommandExecutor.java:83)
	at org.openqa.selenium.remote.RemoteWebDriver.execute(RemoteWebDriver.java:552)
	at org.openqa.selenium.remote.RemoteWebDriver.execute(RemoteWebDriver.java:609)
	at org.openqa.selenium.remote.RemoteWebDriver.getScreenshotAs(RemoteWebDriver.java:295)
	at Happy_Path_Patient_Web_and_MR.DemoPageContainer.afterScenario(DemoPageContainer.java:74)

]]></system-out>
    <system-err><![CDATA[org.openqa.selenium.WebDriverException: org.openqa.selenium.NoSuchSessionException: invalid session id
Build info: version: '3.141.59', revision: 'e82be7d358', time: '2018-11-14T08:17:03'
System info: host: 'LAPTOP-G0UQGSFP', ip: '192.168.199.43', os.name: 'Windows 11', os.arch: 'amd64', os.version: '10.0', java.version: '1.8.0_351'
Driver info: org.openqa.selenium.chrome.ChromeDriver
Capabilities {acceptInsecureCerts: false, browserName: chrome, browserVersion: 135.0.7049.85, chrome: {chromedriverVersion: 135.0.7049.84 (6c019e560019..., userDataDir: C:\Users\BHAANU~1\AppData\L...}, fedcm:accounts: true, goog:chromeOptions: {debuggerAddress: localhost:56801}, javascriptEnabled: true, networkConnectionEnabled: false, pageLoadStrategy: normal, platform: WINDOWS, platformName: WINDOWS, proxy: Proxy(), setWindowRect: true, strictFileInteractability: false, timeouts: {implicit: 0, pageLoad: 300000, script: 30000}, unhandledPromptBehavior: dismiss and notify, webauthn:extension:credBlob: true, webauthn:extension:largeBlob: true, webauthn:extension:minPinLength: true, webauthn:extension:prf: true, webauthn:virtualAuthenticators: true}
Session ID: cfaceeb228dae2bfffd3eb7a2c48880e
*** Element info: {Using=xpath, value=//button[@class='c-button-unstyled hamburger-menu-button']}
	at io.appium.java_client.pagefactory.AppiumElementLocator$WaitingFunction.apply(AppiumElementLocator.java:192)
	at io.appium.java_client.pagefactory.AppiumElementLocator$WaitingFunction.apply(AppiumElementLocator.java:1)
	at org.openqa.selenium.support.ui.FluentWait.until(FluentWait.java:249)
	at io.appium.java_client.pagefactory.AppiumElementLocator.waitFor(AppiumElementLocator.java:99)
	at io.appium.java_client.pagefactory.AppiumElementLocator.findElement(AppiumElementLocator.java:119)
	at io.appium.java_client.pagefactory.interceptors.InterceptorOfASingleElement.intercept(InterceptorOfASingleElement.java:59)
	at io.appium.java_client.windows.WindowsElement$$EnhancerByCGLIB$$7365f0b4.isDisplayed(<generated>)
	at cap.common.BasePage.verifyElement(BasePage.java:548)
	at Happy_Path_Patient_Web_and_MR.pages.BestBuyPage.clickOnMenuButton(BestBuyPage.java:704)
	at Happy_Path_Patient_Web_and_MR.stepDefinitions.BestBuySteps.asAUserIShouldClickOnMenuButton(BestBuySteps.java:104)
	at sun.reflect.NativeMethodAccessorImpl.invoke0(Native Method)
	at sun.reflect.NativeMethodAccessorImpl.invoke(NativeMethodAccessorImpl.java:62)
	at sun.reflect.DelegatingMethodAccessorImpl.invoke(DelegatingMethodAccessorImpl.java:43)
	at java.lang.reflect.Method.invoke(Method.java:498)
	at io.cucumber.java.Invoker.doInvoke(Invoker.java:66)
	at io.cucumber.java.Invoker.invoke(Invoker.java:24)
	at io.cucumber.java.AbstractGlueDefinition.invokeMethod(AbstractGlueDefinition.java:47)
	at io.cucumber.java.JavaStepDefinition.execute(JavaStepDefinition.java:29)
	at io.cucumber.core.runner.CoreStepDefinition.execute(CoreStepDefinition.java:66)
	at io.cucumber.core.runner.PickleStepDefinitionMatch.runStep(PickleStepDefinitionMatch.java:63)
	at io.cucumber.core.runner.ExecutionMode$1.execute(ExecutionMode.java:10)
	at io.cucumber.core.runner.TestStep.executeStep(TestStep.java:92)
	at io.cucumber.core.runner.TestStep.run(TestStep.java:64)
	at io.cucumber.core.runner.PickleStepTestStep.run(PickleStepTestStep.java:51)
	at io.cucumber.core.runner.TestCase.run(TestCase.java:104)
	at io.cucumber.core.runner.Runner.runPickle(Runner.java:73)
	at io.cucumber.testng.TestNGCucumberRunner.lambda$runScenario$0(TestNGCucumberRunner.java:117)
	at io.cucumber.core.runtime.CucumberExecutionContext.runTestCase(CucumberExecutionContext.java:117)
	at io.cucumber.testng.TestNGCucumberRunner.runScenario(TestNGCucumberRunner.java:114)
	at io.cucumber.testng.AbstractTestNGCucumberTests.runScenario(AbstractTestNGCucumberTests.java:31)
	at sun.reflect.GeneratedMethodAccessor98.invoke(Unknown Source)
	at sun.reflect.DelegatingMethodAccessorImpl.invoke(DelegatingMethodAccessorImpl.java:43)
	at java.lang.reflect.Method.invoke(Method.java:498)
	at org.testng.internal.MethodInvocationHelper.invokeMethod(MethodInvocationHelper.java:133)
	at org.testng.internal.TestInvoker.invokeMethod(TestInvoker.java:598)
	at org.testng.internal.TestInvoker.invokeTestMethod(TestInvoker.java:173)
	at org.testng.internal.MethodRunner.runInSequence(MethodRunner.java:46)
	at org.testng.internal.TestInvoker$MethodInvocationAgent.invoke(TestInvoker.java:824)
	at org.testng.internal.TestInvoker.invokeTestMethods(TestInvoker.java:146)
	at org.testng.internal.TestMethodWorker.invokeTestMethods(TestMethodWorker.java:146)
	at org.testng.internal.TestMethodWorker.run(TestMethodWorker.java:128)
	at java.util.ArrayList.forEach(ArrayList.java:1259)
	at org.testng.TestRunner.privateRun(TestRunner.java:794)
	at org.testng.TestRunner.run(TestRunner.java:596)
	at org.testng.SuiteRunner.runTest(SuiteRunner.java:377)
	at org.testng.SuiteRunner.runSequentially(SuiteRunner.java:371)
	at org.testng.SuiteRunner.privateRun(SuiteRunner.java:332)
	at org.testng.SuiteRunner.run(SuiteRunner.java:276)
	at org.testng.SuiteRunnerWorker.runSuite(SuiteRunnerWorker.java:53)
	at org.testng.SuiteRunnerWorker.run(SuiteRunnerWorker.java:96)
	at org.testng.TestNG.runSuitesSequentially(TestNG.java:1212)
	at org.testng.TestNG.runSuitesLocally(TestNG.java:1134)
	at org.testng.TestNG.runSuites(TestNG.java:1063)
	at org.testng.TestNG.run(TestNG.java:1031)
	at org.apache.maven.surefire.testng.TestNGExecutor.run(TestNGExecutor.java:132)
	at org.apache.maven.surefire.testng.TestNGDirectoryTestSuite.executeSingleClass(TestNGDirectoryTestSuite.java:112)
	at org.apache.maven.surefire.testng.TestNGDirectoryTestSuite.execute(TestNGDirectoryTestSuite.java:99)
	at org.apache.maven.surefire.testng.TestNGProvider.invoke(TestNGProvider.java:147)
	at org.apache.maven.surefire.booter.ForkedBooter.invokeProviderInSameClassLoader(ForkedBooter.java:290)
	at org.apache.maven.surefire.booter.ForkedBooter.runSuitesInProcess(ForkedBooter.java:242)
	at org.apache.maven.surefire.booter.ForkedBooter.main(ForkedBooter.java:121)
Caused by: org.openqa.selenium.NoSuchSessionException: invalid session id
Build info: version: '3.141.59', revision: 'e82be7d358', time: '2018-11-14T08:17:03'
System info: host: 'LAPTOP-G0UQGSFP', ip: '192.168.199.43', os.name: 'Windows 11', os.arch: 'amd64', os.version: '10.0', java.version: '1.8.0_351'
Driver info: org.openqa.selenium.chrome.ChromeDriver
Capabilities {acceptInsecureCerts: false, browserName: chrome, browserVersion: 135.0.7049.85, chrome: {chromedriverVersion: 135.0.7049.84 (6c019e560019..., userDataDir: C:\Users\BHAANU~1\AppData\L...}, fedcm:accounts: true, goog:chromeOptions: {debuggerAddress: localhost:56801}, javascriptEnabled: true, networkConnectionEnabled: false, pageLoadStrategy: normal, platform: WINDOWS, platformName: WINDOWS, proxy: Proxy(), setWindowRect: true, strictFileInteractability: false, timeouts: {implicit: 0, pageLoad: 300000, script: 30000}, unhandledPromptBehavior: dismiss and notify, webauthn:extension:credBlob: true, webauthn:extension:largeBlob: true, webauthn:extension:minPinLength: true, webauthn:extension:prf: true, webauthn:virtualAuthenticators: true}
Session ID: cfaceeb228dae2bfffd3eb7a2c48880e
*** Element info: {Using=xpath, value=//button[@class='c-button-unstyled hamburger-menu-button']}
	at sun.reflect.GeneratedConstructorAccessor27.newInstance(Unknown Source)
	at sun.reflect.DelegatingConstructorAccessorImpl.newInstance(DelegatingConstructorAccessorImpl.java:45)
	at java.lang.reflect.Constructor.newInstance(Constructor.java:423)
	at org.openqa.selenium.remote.http.W3CHttpResponseCodec.createException(W3CHttpResponseCodec.java:187)
	at org.openqa.selenium.remote.http.W3CHttpResponseCodec.decode(W3CHttpResponseCodec.java:122)
	at org.openqa.selenium.remote.http.W3CHttpResponseCodec.decode(W3CHttpResponseCodec.java:49)
	at org.openqa.selenium.remote.HttpCommandExecutor.execute(HttpCommandExecutor.java:158)
	at org.openqa.selenium.remote.service.DriverCommandExecutor.execute(DriverCommandExecutor.java:83)
	at org.openqa.selenium.remote.RemoteWebDriver.execute(RemoteWebDriver.java:552)
	at org.openqa.selenium.remote.RemoteWebDriver.findElement(RemoteWebDriver.java:323)
	at org.openqa.selenium.remote.RemoteWebDriver.findElementByXPath(RemoteWebDriver.java:428)
	at org.openqa.selenium.By$ByXPath.findElement(By.java:353)
	at org.openqa.selenium.remote.RemoteWebDriver.findElement(RemoteWebDriver.java:315)
	at io.appium.java_client.pagefactory.bys.ContentMappedBy.findElement(ContentMappedBy.java:50)
	at org.openqa.selenium.remote.RemoteWebDriver.findElement(RemoteWebDriver.java:315)
	at io.appium.java_client.pagefactory.AppiumElementLocator.lambda$0(AppiumElementLocator.java:120)
	at io.appium.java_client.pagefactory.AppiumElementLocator$WaitingFunction.apply(AppiumElementLocator.java:172)
	... 60 more
]]></system-err>
  </testcase>
  <testcase name="runScenario" classname="Happy_Path_Patient_Web_and_MR.cukes.DemoWebBestBuy" time="0.122">
    <failure message="expected [true] but found [false]" type="java.lang.AssertionError">java.lang.AssertionError: expected [true] but found [false]
</failure>
    <system-out><![CDATA[
@WEB @TEST1 @TC_ID_1023
Scenario Outline: Navigate to Outdoor Living and Validate Menu                                      # src/test/resources/features/BestBuyPurchase/1_GUVI_BestBuyPurchase.feature:211
ClickOnMenuButton catch false
  Given As a user i should click on Menu Button                                                     # Happy_Path_Patient_Web_and_MR.stepDefinitions.BestBuySteps.asAUserIShouldClickOnMenuButton()
      java.lang.AssertionError: expected [true] but found [false]
	at org.testng.Assert.fail(Assert.java:99)
	at org.testng.Assert.failNotEquals(Assert.java:1037)
	at org.testng.Assert.assertTrue(Assert.java:45)
	at org.testng.Assert.assertTrue(Assert.java:55)
	at Happy_Path_Patient_Web_and_MR.stepDefinitions.BestBuySteps.asAUserIShouldClickOnMenuButton(BestBuySteps.java:104)
	at âœ½.As a user i should click on Menu Button(file:///E:/ShareWebCopy_Guvi_BestBuy/src/test/resources/features/BestBuyPurchase/1_GUVI_BestBuyPurchase.feature:204)

  When I should click on Outdoor Living Sub-menu                                                    # Happy_Path_Patient_Web_and_MR.stepDefinitions.BestBuySteps.iShouldClickOnOutdoorLivingSubMenu()
  Then I should get all the Outdoor Living Sub Menu Pages and Validate the Sub Menus "&OLSUBMENUS&" # Happy_Path_Patient_Web_and_MR.stepDefinitions.BestBuySteps.iShouldGetAllTheOutdoorLivingSubMenuPagesAndValidateTheSubMenus(java.lang.String)
  Then I should get all the Outdoor Living Menu Pages and Validate the Menus "&OLMENUS&"            # Happy_Path_Patient_Web_and_MR.stepDefinitions.BestBuySteps.iShouldGetAllTheOutdoorLivingMenuPagesAndValidateTheMenus(java.lang.String)
      org.openqa.selenium.NoSuchSessionException: invalid session id
Build info: version: '3.141.59', revision: 'e82be7d358', time: '2018-11-14T08:17:03'
System info: host: 'LAPTOP-G0UQGSFP', ip: '192.168.199.43', os.name: 'Windows 11', os.arch: 'amd64', os.version: '10.0', java.version: '1.8.0_351'
Driver info: org.openqa.selenium.chrome.ChromeDriver
Capabilities {acceptInsecureCerts: false, browserName: chrome, browserVersion: 135.0.7049.85, chrome: {chromedriverVersion: 135.0.7049.84 (6c019e560019..., userDataDir: C:\Users\BHAANU~1\AppData\L...}, fedcm:accounts: true, goog:chromeOptions: {debuggerAddress: localhost:56801}, javascriptEnabled: true, networkConnectionEnabled: false, pageLoadStrategy: normal, platform: WINDOWS, platformName: WINDOWS, proxy: Proxy(), setWindowRect: true, strictFileInteractability: false, timeouts: {implicit: 0, pageLoad: 300000, script: 30000}, unhandledPromptBehavior: dismiss and notify, webauthn:extension:credBlob: true, webauthn:extension:largeBlob: true, webauthn:extension:minPinLength: true, webauthn:extension:prf: true, webauthn:virtualAuthenticators: true}
Session ID: cfaceeb228dae2bfffd3eb7a2c48880e
	at sun.reflect.GeneratedConstructorAccessor27.newInstance(Unknown Source)
	at sun.reflect.DelegatingConstructorAccessorImpl.newInstance(DelegatingConstructorAccessorImpl.java:45)
	at java.lang.reflect.Constructor.newInstance(Constructor.java:423)
	at org.openqa.selenium.remote.http.W3CHttpResponseCodec.createException(W3CHttpResponseCodec.java:187)
	at org.openqa.selenium.remote.http.W3CHttpResponseCodec.decode(W3CHttpResponseCodec.java:122)
	at org.openqa.selenium.remote.http.W3CHttpResponseCodec.decode(W3CHttpResponseCodec.java:49)
	at org.openqa.selenium.remote.HttpCommandExecutor.execute(HttpCommandExecutor.java:158)
	at org.openqa.selenium.remote.service.DriverCommandExecutor.execute(DriverCommandExecutor.java:83)
	at org.openqa.selenium.remote.RemoteWebDriver.execute(RemoteWebDriver.java:552)
	at org.openqa.selenium.remote.RemoteWebDriver.execute(RemoteWebDriver.java:609)
	at org.openqa.selenium.remote.RemoteWebDriver.getScreenshotAs(RemoteWebDriver.java:295)
	at Happy_Path_Patient_Web_and_MR.DemoPageContainer.afterScenario(DemoPageContainer.java:74)

]]></system-out>
    <system-err><![CDATA[org.openqa.selenium.WebDriverException: org.openqa.selenium.NoSuchSessionException: invalid session id
Build info: version: '3.141.59', revision: 'e82be7d358', time: '2018-11-14T08:17:03'
System info: host: 'LAPTOP-G0UQGSFP', ip: '192.168.199.43', os.name: 'Windows 11', os.arch: 'amd64', os.version: '10.0', java.version: '1.8.0_351'
Driver info: org.openqa.selenium.chrome.ChromeDriver
Capabilities {acceptInsecureCerts: false, browserName: chrome, browserVersion: 135.0.7049.85, chrome: {chromedriverVersion: 135.0.7049.84 (6c019e560019..., userDataDir: C:\Users\BHAANU~1\AppData\L...}, fedcm:accounts: true, goog:chromeOptions: {debuggerAddress: localhost:56801}, javascriptEnabled: true, networkConnectionEnabled: false, pageLoadStrategy: normal, platform: WINDOWS, platformName: WINDOWS, proxy: Proxy(), setWindowRect: true, strictFileInteractability: false, timeouts: {implicit: 0, pageLoad: 300000, script: 30000}, unhandledPromptBehavior: dismiss and notify, webauthn:extension:credBlob: true, webauthn:extension:largeBlob: true, webauthn:extension:minPinLength: true, webauthn:extension:prf: true, webauthn:virtualAuthenticators: true}
Session ID: cfaceeb228dae2bfffd3eb7a2c48880e
*** Element info: {Using=xpath, value=//button[@class='c-button-unstyled hamburger-menu-button']}
	at io.appium.java_client.pagefactory.AppiumElementLocator$WaitingFunction.apply(AppiumElementLocator.java:192)
	at io.appium.java_client.pagefactory.AppiumElementLocator$WaitingFunction.apply(AppiumElementLocator.java:1)
	at org.openqa.selenium.support.ui.FluentWait.until(FluentWait.java:249)
	at io.appium.java_client.pagefactory.AppiumElementLocator.waitFor(AppiumElementLocator.java:99)
	at io.appium.java_client.pagefactory.AppiumElementLocator.findElement(AppiumElementLocator.java:119)
	at io.appium.java_client.pagefactory.interceptors.InterceptorOfASingleElement.intercept(InterceptorOfASingleElement.java:59)
	at io.appium.java_client.windows.WindowsElement$$EnhancerByCGLIB$$7365f0b4.isDisplayed(<generated>)
	at cap.common.BasePage.verifyElement(BasePage.java:548)
	at Happy_Path_Patient_Web_and_MR.pages.BestBuyPage.clickOnMenuButton(BestBuyPage.java:704)
	at Happy_Path_Patient_Web_and_MR.stepDefinitions.BestBuySteps.asAUserIShouldClickOnMenuButton(BestBuySteps.java:104)
	at sun.reflect.NativeMethodAccessorImpl.invoke0(Native Method)
	at sun.reflect.NativeMethodAccessorImpl.invoke(NativeMethodAccessorImpl.java:62)
	at sun.reflect.DelegatingMethodAccessorImpl.invoke(DelegatingMethodAccessorImpl.java:43)
	at java.lang.reflect.Method.invoke(Method.java:498)
	at io.cucumber.java.Invoker.doInvoke(Invoker.java:66)
	at io.cucumber.java.Invoker.invoke(Invoker.java:24)
	at io.cucumber.java.AbstractGlueDefinition.invokeMethod(AbstractGlueDefinition.java:47)
	at io.cucumber.java.JavaStepDefinition.execute(JavaStepDefinition.java:29)
	at io.cucumber.core.runner.CoreStepDefinition.execute(CoreStepDefinition.java:66)
	at io.cucumber.core.runner.PickleStepDefinitionMatch.runStep(PickleStepDefinitionMatch.java:63)
	at io.cucumber.core.runner.ExecutionMode$1.execute(ExecutionMode.java:10)
	at io.cucumber.core.runner.TestStep.executeStep(TestStep.java:92)
	at io.cucumber.core.runner.TestStep.run(TestStep.java:64)
	at io.cucumber.core.runner.PickleStepTestStep.run(PickleStepTestStep.java:51)
	at io.cucumber.core.runner.TestCase.run(TestCase.java:104)
	at io.cucumber.core.runner.Runner.runPickle(Runner.java:73)
	at io.cucumber.testng.TestNGCucumberRunner.lambda$runScenario$0(TestNGCucumberRunner.java:117)
	at io.cucumber.core.runtime.CucumberExecutionContext.runTestCase(CucumberExecutionContext.java:117)
	at io.cucumber.testng.TestNGCucumberRunner.runScenario(TestNGCucumberRunner.java:114)
	at io.cucumber.testng.AbstractTestNGCucumberTests.runScenario(AbstractTestNGCucumberTests.java:31)
	at sun.reflect.GeneratedMethodAccessor98.invoke(Unknown Source)
	at sun.reflect.DelegatingMethodAccessorImpl.invoke(DelegatingMethodAccessorImpl.java:43)
	at java.lang.reflect.Method.invoke(Method.java:498)
	at org.testng.internal.MethodInvocationHelper.invokeMethod(MethodInvocationHelper.java:133)
	at org.testng.internal.TestInvoker.invokeMethod(TestInvoker.java:598)
	at org.testng.internal.TestInvoker.invokeTestMethod(TestInvoker.java:173)
	at org.testng.internal.MethodRunner.runInSequence(MethodRunner.java:46)
	at org.testng.internal.TestInvoker$MethodInvocationAgent.invoke(TestInvoker.java:824)
	at org.testng.internal.TestInvoker.invokeTestMethods(TestInvoker.java:146)
	at org.testng.internal.TestMethodWorker.invokeTestMethods(TestMethodWorker.java:146)
	at org.testng.internal.TestMethodWorker.run(TestMethodWorker.java:128)
	at java.util.ArrayList.forEach(ArrayList.java:1259)
	at org.testng.TestRunner.privateRun(TestRunner.java:794)
	at org.testng.TestRunner.run(TestRunner.java:596)
	at org.testng.SuiteRunner.runTest(SuiteRunner.java:377)
	at org.testng.SuiteRunner.runSequentially(SuiteRunner.java:371)
	at org.testng.SuiteRunner.privateRun(SuiteRunner.java:332)
	at org.testng.SuiteRunner.run(SuiteRunner.java:276)
	at org.testng.SuiteRunnerWorker.runSuite(SuiteRunnerWorker.java:53)
	at org.testng.SuiteRunnerWorker.run(SuiteRunnerWorker.java:96)
	at org.testng.TestNG.runSuitesSequentially(TestNG.java:1212)
	at org.testng.TestNG.runSuitesLocally(TestNG.java:1134)
	at org.testng.TestNG.runSuites(TestNG.java:1063)
	at org.testng.TestNG.run(TestNG.java:1031)
	at org.apache.maven.surefire.testng.TestNGExecutor.run(TestNGExecutor.java:132)
	at org.apache.maven.surefire.testng.TestNGDirectoryTestSuite.executeSingleClass(TestNGDirectoryTestSuite.java:112)
	at org.apache.maven.surefire.testng.TestNGDirectoryTestSuite.execute(TestNGDirectoryTestSuite.java:99)
	at org.apache.maven.surefire.testng.TestNGProvider.invoke(TestNGProvider.java:147)
	at org.apache.maven.surefire.booter.ForkedBooter.invokeProviderInSameClassLoader(ForkedBooter.java:290)
	at org.apache.maven.surefire.booter.ForkedBooter.runSuitesInProcess(ForkedBooter.java:242)
	at org.apache.maven.surefire.booter.ForkedBooter.main(ForkedBooter.java:121)
Caused by: org.openqa.selenium.NoSuchSessionException: invalid session id
Build info: version: '3.141.59', revision: 'e82be7d358', time: '2018-11-14T08:17:03'
System info: host: 'LAPTOP-G0UQGSFP', ip: '192.168.199.43', os.name: 'Windows 11', os.arch: 'amd64', os.version: '10.0', java.version: '1.8.0_351'
Driver info: org.openqa.selenium.chrome.ChromeDriver
Capabilities {acceptInsecureCerts: false, browserName: chrome, browserVersion: 135.0.7049.85, chrome: {chromedriverVersion: 135.0.7049.84 (6c019e560019..., userDataDir: C:\Users\BHAANU~1\AppData\L...}, fedcm:accounts: true, goog:chromeOptions: {debuggerAddress: localhost:56801}, javascriptEnabled: true, networkConnectionEnabled: false, pageLoadStrategy: normal, platform: WINDOWS, platformName: WINDOWS, proxy: Proxy(), setWindowRect: true, strictFileInteractability: false, timeouts: {implicit: 0, pageLoad: 300000, script: 30000}, unhandledPromptBehavior: dismiss and notify, webauthn:extension:credBlob: true, webauthn:extension:largeBlob: true, webauthn:extension:minPinLength: true, webauthn:extension:prf: true, webauthn:virtualAuthenticators: true}
Session ID: cfaceeb228dae2bfffd3eb7a2c48880e
*** Element info: {Using=xpath, value=//button[@class='c-button-unstyled hamburger-menu-button']}
	at sun.reflect.GeneratedConstructorAccessor27.newInstance(Unknown Source)
	at sun.reflect.DelegatingConstructorAccessorImpl.newInstance(DelegatingConstructorAccessorImpl.java:45)
	at java.lang.reflect.Constructor.newInstance(Constructor.java:423)
	at org.openqa.selenium.remote.http.W3CHttpResponseCodec.createException(W3CHttpResponseCodec.java:187)
	at org.openqa.selenium.remote.http.W3CHttpResponseCodec.decode(W3CHttpResponseCodec.java:122)
	at org.openqa.selenium.remote.http.W3CHttpResponseCodec.decode(W3CHttpResponseCodec.java:49)
	at org.openqa.selenium.remote.HttpCommandExecutor.execute(HttpCommandExecutor.java:158)
	at org.openqa.selenium.remote.service.DriverCommandExecutor.execute(DriverCommandExecutor.java:83)
	at org.openqa.selenium.remote.RemoteWebDriver.execute(RemoteWebDriver.java:552)
	at org.openqa.selenium.remote.RemoteWebDriver.findElement(RemoteWebDriver.java:323)
	at org.openqa.selenium.remote.RemoteWebDriver.findElementByXPath(RemoteWebDriver.java:428)
	at org.openqa.selenium.By$ByXPath.findElement(By.java:353)
	at org.openqa.selenium.remote.RemoteWebDriver.findElement(RemoteWebDriver.java:315)
	at io.appium.java_client.pagefactory.bys.ContentMappedBy.findElement(ContentMappedBy.java:50)
	at org.openqa.selenium.remote.RemoteWebDriver.findElement(RemoteWebDriver.java:315)
	at io.appium.java_client.pagefactory.AppiumElementLocator.lambda$0(AppiumElementLocator.java:120)
	at io.appium.java_client.pagefactory.AppiumElementLocator$WaitingFunction.apply(AppiumElementLocator.java:172)
	... 60 more
]]></system-err>
  </testcase>
  <testcase name="runScenario" classname="Happy_Path_Patient_Web_and_MR.cukes.DemoWebBestBuy" time="0.08">
    <failure message="expected [true] but found [false]" type="java.lang.AssertionError">java.lang.AssertionError: expected [true] but found [false]
</failure>
    <system-out><![CDATA[
@WEB @TEST1 @TC_ID_1024
Scenario Outline: Navigate to Toys, Games & Collectibles and Validate Menu                                       # src/test/resources/features/BestBuyPurchase/1_GUVI_BestBuyPurchase.feature:222
ClickOnMenuButton catch false
  Given As a user i should click on Menu Button                                                                  # Happy_Path_Patient_Web_and_MR.stepDefinitions.BestBuySteps.asAUserIShouldClickOnMenuButton()
      java.lang.AssertionError: expected [true] but found [false]
	at org.testng.Assert.fail(Assert.java:99)
	at org.testng.Assert.failNotEquals(Assert.java:1037)
	at org.testng.Assert.assertTrue(Assert.java:45)
	at org.testng.Assert.assertTrue(Assert.java:55)
	at Happy_Path_Patient_Web_and_MR.stepDefinitions.BestBuySteps.asAUserIShouldClickOnMenuButton(BestBuySteps.java:104)
	at âœ½.As a user i should click on Menu Button(file:///E:/ShareWebCopy_Guvi_BestBuy/src/test/resources/features/BestBuyPurchase/1_GUVI_BestBuyPurchase.feature:215)

  When I should click on Toys, Games & Collectibles Sub-menu                                                     # Happy_Path_Patient_Web_and_MR.stepDefinitions.BestBuySteps.iShouldClickOnToysGamesCollectiblesSubMenu()
  Then I should get all the Toys, Games & Collectibles Sub Menu Pages and Validate the Sub Menus "&TGCSUBMENUS&" # Happy_Path_Patient_Web_and_MR.stepDefinitions.BestBuySteps.iShouldGetAllTheToysGamesCollectiblesSubMenuPagesAndValidateTheSubMenus(java.lang.String)
  Then I should get all the Toys, Games & Collectibles Menu Pages and Validate the Menus "&TGCMENUS&"            # Happy_Path_Patient_Web_and_MR.stepDefinitions.BestBuySteps.iShouldGetAllTheToysGamesCollectiblesMenuPagesAndValidateTheMenus(java.lang.String)
      org.openqa.selenium.NoSuchSessionException: invalid session id
Build info: version: '3.141.59', revision: 'e82be7d358', time: '2018-11-14T08:17:03'
System info: host: 'LAPTOP-G0UQGSFP', ip: '192.168.199.43', os.name: 'Windows 11', os.arch: 'amd64', os.version: '10.0', java.version: '1.8.0_351'
Driver info: org.openqa.selenium.chrome.ChromeDriver
Capabilities {acceptInsecureCerts: false, browserName: chrome, browserVersion: 135.0.7049.85, chrome: {chromedriverVersion: 135.0.7049.84 (6c019e560019..., userDataDir: C:\Users\BHAANU~1\AppData\L...}, fedcm:accounts: true, goog:chromeOptions: {debuggerAddress: localhost:56801}, javascriptEnabled: true, networkConnectionEnabled: false, pageLoadStrategy: normal, platform: WINDOWS, platformName: WINDOWS, proxy: Proxy(), setWindowRect: true, strictFileInteractability: false, timeouts: {implicit: 0, pageLoad: 300000, script: 30000}, unhandledPromptBehavior: dismiss and notify, webauthn:extension:credBlob: true, webauthn:extension:largeBlob: true, webauthn:extension:minPinLength: true, webauthn:extension:prf: true, webauthn:virtualAuthenticators: true}
Session ID: cfaceeb228dae2bfffd3eb7a2c48880e
	at sun.reflect.GeneratedConstructorAccessor27.newInstance(Unknown Source)
	at sun.reflect.DelegatingConstructorAccessorImpl.newInstance(DelegatingConstructorAccessorImpl.java:45)
	at java.lang.reflect.Constructor.newInstance(Constructor.java:423)
	at org.openqa.selenium.remote.http.W3CHttpResponseCodec.createException(W3CHttpResponseCodec.java:187)
	at org.openqa.selenium.remote.http.W3CHttpResponseCodec.decode(W3CHttpResponseCodec.java:122)
	at org.openqa.selenium.remote.http.W3CHttpResponseCodec.decode(W3CHttpResponseCodec.java:49)
	at org.openqa.selenium.remote.HttpCommandExecutor.execute(HttpCommandExecutor.java:158)
	at org.openqa.selenium.remote.service.DriverCommandExecutor.execute(DriverCommandExecutor.java:83)
	at org.openqa.selenium.remote.RemoteWebDriver.execute(RemoteWebDriver.java:552)
	at org.openqa.selenium.remote.RemoteWebDriver.execute(RemoteWebDriver.java:609)
	at org.openqa.selenium.remote.RemoteWebDriver.getScreenshotAs(RemoteWebDriver.java:295)
	at Happy_Path_Patient_Web_and_MR.DemoPageContainer.afterScenario(DemoPageContainer.java:74)

]]></system-out>
    <system-err><![CDATA[org.openqa.selenium.WebDriverException: org.openqa.selenium.NoSuchSessionException: invalid session id
Build info: version: '3.141.59', revision: 'e82be7d358', time: '2018-11-14T08:17:03'
System info: host: 'LAPTOP-G0UQGSFP', ip: '192.168.199.43', os.name: 'Windows 11', os.arch: 'amd64', os.version: '10.0', java.version: '1.8.0_351'
Driver info: org.openqa.selenium.chrome.ChromeDriver
Capabilities {acceptInsecureCerts: false, browserName: chrome, browserVersion: 135.0.7049.85, chrome: {chromedriverVersion: 135.0.7049.84 (6c019e560019..., userDataDir: C:\Users\BHAANU~1\AppData\L...}, fedcm:accounts: true, goog:chromeOptions: {debuggerAddress: localhost:56801}, javascriptEnabled: true, networkConnectionEnabled: false, pageLoadStrategy: normal, platform: WINDOWS, platformName: WINDOWS, proxy: Proxy(), setWindowRect: true, strictFileInteractability: false, timeouts: {implicit: 0, pageLoad: 300000, script: 30000}, unhandledPromptBehavior: dismiss and notify, webauthn:extension:credBlob: true, webauthn:extension:largeBlob: true, webauthn:extension:minPinLength: true, webauthn:extension:prf: true, webauthn:virtualAuthenticators: true}
Session ID: cfaceeb228dae2bfffd3eb7a2c48880e
*** Element info: {Using=xpath, value=//button[@class='c-button-unstyled hamburger-menu-button']}
	at io.appium.java_client.pagefactory.AppiumElementLocator$WaitingFunction.apply(AppiumElementLocator.java:192)
	at io.appium.java_client.pagefactory.AppiumElementLocator$WaitingFunction.apply(AppiumElementLocator.java:1)
	at org.openqa.selenium.support.ui.FluentWait.until(FluentWait.java:249)
	at io.appium.java_client.pagefactory.AppiumElementLocator.waitFor(AppiumElementLocator.java:99)
	at io.appium.java_client.pagefactory.AppiumElementLocator.findElement(AppiumElementLocator.java:119)
	at io.appium.java_client.pagefactory.interceptors.InterceptorOfASingleElement.intercept(InterceptorOfASingleElement.java:59)
	at io.appium.java_client.windows.WindowsElement$$EnhancerByCGLIB$$7365f0b4.isDisplayed(<generated>)
	at cap.common.BasePage.verifyElement(BasePage.java:548)
	at Happy_Path_Patient_Web_and_MR.pages.BestBuyPage.clickOnMenuButton(BestBuyPage.java:704)
	at Happy_Path_Patient_Web_and_MR.stepDefinitions.BestBuySteps.asAUserIShouldClickOnMenuButton(BestBuySteps.java:104)
	at sun.reflect.GeneratedMethodAccessor110.invoke(Unknown Source)
	at sun.reflect.DelegatingMethodAccessorImpl.invoke(DelegatingMethodAccessorImpl.java:43)
	at java.lang.reflect.Method.invoke(Method.java:498)
	at io.cucumber.java.Invoker.doInvoke(Invoker.java:66)
	at io.cucumber.java.Invoker.invoke(Invoker.java:24)
	at io.cucumber.java.AbstractGlueDefinition.invokeMethod(AbstractGlueDefinition.java:47)
	at io.cucumber.java.JavaStepDefinition.execute(JavaStepDefinition.java:29)
	at io.cucumber.core.runner.CoreStepDefinition.execute(CoreStepDefinition.java:66)
	at io.cucumber.core.runner.PickleStepDefinitionMatch.runStep(PickleStepDefinitionMatch.java:63)
	at io.cucumber.core.runner.ExecutionMode$1.execute(ExecutionMode.java:10)
	at io.cucumber.core.runner.TestStep.executeStep(TestStep.java:92)
	at io.cucumber.core.runner.TestStep.run(TestStep.java:64)
	at io.cucumber.core.runner.PickleStepTestStep.run(PickleStepTestStep.java:51)
	at io.cucumber.core.runner.TestCase.run(TestCase.java:104)
	at io.cucumber.core.runner.Runner.runPickle(Runner.java:73)
	at io.cucumber.testng.TestNGCucumberRunner.lambda$runScenario$0(TestNGCucumberRunner.java:117)
	at io.cucumber.core.runtime.CucumberExecutionContext.runTestCase(CucumberExecutionContext.java:117)
	at io.cucumber.testng.TestNGCucumberRunner.runScenario(TestNGCucumberRunner.java:114)
	at io.cucumber.testng.AbstractTestNGCucumberTests.runScenario(AbstractTestNGCucumberTests.java:31)
	at sun.reflect.GeneratedMethodAccessor98.invoke(Unknown Source)
	at sun.reflect.DelegatingMethodAccessorImpl.invoke(DelegatingMethodAccessorImpl.java:43)
	at java.lang.reflect.Method.invoke(Method.java:498)
	at org.testng.internal.MethodInvocationHelper.invokeMethod(MethodInvocationHelper.java:133)
	at org.testng.internal.TestInvoker.invokeMethod(TestInvoker.java:598)
	at org.testng.internal.TestInvoker.invokeTestMethod(TestInvoker.java:173)
	at org.testng.internal.MethodRunner.runInSequence(MethodRunner.java:46)
	at org.testng.internal.TestInvoker$MethodInvocationAgent.invoke(TestInvoker.java:824)
	at org.testng.internal.TestInvoker.invokeTestMethods(TestInvoker.java:146)
	at org.testng.internal.TestMethodWorker.invokeTestMethods(TestMethodWorker.java:146)
	at org.testng.internal.TestMethodWorker.run(TestMethodWorker.java:128)
	at java.util.ArrayList.forEach(ArrayList.java:1259)
	at org.testng.TestRunner.privateRun(TestRunner.java:794)
	at org.testng.TestRunner.run(TestRunner.java:596)
	at org.testng.SuiteRunner.runTest(SuiteRunner.java:377)
	at org.testng.SuiteRunner.runSequentially(SuiteRunner.java:371)
	at org.testng.SuiteRunner.privateRun(SuiteRunner.java:332)
	at org.testng.SuiteRunner.run(SuiteRunner.java:276)
	at org.testng.SuiteRunnerWorker.runSuite(SuiteRunnerWorker.java:53)
	at org.testng.SuiteRunnerWorker.run(SuiteRunnerWorker.java:96)
	at org.testng.TestNG.runSuitesSequentially(TestNG.java:1212)
	at org.testng.TestNG.runSuitesLocally(TestNG.java:1134)
	at org.testng.TestNG.runSuites(TestNG.java:1063)
	at org.testng.TestNG.run(TestNG.java:1031)
	at org.apache.maven.surefire.testng.TestNGExecutor.run(TestNGExecutor.java:132)
	at org.apache.maven.surefire.testng.TestNGDirectoryTestSuite.executeSingleClass(TestNGDirectoryTestSuite.java:112)
	at org.apache.maven.surefire.testng.TestNGDirectoryTestSuite.execute(TestNGDirectoryTestSuite.java:99)
	at org.apache.maven.surefire.testng.TestNGProvider.invoke(TestNGProvider.java:147)
	at org.apache.maven.surefire.booter.ForkedBooter.invokeProviderInSameClassLoader(ForkedBooter.java:290)
	at org.apache.maven.surefire.booter.ForkedBooter.runSuitesInProcess(ForkedBooter.java:242)
	at org.apache.maven.surefire.booter.ForkedBooter.main(ForkedBooter.java:121)
Caused by: org.openqa.selenium.NoSuchSessionException: invalid session id
Build info: version: '3.141.59', revision: 'e82be7d358', time: '2018-11-14T08:17:03'
System info: host: 'LAPTOP-G0UQGSFP', ip: '192.168.199.43', os.name: 'Windows 11', os.arch: 'amd64', os.version: '10.0', java.version: '1.8.0_351'
Driver info: org.openqa.selenium.chrome.ChromeDriver
Capabilities {acceptInsecureCerts: false, browserName: chrome, browserVersion: 135.0.7049.85, chrome: {chromedriverVersion: 135.0.7049.84 (6c019e560019..., userDataDir: C:\Users\BHAANU~1\AppData\L...}, fedcm:accounts: true, goog:chromeOptions: {debuggerAddress: localhost:56801}, javascriptEnabled: true, networkConnectionEnabled: false, pageLoadStrategy: normal, platform: WINDOWS, platformName: WINDOWS, proxy: Proxy(), setWindowRect: true, strictFileInteractability: false, timeouts: {implicit: 0, pageLoad: 300000, script: 30000}, unhandledPromptBehavior: dismiss and notify, webauthn:extension:credBlob: true, webauthn:extension:largeBlob: true, webauthn:extension:minPinLength: true, webauthn:extension:prf: true, webauthn:virtualAuthenticators: true}
Session ID: cfaceeb228dae2bfffd3eb7a2c48880e
*** Element info: {Using=xpath, value=//button[@class='c-button-unstyled hamburger-menu-button']}
	at sun.reflect.GeneratedConstructorAccessor27.newInstance(Unknown Source)
	at sun.reflect.DelegatingConstructorAccessorImpl.newInstance(DelegatingConstructorAccessorImpl.java:45)
	at java.lang.reflect.Constructor.newInstance(Constructor.java:423)
	at org.openqa.selenium.remote.http.W3CHttpResponseCodec.createException(W3CHttpResponseCodec.java:187)
	at org.openqa.selenium.remote.http.W3CHttpResponseCodec.decode(W3CHttpResponseCodec.java:122)
	at org.openqa.selenium.remote.http.W3CHttpResponseCodec.decode(W3CHttpResponseCodec.java:49)
	at org.openqa.selenium.remote.HttpCommandExecutor.execute(HttpCommandExecutor.java:158)
	at org.openqa.selenium.remote.service.DriverCommandExecutor.execute(DriverCommandExecutor.java:83)
	at org.openqa.selenium.remote.RemoteWebDriver.execute(RemoteWebDriver.java:552)
	at org.openqa.selenium.remote.RemoteWebDriver.findElement(RemoteWebDriver.java:323)
	at org.openqa.selenium.remote.RemoteWebDriver.findElementByXPath(RemoteWebDriver.java:428)
	at org.openqa.selenium.By$ByXPath.findElement(By.java:353)
	at org.openqa.selenium.remote.RemoteWebDriver.findElement(RemoteWebDriver.java:315)
	at io.appium.java_client.pagefactory.bys.ContentMappedBy.findElement(ContentMappedBy.java:50)
	at org.openqa.selenium.remote.RemoteWebDriver.findElement(RemoteWebDriver.java:315)
	at io.appium.java_client.pagefactory.AppiumElementLocator.lambda$0(AppiumElementLocator.java:120)
	at io.appium.java_client.pagefactory.AppiumElementLocator$WaitingFunction.apply(AppiumElementLocator.java:172)
	... 59 more
]]></system-err>
  </testcase>
  <testcase name="runScenario" classname="Happy_Path_Patient_Web_and_MR.cukes.DemoWebBestBuy" time="0.074">
    <failure message="expected [true] but found [false]" type="java.lang.AssertionError">java.lang.AssertionError: expected [true] but found [false]
</failure>
    <system-out><![CDATA[
@WEB @TEST1 @TC_ID_1025
Scenario Outline: Navigate to Electric Transportation and Validate Menu                                      # src/test/resources/features/BestBuyPurchase/1_GUVI_BestBuyPurchase.feature:233
ClickOnMenuButton catch false
  Given As a user i should click on Menu Button                                                              # Happy_Path_Patient_Web_and_MR.stepDefinitions.BestBuySteps.asAUserIShouldClickOnMenuButton()
      java.lang.AssertionError: expected [true] but found [false]
	at org.testng.Assert.fail(Assert.java:99)
	at org.testng.Assert.failNotEquals(Assert.java:1037)
	at org.testng.Assert.assertTrue(Assert.java:45)
	at org.testng.Assert.assertTrue(Assert.java:55)
	at Happy_Path_Patient_Web_and_MR.stepDefinitions.BestBuySteps.asAUserIShouldClickOnMenuButton(BestBuySteps.java:104)
	at âœ½.As a user i should click on Menu Button(file:///E:/ShareWebCopy_Guvi_BestBuy/src/test/resources/features/BestBuyPurchase/1_GUVI_BestBuyPurchase.feature:226)

  When I should click on Electric Transportation Sub-menu                                                    # Happy_Path_Patient_Web_and_MR.stepDefinitions.BestBuySteps.iShouldClickOnElectricTransportationSubMenu()
  Then I should get all the Electric Transportation Sub Menu Pages and Validate the Sub Menus "&ETSUBMENUS&" # Happy_Path_Patient_Web_and_MR.stepDefinitions.BestBuySteps.iShouldGetAllTheElectricTransportationSubMenuPagesAndValidateTheSubMenus(java.lang.String)
  Then I should get all the Electric Transportation Menu Pages and Validate the Menus "&ETMENUS&"            # Happy_Path_Patient_Web_and_MR.stepDefinitions.BestBuySteps.iShouldGetAllTheElectricTransportationMenuPagesAndValidateTheMenus(java.lang.String)
      org.openqa.selenium.NoSuchSessionException: invalid session id
Build info: version: '3.141.59', revision: 'e82be7d358', time: '2018-11-14T08:17:03'
System info: host: 'LAPTOP-G0UQGSFP', ip: '192.168.199.43', os.name: 'Windows 11', os.arch: 'amd64', os.version: '10.0', java.version: '1.8.0_351'
Driver info: org.openqa.selenium.chrome.ChromeDriver
Capabilities {acceptInsecureCerts: false, browserName: chrome, browserVersion: 135.0.7049.85, chrome: {chromedriverVersion: 135.0.7049.84 (6c019e560019..., userDataDir: C:\Users\BHAANU~1\AppData\L...}, fedcm:accounts: true, goog:chromeOptions: {debuggerAddress: localhost:56801}, javascriptEnabled: true, networkConnectionEnabled: false, pageLoadStrategy: normal, platform: WINDOWS, platformName: WINDOWS, proxy: Proxy(), setWindowRect: true, strictFileInteractability: false, timeouts: {implicit: 0, pageLoad: 300000, script: 30000}, unhandledPromptBehavior: dismiss and notify, webauthn:extension:credBlob: true, webauthn:extension:largeBlob: true, webauthn:extension:minPinLength: true, webauthn:extension:prf: true, webauthn:virtualAuthenticators: true}
Session ID: cfaceeb228dae2bfffd3eb7a2c48880e
	at sun.reflect.GeneratedConstructorAccessor27.newInstance(Unknown Source)
	at sun.reflect.DelegatingConstructorAccessorImpl.newInstance(DelegatingConstructorAccessorImpl.java:45)
	at java.lang.reflect.Constructor.newInstance(Constructor.java:423)
	at org.openqa.selenium.remote.http.W3CHttpResponseCodec.createException(W3CHttpResponseCodec.java:187)
	at org.openqa.selenium.remote.http.W3CHttpResponseCodec.decode(W3CHttpResponseCodec.java:122)
	at org.openqa.selenium.remote.http.W3CHttpResponseCodec.decode(W3CHttpResponseCodec.java:49)
	at org.openqa.selenium.remote.HttpCommandExecutor.execute(HttpCommandExecutor.java:158)
	at org.openqa.selenium.remote.service.DriverCommandExecutor.execute(DriverCommandExecutor.java:83)
	at org.openqa.selenium.remote.RemoteWebDriver.execute(RemoteWebDriver.java:552)
	at org.openqa.selenium.remote.RemoteWebDriver.execute(RemoteWebDriver.java:609)
	at org.openqa.selenium.remote.RemoteWebDriver.getScreenshotAs(RemoteWebDriver.java:295)
	at Happy_Path_Patient_Web_and_MR.DemoPageContainer.afterScenario(DemoPageContainer.java:74)

]]></system-out>
    <system-err><![CDATA[org.openqa.selenium.WebDriverException: org.openqa.selenium.NoSuchSessionException: invalid session id
Build info: version: '3.141.59', revision: 'e82be7d358', time: '2018-11-14T08:17:03'
System info: host: 'LAPTOP-G0UQGSFP', ip: '192.168.199.43', os.name: 'Windows 11', os.arch: 'amd64', os.version: '10.0', java.version: '1.8.0_351'
Driver info: org.openqa.selenium.chrome.ChromeDriver
Capabilities {acceptInsecureCerts: false, browserName: chrome, browserVersion: 135.0.7049.85, chrome: {chromedriverVersion: 135.0.7049.84 (6c019e560019..., userDataDir: C:\Users\BHAANU~1\AppData\L...}, fedcm:accounts: true, goog:chromeOptions: {debuggerAddress: localhost:56801}, javascriptEnabled: true, networkConnectionEnabled: false, pageLoadStrategy: normal, platform: WINDOWS, platformName: WINDOWS, proxy: Proxy(), setWindowRect: true, strictFileInteractability: false, timeouts: {implicit: 0, pageLoad: 300000, script: 30000}, unhandledPromptBehavior: dismiss and notify, webauthn:extension:credBlob: true, webauthn:extension:largeBlob: true, webauthn:extension:minPinLength: true, webauthn:extension:prf: true, webauthn:virtualAuthenticators: true}
Session ID: cfaceeb228dae2bfffd3eb7a2c48880e
*** Element info: {Using=xpath, value=//button[@class='c-button-unstyled hamburger-menu-button']}
	at io.appium.java_client.pagefactory.AppiumElementLocator$WaitingFunction.apply(AppiumElementLocator.java:192)
	at io.appium.java_client.pagefactory.AppiumElementLocator$WaitingFunction.apply(AppiumElementLocator.java:1)
	at org.openqa.selenium.support.ui.FluentWait.until(FluentWait.java:249)
	at io.appium.java_client.pagefactory.AppiumElementLocator.waitFor(AppiumElementLocator.java:99)
	at io.appium.java_client.pagefactory.AppiumElementLocator.findElement(AppiumElementLocator.java:119)
	at io.appium.java_client.pagefactory.interceptors.InterceptorOfASingleElement.intercept(InterceptorOfASingleElement.java:59)
	at io.appium.java_client.windows.WindowsElement$$EnhancerByCGLIB$$7365f0b4.isDisplayed(<generated>)
	at cap.common.BasePage.verifyElement(BasePage.java:548)
	at Happy_Path_Patient_Web_and_MR.pages.BestBuyPage.clickOnMenuButton(BestBuyPage.java:704)
	at Happy_Path_Patient_Web_and_MR.stepDefinitions.BestBuySteps.asAUserIShouldClickOnMenuButton(BestBuySteps.java:104)
	at sun.reflect.GeneratedMethodAccessor110.invoke(Unknown Source)
	at sun.reflect.DelegatingMethodAccessorImpl.invoke(DelegatingMethodAccessorImpl.java:43)
	at java.lang.reflect.Method.invoke(Method.java:498)
	at io.cucumber.java.Invoker.doInvoke(Invoker.java:66)
	at io.cucumber.java.Invoker.invoke(Invoker.java:24)
	at io.cucumber.java.AbstractGlueDefinition.invokeMethod(AbstractGlueDefinition.java:47)
	at io.cucumber.java.JavaStepDefinition.execute(JavaStepDefinition.java:29)
	at io.cucumber.core.runner.CoreStepDefinition.execute(CoreStepDefinition.java:66)
	at io.cucumber.core.runner.PickleStepDefinitionMatch.runStep(PickleStepDefinitionMatch.java:63)
	at io.cucumber.core.runner.ExecutionMode$1.execute(ExecutionMode.java:10)
	at io.cucumber.core.runner.TestStep.executeStep(TestStep.java:92)
	at io.cucumber.core.runner.TestStep.run(TestStep.java:64)
	at io.cucumber.core.runner.PickleStepTestStep.run(PickleStepTestStep.java:51)
	at io.cucumber.core.runner.TestCase.run(TestCase.java:104)
	at io.cucumber.core.runner.Runner.runPickle(Runner.java:73)
	at io.cucumber.testng.TestNGCucumberRunner.lambda$runScenario$0(TestNGCucumberRunner.java:117)
	at io.cucumber.core.runtime.CucumberExecutionContext.runTestCase(CucumberExecutionContext.java:117)
	at io.cucumber.testng.TestNGCucumberRunner.runScenario(TestNGCucumberRunner.java:114)
	at io.cucumber.testng.AbstractTestNGCucumberTests.runScenario(AbstractTestNGCucumberTests.java:31)
	at sun.reflect.GeneratedMethodAccessor98.invoke(Unknown Source)
	at sun.reflect.DelegatingMethodAccessorImpl.invoke(DelegatingMethodAccessorImpl.java:43)
	at java.lang.reflect.Method.invoke(Method.java:498)
	at org.testng.internal.MethodInvocationHelper.invokeMethod(MethodInvocationHelper.java:133)
	at org.testng.internal.TestInvoker.invokeMethod(TestInvoker.java:598)
	at org.testng.internal.TestInvoker.invokeTestMethod(TestInvoker.java:173)
	at org.testng.internal.MethodRunner.runInSequence(MethodRunner.java:46)
	at org.testng.internal.TestInvoker$MethodInvocationAgent.invoke(TestInvoker.java:824)
	at org.testng.internal.TestInvoker.invokeTestMethods(TestInvoker.java:146)
	at org.testng.internal.TestMethodWorker.invokeTestMethods(TestMethodWorker.java:146)
	at org.testng.internal.TestMethodWorker.run(TestMethodWorker.java:128)
	at java.util.ArrayList.forEach(ArrayList.java:1259)
	at org.testng.TestRunner.privateRun(TestRunner.java:794)
	at org.testng.TestRunner.run(TestRunner.java:596)
	at org.testng.SuiteRunner.runTest(SuiteRunner.java:377)
	at org.testng.SuiteRunner.runSequentially(SuiteRunner.java:371)
	at org.testng.SuiteRunner.privateRun(SuiteRunner.java:332)
	at org.testng.SuiteRunner.run(SuiteRunner.java:276)
	at org.testng.SuiteRunnerWorker.runSuite(SuiteRunnerWorker.java:53)
	at org.testng.SuiteRunnerWorker.run(SuiteRunnerWorker.java:96)
	at org.testng.TestNG.runSuitesSequentially(TestNG.java:1212)
	at org.testng.TestNG.runSuitesLocally(TestNG.java:1134)
	at org.testng.TestNG.runSuites(TestNG.java:1063)
	at org.testng.TestNG.run(TestNG.java:1031)
	at org.apache.maven.surefire.testng.TestNGExecutor.run(TestNGExecutor.java:132)
	at org.apache.maven.surefire.testng.TestNGDirectoryTestSuite.executeSingleClass(TestNGDirectoryTestSuite.java:112)
	at org.apache.maven.surefire.testng.TestNGDirectoryTestSuite.execute(TestNGDirectoryTestSuite.java:99)
	at org.apache.maven.surefire.testng.TestNGProvider.invoke(TestNGProvider.java:147)
	at org.apache.maven.surefire.booter.ForkedBooter.invokeProviderInSameClassLoader(ForkedBooter.java:290)
	at org.apache.maven.surefire.booter.ForkedBooter.runSuitesInProcess(ForkedBooter.java:242)
	at org.apache.maven.surefire.booter.ForkedBooter.main(ForkedBooter.java:121)
Caused by: org.openqa.selenium.NoSuchSessionException: invalid session id
Build info: version: '3.141.59', revision: 'e82be7d358', time: '2018-11-14T08:17:03'
System info: host: 'LAPTOP-G0UQGSFP', ip: '192.168.199.43', os.name: 'Windows 11', os.arch: 'amd64', os.version: '10.0', java.version: '1.8.0_351'
Driver info: org.openqa.selenium.chrome.ChromeDriver
Capabilities {acceptInsecureCerts: false, browserName: chrome, browserVersion: 135.0.7049.85, chrome: {chromedriverVersion: 135.0.7049.84 (6c019e560019..., userDataDir: C:\Users\BHAANU~1\AppData\L...}, fedcm:accounts: true, goog:chromeOptions: {debuggerAddress: localhost:56801}, javascriptEnabled: true, networkConnectionEnabled: false, pageLoadStrategy: normal, platform: WINDOWS, platformName: WINDOWS, proxy: Proxy(), setWindowRect: true, strictFileInteractability: false, timeouts: {implicit: 0, pageLoad: 300000, script: 30000}, unhandledPromptBehavior: dismiss and notify, webauthn:extension:credBlob: true, webauthn:extension:largeBlob: true, webauthn:extension:minPinLength: true, webauthn:extension:prf: true, webauthn:virtualAuthenticators: true}
Session ID: cfaceeb228dae2bfffd3eb7a2c48880e
*** Element info: {Using=xpath, value=//button[@class='c-button-unstyled hamburger-menu-button']}
	at sun.reflect.GeneratedConstructorAccessor27.newInstance(Unknown Source)
	at sun.reflect.DelegatingConstructorAccessorImpl.newInstance(DelegatingConstructorAccessorImpl.java:45)
	at java.lang.reflect.Constructor.newInstance(Constructor.java:423)
	at org.openqa.selenium.remote.http.W3CHttpResponseCodec.createException(W3CHttpResponseCodec.java:187)
	at org.openqa.selenium.remote.http.W3CHttpResponseCodec.decode(W3CHttpResponseCodec.java:122)
	at org.openqa.selenium.remote.http.W3CHttpResponseCodec.decode(W3CHttpResponseCodec.java:49)
	at org.openqa.selenium.remote.HttpCommandExecutor.execute(HttpCommandExecutor.java:158)
	at org.openqa.selenium.remote.service.DriverCommandExecutor.execute(DriverCommandExecutor.java:83)
	at org.openqa.selenium.remote.RemoteWebDriver.execute(RemoteWebDriver.java:552)
	at org.openqa.selenium.remote.RemoteWebDriver.findElement(RemoteWebDriver.java:323)
	at org.openqa.selenium.remote.RemoteWebDriver.findElementByXPath(RemoteWebDriver.java:428)
	at org.openqa.selenium.By$ByXPath.findElement(By.java:353)
	at org.openqa.selenium.remote.RemoteWebDriver.findElement(RemoteWebDriver.java:315)
	at io.appium.java_client.pagefactory.bys.ContentMappedBy.findElement(ContentMappedBy.java:50)
	at org.openqa.selenium.remote.RemoteWebDriver.findElement(RemoteWebDriver.java:315)
	at io.appium.java_client.pagefactory.AppiumElementLocator.lambda$0(AppiumElementLocator.java:120)
	at io.appium.java_client.pagefactory.AppiumElementLocator$WaitingFunction.apply(AppiumElementLocator.java:172)
	... 59 more
]]></system-err>
  </testcase>
  <testcase name="runScenario" classname="Happy_Path_Patient_Web_and_MR.cukes.DemoWebBestBuy" time="0.105">
    <failure message="expected [true] but found [false]" type="java.lang.AssertionError">java.lang.AssertionError: expected [true] but found [false]
</failure>
    <system-out><![CDATA[
@WEB @TEST1 @TC_ID_1026
Scenario Outline: Navigate to New & Featured and Validate Menu                                      # src/test/resources/features/BestBuyPurchase/1_GUVI_BestBuyPurchase.feature:244
ClickOnMenuButton catch false
  Given As a user i should click on Menu Button                                                     # Happy_Path_Patient_Web_and_MR.stepDefinitions.BestBuySteps.asAUserIShouldClickOnMenuButton()
      java.lang.AssertionError: expected [true] but found [false]
	at org.testng.Assert.fail(Assert.java:99)
	at org.testng.Assert.failNotEquals(Assert.java:1037)
	at org.testng.Assert.assertTrue(Assert.java:45)
	at org.testng.Assert.assertTrue(Assert.java:55)
	at Happy_Path_Patient_Web_and_MR.stepDefinitions.BestBuySteps.asAUserIShouldClickOnMenuButton(BestBuySteps.java:104)
	at âœ½.As a user i should click on Menu Button(file:///E:/ShareWebCopy_Guvi_BestBuy/src/test/resources/features/BestBuyPurchase/1_GUVI_BestBuyPurchase.feature:237)

  When I should click on New & Featured Sub-menu                                                    # Happy_Path_Patient_Web_and_MR.stepDefinitions.BestBuySteps.iShouldClickOnNewFeaturedSubMenu()
  Then I should get all the New & Featured Sub Menu Pages and Validate the Sub Menus "&NFSUBMENUS&" # Happy_Path_Patient_Web_and_MR.stepDefinitions.BestBuySteps.iShouldGetAllTheNewFeaturedSubMenuPagesAndValidateTheSubMenus(java.lang.String)
  Then I should get all the New & Featured Menu Pages and Validate the Menus "&NFMENUS&"            # Happy_Path_Patient_Web_and_MR.stepDefinitions.BestBuySteps.iShouldGetAllTheNewFeaturedMenuPagesAndValidateTheMenus(java.lang.String)
      org.openqa.selenium.NoSuchSessionException: invalid session id
Build info: version: '3.141.59', revision: 'e82be7d358', time: '2018-11-14T08:17:03'
System info: host: 'LAPTOP-G0UQGSFP', ip: '192.168.199.43', os.name: 'Windows 11', os.arch: 'amd64', os.version: '10.0', java.version: '1.8.0_351'
Driver info: org.openqa.selenium.chrome.ChromeDriver
Capabilities {acceptInsecureCerts: false, browserName: chrome, browserVersion: 135.0.7049.85, chrome: {chromedriverVersion: 135.0.7049.84 (6c019e560019..., userDataDir: C:\Users\BHAANU~1\AppData\L...}, fedcm:accounts: true, goog:chromeOptions: {debuggerAddress: localhost:56801}, javascriptEnabled: true, networkConnectionEnabled: false, pageLoadStrategy: normal, platform: WINDOWS, platformName: WINDOWS, proxy: Proxy(), setWindowRect: true, strictFileInteractability: false, timeouts: {implicit: 0, pageLoad: 300000, script: 30000}, unhandledPromptBehavior: dismiss and notify, webauthn:extension:credBlob: true, webauthn:extension:largeBlob: true, webauthn:extension:minPinLength: true, webauthn:extension:prf: true, webauthn:virtualAuthenticators: true}
Session ID: cfaceeb228dae2bfffd3eb7a2c48880e
	at sun.reflect.GeneratedConstructorAccessor27.newInstance(Unknown Source)
	at sun.reflect.DelegatingConstructorAccessorImpl.newInstance(DelegatingConstructorAccessorImpl.java:45)
	at java.lang.reflect.Constructor.newInstance(Constructor.java:423)
	at org.openqa.selenium.remote.http.W3CHttpResponseCodec.createException(W3CHttpResponseCodec.java:187)
	at org.openqa.selenium.remote.http.W3CHttpResponseCodec.decode(W3CHttpResponseCodec.java:122)
	at org.openqa.selenium.remote.http.W3CHttpResponseCodec.decode(W3CHttpResponseCodec.java:49)
	at org.openqa.selenium.remote.HttpCommandExecutor.execute(HttpCommandExecutor.java:158)
	at org.openqa.selenium.remote.service.DriverCommandExecutor.execute(DriverCommandExecutor.java:83)
	at org.openqa.selenium.remote.RemoteWebDriver.execute(RemoteWebDriver.java:552)
	at org.openqa.selenium.remote.RemoteWebDriver.execute(RemoteWebDriver.java:609)
	at org.openqa.selenium.remote.RemoteWebDriver.getScreenshotAs(RemoteWebDriver.java:295)
	at Happy_Path_Patient_Web_and_MR.DemoPageContainer.afterScenario(DemoPageContainer.java:74)

]]></system-out>
    <system-err><![CDATA[org.openqa.selenium.WebDriverException: org.openqa.selenium.NoSuchSessionException: invalid session id
Build info: version: '3.141.59', revision: 'e82be7d358', time: '2018-11-14T08:17:03'
System info: host: 'LAPTOP-G0UQGSFP', ip: '192.168.199.43', os.name: 'Windows 11', os.arch: 'amd64', os.version: '10.0', java.version: '1.8.0_351'
Driver info: org.openqa.selenium.chrome.ChromeDriver
Capabilities {acceptInsecureCerts: false, browserName: chrome, browserVersion: 135.0.7049.85, chrome: {chromedriverVersion: 135.0.7049.84 (6c019e560019..., userDataDir: C:\Users\BHAANU~1\AppData\L...}, fedcm:accounts: true, goog:chromeOptions: {debuggerAddress: localhost:56801}, javascriptEnabled: true, networkConnectionEnabled: false, pageLoadStrategy: normal, platform: WINDOWS, platformName: WINDOWS, proxy: Proxy(), setWindowRect: true, strictFileInteractability: false, timeouts: {implicit: 0, pageLoad: 300000, script: 30000}, unhandledPromptBehavior: dismiss and notify, webauthn:extension:credBlob: true, webauthn:extension:largeBlob: true, webauthn:extension:minPinLength: true, webauthn:extension:prf: true, webauthn:virtualAuthenticators: true}
Session ID: cfaceeb228dae2bfffd3eb7a2c48880e
*** Element info: {Using=xpath, value=//button[@class='c-button-unstyled hamburger-menu-button']}
	at io.appium.java_client.pagefactory.AppiumElementLocator$WaitingFunction.apply(AppiumElementLocator.java:192)
	at io.appium.java_client.pagefactory.AppiumElementLocator$WaitingFunction.apply(AppiumElementLocator.java:1)
	at org.openqa.selenium.support.ui.FluentWait.until(FluentWait.java:249)
	at io.appium.java_client.pagefactory.AppiumElementLocator.waitFor(AppiumElementLocator.java:99)
	at io.appium.java_client.pagefactory.AppiumElementLocator.findElement(AppiumElementLocator.java:119)
	at io.appium.java_client.pagefactory.interceptors.InterceptorOfASingleElement.intercept(InterceptorOfASingleElement.java:59)
	at io.appium.java_client.windows.WindowsElement$$EnhancerByCGLIB$$7365f0b4.isDisplayed(<generated>)
	at cap.common.BasePage.verifyElement(BasePage.java:548)
	at Happy_Path_Patient_Web_and_MR.pages.BestBuyPage.clickOnMenuButton(BestBuyPage.java:704)
	at Happy_Path_Patient_Web_and_MR.stepDefinitions.BestBuySteps.asAUserIShouldClickOnMenuButton(BestBuySteps.java:104)
	at sun.reflect.GeneratedMethodAccessor110.invoke(Unknown Source)
	at sun.reflect.DelegatingMethodAccessorImpl.invoke(DelegatingMethodAccessorImpl.java:43)
	at java.lang.reflect.Method.invoke(Method.java:498)
	at io.cucumber.java.Invoker.doInvoke(Invoker.java:66)
	at io.cucumber.java.Invoker.invoke(Invoker.java:24)
	at io.cucumber.java.AbstractGlueDefinition.invokeMethod(AbstractGlueDefinition.java:47)
	at io.cucumber.java.JavaStepDefinition.execute(JavaStepDefinition.java:29)
	at io.cucumber.core.runner.CoreStepDefinition.execute(CoreStepDefinition.java:66)
	at io.cucumber.core.runner.PickleStepDefinitionMatch.runStep(PickleStepDefinitionMatch.java:63)
	at io.cucumber.core.runner.ExecutionMode$1.execute(ExecutionMode.java:10)
	at io.cucumber.core.runner.TestStep.executeStep(TestStep.java:92)
	at io.cucumber.core.runner.TestStep.run(TestStep.java:64)
	at io.cucumber.core.runner.PickleStepTestStep.run(PickleStepTestStep.java:51)
	at io.cucumber.core.runner.TestCase.run(TestCase.java:104)
	at io.cucumber.core.runner.Runner.runPickle(Runner.java:73)
	at io.cucumber.testng.TestNGCucumberRunner.lambda$runScenario$0(TestNGCucumberRunner.java:117)
	at io.cucumber.core.runtime.CucumberExecutionContext.runTestCase(CucumberExecutionContext.java:117)
	at io.cucumber.testng.TestNGCucumberRunner.runScenario(TestNGCucumberRunner.java:114)
	at io.cucumber.testng.AbstractTestNGCucumberTests.runScenario(AbstractTestNGCucumberTests.java:31)
	at sun.reflect.GeneratedMethodAccessor98.invoke(Unknown Source)
	at sun.reflect.DelegatingMethodAccessorImpl.invoke(DelegatingMethodAccessorImpl.java:43)
	at java.lang.reflect.Method.invoke(Method.java:498)
	at org.testng.internal.MethodInvocationHelper.invokeMethod(MethodInvocationHelper.java:133)
	at org.testng.internal.TestInvoker.invokeMethod(TestInvoker.java:598)
	at org.testng.internal.TestInvoker.invokeTestMethod(TestInvoker.java:173)
	at org.testng.internal.MethodRunner.runInSequence(MethodRunner.java:46)
	at org.testng.internal.TestInvoker$MethodInvocationAgent.invoke(TestInvoker.java:824)
	at org.testng.internal.TestInvoker.invokeTestMethods(TestInvoker.java:146)
	at org.testng.internal.TestMethodWorker.invokeTestMethods(TestMethodWorker.java:146)
	at org.testng.internal.TestMethodWorker.run(TestMethodWorker.java:128)
	at java.util.ArrayList.forEach(ArrayList.java:1259)
	at org.testng.TestRunner.privateRun(TestRunner.java:794)
	at org.testng.TestRunner.run(TestRunner.java:596)
	at org.testng.SuiteRunner.runTest(SuiteRunner.java:377)
	at org.testng.SuiteRunner.runSequentially(SuiteRunner.java:371)
	at org.testng.SuiteRunner.privateRun(SuiteRunner.java:332)
	at org.testng.SuiteRunner.run(SuiteRunner.java:276)
	at org.testng.SuiteRunnerWorker.runSuite(SuiteRunnerWorker.java:53)
	at org.testng.SuiteRunnerWorker.run(SuiteRunnerWorker.java:96)
	at org.testng.TestNG.runSuitesSequentially(TestNG.java:1212)
	at org.testng.TestNG.runSuitesLocally(TestNG.java:1134)
	at org.testng.TestNG.runSuites(TestNG.java:1063)
	at org.testng.TestNG.run(TestNG.java:1031)
	at org.apache.maven.surefire.testng.TestNGExecutor.run(TestNGExecutor.java:132)
	at org.apache.maven.surefire.testng.TestNGDirectoryTestSuite.executeSingleClass(TestNGDirectoryTestSuite.java:112)
	at org.apache.maven.surefire.testng.TestNGDirectoryTestSuite.execute(TestNGDirectoryTestSuite.java:99)
	at org.apache.maven.surefire.testng.TestNGProvider.invoke(TestNGProvider.java:147)
	at org.apache.maven.surefire.booter.ForkedBooter.invokeProviderInSameClassLoader(ForkedBooter.java:290)
	at org.apache.maven.surefire.booter.ForkedBooter.runSuitesInProcess(ForkedBooter.java:242)
	at org.apache.maven.surefire.booter.ForkedBooter.main(ForkedBooter.java:121)
Caused by: org.openqa.selenium.NoSuchSessionException: invalid session id
Build info: version: '3.141.59', revision: 'e82be7d358', time: '2018-11-14T08:17:03'
System info: host: 'LAPTOP-G0UQGSFP', ip: '192.168.199.43', os.name: 'Windows 11', os.arch: 'amd64', os.version: '10.0', java.version: '1.8.0_351'
Driver info: org.openqa.selenium.chrome.ChromeDriver
Capabilities {acceptInsecureCerts: false, browserName: chrome, browserVersion: 135.0.7049.85, chrome: {chromedriverVersion: 135.0.7049.84 (6c019e560019..., userDataDir: C:\Users\BHAANU~1\AppData\L...}, fedcm:accounts: true, goog:chromeOptions: {debuggerAddress: localhost:56801}, javascriptEnabled: true, networkConnectionEnabled: false, pageLoadStrategy: normal, platform: WINDOWS, platformName: WINDOWS, proxy: Proxy(), setWindowRect: true, strictFileInteractability: false, timeouts: {implicit: 0, pageLoad: 300000, script: 30000}, unhandledPromptBehavior: dismiss and notify, webauthn:extension:credBlob: true, webauthn:extension:largeBlob: true, webauthn:extension:minPinLength: true, webauthn:extension:prf: true, webauthn:virtualAuthenticators: true}
Session ID: cfaceeb228dae2bfffd3eb7a2c48880e
*** Element info: {Using=xpath, value=//button[@class='c-button-unstyled hamburger-menu-button']}
	at sun.reflect.GeneratedConstructorAccessor27.newInstance(Unknown Source)
	at sun.reflect.DelegatingConstructorAccessorImpl.newInstance(DelegatingConstructorAccessorImpl.java:45)
	at java.lang.reflect.Constructor.newInstance(Constructor.java:423)
	at org.openqa.selenium.remote.http.W3CHttpResponseCodec.createException(W3CHttpResponseCodec.java:187)
	at org.openqa.selenium.remote.http.W3CHttpResponseCodec.decode(W3CHttpResponseCodec.java:122)
	at org.openqa.selenium.remote.http.W3CHttpResponseCodec.decode(W3CHttpResponseCodec.java:49)
	at org.openqa.selenium.remote.HttpCommandExecutor.execute(HttpCommandExecutor.java:158)
	at org.openqa.selenium.remote.service.DriverCommandExecutor.execute(DriverCommandExecutor.java:83)
	at org.openqa.selenium.remote.RemoteWebDriver.execute(RemoteWebDriver.java:552)
	at org.openqa.selenium.remote.RemoteWebDriver.findElement(RemoteWebDriver.java:323)
	at org.openqa.selenium.remote.RemoteWebDriver.findElementByXPath(RemoteWebDriver.java:428)
	at org.openqa.selenium.By$ByXPath.findElement(By.java:353)
	at org.openqa.selenium.remote.RemoteWebDriver.findElement(RemoteWebDriver.java:315)
	at io.appium.java_client.pagefactory.bys.ContentMappedBy.findElement(ContentMappedBy.java:50)
	at org.openqa.selenium.remote.RemoteWebDriver.findElement(RemoteWebDriver.java:315)
	at io.appium.java_client.pagefactory.AppiumElementLocator.lambda$0(AppiumElementLocator.java:120)
	at io.appium.java_client.pagefactory.AppiumElementLocator$WaitingFunction.apply(AppiumElementLocator.java:172)
	... 59 more
]]></system-err>
  </testcase>
  <testcase name="runScenario" classname="Happy_Path_Patient_Web_and_MR.cukes.DemoWebBestBuy" time="0.095">
    <failure message="expected [true] but found [false]" type="java.lang.AssertionError">java.lang.AssertionError: expected [true] but found [false]
</failure>
    <system-out><![CDATA[
@WEB @TEST1 @TC_ID_1027
Scenario Outline: Navigate to Footer Support Links                         # src/test/resources/features/BestBuyPurchase/1_GUVI_BestBuyPurchase.feature:254
Survey Popup exception catch org.openqa.selenium.NoSuchSessionException: invalid session id
Build info: version: '3.141.59', revision: 'e82be7d358', time: '2018-11-14T08:17:03'
System info: host: 'LAPTOP-G0UQGSFP', ip: '192.168.199.43', os.name: 'Windows 11', os.arch: 'amd64', os.version: '10.0', java.version: '1.8.0_351'
Driver info: org.openqa.selenium.chrome.ChromeDriver
Capabilities {acceptInsecureCerts: false, browserName: chrome, browserVersion: 135.0.7049.85, chrome: {chromedriverVersion: 135.0.7049.84 (6c019e560019..., userDataDir: C:\Users\BHAANU~1\AppData\L...}, fedcm:accounts: true, goog:chromeOptions: {debuggerAddress: localhost:56801}, javascriptEnabled: true, networkConnectionEnabled: false, pageLoadStrategy: normal, platform: WINDOWS, platformName: WINDOWS, proxy: Proxy(), setWindowRect: true, strictFileInteractability: false, timeouts: {implicit: 0, pageLoad: 300000, script: 30000}, unhandledPromptBehavior: dismiss and notify, webauthn:extension:credBlob: true, webauthn:extension:largeBlob: true, webauthn:extension:minPinLength: true, webauthn:extension:prf: true, webauthn:virtualAuthenticators: true}
Session ID: cfaceeb228dae2bfffd3eb7a2c48880e
*** Element info: {Using=xpath, value=//div[@id='survey_window']//button[@id='survey_invite_no']}
clickOnBestBuyButton catch false
  Given As a user i should click on BestBuy Button                         # Happy_Path_Patient_Web_and_MR.stepDefinitions.BestBuySteps.asAUserIShouldClickOnBestBuyButton()
      java.lang.AssertionError: expected [true] but found [false]
	at org.testng.Assert.fail(Assert.java:99)
	at org.testng.Assert.failNotEquals(Assert.java:1037)
	at org.testng.Assert.assertTrue(Assert.java:45)
	at org.testng.Assert.assertTrue(Assert.java:55)
	at Happy_Path_Patient_Web_and_MR.stepDefinitions.BestBuySteps.asAUserIShouldClickOnBestBuyButton(BestBuySteps.java:404)
	at âœ½.As a user i should click on BestBuy Button(file:///E:/ShareWebCopy_Guvi_BestBuy/src/test/resources/features/BestBuyPurchase/1_GUVI_BestBuyPurchase.feature:248)

  When I should get all the Footer Support Pages and Navigate to each page # Happy_Path_Patient_Web_and_MR.stepDefinitions.BestBuySteps.iShouldGetAllTheFooterSupportPagesAndNavigateToEachPage()
  Then I should validate Footer Support URL "&FTSUPPORTPAGEURL&"           # Happy_Path_Patient_Web_and_MR.stepDefinitions.BestBuySteps.iShouldValidateFooterSupportURL(java.lang.String)
      org.openqa.selenium.NoSuchSessionException: invalid session id
Build info: version: '3.141.59', revision: 'e82be7d358', time: '2018-11-14T08:17:03'
System info: host: 'LAPTOP-G0UQGSFP', ip: '192.168.199.43', os.name: 'Windows 11', os.arch: 'amd64', os.version: '10.0', java.version: '1.8.0_351'
Driver info: org.openqa.selenium.chrome.ChromeDriver
Capabilities {acceptInsecureCerts: false, browserName: chrome, browserVersion: 135.0.7049.85, chrome: {chromedriverVersion: 135.0.7049.84 (6c019e560019..., userDataDir: C:\Users\BHAANU~1\AppData\L...}, fedcm:accounts: true, goog:chromeOptions: {debuggerAddress: localhost:56801}, javascriptEnabled: true, networkConnectionEnabled: false, pageLoadStrategy: normal, platform: WINDOWS, platformName: WINDOWS, proxy: Proxy(), setWindowRect: true, strictFileInteractability: false, timeouts: {implicit: 0, pageLoad: 300000, script: 30000}, unhandledPromptBehavior: dismiss and notify, webauthn:extension:credBlob: true, webauthn:extension:largeBlob: true, webauthn:extension:minPinLength: true, webauthn:extension:prf: true, webauthn:virtualAuthenticators: true}
Session ID: cfaceeb228dae2bfffd3eb7a2c48880e
	at sun.reflect.GeneratedConstructorAccessor27.newInstance(Unknown Source)
	at sun.reflect.DelegatingConstructorAccessorImpl.newInstance(DelegatingConstructorAccessorImpl.java:45)
	at java.lang.reflect.Constructor.newInstance(Constructor.java:423)
	at org.openqa.selenium.remote.http.W3CHttpResponseCodec.createException(W3CHttpResponseCodec.java:187)
	at org.openqa.selenium.remote.http.W3CHttpResponseCodec.decode(W3CHttpResponseCodec.java:122)
	at org.openqa.selenium.remote.http.W3CHttpResponseCodec.decode(W3CHttpResponseCodec.java:49)
	at org.openqa.selenium.remote.HttpCommandExecutor.execute(HttpCommandExecutor.java:158)
	at org.openqa.selenium.remote.service.DriverCommandExecutor.execute(DriverCommandExecutor.java:83)
	at org.openqa.selenium.remote.RemoteWebDriver.execute(RemoteWebDriver.java:552)
	at org.openqa.selenium.remote.RemoteWebDriver.execute(RemoteWebDriver.java:609)
	at org.openqa.selenium.remote.RemoteWebDriver.getScreenshotAs(RemoteWebDriver.java:295)
	at Happy_Path_Patient_Web_and_MR.DemoPageContainer.afterScenario(DemoPageContainer.java:74)

]]></system-out>
    <system-err><![CDATA[org.openqa.selenium.WebDriverException: org.openqa.selenium.NoSuchSessionException: invalid session id
Build info: version: '3.141.59', revision: 'e82be7d358', time: '2018-11-14T08:17:03'
System info: host: 'LAPTOP-G0UQGSFP', ip: '192.168.199.43', os.name: 'Windows 11', os.arch: 'amd64', os.version: '10.0', java.version: '1.8.0_351'
Driver info: org.openqa.selenium.chrome.ChromeDriver
Capabilities {acceptInsecureCerts: false, browserName: chrome, browserVersion: 135.0.7049.85, chrome: {chromedriverVersion: 135.0.7049.84 (6c019e560019..., userDataDir: C:\Users\BHAANU~1\AppData\L...}, fedcm:accounts: true, goog:chromeOptions: {debuggerAddress: localhost:56801}, javascriptEnabled: true, networkConnectionEnabled: false, pageLoadStrategy: normal, platform: WINDOWS, platformName: WINDOWS, proxy: Proxy(), setWindowRect: true, strictFileInteractability: false, timeouts: {implicit: 0, pageLoad: 300000, script: 30000}, unhandledPromptBehavior: dismiss and notify, webauthn:extension:credBlob: true, webauthn:extension:largeBlob: true, webauthn:extension:minPinLength: true, webauthn:extension:prf: true, webauthn:virtualAuthenticators: true}
Session ID: cfaceeb228dae2bfffd3eb7a2c48880e
*** Element info: {Using=xpath, value=//a[@href='https://www.bestbuy.com']}
	at io.appium.java_client.pagefactory.AppiumElementLocator$WaitingFunction.apply(AppiumElementLocator.java:192)
	at io.appium.java_client.pagefactory.AppiumElementLocator$WaitingFunction.apply(AppiumElementLocator.java:1)
	at org.openqa.selenium.support.ui.FluentWait.until(FluentWait.java:249)
	at io.appium.java_client.pagefactory.AppiumElementLocator.waitFor(AppiumElementLocator.java:99)
	at io.appium.java_client.pagefactory.AppiumElementLocator.findElement(AppiumElementLocator.java:119)
	at io.appium.java_client.pagefactory.interceptors.InterceptorOfASingleElement.intercept(InterceptorOfASingleElement.java:59)
	at io.appium.java_client.windows.WindowsElement$$EnhancerByCGLIB$$7365f0b4.getId(<generated>)
	at org.openqa.selenium.remote.internal.WebElementToJsonConverter.apply(WebElementToJsonConverter.java:55)
	at java.util.stream.ReferencePipeline$3$1.accept(ReferencePipeline.java:193)
	at java.util.Spliterators$ArraySpliterator.forEachRemaining(Spliterators.java:948)
	at java.util.stream.AbstractPipeline.copyInto(AbstractPipeline.java:482)
	at java.util.stream.AbstractPipeline.wrapAndCopyInto(AbstractPipeline.java:472)
	at java.util.stream.ReduceOps$ReduceOp.evaluateSequential(ReduceOps.java:708)
	at java.util.stream.AbstractPipeline.evaluate(AbstractPipeline.java:234)
	at java.util.stream.ReferencePipeline.collect(ReferencePipeline.java:499)
	at org.openqa.selenium.remote.RemoteWebDriver.executeScript(RemoteWebDriver.java:484)
	at cap.common.BasePage.jsClickScroll(BasePage.java:297)
	at Happy_Path_Patient_Web_and_MR.pages.BestBuyPage.clickOnBestBuyButton(BestBuyPage.java:2311)
	at Happy_Path_Patient_Web_and_MR.stepDefinitions.BestBuySteps.asAUserIShouldClickOnBestBuyButton(BestBuySteps.java:404)
	at sun.reflect.NativeMethodAccessorImpl.invoke0(Native Method)
	at sun.reflect.NativeMethodAccessorImpl.invoke(NativeMethodAccessorImpl.java:62)
	at sun.reflect.DelegatingMethodAccessorImpl.invoke(DelegatingMethodAccessorImpl.java:43)
	at java.lang.reflect.Method.invoke(Method.java:498)
	at io.cucumber.java.Invoker.doInvoke(Invoker.java:66)
	at io.cucumber.java.Invoker.invoke(Invoker.java:24)
	at io.cucumber.java.AbstractGlueDefinition.invokeMethod(AbstractGlueDefinition.java:47)
	at io.cucumber.java.JavaStepDefinition.execute(JavaStepDefinition.java:29)
	at io.cucumber.core.runner.CoreStepDefinition.execute(CoreStepDefinition.java:66)
	at io.cucumber.core.runner.PickleStepDefinitionMatch.runStep(PickleStepDefinitionMatch.java:63)
	at io.cucumber.core.runner.ExecutionMode$1.execute(ExecutionMode.java:10)
	at io.cucumber.core.runner.TestStep.executeStep(TestStep.java:92)
	at io.cucumber.core.runner.TestStep.run(TestStep.java:64)
	at io.cucumber.core.runner.PickleStepTestStep.run(PickleStepTestStep.java:51)
	at io.cucumber.core.runner.TestCase.run(TestCase.java:104)
	at io.cucumber.core.runner.Runner.runPickle(Runner.java:73)
	at io.cucumber.testng.TestNGCucumberRunner.lambda$runScenario$0(TestNGCucumberRunner.java:117)
	at io.cucumber.core.runtime.CucumberExecutionContext.runTestCase(CucumberExecutionContext.java:117)
	at io.cucumber.testng.TestNGCucumberRunner.runScenario(TestNGCucumberRunner.java:114)
	at io.cucumber.testng.AbstractTestNGCucumberTests.runScenario(AbstractTestNGCucumberTests.java:31)
	at sun.reflect.GeneratedMethodAccessor98.invoke(Unknown Source)
	at sun.reflect.DelegatingMethodAccessorImpl.invoke(DelegatingMethodAccessorImpl.java:43)
	at java.lang.reflect.Method.invoke(Method.java:498)
	at org.testng.internal.MethodInvocationHelper.invokeMethod(MethodInvocationHelper.java:133)
	at org.testng.internal.TestInvoker.invokeMethod(TestInvoker.java:598)
	at org.testng.internal.TestInvoker.invokeTestMethod(TestInvoker.java:173)
	at org.testng.internal.MethodRunner.runInSequence(MethodRunner.java:46)
	at org.testng.internal.TestInvoker$MethodInvocationAgent.invoke(TestInvoker.java:824)
	at org.testng.internal.TestInvoker.invokeTestMethods(TestInvoker.java:146)
	at org.testng.internal.TestMethodWorker.invokeTestMethods(TestMethodWorker.java:146)
	at org.testng.internal.TestMethodWorker.run(TestMethodWorker.java:128)
	at java.util.ArrayList.forEach(ArrayList.java:1259)
	at org.testng.TestRunner.privateRun(TestRunner.java:794)
	at org.testng.TestRunner.run(TestRunner.java:596)
	at org.testng.SuiteRunner.runTest(SuiteRunner.java:377)
	at org.testng.SuiteRunner.runSequentially(SuiteRunner.java:371)
	at org.testng.SuiteRunner.privateRun(SuiteRunner.java:332)
	at org.testng.SuiteRunner.run(SuiteRunner.java:276)
	at org.testng.SuiteRunnerWorker.runSuite(SuiteRunnerWorker.java:53)
	at org.testng.SuiteRunnerWorker.run(SuiteRunnerWorker.java:96)
	at org.testng.TestNG.runSuitesSequentially(TestNG.java:1212)
	at org.testng.TestNG.runSuitesLocally(TestNG.java:1134)
	at org.testng.TestNG.runSuites(TestNG.java:1063)
	at org.testng.TestNG.run(TestNG.java:1031)
	at org.apache.maven.surefire.testng.TestNGExecutor.run(TestNGExecutor.java:132)
	at org.apache.maven.surefire.testng.TestNGDirectoryTestSuite.executeSingleClass(TestNGDirectoryTestSuite.java:112)
	at org.apache.maven.surefire.testng.TestNGDirectoryTestSuite.execute(TestNGDirectoryTestSuite.java:99)
	at org.apache.maven.surefire.testng.TestNGProvider.invoke(TestNGProvider.java:147)
	at org.apache.maven.surefire.booter.ForkedBooter.invokeProviderInSameClassLoader(ForkedBooter.java:290)
	at org.apache.maven.surefire.booter.ForkedBooter.runSuitesInProcess(ForkedBooter.java:242)
	at org.apache.maven.surefire.booter.ForkedBooter.main(ForkedBooter.java:121)
Caused by: org.openqa.selenium.NoSuchSessionException: invalid session id
Build info: version: '3.141.59', revision: 'e82be7d358', time: '2018-11-14T08:17:03'
System info: host: 'LAPTOP-G0UQGSFP', ip: '192.168.199.43', os.name: 'Windows 11', os.arch: 'amd64', os.version: '10.0', java.version: '1.8.0_351'
Driver info: org.openqa.selenium.chrome.ChromeDriver
Capabilities {acceptInsecureCerts: false, browserName: chrome, browserVersion: 135.0.7049.85, chrome: {chromedriverVersion: 135.0.7049.84 (6c019e560019..., userDataDir: C:\Users\BHAANU~1\AppData\L...}, fedcm:accounts: true, goog:chromeOptions: {debuggerAddress: localhost:56801}, javascriptEnabled: true, networkConnectionEnabled: false, pageLoadStrategy: normal, platform: WINDOWS, platformName: WINDOWS, proxy: Proxy(), setWindowRect: true, strictFileInteractability: false, timeouts: {implicit: 0, pageLoad: 300000, script: 30000}, unhandledPromptBehavior: dismiss and notify, webauthn:extension:credBlob: true, webauthn:extension:largeBlob: true, webauthn:extension:minPinLength: true, webauthn:extension:prf: true, webauthn:virtualAuthenticators: true}
Session ID: cfaceeb228dae2bfffd3eb7a2c48880e
*** Element info: {Using=xpath, value=//a[@href='https://www.bestbuy.com']}
	at sun.reflect.GeneratedConstructorAccessor27.newInstance(Unknown Source)
	at sun.reflect.DelegatingConstructorAccessorImpl.newInstance(DelegatingConstructorAccessorImpl.java:45)
	at java.lang.reflect.Constructor.newInstance(Constructor.java:423)
	at org.openqa.selenium.remote.http.W3CHttpResponseCodec.createException(W3CHttpResponseCodec.java:187)
	at org.openqa.selenium.remote.http.W3CHttpResponseCodec.decode(W3CHttpResponseCodec.java:122)
	at org.openqa.selenium.remote.http.W3CHttpResponseCodec.decode(W3CHttpResponseCodec.java:49)
	at org.openqa.selenium.remote.HttpCommandExecutor.execute(HttpCommandExecutor.java:158)
	at org.openqa.selenium.remote.service.DriverCommandExecutor.execute(DriverCommandExecutor.java:83)
	at org.openqa.selenium.remote.RemoteWebDriver.execute(RemoteWebDriver.java:552)
	at org.openqa.selenium.remote.RemoteWebDriver.findElement(RemoteWebDriver.java:323)
	at org.openqa.selenium.remote.RemoteWebDriver.findElementByXPath(RemoteWebDriver.java:428)
	at org.openqa.selenium.By$ByXPath.findElement(By.java:353)
	at org.openqa.selenium.remote.RemoteWebDriver.findElement(RemoteWebDriver.java:315)
	at io.appium.java_client.pagefactory.bys.ContentMappedBy.findElement(ContentMappedBy.java:50)
	at org.openqa.selenium.remote.RemoteWebDriver.findElement(RemoteWebDriver.java:315)
	at io.appium.java_client.pagefactory.AppiumElementLocator.lambda$0(AppiumElementLocator.java:120)
	at io.appium.java_client.pagefactory.AppiumElementLocator$WaitingFunction.apply(AppiumElementLocator.java:172)
	... 69 more
]]></system-err>
  </testcase>
  <testcase name="runScenario" classname="Happy_Path_Patient_Web_and_MR.cukes.DemoWebBestBuy" time="0.126">
    <failure message="expected [true] but found [false]" type="java.lang.AssertionError">java.lang.AssertionError: expected [true] but found [false]
</failure>
    <system-out><![CDATA[
@WEB @TEST1 @TC_ID_1028
Scenario Outline: Navigate to All Footer Links                     # src/test/resources/features/BestBuyPurchase/1_GUVI_BestBuyPurchase.feature:264
Survey Popup exception catch org.openqa.selenium.NoSuchSessionException: invalid session id
Build info: version: '3.141.59', revision: 'e82be7d358', time: '2018-11-14T08:17:03'
System info: host: 'LAPTOP-G0UQGSFP', ip: '192.168.199.43', os.name: 'Windows 11', os.arch: 'amd64', os.version: '10.0', java.version: '1.8.0_351'
Driver info: org.openqa.selenium.chrome.ChromeDriver
Capabilities {acceptInsecureCerts: false, browserName: chrome, browserVersion: 135.0.7049.85, chrome: {chromedriverVersion: 135.0.7049.84 (6c019e560019..., userDataDir: C:\Users\BHAANU~1\AppData\L...}, fedcm:accounts: true, goog:chromeOptions: {debuggerAddress: localhost:56801}, javascriptEnabled: true, networkConnectionEnabled: false, pageLoadStrategy: normal, platform: WINDOWS, platformName: WINDOWS, proxy: Proxy(), setWindowRect: true, strictFileInteractability: false, timeouts: {implicit: 0, pageLoad: 300000, script: 30000}, unhandledPromptBehavior: dismiss and notify, webauthn:extension:credBlob: true, webauthn:extension:largeBlob: true, webauthn:extension:minPinLength: true, webauthn:extension:prf: true, webauthn:virtualAuthenticators: true}
Session ID: cfaceeb228dae2bfffd3eb7a2c48880e
*** Element info: {Using=xpath, value=//div[@id='survey_window']//button[@id='survey_invite_no']}
clickOnBestBuyButton catch false
  Given As a user i should click on BestBuy Button                 # Happy_Path_Patient_Web_and_MR.stepDefinitions.BestBuySteps.asAUserIShouldClickOnBestBuyButton()
      java.lang.AssertionError: expected [true] but found [false]
	at org.testng.Assert.fail(Assert.java:99)
	at org.testng.Assert.failNotEquals(Assert.java:1037)
	at org.testng.Assert.assertTrue(Assert.java:45)
	at org.testng.Assert.assertTrue(Assert.java:55)
	at Happy_Path_Patient_Web_and_MR.stepDefinitions.BestBuySteps.asAUserIShouldClickOnBestBuyButton(BestBuySteps.java:404)
	at âœ½.As a user i should click on BestBuy Button(file:///E:/ShareWebCopy_Guvi_BestBuy/src/test/resources/features/BestBuyPurchase/1_GUVI_BestBuyPurchase.feature:258)

  When I should get all the Footer Pages and Navigate to each page # Happy_Path_Patient_Web_and_MR.stepDefinitions.BestBuySteps.iShouldGetAllTheFooterPagesAndNavigateToEachPage()
  Then I should validate Footer Page URL "&FTAPPAGEURL&"           # Happy_Path_Patient_Web_and_MR.stepDefinitions.BestBuySteps.iShouldValidateFooterPageURL(java.lang.String)
      org.openqa.selenium.NoSuchSessionException: invalid session id
Build info: version: '3.141.59', revision: 'e82be7d358', time: '2018-11-14T08:17:03'
System info: host: 'LAPTOP-G0UQGSFP', ip: '192.168.199.43', os.name: 'Windows 11', os.arch: 'amd64', os.version: '10.0', java.version: '1.8.0_351'
Driver info: org.openqa.selenium.chrome.ChromeDriver
Capabilities {acceptInsecureCerts: false, browserName: chrome, browserVersion: 135.0.7049.85, chrome: {chromedriverVersion: 135.0.7049.84 (6c019e560019..., userDataDir: C:\Users\BHAANU~1\AppData\L...}, fedcm:accounts: true, goog:chromeOptions: {debuggerAddress: localhost:56801}, javascriptEnabled: true, networkConnectionEnabled: false, pageLoadStrategy: normal, platform: WINDOWS, platformName: WINDOWS, proxy: Proxy(), setWindowRect: true, strictFileInteractability: false, timeouts: {implicit: 0, pageLoad: 300000, script: 30000}, unhandledPromptBehavior: dismiss and notify, webauthn:extension:credBlob: true, webauthn:extension:largeBlob: true, webauthn:extension:minPinLength: true, webauthn:extension:prf: true, webauthn:virtualAuthenticators: true}
Session ID: cfaceeb228dae2bfffd3eb7a2c48880e
	at sun.reflect.GeneratedConstructorAccessor27.newInstance(Unknown Source)
	at sun.reflect.DelegatingConstructorAccessorImpl.newInstance(DelegatingConstructorAccessorImpl.java:45)
	at java.lang.reflect.Constructor.newInstance(Constructor.java:423)
	at org.openqa.selenium.remote.http.W3CHttpResponseCodec.createException(W3CHttpResponseCodec.java:187)
	at org.openqa.selenium.remote.http.W3CHttpResponseCodec.decode(W3CHttpResponseCodec.java:122)
	at org.openqa.selenium.remote.http.W3CHttpResponseCodec.decode(W3CHttpResponseCodec.java:49)
	at org.openqa.selenium.remote.HttpCommandExecutor.execute(HttpCommandExecutor.java:158)
	at org.openqa.selenium.remote.service.DriverCommandExecutor.execute(DriverCommandExecutor.java:83)
	at org.openqa.selenium.remote.RemoteWebDriver.execute(RemoteWebDriver.java:552)
	at org.openqa.selenium.remote.RemoteWebDriver.execute(RemoteWebDriver.java:609)
	at org.openqa.selenium.remote.RemoteWebDriver.getScreenshotAs(RemoteWebDriver.java:295)
	at Happy_Path_Patient_Web_and_MR.DemoPageContainer.afterScenario(DemoPageContainer.java:74)

]]></system-out>
    <system-err><![CDATA[org.openqa.selenium.WebDriverException: org.openqa.selenium.NoSuchSessionException: invalid session id
Build info: version: '3.141.59', revision: 'e82be7d358', time: '2018-11-14T08:17:03'
System info: host: 'LAPTOP-G0UQGSFP', ip: '192.168.199.43', os.name: 'Windows 11', os.arch: 'amd64', os.version: '10.0', java.version: '1.8.0_351'
Driver info: org.openqa.selenium.chrome.ChromeDriver
Capabilities {acceptInsecureCerts: false, browserName: chrome, browserVersion: 135.0.7049.85, chrome: {chromedriverVersion: 135.0.7049.84 (6c019e560019..., userDataDir: C:\Users\BHAANU~1\AppData\L...}, fedcm:accounts: true, goog:chromeOptions: {debuggerAddress: localhost:56801}, javascriptEnabled: true, networkConnectionEnabled: false, pageLoadStrategy: normal, platform: WINDOWS, platformName: WINDOWS, proxy: Proxy(), setWindowRect: true, strictFileInteractability: false, timeouts: {implicit: 0, pageLoad: 300000, script: 30000}, unhandledPromptBehavior: dismiss and notify, webauthn:extension:credBlob: true, webauthn:extension:largeBlob: true, webauthn:extension:minPinLength: true, webauthn:extension:prf: true, webauthn:virtualAuthenticators: true}
Session ID: cfaceeb228dae2bfffd3eb7a2c48880e
*** Element info: {Using=xpath, value=//a[@href='https://www.bestbuy.com']}
	at io.appium.java_client.pagefactory.AppiumElementLocator$WaitingFunction.apply(AppiumElementLocator.java:192)
	at io.appium.java_client.pagefactory.AppiumElementLocator$WaitingFunction.apply(AppiumElementLocator.java:1)
	at org.openqa.selenium.support.ui.FluentWait.until(FluentWait.java:249)
	at io.appium.java_client.pagefactory.AppiumElementLocator.waitFor(AppiumElementLocator.java:99)
	at io.appium.java_client.pagefactory.AppiumElementLocator.findElement(AppiumElementLocator.java:119)
	at io.appium.java_client.pagefactory.interceptors.InterceptorOfASingleElement.intercept(InterceptorOfASingleElement.java:59)
	at io.appium.java_client.windows.WindowsElement$$EnhancerByCGLIB$$7365f0b4.getId(<generated>)
	at org.openqa.selenium.remote.internal.WebElementToJsonConverter.apply(WebElementToJsonConverter.java:55)
	at java.util.stream.ReferencePipeline$3$1.accept(ReferencePipeline.java:193)
	at java.util.Spliterators$ArraySpliterator.forEachRemaining(Spliterators.java:948)
	at java.util.stream.AbstractPipeline.copyInto(AbstractPipeline.java:482)
	at java.util.stream.AbstractPipeline.wrapAndCopyInto(AbstractPipeline.java:472)
	at java.util.stream.ReduceOps$ReduceOp.evaluateSequential(ReduceOps.java:708)
	at java.util.stream.AbstractPipeline.evaluate(AbstractPipeline.java:234)
	at java.util.stream.ReferencePipeline.collect(ReferencePipeline.java:499)
	at org.openqa.selenium.remote.RemoteWebDriver.executeScript(RemoteWebDriver.java:484)
	at cap.common.BasePage.jsClickScroll(BasePage.java:297)
	at Happy_Path_Patient_Web_and_MR.pages.BestBuyPage.clickOnBestBuyButton(BestBuyPage.java:2311)
	at Happy_Path_Patient_Web_and_MR.stepDefinitions.BestBuySteps.asAUserIShouldClickOnBestBuyButton(BestBuySteps.java:404)
	at sun.reflect.NativeMethodAccessorImpl.invoke0(Native Method)
	at sun.reflect.NativeMethodAccessorImpl.invoke(NativeMethodAccessorImpl.java:62)
	at sun.reflect.DelegatingMethodAccessorImpl.invoke(DelegatingMethodAccessorImpl.java:43)
	at java.lang.reflect.Method.invoke(Method.java:498)
	at io.cucumber.java.Invoker.doInvoke(Invoker.java:66)
	at io.cucumber.java.Invoker.invoke(Invoker.java:24)
	at io.cucumber.java.AbstractGlueDefinition.invokeMethod(AbstractGlueDefinition.java:47)
	at io.cucumber.java.JavaStepDefinition.execute(JavaStepDefinition.java:29)
	at io.cucumber.core.runner.CoreStepDefinition.execute(CoreStepDefinition.java:66)
	at io.cucumber.core.runner.PickleStepDefinitionMatch.runStep(PickleStepDefinitionMatch.java:63)
	at io.cucumber.core.runner.ExecutionMode$1.execute(ExecutionMode.java:10)
	at io.cucumber.core.runner.TestStep.executeStep(TestStep.java:92)
	at io.cucumber.core.runner.TestStep.run(TestStep.java:64)
	at io.cucumber.core.runner.PickleStepTestStep.run(PickleStepTestStep.java:51)
	at io.cucumber.core.runner.TestCase.run(TestCase.java:104)
	at io.cucumber.core.runner.Runner.runPickle(Runner.java:73)
	at io.cucumber.testng.TestNGCucumberRunner.lambda$runScenario$0(TestNGCucumberRunner.java:117)
	at io.cucumber.core.runtime.CucumberExecutionContext.runTestCase(CucumberExecutionContext.java:117)
	at io.cucumber.testng.TestNGCucumberRunner.runScenario(TestNGCucumberRunner.java:114)
	at io.cucumber.testng.AbstractTestNGCucumberTests.runScenario(AbstractTestNGCucumberTests.java:31)
	at sun.reflect.GeneratedMethodAccessor98.invoke(Unknown Source)
	at sun.reflect.DelegatingMethodAccessorImpl.invoke(DelegatingMethodAccessorImpl.java:43)
	at java.lang.reflect.Method.invoke(Method.java:498)
	at org.testng.internal.MethodInvocationHelper.invokeMethod(MethodInvocationHelper.java:133)
	at org.testng.internal.TestInvoker.invokeMethod(TestInvoker.java:598)
	at org.testng.internal.TestInvoker.invokeTestMethod(TestInvoker.java:173)
	at org.testng.internal.MethodRunner.runInSequence(MethodRunner.java:46)
	at org.testng.internal.TestInvoker$MethodInvocationAgent.invoke(TestInvoker.java:824)
	at org.testng.internal.TestInvoker.invokeTestMethods(TestInvoker.java:146)
	at org.testng.internal.TestMethodWorker.invokeTestMethods(TestMethodWorker.java:146)
	at org.testng.internal.TestMethodWorker.run(TestMethodWorker.java:128)
	at java.util.ArrayList.forEach(ArrayList.java:1259)
	at org.testng.TestRunner.privateRun(TestRunner.java:794)
	at org.testng.TestRunner.run(TestRunner.java:596)
	at org.testng.SuiteRunner.runTest(SuiteRunner.java:377)
	at org.testng.SuiteRunner.runSequentially(SuiteRunner.java:371)
	at org.testng.SuiteRunner.privateRun(SuiteRunner.java:332)
	at org.testng.SuiteRunner.run(SuiteRunner.java:276)
	at org.testng.SuiteRunnerWorker.runSuite(SuiteRunnerWorker.java:53)
	at org.testng.SuiteRunnerWorker.run(SuiteRunnerWorker.java:96)
	at org.testng.TestNG.runSuitesSequentially(TestNG.java:1212)
	at org.testng.TestNG.runSuitesLocally(TestNG.java:1134)
	at org.testng.TestNG.runSuites(TestNG.java:1063)
	at org.testng.TestNG.run(TestNG.java:1031)
	at org.apache.maven.surefire.testng.TestNGExecutor.run(TestNGExecutor.java:132)
	at org.apache.maven.surefire.testng.TestNGDirectoryTestSuite.executeSingleClass(TestNGDirectoryTestSuite.java:112)
	at org.apache.maven.surefire.testng.TestNGDirectoryTestSuite.execute(TestNGDirectoryTestSuite.java:99)
	at org.apache.maven.surefire.testng.TestNGProvider.invoke(TestNGProvider.java:147)
	at org.apache.maven.surefire.booter.ForkedBooter.invokeProviderInSameClassLoader(ForkedBooter.java:290)
	at org.apache.maven.surefire.booter.ForkedBooter.runSuitesInProcess(ForkedBooter.java:242)
	at org.apache.maven.surefire.booter.ForkedBooter.main(ForkedBooter.java:121)
Caused by: org.openqa.selenium.NoSuchSessionException: invalid session id
Build info: version: '3.141.59', revision: 'e82be7d358', time: '2018-11-14T08:17:03'
System info: host: 'LAPTOP-G0UQGSFP', ip: '192.168.199.43', os.name: 'Windows 11', os.arch: 'amd64', os.version: '10.0', java.version: '1.8.0_351'
Driver info: org.openqa.selenium.chrome.ChromeDriver
Capabilities {acceptInsecureCerts: false, browserName: chrome, browserVersion: 135.0.7049.85, chrome: {chromedriverVersion: 135.0.7049.84 (6c019e560019..., userDataDir: C:\Users\BHAANU~1\AppData\L...}, fedcm:accounts: true, goog:chromeOptions: {debuggerAddress: localhost:56801}, javascriptEnabled: true, networkConnectionEnabled: false, pageLoadStrategy: normal, platform: WINDOWS, platformName: WINDOWS, proxy: Proxy(), setWindowRect: true, strictFileInteractability: false, timeouts: {implicit: 0, pageLoad: 300000, script: 30000}, unhandledPromptBehavior: dismiss and notify, webauthn:extension:credBlob: true, webauthn:extension:largeBlob: true, webauthn:extension:minPinLength: true, webauthn:extension:prf: true, webauthn:virtualAuthenticators: true}
Session ID: cfaceeb228dae2bfffd3eb7a2c48880e
*** Element info: {Using=xpath, value=//a[@href='https://www.bestbuy.com']}
	at sun.reflect.GeneratedConstructorAccessor27.newInstance(Unknown Source)
	at sun.reflect.DelegatingConstructorAccessorImpl.newInstance(DelegatingConstructorAccessorImpl.java:45)
	at java.lang.reflect.Constructor.newInstance(Constructor.java:423)
	at org.openqa.selenium.remote.http.W3CHttpResponseCodec.createException(W3CHttpResponseCodec.java:187)
	at org.openqa.selenium.remote.http.W3CHttpResponseCodec.decode(W3CHttpResponseCodec.java:122)
	at org.openqa.selenium.remote.http.W3CHttpResponseCodec.decode(W3CHttpResponseCodec.java:49)
	at org.openqa.selenium.remote.HttpCommandExecutor.execute(HttpCommandExecutor.java:158)
	at org.openqa.selenium.remote.service.DriverCommandExecutor.execute(DriverCommandExecutor.java:83)
	at org.openqa.selenium.remote.RemoteWebDriver.execute(RemoteWebDriver.java:552)
	at org.openqa.selenium.remote.RemoteWebDriver.findElement(RemoteWebDriver.java:323)
	at org.openqa.selenium.remote.RemoteWebDriver.findElementByXPath(RemoteWebDriver.java:428)
	at org.openqa.selenium.By$ByXPath.findElement(By.java:353)
	at org.openqa.selenium.remote.RemoteWebDriver.findElement(RemoteWebDriver.java:315)
	at io.appium.java_client.pagefactory.bys.ContentMappedBy.findElement(ContentMappedBy.java:50)
	at org.openqa.selenium.remote.RemoteWebDriver.findElement(RemoteWebDriver.java:315)
	at io.appium.java_client.pagefactory.AppiumElementLocator.lambda$0(AppiumElementLocator.java:120)
	at io.appium.java_client.pagefactory.AppiumElementLocator$WaitingFunction.apply(AppiumElementLocator.java:172)
	... 69 more
]]></system-err>
  </testcase>
  <testcase name="runScenario" classname="Happy_Path_Patient_Web_and_MR.cukes.DemoWebBestBuy" time="0.061">
    <failure message="expected [true] but found [false]" type="java.lang.AssertionError">java.lang.AssertionError: expected [true] but found [false]
</failure>
    <system-out><![CDATA[
@WEB @TEST1 @TC_ID_1029
Scenario Outline: Navigate to Footer T&C Links                         # src/test/resources/features/BestBuyPurchase/1_GUVI_BestBuyPurchase.feature:274
Survey Popup exception catch org.openqa.selenium.NoSuchSessionException: invalid session id
Build info: version: '3.141.59', revision: 'e82be7d358', time: '2018-11-14T08:17:03'
System info: host: 'LAPTOP-G0UQGSFP', ip: '192.168.199.43', os.name: 'Windows 11', os.arch: 'amd64', os.version: '10.0', java.version: '1.8.0_351'
Driver info: org.openqa.selenium.chrome.ChromeDriver
Capabilities {acceptInsecureCerts: false, browserName: chrome, browserVersion: 135.0.7049.85, chrome: {chromedriverVersion: 135.0.7049.84 (6c019e560019..., userDataDir: C:\Users\BHAANU~1\AppData\L...}, fedcm:accounts: true, goog:chromeOptions: {debuggerAddress: localhost:56801}, javascriptEnabled: true, networkConnectionEnabled: false, pageLoadStrategy: normal, platform: WINDOWS, platformName: WINDOWS, proxy: Proxy(), setWindowRect: true, strictFileInteractability: false, timeouts: {implicit: 0, pageLoad: 300000, script: 30000}, unhandledPromptBehavior: dismiss and notify, webauthn:extension:credBlob: true, webauthn:extension:largeBlob: true, webauthn:extension:minPinLength: true, webauthn:extension:prf: true, webauthn:virtualAuthenticators: true}
Session ID: cfaceeb228dae2bfffd3eb7a2c48880e
*** Element info: {Using=xpath, value=//div[@id='survey_window']//button[@id='survey_invite_no']}
clickOnBestBuyButton catch false
  Given As a user i should click on BestBuy Button                     # Happy_Path_Patient_Web_and_MR.stepDefinitions.BestBuySteps.asAUserIShouldClickOnBestBuyButton()
      java.lang.AssertionError: expected [true] but found [false]
	at org.testng.Assert.fail(Assert.java:99)
	at org.testng.Assert.failNotEquals(Assert.java:1037)
	at org.testng.Assert.assertTrue(Assert.java:45)
	at org.testng.Assert.assertTrue(Assert.java:55)
	at Happy_Path_Patient_Web_and_MR.stepDefinitions.BestBuySteps.asAUserIShouldClickOnBestBuyButton(BestBuySteps.java:404)
	at âœ½.As a user i should click on BestBuy Button(file:///E:/ShareWebCopy_Guvi_BestBuy/src/test/resources/features/BestBuyPurchase/1_GUVI_BestBuyPurchase.feature:268)

  When I should get all the Footer T&C Pages and Navigate to each page # Happy_Path_Patient_Web_and_MR.stepDefinitions.BestBuySteps.iShouldGetAllTheFooterTCPagesAndNavigateToEachPage()
  Then I should validate Footer T&C Page URL "&FTTCPAGEURL&"           # Happy_Path_Patient_Web_and_MR.stepDefinitions.BestBuySteps.iShouldValidateFooterTCPageURL(java.lang.String)
      org.openqa.selenium.NoSuchSessionException: invalid session id
Build info: version: '3.141.59', revision: 'e82be7d358', time: '2018-11-14T08:17:03'
System info: host: 'LAPTOP-G0UQGSFP', ip: '192.168.199.43', os.name: 'Windows 11', os.arch: 'amd64', os.version: '10.0', java.version: '1.8.0_351'
Driver info: org.openqa.selenium.chrome.ChromeDriver
Capabilities {acceptInsecureCerts: false, browserName: chrome, browserVersion: 135.0.7049.85, chrome: {chromedriverVersion: 135.0.7049.84 (6c019e560019..., userDataDir: C:\Users\BHAANU~1\AppData\L...}, fedcm:accounts: true, goog:chromeOptions: {debuggerAddress: localhost:56801}, javascriptEnabled: true, networkConnectionEnabled: false, pageLoadStrategy: normal, platform: WINDOWS, platformName: WINDOWS, proxy: Proxy(), setWindowRect: true, strictFileInteractability: false, timeouts: {implicit: 0, pageLoad: 300000, script: 30000}, unhandledPromptBehavior: dismiss and notify, webauthn:extension:credBlob: true, webauthn:extension:largeBlob: true, webauthn:extension:minPinLength: true, webauthn:extension:prf: true, webauthn:virtualAuthenticators: true}
Session ID: cfaceeb228dae2bfffd3eb7a2c48880e
	at sun.reflect.GeneratedConstructorAccessor27.newInstance(Unknown Source)
	at sun.reflect.DelegatingConstructorAccessorImpl.newInstance(DelegatingConstructorAccessorImpl.java:45)
	at java.lang.reflect.Constructor.newInstance(Constructor.java:423)
	at org.openqa.selenium.remote.http.W3CHttpResponseCodec.createException(W3CHttpResponseCodec.java:187)
	at org.openqa.selenium.remote.http.W3CHttpResponseCodec.decode(W3CHttpResponseCodec.java:122)
	at org.openqa.selenium.remote.http.W3CHttpResponseCodec.decode(W3CHttpResponseCodec.java:49)
	at org.openqa.selenium.remote.HttpCommandExecutor.execute(HttpCommandExecutor.java:158)
	at org.openqa.selenium.remote.service.DriverCommandExecutor.execute(DriverCommandExecutor.java:83)
	at org.openqa.selenium.remote.RemoteWebDriver.execute(RemoteWebDriver.java:552)
	at org.openqa.selenium.remote.RemoteWebDriver.execute(RemoteWebDriver.java:609)
	at org.openqa.selenium.remote.RemoteWebDriver.getScreenshotAs(RemoteWebDriver.java:295)
	at Happy_Path_Patient_Web_and_MR.DemoPageContainer.afterScenario(DemoPageContainer.java:74)

]]></system-out>
    <system-err><![CDATA[org.openqa.selenium.WebDriverException: org.openqa.selenium.NoSuchSessionException: invalid session id
Build info: version: '3.141.59', revision: 'e82be7d358', time: '2018-11-14T08:17:03'
System info: host: 'LAPTOP-G0UQGSFP', ip: '192.168.199.43', os.name: 'Windows 11', os.arch: 'amd64', os.version: '10.0', java.version: '1.8.0_351'
Driver info: org.openqa.selenium.chrome.ChromeDriver
Capabilities {acceptInsecureCerts: false, browserName: chrome, browserVersion: 135.0.7049.85, chrome: {chromedriverVersion: 135.0.7049.84 (6c019e560019..., userDataDir: C:\Users\BHAANU~1\AppData\L...}, fedcm:accounts: true, goog:chromeOptions: {debuggerAddress: localhost:56801}, javascriptEnabled: true, networkConnectionEnabled: false, pageLoadStrategy: normal, platform: WINDOWS, platformName: WINDOWS, proxy: Proxy(), setWindowRect: true, strictFileInteractability: false, timeouts: {implicit: 0, pageLoad: 300000, script: 30000}, unhandledPromptBehavior: dismiss and notify, webauthn:extension:credBlob: true, webauthn:extension:largeBlob: true, webauthn:extension:minPinLength: true, webauthn:extension:prf: true, webauthn:virtualAuthenticators: true}
Session ID: cfaceeb228dae2bfffd3eb7a2c48880e
*** Element info: {Using=xpath, value=//a[@href='https://www.bestbuy.com']}
	at io.appium.java_client.pagefactory.AppiumElementLocator$WaitingFunction.apply(AppiumElementLocator.java:192)
	at io.appium.java_client.pagefactory.AppiumElementLocator$WaitingFunction.apply(AppiumElementLocator.java:1)
	at org.openqa.selenium.support.ui.FluentWait.until(FluentWait.java:249)
	at io.appium.java_client.pagefactory.AppiumElementLocator.waitFor(AppiumElementLocator.java:99)
	at io.appium.java_client.pagefactory.AppiumElementLocator.findElement(AppiumElementLocator.java:119)
	at io.appium.java_client.pagefactory.interceptors.InterceptorOfASingleElement.intercept(InterceptorOfASingleElement.java:59)
	at io.appium.java_client.windows.WindowsElement$$EnhancerByCGLIB$$7365f0b4.getId(<generated>)
	at org.openqa.selenium.remote.internal.WebElementToJsonConverter.apply(WebElementToJsonConverter.java:55)
	at java.util.stream.ReferencePipeline$3$1.accept(ReferencePipeline.java:193)
	at java.util.Spliterators$ArraySpliterator.forEachRemaining(Spliterators.java:948)
	at java.util.stream.AbstractPipeline.copyInto(AbstractPipeline.java:482)
	at java.util.stream.AbstractPipeline.wrapAndCopyInto(AbstractPipeline.java:472)
	at java.util.stream.ReduceOps$ReduceOp.evaluateSequential(ReduceOps.java:708)
	at java.util.stream.AbstractPipeline.evaluate(AbstractPipeline.java:234)
	at java.util.stream.ReferencePipeline.collect(ReferencePipeline.java:499)
	at org.openqa.selenium.remote.RemoteWebDriver.executeScript(RemoteWebDriver.java:484)
	at cap.common.BasePage.jsClickScroll(BasePage.java:297)
	at Happy_Path_Patient_Web_and_MR.pages.BestBuyPage.clickOnBestBuyButton(BestBuyPage.java:2311)
	at Happy_Path_Patient_Web_and_MR.stepDefinitions.BestBuySteps.asAUserIShouldClickOnBestBuyButton(BestBuySteps.java:404)
	at sun.reflect.NativeMethodAccessorImpl.invoke0(Native Method)
	at sun.reflect.NativeMethodAccessorImpl.invoke(NativeMethodAccessorImpl.java:62)
	at sun.reflect.DelegatingMethodAccessorImpl.invoke(DelegatingMethodAccessorImpl.java:43)
	at java.lang.reflect.Method.invoke(Method.java:498)
	at io.cucumber.java.Invoker.doInvoke(Invoker.java:66)
	at io.cucumber.java.Invoker.invoke(Invoker.java:24)
	at io.cucumber.java.AbstractGlueDefinition.invokeMethod(AbstractGlueDefinition.java:47)
	at io.cucumber.java.JavaStepDefinition.execute(JavaStepDefinition.java:29)
	at io.cucumber.core.runner.CoreStepDefinition.execute(CoreStepDefinition.java:66)
	at io.cucumber.core.runner.PickleStepDefinitionMatch.runStep(PickleStepDefinitionMatch.java:63)
	at io.cucumber.core.runner.ExecutionMode$1.execute(ExecutionMode.java:10)
	at io.cucumber.core.runner.TestStep.executeStep(TestStep.java:92)
	at io.cucumber.core.runner.TestStep.run(TestStep.java:64)
	at io.cucumber.core.runner.PickleStepTestStep.run(PickleStepTestStep.java:51)
	at io.cucumber.core.runner.TestCase.run(TestCase.java:104)
	at io.cucumber.core.runner.Runner.runPickle(Runner.java:73)
	at io.cucumber.testng.TestNGCucumberRunner.lambda$runScenario$0(TestNGCucumberRunner.java:117)
	at io.cucumber.core.runtime.CucumberExecutionContext.runTestCase(CucumberExecutionContext.java:117)
	at io.cucumber.testng.TestNGCucumberRunner.runScenario(TestNGCucumberRunner.java:114)
	at io.cucumber.testng.AbstractTestNGCucumberTests.runScenario(AbstractTestNGCucumberTests.java:31)
	at sun.reflect.GeneratedMethodAccessor98.invoke(Unknown Source)
	at sun.reflect.DelegatingMethodAccessorImpl.invoke(DelegatingMethodAccessorImpl.java:43)
	at java.lang.reflect.Method.invoke(Method.java:498)
	at org.testng.internal.MethodInvocationHelper.invokeMethod(MethodInvocationHelper.java:133)
	at org.testng.internal.TestInvoker.invokeMethod(TestInvoker.java:598)
	at org.testng.internal.TestInvoker.invokeTestMethod(TestInvoker.java:173)
	at org.testng.internal.MethodRunner.runInSequence(MethodRunner.java:46)
	at org.testng.internal.TestInvoker$MethodInvocationAgent.invoke(TestInvoker.java:824)
	at org.testng.internal.TestInvoker.invokeTestMethods(TestInvoker.java:146)
	at org.testng.internal.TestMethodWorker.invokeTestMethods(TestMethodWorker.java:146)
	at org.testng.internal.TestMethodWorker.run(TestMethodWorker.java:128)
	at java.util.ArrayList.forEach(ArrayList.java:1259)
	at org.testng.TestRunner.privateRun(TestRunner.java:794)
	at org.testng.TestRunner.run(TestRunner.java:596)
	at org.testng.SuiteRunner.runTest(SuiteRunner.java:377)
	at org.testng.SuiteRunner.runSequentially(SuiteRunner.java:371)
	at org.testng.SuiteRunner.privateRun(SuiteRunner.java:332)
	at org.testng.SuiteRunner.run(SuiteRunner.java:276)
	at org.testng.SuiteRunnerWorker.runSuite(SuiteRunnerWorker.java:53)
	at org.testng.SuiteRunnerWorker.run(SuiteRunnerWorker.java:96)
	at org.testng.TestNG.runSuitesSequentially(TestNG.java:1212)
	at org.testng.TestNG.runSuitesLocally(TestNG.java:1134)
	at org.testng.TestNG.runSuites(TestNG.java:1063)
	at org.testng.TestNG.run(TestNG.java:1031)
	at org.apache.maven.surefire.testng.TestNGExecutor.run(TestNGExecutor.java:132)
	at org.apache.maven.surefire.testng.TestNGDirectoryTestSuite.executeSingleClass(TestNGDirectoryTestSuite.java:112)
	at org.apache.maven.surefire.testng.TestNGDirectoryTestSuite.execute(TestNGDirectoryTestSuite.java:99)
	at org.apache.maven.surefire.testng.TestNGProvider.invoke(TestNGProvider.java:147)
	at org.apache.maven.surefire.booter.ForkedBooter.invokeProviderInSameClassLoader(ForkedBooter.java:290)
	at org.apache.maven.surefire.booter.ForkedBooter.runSuitesInProcess(ForkedBooter.java:242)
	at org.apache.maven.surefire.booter.ForkedBooter.main(ForkedBooter.java:121)
Caused by: org.openqa.selenium.NoSuchSessionException: invalid session id
Build info: version: '3.141.59', revision: 'e82be7d358', time: '2018-11-14T08:17:03'
System info: host: 'LAPTOP-G0UQGSFP', ip: '192.168.199.43', os.name: 'Windows 11', os.arch: 'amd64', os.version: '10.0', java.version: '1.8.0_351'
Driver info: org.openqa.selenium.chrome.ChromeDriver
Capabilities {acceptInsecureCerts: false, browserName: chrome, browserVersion: 135.0.7049.85, chrome: {chromedriverVersion: 135.0.7049.84 (6c019e560019..., userDataDir: C:\Users\BHAANU~1\AppData\L...}, fedcm:accounts: true, goog:chromeOptions: {debuggerAddress: localhost:56801}, javascriptEnabled: true, networkConnectionEnabled: false, pageLoadStrategy: normal, platform: WINDOWS, platformName: WINDOWS, proxy: Proxy(), setWindowRect: true, strictFileInteractability: false, timeouts: {implicit: 0, pageLoad: 300000, script: 30000}, unhandledPromptBehavior: dismiss and notify, webauthn:extension:credBlob: true, webauthn:extension:largeBlob: true, webauthn:extension:minPinLength: true, webauthn:extension:prf: true, webauthn:virtualAuthenticators: true}
Session ID: cfaceeb228dae2bfffd3eb7a2c48880e
*** Element info: {Using=xpath, value=//a[@href='https://www.bestbuy.com']}
	at sun.reflect.GeneratedConstructorAccessor27.newInstance(Unknown Source)
	at sun.reflect.DelegatingConstructorAccessorImpl.newInstance(DelegatingConstructorAccessorImpl.java:45)
	at java.lang.reflect.Constructor.newInstance(Constructor.java:423)
	at org.openqa.selenium.remote.http.W3CHttpResponseCodec.createException(W3CHttpResponseCodec.java:187)
	at org.openqa.selenium.remote.http.W3CHttpResponseCodec.decode(W3CHttpResponseCodec.java:122)
	at org.openqa.selenium.remote.http.W3CHttpResponseCodec.decode(W3CHttpResponseCodec.java:49)
	at org.openqa.selenium.remote.HttpCommandExecutor.execute(HttpCommandExecutor.java:158)
	at org.openqa.selenium.remote.service.DriverCommandExecutor.execute(DriverCommandExecutor.java:83)
	at org.openqa.selenium.remote.RemoteWebDriver.execute(RemoteWebDriver.java:552)
	at org.openqa.selenium.remote.RemoteWebDriver.findElement(RemoteWebDriver.java:323)
	at org.openqa.selenium.remote.RemoteWebDriver.findElementByXPath(RemoteWebDriver.java:428)
	at org.openqa.selenium.By$ByXPath.findElement(By.java:353)
	at org.openqa.selenium.remote.RemoteWebDriver.findElement(RemoteWebDriver.java:315)
	at io.appium.java_client.pagefactory.bys.ContentMappedBy.findElement(ContentMappedBy.java:50)
	at org.openqa.selenium.remote.RemoteWebDriver.findElement(RemoteWebDriver.java:315)
	at io.appium.java_client.pagefactory.AppiumElementLocator.lambda$0(AppiumElementLocator.java:120)
	at io.appium.java_client.pagefactory.AppiumElementLocator$WaitingFunction.apply(AppiumElementLocator.java:172)
	... 69 more
]]></system-err>
  </testcase>
  <testcase name="runScenario" classname="Happy_Path_Patient_Web_and_MR.cukes.DemoWebBestBuy" time="0.159">
    <failure message="expected [true] but found [false]" type="java.lang.AssertionError">java.lang.AssertionError: expected [true] but found [false]
</failure>
    <system-out><![CDATA[
@WEB @TEST1 @TC_ID_1030
Scenario Outline: Search a Product from search bar and add it to Cart                                    # src/test/resources/features/BestBuyPurchase/1_GUVI_BestBuyPurchase.feature:291
Survey Popup exception catch org.openqa.selenium.NoSuchSessionException: invalid session id
Build info: version: '3.141.59', revision: 'e82be7d358', time: '2018-11-14T08:17:03'
System info: host: 'LAPTOP-G0UQGSFP', ip: '192.168.199.43', os.name: 'Windows 11', os.arch: 'amd64', os.version: '10.0', java.version: '1.8.0_351'
Driver info: org.openqa.selenium.chrome.ChromeDriver
Capabilities {acceptInsecureCerts: false, browserName: chrome, browserVersion: 135.0.7049.85, chrome: {chromedriverVersion: 135.0.7049.84 (6c019e560019..., userDataDir: C:\Users\BHAANU~1\AppData\L...}, fedcm:accounts: true, goog:chromeOptions: {debuggerAddress: localhost:56801}, javascriptEnabled: true, networkConnectionEnabled: false, pageLoadStrategy: normal, platform: WINDOWS, platformName: WINDOWS, proxy: Proxy(), setWindowRect: true, strictFileInteractability: false, timeouts: {implicit: 0, pageLoad: 300000, script: 30000}, unhandledPromptBehavior: dismiss and notify, webauthn:extension:credBlob: true, webauthn:extension:largeBlob: true, webauthn:extension:minPinLength: true, webauthn:extension:prf: true, webauthn:virtualAuthenticators: true}
Session ID: cfaceeb228dae2bfffd3eb7a2c48880e
*** Element info: {Using=xpath, value=//div[@id='survey_window']//button[@id='survey_invite_no']}
clickOnBestBuyButton catch false
  Given As a user i should click on BestBuy Button                                                       # Happy_Path_Patient_Web_and_MR.stepDefinitions.BestBuySteps.asAUserIShouldClickOnBestBuyButton()
      java.lang.AssertionError: expected [true] but found [false]
	at org.testng.Assert.fail(Assert.java:99)
	at org.testng.Assert.failNotEquals(Assert.java:1037)
	at org.testng.Assert.assertTrue(Assert.java:45)
	at org.testng.Assert.assertTrue(Assert.java:55)
	at Happy_Path_Patient_Web_and_MR.stepDefinitions.BestBuySteps.asAUserIShouldClickOnBestBuyButton(BestBuySteps.java:404)
	at âœ½.As a user i should click on BestBuy Button(file:///E:/ShareWebCopy_Guvi_BestBuy/src/test/resources/features/BestBuyPurchase/1_GUVI_BestBuyPurchase.feature:279)

  When I should enter the disney toy "&DISNEYTOY&" in Search Box and Click Search                        # Happy_Path_Patient_Web_and_MR.stepDefinitions.BestBuySteps.iShouldEnterTheDisneyToyInSearchBoxAndClickSearch(java.lang.String)
  And I should click and navigate to disney toy product page and view them "&PRNAMEMODELSKU&"            # Happy_Path_Patient_Web_and_MR.stepDefinitions.BestBuySteps.iShouldClickAndNavigateToDisneyToyProductPageAndViewThem(java.lang.String)
  Then I should check the product  "&DISNEYTOY&" added to the cart                                       # Happy_Path_Patient_Web_and_MR.stepDefinitions.BestBuySteps.iShouldCheckTheProductAddedToTheCart(java.lang.String)
  And I should click on the Checkout button                                                              # Happy_Path_Patient_Web_and_MR.stepDefinitions.BestBuySteps.iShouldClickOnTheCheckoutButton()
  And I should click on the Continue as Guest button                                                     # Happy_Path_Patient_Web_and_MR.stepDefinitions.BestBuySteps.iShouldClickOnTheContinueAsGuestButton()
  And I should enter email address "&GUESTEMAIL&" and "&GUESTPHONENUMBER&" phonenumber                   # Happy_Path_Patient_Web_and_MR.stepDefinitions.BestBuySteps.iShouldEnterEmailAddressAndPhonenumber(java.lang.String,java.lang.String)
  And I should enter payment information "&CARDNUMBER&" and delivery address "&DELIVERYADDRESS&" details # Happy_Path_Patient_Web_and_MR.stepDefinitions.BestBuySteps.iShouldEnterPaymentInformationAndDeliveryAddressDetails(java.lang.String,java.lang.String)
  Then I should check order "&ORDERSUCCESSMESSAGE&" is placed successfully                               # Happy_Path_Patient_Web_and_MR.stepDefinitions.BestBuySteps.iShouldCheckOrderIsPlacedSuccessfully(java.lang.String)
      org.openqa.selenium.NoSuchSessionException: invalid session id
Build info: version: '3.141.59', revision: 'e82be7d358', time: '2018-11-14T08:17:03'
System info: host: 'LAPTOP-G0UQGSFP', ip: '192.168.199.43', os.name: 'Windows 11', os.arch: 'amd64', os.version: '10.0', java.version: '1.8.0_351'
Driver info: org.openqa.selenium.chrome.ChromeDriver
Capabilities {acceptInsecureCerts: false, browserName: chrome, browserVersion: 135.0.7049.85, chrome: {chromedriverVersion: 135.0.7049.84 (6c019e560019..., userDataDir: C:\Users\BHAANU~1\AppData\L...}, fedcm:accounts: true, goog:chromeOptions: {debuggerAddress: localhost:56801}, javascriptEnabled: true, networkConnectionEnabled: false, pageLoadStrategy: normal, platform: WINDOWS, platformName: WINDOWS, proxy: Proxy(), setWindowRect: true, strictFileInteractability: false, timeouts: {implicit: 0, pageLoad: 300000, script: 30000}, unhandledPromptBehavior: dismiss and notify, webauthn:extension:credBlob: true, webauthn:extension:largeBlob: true, webauthn:extension:minPinLength: true, webauthn:extension:prf: true, webauthn:virtualAuthenticators: true}
Session ID: cfaceeb228dae2bfffd3eb7a2c48880e
	at sun.reflect.GeneratedConstructorAccessor27.newInstance(Unknown Source)
	at sun.reflect.DelegatingConstructorAccessorImpl.newInstance(DelegatingConstructorAccessorImpl.java:45)
	at java.lang.reflect.Constructor.newInstance(Constructor.java:423)
	at org.openqa.selenium.remote.http.W3CHttpResponseCodec.createException(W3CHttpResponseCodec.java:187)
	at org.openqa.selenium.remote.http.W3CHttpResponseCodec.decode(W3CHttpResponseCodec.java:122)
	at org.openqa.selenium.remote.http.W3CHttpResponseCodec.decode(W3CHttpResponseCodec.java:49)
	at org.openqa.selenium.remote.HttpCommandExecutor.execute(HttpCommandExecutor.java:158)
	at org.openqa.selenium.remote.service.DriverCommandExecutor.execute(DriverCommandExecutor.java:83)
	at org.openqa.selenium.remote.RemoteWebDriver.execute(RemoteWebDriver.java:552)
	at org.openqa.selenium.remote.RemoteWebDriver.execute(RemoteWebDriver.java:609)
	at org.openqa.selenium.remote.RemoteWebDriver.getScreenshotAs(RemoteWebDriver.java:295)
	at Happy_Path_Patient_Web_and_MR.DemoPageContainer.afterScenario(DemoPageContainer.java:74)

]]></system-out>
    <system-err><![CDATA[org.openqa.selenium.WebDriverException: org.openqa.selenium.NoSuchSessionException: invalid session id
Build info: version: '3.141.59', revision: 'e82be7d358', time: '2018-11-14T08:17:03'
System info: host: 'LAPTOP-G0UQGSFP', ip: '192.168.199.43', os.name: 'Windows 11', os.arch: 'amd64', os.version: '10.0', java.version: '1.8.0_351'
Driver info: org.openqa.selenium.chrome.ChromeDriver
Capabilities {acceptInsecureCerts: false, browserName: chrome, browserVersion: 135.0.7049.85, chrome: {chromedriverVersion: 135.0.7049.84 (6c019e560019..., userDataDir: C:\Users\BHAANU~1\AppData\L...}, fedcm:accounts: true, goog:chromeOptions: {debuggerAddress: localhost:56801}, javascriptEnabled: true, networkConnectionEnabled: false, pageLoadStrategy: normal, platform: WINDOWS, platformName: WINDOWS, proxy: Proxy(), setWindowRect: true, strictFileInteractability: false, timeouts: {implicit: 0, pageLoad: 300000, script: 30000}, unhandledPromptBehavior: dismiss and notify, webauthn:extension:credBlob: true, webauthn:extension:largeBlob: true, webauthn:extension:minPinLength: true, webauthn:extension:prf: true, webauthn:virtualAuthenticators: true}
Session ID: cfaceeb228dae2bfffd3eb7a2c48880e
*** Element info: {Using=xpath, value=//a[@href='https://www.bestbuy.com']}
	at io.appium.java_client.pagefactory.AppiumElementLocator$WaitingFunction.apply(AppiumElementLocator.java:192)
	at io.appium.java_client.pagefactory.AppiumElementLocator$WaitingFunction.apply(AppiumElementLocator.java:1)
	at org.openqa.selenium.support.ui.FluentWait.until(FluentWait.java:249)
	at io.appium.java_client.pagefactory.AppiumElementLocator.waitFor(AppiumElementLocator.java:99)
	at io.appium.java_client.pagefactory.AppiumElementLocator.findElement(AppiumElementLocator.java:119)
	at io.appium.java_client.pagefactory.interceptors.InterceptorOfASingleElement.intercept(InterceptorOfASingleElement.java:59)
	at io.appium.java_client.windows.WindowsElement$$EnhancerByCGLIB$$7365f0b4.getId(<generated>)
	at org.openqa.selenium.remote.internal.WebElementToJsonConverter.apply(WebElementToJsonConverter.java:55)
	at java.util.stream.ReferencePipeline$3$1.accept(ReferencePipeline.java:193)
	at java.util.Spliterators$ArraySpliterator.forEachRemaining(Spliterators.java:948)
	at java.util.stream.AbstractPipeline.copyInto(AbstractPipeline.java:482)
	at java.util.stream.AbstractPipeline.wrapAndCopyInto(AbstractPipeline.java:472)
	at java.util.stream.ReduceOps$ReduceOp.evaluateSequential(ReduceOps.java:708)
	at java.util.stream.AbstractPipeline.evaluate(AbstractPipeline.java:234)
	at java.util.stream.ReferencePipeline.collect(ReferencePipeline.java:499)
	at org.openqa.selenium.remote.RemoteWebDriver.executeScript(RemoteWebDriver.java:484)
	at cap.common.BasePage.jsClickScroll(BasePage.java:297)
	at Happy_Path_Patient_Web_and_MR.pages.BestBuyPage.clickOnBestBuyButton(BestBuyPage.java:2311)
	at Happy_Path_Patient_Web_and_MR.stepDefinitions.BestBuySteps.asAUserIShouldClickOnBestBuyButton(BestBuySteps.java:404)
	at sun.reflect.NativeMethodAccessorImpl.invoke0(Native Method)
	at sun.reflect.NativeMethodAccessorImpl.invoke(NativeMethodAccessorImpl.java:62)
	at sun.reflect.DelegatingMethodAccessorImpl.invoke(DelegatingMethodAccessorImpl.java:43)
	at java.lang.reflect.Method.invoke(Method.java:498)
	at io.cucumber.java.Invoker.doInvoke(Invoker.java:66)
	at io.cucumber.java.Invoker.invoke(Invoker.java:24)
	at io.cucumber.java.AbstractGlueDefinition.invokeMethod(AbstractGlueDefinition.java:47)
	at io.cucumber.java.JavaStepDefinition.execute(JavaStepDefinition.java:29)
	at io.cucumber.core.runner.CoreStepDefinition.execute(CoreStepDefinition.java:66)
	at io.cucumber.core.runner.PickleStepDefinitionMatch.runStep(PickleStepDefinitionMatch.java:63)
	at io.cucumber.core.runner.ExecutionMode$1.execute(ExecutionMode.java:10)
	at io.cucumber.core.runner.TestStep.executeStep(TestStep.java:92)
	at io.cucumber.core.runner.TestStep.run(TestStep.java:64)
	at io.cucumber.core.runner.PickleStepTestStep.run(PickleStepTestStep.java:51)
	at io.cucumber.core.runner.TestCase.run(TestCase.java:104)
	at io.cucumber.core.runner.Runner.runPickle(Runner.java:73)
	at io.cucumber.testng.TestNGCucumberRunner.lambda$runScenario$0(TestNGCucumberRunner.java:117)
	at io.cucumber.core.runtime.CucumberExecutionContext.runTestCase(CucumberExecutionContext.java:117)
	at io.cucumber.testng.TestNGCucumberRunner.runScenario(TestNGCucumberRunner.java:114)
	at io.cucumber.testng.AbstractTestNGCucumberTests.runScenario(AbstractTestNGCucumberTests.java:31)
	at sun.reflect.GeneratedMethodAccessor98.invoke(Unknown Source)
	at sun.reflect.DelegatingMethodAccessorImpl.invoke(DelegatingMethodAccessorImpl.java:43)
	at java.lang.reflect.Method.invoke(Method.java:498)
	at org.testng.internal.MethodInvocationHelper.invokeMethod(MethodInvocationHelper.java:133)
	at org.testng.internal.TestInvoker.invokeMethod(TestInvoker.java:598)
	at org.testng.internal.TestInvoker.invokeTestMethod(TestInvoker.java:173)
	at org.testng.internal.MethodRunner.runInSequence(MethodRunner.java:46)
	at org.testng.internal.TestInvoker$MethodInvocationAgent.invoke(TestInvoker.java:824)
	at org.testng.internal.TestInvoker.invokeTestMethods(TestInvoker.java:146)
	at org.testng.internal.TestMethodWorker.invokeTestMethods(TestMethodWorker.java:146)
	at org.testng.internal.TestMethodWorker.run(TestMethodWorker.java:128)
	at java.util.ArrayList.forEach(ArrayList.java:1259)
	at org.testng.TestRunner.privateRun(TestRunner.java:794)
	at org.testng.TestRunner.run(TestRunner.java:596)
	at org.testng.SuiteRunner.runTest(SuiteRunner.java:377)
	at org.testng.SuiteRunner.runSequentially(SuiteRunner.java:371)
	at org.testng.SuiteRunner.privateRun(SuiteRunner.java:332)
	at org.testng.SuiteRunner.run(SuiteRunner.java:276)
	at org.testng.SuiteRunnerWorker.runSuite(SuiteRunnerWorker.java:53)
	at org.testng.SuiteRunnerWorker.run(SuiteRunnerWorker.java:96)
	at org.testng.TestNG.runSuitesSequentially(TestNG.java:1212)
	at org.testng.TestNG.runSuitesLocally(TestNG.java:1134)
	at org.testng.TestNG.runSuites(TestNG.java:1063)
	at org.testng.TestNG.run(TestNG.java:1031)
	at org.apache.maven.surefire.testng.TestNGExecutor.run(TestNGExecutor.java:132)
	at org.apache.maven.surefire.testng.TestNGDirectoryTestSuite.executeSingleClass(TestNGDirectoryTestSuite.java:112)
	at org.apache.maven.surefire.testng.TestNGDirectoryTestSuite.execute(TestNGDirectoryTestSuite.java:99)
	at org.apache.maven.surefire.testng.TestNGProvider.invoke(TestNGProvider.java:147)
	at org.apache.maven.surefire.booter.ForkedBooter.invokeProviderInSameClassLoader(ForkedBooter.java:290)
	at org.apache.maven.surefire.booter.ForkedBooter.runSuitesInProcess(ForkedBooter.java:242)
	at org.apache.maven.surefire.booter.ForkedBooter.main(ForkedBooter.java:121)
Caused by: org.openqa.selenium.NoSuchSessionException: invalid session id
Build info: version: '3.141.59', revision: 'e82be7d358', time: '2018-11-14T08:17:03'
System info: host: 'LAPTOP-G0UQGSFP', ip: '192.168.199.43', os.name: 'Windows 11', os.arch: 'amd64', os.version: '10.0', java.version: '1.8.0_351'
Driver info: org.openqa.selenium.chrome.ChromeDriver
Capabilities {acceptInsecureCerts: false, browserName: chrome, browserVersion: 135.0.7049.85, chrome: {chromedriverVersion: 135.0.7049.84 (6c019e560019..., userDataDir: C:\Users\BHAANU~1\AppData\L...}, fedcm:accounts: true, goog:chromeOptions: {debuggerAddress: localhost:56801}, javascriptEnabled: true, networkConnectionEnabled: false, pageLoadStrategy: normal, platform: WINDOWS, platformName: WINDOWS, proxy: Proxy(), setWindowRect: true, strictFileInteractability: false, timeouts: {implicit: 0, pageLoad: 300000, script: 30000}, unhandledPromptBehavior: dismiss and notify, webauthn:extension:credBlob: true, webauthn:extension:largeBlob: true, webauthn:extension:minPinLength: true, webauthn:extension:prf: true, webauthn:virtualAuthenticators: true}
Session ID: cfaceeb228dae2bfffd3eb7a2c48880e
*** Element info: {Using=xpath, value=//a[@href='https://www.bestbuy.com']}
	at sun.reflect.GeneratedConstructorAccessor27.newInstance(Unknown Source)
	at sun.reflect.DelegatingConstructorAccessorImpl.newInstance(DelegatingConstructorAccessorImpl.java:45)
	at java.lang.reflect.Constructor.newInstance(Constructor.java:423)
	at org.openqa.selenium.remote.http.W3CHttpResponseCodec.createException(W3CHttpResponseCodec.java:187)
	at org.openqa.selenium.remote.http.W3CHttpResponseCodec.decode(W3CHttpResponseCodec.java:122)
	at org.openqa.selenium.remote.http.W3CHttpResponseCodec.decode(W3CHttpResponseCodec.java:49)
	at org.openqa.selenium.remote.HttpCommandExecutor.execute(HttpCommandExecutor.java:158)
	at org.openqa.selenium.remote.service.DriverCommandExecutor.execute(DriverCommandExecutor.java:83)
	at org.openqa.selenium.remote.RemoteWebDriver.execute(RemoteWebDriver.java:552)
	at org.openqa.selenium.remote.RemoteWebDriver.findElement(RemoteWebDriver.java:323)
	at org.openqa.selenium.remote.RemoteWebDriver.findElementByXPath(RemoteWebDriver.java:428)
	at org.openqa.selenium.By$ByXPath.findElement(By.java:353)
	at org.openqa.selenium.remote.RemoteWebDriver.findElement(RemoteWebDriver.java:315)
	at io.appium.java_client.pagefactory.bys.ContentMappedBy.findElement(ContentMappedBy.java:50)
	at org.openqa.selenium.remote.RemoteWebDriver.findElement(RemoteWebDriver.java:315)
	at io.appium.java_client.pagefactory.AppiumElementLocator.lambda$0(AppiumElementLocator.java:120)
	at io.appium.java_client.pagefactory.AppiumElementLocator$WaitingFunction.apply(AppiumElementLocator.java:172)
	... 69 more
]]></system-err>
  </testcase>
  <testcase name="runScenario" classname="Happy_Path_Patient_Web_and_MR.cukes.DemoWebBestBuy" time="0.105">
    <failure message="expected [true] but found [false]" type="java.lang.AssertionError">java.lang.AssertionError: expected [true] but found [false]
</failure>
    <system-out><![CDATA[
@WEB @TEST1 @TC_ID_1031
Scenario Outline: Navigate to Shop by Department and add a Product to Cart from Toys, Games & Collectibles and Brand Barbie # src/test/resources/features/BestBuyPurchase/1_GUVI_BestBuyPurchase.feature:308
Survey Popup exception catch org.openqa.selenium.NoSuchSessionException: invalid session id
Build info: version: '3.141.59', revision: 'e82be7d358', time: '2018-11-14T08:17:03'
System info: host: 'LAPTOP-G0UQGSFP', ip: '192.168.199.43', os.name: 'Windows 11', os.arch: 'amd64', os.version: '10.0', java.version: '1.8.0_351'
Driver info: org.openqa.selenium.chrome.ChromeDriver
Capabilities {acceptInsecureCerts: false, browserName: chrome, browserVersion: 135.0.7049.85, chrome: {chromedriverVersion: 135.0.7049.84 (6c019e560019..., userDataDir: C:\Users\BHAANU~1\AppData\L...}, fedcm:accounts: true, goog:chromeOptions: {debuggerAddress: localhost:56801}, javascriptEnabled: true, networkConnectionEnabled: false, pageLoadStrategy: normal, platform: WINDOWS, platformName: WINDOWS, proxy: Proxy(), setWindowRect: true, strictFileInteractability: false, timeouts: {implicit: 0, pageLoad: 300000, script: 30000}, unhandledPromptBehavior: dismiss and notify, webauthn:extension:credBlob: true, webauthn:extension:largeBlob: true, webauthn:extension:minPinLength: true, webauthn:extension:prf: true, webauthn:virtualAuthenticators: true}
Session ID: cfaceeb228dae2bfffd3eb7a2c48880e
*** Element info: {Using=xpath, value=//div[@id='survey_window']//button[@id='survey_invite_no']}
clickOnBestBuyButton catch false
  Given As a user i should click on BestBuy Button                                                                          # Happy_Path_Patient_Web_and_MR.stepDefinitions.BestBuySteps.asAUserIShouldClickOnBestBuyButton()
      java.lang.AssertionError: expected [true] but found [false]
	at org.testng.Assert.fail(Assert.java:99)
	at org.testng.Assert.failNotEquals(Assert.java:1037)
	at org.testng.Assert.assertTrue(Assert.java:45)
	at org.testng.Assert.assertTrue(Assert.java:55)
	at Happy_Path_Patient_Web_and_MR.stepDefinitions.BestBuySteps.asAUserIShouldClickOnBestBuyButton(BestBuySteps.java:404)
	at âœ½.As a user i should click on BestBuy Button(file:///E:/ShareWebCopy_Guvi_BestBuy/src/test/resources/features/BestBuyPurchase/1_GUVI_BestBuyPurchase.feature:295)

  When I click on Deals menu and click on Toys,Games and collectibles                                                       # Happy_Path_Patient_Web_and_MR.stepDefinitions.BestBuySteps.iClickOnDealsMenuAndClickOnToysGamesAndCollectibles()
  Then I click on Shop by Brand and Click on Barbie                                                                         # Happy_Path_Patient_Web_and_MR.stepDefinitions.BestBuySteps.iClickOnShopByBrandAndClickOnBarbie()
  And I should click and navigate to barbie toy product page and view them "&BARBIENAMEMODELSKU&"                           # Happy_Path_Patient_Web_and_MR.stepDefinitions.BestBuySteps.iShouldClickAndNavigateToBarbieToyProductPageAndViewThem(java.lang.String)
  Then I should check the barbie product "&BARBIETOY&" added to the cart                                                    # Happy_Path_Patient_Web_and_MR.stepDefinitions.BestBuySteps.iShouldCheckTheBarbieProductAddedToTheCart(java.lang.String)
  And I should click on the Checkout button                                                                                 # Happy_Path_Patient_Web_and_MR.stepDefinitions.BestBuySteps.iShouldClickOnTheCheckoutButton()
  And I should click on the Continue as Guest button                                                                        # Happy_Path_Patient_Web_and_MR.stepDefinitions.BestBuySteps.iShouldClickOnTheContinueAsGuestButton()
  And I should enter email address "&GUESTEMAIL&" and "&GUESTPHONENUMBER&" phonenumber                                      # Happy_Path_Patient_Web_and_MR.stepDefinitions.BestBuySteps.iShouldEnterEmailAddressAndPhonenumber(java.lang.String,java.lang.String)
  And I should enter payment information "&CARDNUMBER&" and delivery address "&DELIVERYADDRESS&" details                    # Happy_Path_Patient_Web_and_MR.stepDefinitions.BestBuySteps.iShouldEnterPaymentInformationAndDeliveryAddressDetails(java.lang.String,java.lang.String)
  Then I should check order "&ORDERSUCCESSMESSAGE&" is placed successfully                                                  # Happy_Path_Patient_Web_and_MR.stepDefinitions.BestBuySteps.iShouldCheckOrderIsPlacedSuccessfully(java.lang.String)
      org.openqa.selenium.NoSuchSessionException: invalid session id
Build info: version: '3.141.59', revision: 'e82be7d358', time: '2018-11-14T08:17:03'
System info: host: 'LAPTOP-G0UQGSFP', ip: '192.168.199.43', os.name: 'Windows 11', os.arch: 'amd64', os.version: '10.0', java.version: '1.8.0_351'
Driver info: org.openqa.selenium.chrome.ChromeDriver
Capabilities {acceptInsecureCerts: false, browserName: chrome, browserVersion: 135.0.7049.85, chrome: {chromedriverVersion: 135.0.7049.84 (6c019e560019..., userDataDir: C:\Users\BHAANU~1\AppData\L...}, fedcm:accounts: true, goog:chromeOptions: {debuggerAddress: localhost:56801}, javascriptEnabled: true, networkConnectionEnabled: false, pageLoadStrategy: normal, platform: WINDOWS, platformName: WINDOWS, proxy: Proxy(), setWindowRect: true, strictFileInteractability: false, timeouts: {implicit: 0, pageLoad: 300000, script: 30000}, unhandledPromptBehavior: dismiss and notify, webauthn:extension:credBlob: true, webauthn:extension:largeBlob: true, webauthn:extension:minPinLength: true, webauthn:extension:prf: true, webauthn:virtualAuthenticators: true}
Session ID: cfaceeb228dae2bfffd3eb7a2c48880e
	at sun.reflect.GeneratedConstructorAccessor27.newInstance(Unknown Source)
	at sun.reflect.DelegatingConstructorAccessorImpl.newInstance(DelegatingConstructorAccessorImpl.java:45)
	at java.lang.reflect.Constructor.newInstance(Constructor.java:423)
	at org.openqa.selenium.remote.http.W3CHttpResponseCodec.createException(W3CHttpResponseCodec.java:187)
	at org.openqa.selenium.remote.http.W3CHttpResponseCodec.decode(W3CHttpResponseCodec.java:122)
	at org.openqa.selenium.remote.http.W3CHttpResponseCodec.decode(W3CHttpResponseCodec.java:49)
	at org.openqa.selenium.remote.HttpCommandExecutor.execute(HttpCommandExecutor.java:158)
	at org.openqa.selenium.remote.service.DriverCommandExecutor.execute(DriverCommandExecutor.java:83)
	at org.openqa.selenium.remote.RemoteWebDriver.execute(RemoteWebDriver.java:552)
	at org.openqa.selenium.remote.RemoteWebDriver.execute(RemoteWebDriver.java:609)
	at org.openqa.selenium.remote.RemoteWebDriver.getScreenshotAs(RemoteWebDriver.java:295)
	at Happy_Path_Patient_Web_and_MR.DemoPageContainer.afterScenario(DemoPageContainer.java:74)

]]></system-out>
    <system-err><![CDATA[org.openqa.selenium.WebDriverException: org.openqa.selenium.NoSuchSessionException: invalid session id
Build info: version: '3.141.59', revision: 'e82be7d358', time: '2018-11-14T08:17:03'
System info: host: 'LAPTOP-G0UQGSFP', ip: '192.168.199.43', os.name: 'Windows 11', os.arch: 'amd64', os.version: '10.0', java.version: '1.8.0_351'
Driver info: org.openqa.selenium.chrome.ChromeDriver
Capabilities {acceptInsecureCerts: false, browserName: chrome, browserVersion: 135.0.7049.85, chrome: {chromedriverVersion: 135.0.7049.84 (6c019e560019..., userDataDir: C:\Users\BHAANU~1\AppData\L...}, fedcm:accounts: true, goog:chromeOptions: {debuggerAddress: localhost:56801}, javascriptEnabled: true, networkConnectionEnabled: false, pageLoadStrategy: normal, platform: WINDOWS, platformName: WINDOWS, proxy: Proxy(), setWindowRect: true, strictFileInteractability: false, timeouts: {implicit: 0, pageLoad: 300000, script: 30000}, unhandledPromptBehavior: dismiss and notify, webauthn:extension:credBlob: true, webauthn:extension:largeBlob: true, webauthn:extension:minPinLength: true, webauthn:extension:prf: true, webauthn:virtualAuthenticators: true}
Session ID: cfaceeb228dae2bfffd3eb7a2c48880e
*** Element info: {Using=xpath, value=//a[@href='https://www.bestbuy.com']}
	at io.appium.java_client.pagefactory.AppiumElementLocator$WaitingFunction.apply(AppiumElementLocator.java:192)
	at io.appium.java_client.pagefactory.AppiumElementLocator$WaitingFunction.apply(AppiumElementLocator.java:1)
	at org.openqa.selenium.support.ui.FluentWait.until(FluentWait.java:249)
	at io.appium.java_client.pagefactory.AppiumElementLocator.waitFor(AppiumElementLocator.java:99)
	at io.appium.java_client.pagefactory.AppiumElementLocator.findElement(AppiumElementLocator.java:119)
	at io.appium.java_client.pagefactory.interceptors.InterceptorOfASingleElement.intercept(InterceptorOfASingleElement.java:59)
	at io.appium.java_client.windows.WindowsElement$$EnhancerByCGLIB$$7365f0b4.getId(<generated>)
	at org.openqa.selenium.remote.internal.WebElementToJsonConverter.apply(WebElementToJsonConverter.java:55)
	at java.util.stream.ReferencePipeline$3$1.accept(ReferencePipeline.java:193)
	at java.util.Spliterators$ArraySpliterator.forEachRemaining(Spliterators.java:948)
	at java.util.stream.AbstractPipeline.copyInto(AbstractPipeline.java:482)
	at java.util.stream.AbstractPipeline.wrapAndCopyInto(AbstractPipeline.java:472)
	at java.util.stream.ReduceOps$ReduceOp.evaluateSequential(ReduceOps.java:708)
	at java.util.stream.AbstractPipeline.evaluate(AbstractPipeline.java:234)
	at java.util.stream.ReferencePipeline.collect(ReferencePipeline.java:499)
	at org.openqa.selenium.remote.RemoteWebDriver.executeScript(RemoteWebDriver.java:484)
	at cap.common.BasePage.jsClickScroll(BasePage.java:297)
	at Happy_Path_Patient_Web_and_MR.pages.BestBuyPage.clickOnBestBuyButton(BestBuyPage.java:2311)
	at Happy_Path_Patient_Web_and_MR.stepDefinitions.BestBuySteps.asAUserIShouldClickOnBestBuyButton(BestBuySteps.java:404)
	at sun.reflect.NativeMethodAccessorImpl.invoke0(Native Method)
	at sun.reflect.NativeMethodAccessorImpl.invoke(NativeMethodAccessorImpl.java:62)
	at sun.reflect.DelegatingMethodAccessorImpl.invoke(DelegatingMethodAccessorImpl.java:43)
	at java.lang.reflect.Method.invoke(Method.java:498)
	at io.cucumber.java.Invoker.doInvoke(Invoker.java:66)
	at io.cucumber.java.Invoker.invoke(Invoker.java:24)
	at io.cucumber.java.AbstractGlueDefinition.invokeMethod(AbstractGlueDefinition.java:47)
	at io.cucumber.java.JavaStepDefinition.execute(JavaStepDefinition.java:29)
	at io.cucumber.core.runner.CoreStepDefinition.execute(CoreStepDefinition.java:66)
	at io.cucumber.core.runner.PickleStepDefinitionMatch.runStep(PickleStepDefinitionMatch.java:63)
	at io.cucumber.core.runner.ExecutionMode$1.execute(ExecutionMode.java:10)
	at io.cucumber.core.runner.TestStep.executeStep(TestStep.java:92)
	at io.cucumber.core.runner.TestStep.run(TestStep.java:64)
	at io.cucumber.core.runner.PickleStepTestStep.run(PickleStepTestStep.java:51)
	at io.cucumber.core.runner.TestCase.run(TestCase.java:104)
	at io.cucumber.core.runner.Runner.runPickle(Runner.java:73)
	at io.cucumber.testng.TestNGCucumberRunner.lambda$runScenario$0(TestNGCucumberRunner.java:117)
	at io.cucumber.core.runtime.CucumberExecutionContext.runTestCase(CucumberExecutionContext.java:117)
	at io.cucumber.testng.TestNGCucumberRunner.runScenario(TestNGCucumberRunner.java:114)
	at io.cucumber.testng.AbstractTestNGCucumberTests.runScenario(AbstractTestNGCucumberTests.java:31)
	at sun.reflect.GeneratedMethodAccessor98.invoke(Unknown Source)
	at sun.reflect.DelegatingMethodAccessorImpl.invoke(DelegatingMethodAccessorImpl.java:43)
	at java.lang.reflect.Method.invoke(Method.java:498)
	at org.testng.internal.MethodInvocationHelper.invokeMethod(MethodInvocationHelper.java:133)
	at org.testng.internal.TestInvoker.invokeMethod(TestInvoker.java:598)
	at org.testng.internal.TestInvoker.invokeTestMethod(TestInvoker.java:173)
	at org.testng.internal.MethodRunner.runInSequence(MethodRunner.java:46)
	at org.testng.internal.TestInvoker$MethodInvocationAgent.invoke(TestInvoker.java:824)
	at org.testng.internal.TestInvoker.invokeTestMethods(TestInvoker.java:146)
	at org.testng.internal.TestMethodWorker.invokeTestMethods(TestMethodWorker.java:146)
	at org.testng.internal.TestMethodWorker.run(TestMethodWorker.java:128)
	at java.util.ArrayList.forEach(ArrayList.java:1259)
	at org.testng.TestRunner.privateRun(TestRunner.java:794)
	at org.testng.TestRunner.run(TestRunner.java:596)
	at org.testng.SuiteRunner.runTest(SuiteRunner.java:377)
	at org.testng.SuiteRunner.runSequentially(SuiteRunner.java:371)
	at org.testng.SuiteRunner.privateRun(SuiteRunner.java:332)
	at org.testng.SuiteRunner.run(SuiteRunner.java:276)
	at org.testng.SuiteRunnerWorker.runSuite(SuiteRunnerWorker.java:53)
	at org.testng.SuiteRunnerWorker.run(SuiteRunnerWorker.java:96)
	at org.testng.TestNG.runSuitesSequentially(TestNG.java:1212)
	at org.testng.TestNG.runSuitesLocally(TestNG.java:1134)
	at org.testng.TestNG.runSuites(TestNG.java:1063)
	at org.testng.TestNG.run(TestNG.java:1031)
	at org.apache.maven.surefire.testng.TestNGExecutor.run(TestNGExecutor.java:132)
	at org.apache.maven.surefire.testng.TestNGDirectoryTestSuite.executeSingleClass(TestNGDirectoryTestSuite.java:112)
	at org.apache.maven.surefire.testng.TestNGDirectoryTestSuite.execute(TestNGDirectoryTestSuite.java:99)
	at org.apache.maven.surefire.testng.TestNGProvider.invoke(TestNGProvider.java:147)
	at org.apache.maven.surefire.booter.ForkedBooter.invokeProviderInSameClassLoader(ForkedBooter.java:290)
	at org.apache.maven.surefire.booter.ForkedBooter.runSuitesInProcess(ForkedBooter.java:242)
	at org.apache.maven.surefire.booter.ForkedBooter.main(ForkedBooter.java:121)
Caused by: org.openqa.selenium.NoSuchSessionException: invalid session id
Build info: version: '3.141.59', revision: 'e82be7d358', time: '2018-11-14T08:17:03'
System info: host: 'LAPTOP-G0UQGSFP', ip: '192.168.199.43', os.name: 'Windows 11', os.arch: 'amd64', os.version: '10.0', java.version: '1.8.0_351'
Driver info: org.openqa.selenium.chrome.ChromeDriver
Capabilities {acceptInsecureCerts: false, browserName: chrome, browserVersion: 135.0.7049.85, chrome: {chromedriverVersion: 135.0.7049.84 (6c019e560019..., userDataDir: C:\Users\BHAANU~1\AppData\L...}, fedcm:accounts: true, goog:chromeOptions: {debuggerAddress: localhost:56801}, javascriptEnabled: true, networkConnectionEnabled: false, pageLoadStrategy: normal, platform: WINDOWS, platformName: WINDOWS, proxy: Proxy(), setWindowRect: true, strictFileInteractability: false, timeouts: {implicit: 0, pageLoad: 300000, script: 30000}, unhandledPromptBehavior: dismiss and notify, webauthn:extension:credBlob: true, webauthn:extension:largeBlob: true, webauthn:extension:minPinLength: true, webauthn:extension:prf: true, webauthn:virtualAuthenticators: true}
Session ID: cfaceeb228dae2bfffd3eb7a2c48880e
*** Element info: {Using=xpath, value=//a[@href='https://www.bestbuy.com']}
	at sun.reflect.GeneratedConstructorAccessor27.newInstance(Unknown Source)
	at sun.reflect.DelegatingConstructorAccessorImpl.newInstance(DelegatingConstructorAccessorImpl.java:45)
	at java.lang.reflect.Constructor.newInstance(Constructor.java:423)
	at org.openqa.selenium.remote.http.W3CHttpResponseCodec.createException(W3CHttpResponseCodec.java:187)
	at org.openqa.selenium.remote.http.W3CHttpResponseCodec.decode(W3CHttpResponseCodec.java:122)
	at org.openqa.selenium.remote.http.W3CHttpResponseCodec.decode(W3CHttpResponseCodec.java:49)
	at org.openqa.selenium.remote.HttpCommandExecutor.execute(HttpCommandExecutor.java:158)
	at org.openqa.selenium.remote.service.DriverCommandExecutor.execute(DriverCommandExecutor.java:83)
	at org.openqa.selenium.remote.RemoteWebDriver.execute(RemoteWebDriver.java:552)
	at org.openqa.selenium.remote.RemoteWebDriver.findElement(RemoteWebDriver.java:323)
	at org.openqa.selenium.remote.RemoteWebDriver.findElementByXPath(RemoteWebDriver.java:428)
	at org.openqa.selenium.By$ByXPath.findElement(By.java:353)
	at org.openqa.selenium.remote.RemoteWebDriver.findElement(RemoteWebDriver.java:315)
	at io.appium.java_client.pagefactory.bys.ContentMappedBy.findElement(ContentMappedBy.java:50)
	at org.openqa.selenium.remote.RemoteWebDriver.findElement(RemoteWebDriver.java:315)
	at io.appium.java_client.pagefactory.AppiumElementLocator.lambda$0(AppiumElementLocator.java:120)
	at io.appium.java_client.pagefactory.AppiumElementLocator$WaitingFunction.apply(AppiumElementLocator.java:172)
	... 69 more
]]></system-err>
  </testcase>
  <testcase name="runScenario" classname="Happy_Path_Patient_Web_and_MR.cukes.DemoWebBestBuy" time="0.162">
    <failure message="expected [true] but found [false]" type="java.lang.AssertionError">java.lang.AssertionError: expected [true] but found [false]
</failure>
    <system-out><![CDATA[
@WEB @TEST1 @TC_ID_1032
Scenario Outline: Navigate to Select By Brand and add a Product to Cart from Toys, Games & Collectibles and Brand Barbie # src/test/resources/features/BestBuyPurchase/1_GUVI_BestBuyPurchase.feature:325
Survey Popup exception catch org.openqa.selenium.NoSuchSessionException: invalid session id
Build info: version: '3.141.59', revision: 'e82be7d358', time: '2018-11-14T08:17:03'
System info: host: 'LAPTOP-G0UQGSFP', ip: '192.168.199.43', os.name: 'Windows 11', os.arch: 'amd64', os.version: '10.0', java.version: '1.8.0_351'
Driver info: org.openqa.selenium.chrome.ChromeDriver
Capabilities {acceptInsecureCerts: false, browserName: chrome, browserVersion: 135.0.7049.85, chrome: {chromedriverVersion: 135.0.7049.84 (6c019e560019..., userDataDir: C:\Users\BHAANU~1\AppData\L...}, fedcm:accounts: true, goog:chromeOptions: {debuggerAddress: localhost:56801}, javascriptEnabled: true, networkConnectionEnabled: false, pageLoadStrategy: normal, platform: WINDOWS, platformName: WINDOWS, proxy: Proxy(), setWindowRect: true, strictFileInteractability: false, timeouts: {implicit: 0, pageLoad: 300000, script: 30000}, unhandledPromptBehavior: dismiss and notify, webauthn:extension:credBlob: true, webauthn:extension:largeBlob: true, webauthn:extension:minPinLength: true, webauthn:extension:prf: true, webauthn:virtualAuthenticators: true}
Session ID: cfaceeb228dae2bfffd3eb7a2c48880e
*** Element info: {Using=xpath, value=//div[@id='survey_window']//button[@id='survey_invite_no']}
clickOnBestBuyButton catch false
  Given As a user i should click on BestBuy Button                                                                       # Happy_Path_Patient_Web_and_MR.stepDefinitions.BestBuySteps.asAUserIShouldClickOnBestBuyButton()
      java.lang.AssertionError: expected [true] but found [false]
	at org.testng.Assert.fail(Assert.java:99)
	at org.testng.Assert.failNotEquals(Assert.java:1037)
	at org.testng.Assert.assertTrue(Assert.java:45)
	at org.testng.Assert.assertTrue(Assert.java:55)
	at Happy_Path_Patient_Web_and_MR.stepDefinitions.BestBuySteps.asAUserIShouldClickOnBestBuyButton(BestBuySteps.java:404)
	at âœ½.As a user i should click on BestBuy Button(file:///E:/ShareWebCopy_Guvi_BestBuy/src/test/resources/features/BestBuyPurchase/1_GUVI_BestBuyPurchase.feature:312)

  When I click on Deals menu and click on Brands                                                                         # Happy_Path_Patient_Web_and_MR.stepDefinitions.BestBuySteps.iClickOnDealsMenuAndClickOnBrands()
  Then I click on Lenovo and Click on Laptops                                                                            # Happy_Path_Patient_Web_and_MR.stepDefinitions.BestBuySteps.iClickOnLenovoAndClickOnLaptops()
  And I should click and navigate to laptop product page and view them "&LAPTOPNAMEMODELSKU&"                            # Happy_Path_Patient_Web_and_MR.stepDefinitions.BestBuySteps.iShouldClickAndNavigateToLaptopProductPageAndViewThem(java.lang.String)
  Then I should check the laptop product "&LAPTOPDEVICE&" added to the cart                                              # Happy_Path_Patient_Web_and_MR.stepDefinitions.BestBuySteps.iShouldCheckTheLaptopProductAddedToTheCart(java.lang.String)
  And I should click on the Checkout button                                                                              # Happy_Path_Patient_Web_and_MR.stepDefinitions.BestBuySteps.iShouldClickOnTheCheckoutButton()
  And I should click on the Continue as Guest button                                                                     # Happy_Path_Patient_Web_and_MR.stepDefinitions.BestBuySteps.iShouldClickOnTheContinueAsGuestButton()
  And I should enter email address "&GUESTEMAIL&" and "&GUESTPHONENUMBER&" phonenumber                                   # Happy_Path_Patient_Web_and_MR.stepDefinitions.BestBuySteps.iShouldEnterEmailAddressAndPhonenumber(java.lang.String,java.lang.String)
  And I should enter payment information "&CARDNUMBER&" and delivery address "&DELIVERYADDRESS&" details                 # Happy_Path_Patient_Web_and_MR.stepDefinitions.BestBuySteps.iShouldEnterPaymentInformationAndDeliveryAddressDetails(java.lang.String,java.lang.String)
  Then I should check order "&ORDERSUCCESSMESSAGE&" is placed successfully                                               # Happy_Path_Patient_Web_and_MR.stepDefinitions.BestBuySteps.iShouldCheckOrderIsPlacedSuccessfully(java.lang.String)
      org.openqa.selenium.NoSuchSessionException: invalid session id
Build info: version: '3.141.59', revision: 'e82be7d358', time: '2018-11-14T08:17:03'
System info: host: 'LAPTOP-G0UQGSFP', ip: '192.168.199.43', os.name: 'Windows 11', os.arch: 'amd64', os.version: '10.0', java.version: '1.8.0_351'
Driver info: org.openqa.selenium.chrome.ChromeDriver
Capabilities {acceptInsecureCerts: false, browserName: chrome, browserVersion: 135.0.7049.85, chrome: {chromedriverVersion: 135.0.7049.84 (6c019e560019..., userDataDir: C:\Users\BHAANU~1\AppData\L...}, fedcm:accounts: true, goog:chromeOptions: {debuggerAddress: localhost:56801}, javascriptEnabled: true, networkConnectionEnabled: false, pageLoadStrategy: normal, platform: WINDOWS, platformName: WINDOWS, proxy: Proxy(), setWindowRect: true, strictFileInteractability: false, timeouts: {implicit: 0, pageLoad: 300000, script: 30000}, unhandledPromptBehavior: dismiss and notify, webauthn:extension:credBlob: true, webauthn:extension:largeBlob: true, webauthn:extension:minPinLength: true, webauthn:extension:prf: true, webauthn:virtualAuthenticators: true}
Session ID: cfaceeb228dae2bfffd3eb7a2c48880e
	at sun.reflect.GeneratedConstructorAccessor27.newInstance(Unknown Source)
	at sun.reflect.DelegatingConstructorAccessorImpl.newInstance(DelegatingConstructorAccessorImpl.java:45)
	at java.lang.reflect.Constructor.newInstance(Constructor.java:423)
	at org.openqa.selenium.remote.http.W3CHttpResponseCodec.createException(W3CHttpResponseCodec.java:187)
	at org.openqa.selenium.remote.http.W3CHttpResponseCodec.decode(W3CHttpResponseCodec.java:122)
	at org.openqa.selenium.remote.http.W3CHttpResponseCodec.decode(W3CHttpResponseCodec.java:49)
	at org.openqa.selenium.remote.HttpCommandExecutor.execute(HttpCommandExecutor.java:158)
	at org.openqa.selenium.remote.service.DriverCommandExecutor.execute(DriverCommandExecutor.java:83)
	at org.openqa.selenium.remote.RemoteWebDriver.execute(RemoteWebDriver.java:552)
	at org.openqa.selenium.remote.RemoteWebDriver.execute(RemoteWebDriver.java:609)
	at org.openqa.selenium.remote.RemoteWebDriver.getScreenshotAs(RemoteWebDriver.java:295)
	at Happy_Path_Patient_Web_and_MR.DemoPageContainer.afterScenario(DemoPageContainer.java:74)

]]></system-out>
    <system-err><![CDATA[org.openqa.selenium.WebDriverException: org.openqa.selenium.NoSuchSessionException: invalid session id
Build info: version: '3.141.59', revision: 'e82be7d358', time: '2018-11-14T08:17:03'
System info: host: 'LAPTOP-G0UQGSFP', ip: '192.168.199.43', os.name: 'Windows 11', os.arch: 'amd64', os.version: '10.0', java.version: '1.8.0_351'
Driver info: org.openqa.selenium.chrome.ChromeDriver
Capabilities {acceptInsecureCerts: false, browserName: chrome, browserVersion: 135.0.7049.85, chrome: {chromedriverVersion: 135.0.7049.84 (6c019e560019..., userDataDir: C:\Users\BHAANU~1\AppData\L...}, fedcm:accounts: true, goog:chromeOptions: {debuggerAddress: localhost:56801}, javascriptEnabled: true, networkConnectionEnabled: false, pageLoadStrategy: normal, platform: WINDOWS, platformName: WINDOWS, proxy: Proxy(), setWindowRect: true, strictFileInteractability: false, timeouts: {implicit: 0, pageLoad: 300000, script: 30000}, unhandledPromptBehavior: dismiss and notify, webauthn:extension:credBlob: true, webauthn:extension:largeBlob: true, webauthn:extension:minPinLength: true, webauthn:extension:prf: true, webauthn:virtualAuthenticators: true}
Session ID: cfaceeb228dae2bfffd3eb7a2c48880e
*** Element info: {Using=xpath, value=//a[@href='https://www.bestbuy.com']}
	at io.appium.java_client.pagefactory.AppiumElementLocator$WaitingFunction.apply(AppiumElementLocator.java:192)
	at io.appium.java_client.pagefactory.AppiumElementLocator$WaitingFunction.apply(AppiumElementLocator.java:1)
	at org.openqa.selenium.support.ui.FluentWait.until(FluentWait.java:249)
	at io.appium.java_client.pagefactory.AppiumElementLocator.waitFor(AppiumElementLocator.java:99)
	at io.appium.java_client.pagefactory.AppiumElementLocator.findElement(AppiumElementLocator.java:119)
	at io.appium.java_client.pagefactory.interceptors.InterceptorOfASingleElement.intercept(InterceptorOfASingleElement.java:59)
	at io.appium.java_client.windows.WindowsElement$$EnhancerByCGLIB$$7365f0b4.getId(<generated>)
	at org.openqa.selenium.remote.internal.WebElementToJsonConverter.apply(WebElementToJsonConverter.java:55)
	at java.util.stream.ReferencePipeline$3$1.accept(ReferencePipeline.java:193)
	at java.util.Spliterators$ArraySpliterator.forEachRemaining(Spliterators.java:948)
	at java.util.stream.AbstractPipeline.copyInto(AbstractPipeline.java:482)
	at java.util.stream.AbstractPipeline.wrapAndCopyInto(AbstractPipeline.java:472)
	at java.util.stream.ReduceOps$ReduceOp.evaluateSequential(ReduceOps.java:708)
	at java.util.stream.AbstractPipeline.evaluate(AbstractPipeline.java:234)
	at java.util.stream.ReferencePipeline.collect(ReferencePipeline.java:499)
	at org.openqa.selenium.remote.RemoteWebDriver.executeScript(RemoteWebDriver.java:484)
	at cap.common.BasePage.jsClickScroll(BasePage.java:297)
	at Happy_Path_Patient_Web_and_MR.pages.BestBuyPage.clickOnBestBuyButton(BestBuyPage.java:2311)
	at Happy_Path_Patient_Web_and_MR.stepDefinitions.BestBuySteps.asAUserIShouldClickOnBestBuyButton(BestBuySteps.java:404)
	at sun.reflect.NativeMethodAccessorImpl.invoke0(Native Method)
	at sun.reflect.NativeMethodAccessorImpl.invoke(NativeMethodAccessorImpl.java:62)
	at sun.reflect.DelegatingMethodAccessorImpl.invoke(DelegatingMethodAccessorImpl.java:43)
	at java.lang.reflect.Method.invoke(Method.java:498)
	at io.cucumber.java.Invoker.doInvoke(Invoker.java:66)
	at io.cucumber.java.Invoker.invoke(Invoker.java:24)
	at io.cucumber.java.AbstractGlueDefinition.invokeMethod(AbstractGlueDefinition.java:47)
	at io.cucumber.java.JavaStepDefinition.execute(JavaStepDefinition.java:29)
	at io.cucumber.core.runner.CoreStepDefinition.execute(CoreStepDefinition.java:66)
	at io.cucumber.core.runner.PickleStepDefinitionMatch.runStep(PickleStepDefinitionMatch.java:63)
	at io.cucumber.core.runner.ExecutionMode$1.execute(ExecutionMode.java:10)
	at io.cucumber.core.runner.TestStep.executeStep(TestStep.java:92)
	at io.cucumber.core.runner.TestStep.run(TestStep.java:64)
	at io.cucumber.core.runner.PickleStepTestStep.run(PickleStepTestStep.java:51)
	at io.cucumber.core.runner.TestCase.run(TestCase.java:104)
	at io.cucumber.core.runner.Runner.runPickle(Runner.java:73)
	at io.cucumber.testng.TestNGCucumberRunner.lambda$runScenario$0(TestNGCucumberRunner.java:117)
	at io.cucumber.core.runtime.CucumberExecutionContext.runTestCase(CucumberExecutionContext.java:117)
	at io.cucumber.testng.TestNGCucumberRunner.runScenario(TestNGCucumberRunner.java:114)
	at io.cucumber.testng.AbstractTestNGCucumberTests.runScenario(AbstractTestNGCucumberTests.java:31)
	at sun.reflect.GeneratedMethodAccessor98.invoke(Unknown Source)
	at sun.reflect.DelegatingMethodAccessorImpl.invoke(DelegatingMethodAccessorImpl.java:43)
	at java.lang.reflect.Method.invoke(Method.java:498)
	at org.testng.internal.MethodInvocationHelper.invokeMethod(MethodInvocationHelper.java:133)
	at org.testng.internal.TestInvoker.invokeMethod(TestInvoker.java:598)
	at org.testng.internal.TestInvoker.invokeTestMethod(TestInvoker.java:173)
	at org.testng.internal.MethodRunner.runInSequence(MethodRunner.java:46)
	at org.testng.internal.TestInvoker$MethodInvocationAgent.invoke(TestInvoker.java:824)
	at org.testng.internal.TestInvoker.invokeTestMethods(TestInvoker.java:146)
	at org.testng.internal.TestMethodWorker.invokeTestMethods(TestMethodWorker.java:146)
	at org.testng.internal.TestMethodWorker.run(TestMethodWorker.java:128)
	at java.util.ArrayList.forEach(ArrayList.java:1259)
	at org.testng.TestRunner.privateRun(TestRunner.java:794)
	at org.testng.TestRunner.run(TestRunner.java:596)
	at org.testng.SuiteRunner.runTest(SuiteRunner.java:377)
	at org.testng.SuiteRunner.runSequentially(SuiteRunner.java:371)
	at org.testng.SuiteRunner.privateRun(SuiteRunner.java:332)
	at org.testng.SuiteRunner.run(SuiteRunner.java:276)
	at org.testng.SuiteRunnerWorker.runSuite(SuiteRunnerWorker.java:53)
	at org.testng.SuiteRunnerWorker.run(SuiteRunnerWorker.java:96)
	at org.testng.TestNG.runSuitesSequentially(TestNG.java:1212)
	at org.testng.TestNG.runSuitesLocally(TestNG.java:1134)
	at org.testng.TestNG.runSuites(TestNG.java:1063)
	at org.testng.TestNG.run(TestNG.java:1031)
	at org.apache.maven.surefire.testng.TestNGExecutor.run(TestNGExecutor.java:132)
	at org.apache.maven.surefire.testng.TestNGDirectoryTestSuite.executeSingleClass(TestNGDirectoryTestSuite.java:112)
	at org.apache.maven.surefire.testng.TestNGDirectoryTestSuite.execute(TestNGDirectoryTestSuite.java:99)
	at org.apache.maven.surefire.testng.TestNGProvider.invoke(TestNGProvider.java:147)
	at org.apache.maven.surefire.booter.ForkedBooter.invokeProviderInSameClassLoader(ForkedBooter.java:290)
	at org.apache.maven.surefire.booter.ForkedBooter.runSuitesInProcess(ForkedBooter.java:242)
	at org.apache.maven.surefire.booter.ForkedBooter.main(ForkedBooter.java:121)
Caused by: org.openqa.selenium.NoSuchSessionException: invalid session id
Build info: version: '3.141.59', revision: 'e82be7d358', time: '2018-11-14T08:17:03'
System info: host: 'LAPTOP-G0UQGSFP', ip: '192.168.199.43', os.name: 'Windows 11', os.arch: 'amd64', os.version: '10.0', java.version: '1.8.0_351'
Driver info: org.openqa.selenium.chrome.ChromeDriver
Capabilities {acceptInsecureCerts: false, browserName: chrome, browserVersion: 135.0.7049.85, chrome: {chromedriverVersion: 135.0.7049.84 (6c019e560019..., userDataDir: C:\Users\BHAANU~1\AppData\L...}, fedcm:accounts: true, goog:chromeOptions: {debuggerAddress: localhost:56801}, javascriptEnabled: true, networkConnectionEnabled: false, pageLoadStrategy: normal, platform: WINDOWS, platformName: WINDOWS, proxy: Proxy(), setWindowRect: true, strictFileInteractability: false, timeouts: {implicit: 0, pageLoad: 300000, script: 30000}, unhandledPromptBehavior: dismiss and notify, webauthn:extension:credBlob: true, webauthn:extension:largeBlob: true, webauthn:extension:minPinLength: true, webauthn:extension:prf: true, webauthn:virtualAuthenticators: true}
Session ID: cfaceeb228dae2bfffd3eb7a2c48880e
*** Element info: {Using=xpath, value=//a[@href='https://www.bestbuy.com']}
	at sun.reflect.GeneratedConstructorAccessor27.newInstance(Unknown Source)
	at sun.reflect.DelegatingConstructorAccessorImpl.newInstance(DelegatingConstructorAccessorImpl.java:45)
	at java.lang.reflect.Constructor.newInstance(Constructor.java:423)
	at org.openqa.selenium.remote.http.W3CHttpResponseCodec.createException(W3CHttpResponseCodec.java:187)
	at org.openqa.selenium.remote.http.W3CHttpResponseCodec.decode(W3CHttpResponseCodec.java:122)
	at org.openqa.selenium.remote.http.W3CHttpResponseCodec.decode(W3CHttpResponseCodec.java:49)
	at org.openqa.selenium.remote.HttpCommandExecutor.execute(HttpCommandExecutor.java:158)
	at org.openqa.selenium.remote.service.DriverCommandExecutor.execute(DriverCommandExecutor.java:83)
	at org.openqa.selenium.remote.RemoteWebDriver.execute(RemoteWebDriver.java:552)
	at org.openqa.selenium.remote.RemoteWebDriver.findElement(RemoteWebDriver.java:323)
	at org.openqa.selenium.remote.RemoteWebDriver.findElementByXPath(RemoteWebDriver.java:428)
	at org.openqa.selenium.By$ByXPath.findElement(By.java:353)
	at org.openqa.selenium.remote.RemoteWebDriver.findElement(RemoteWebDriver.java:315)
	at io.appium.java_client.pagefactory.bys.ContentMappedBy.findElement(ContentMappedBy.java:50)
	at org.openqa.selenium.remote.RemoteWebDriver.findElement(RemoteWebDriver.java:315)
	at io.appium.java_client.pagefactory.AppiumElementLocator.lambda$0(AppiumElementLocator.java:120)
	at io.appium.java_client.pagefactory.AppiumElementLocator$WaitingFunction.apply(AppiumElementLocator.java:172)
	... 69 more
]]></system-err>
  </testcase>
</testsuite>