<?xml version="1.0" encoding="UTF-8"?>
<testsuite xmlns:xsi="http://www.w3.org/2001/XMLSchema-instance" xsi:schemaLocation="https://maven.apache.org/surefire/maven-surefire-plugin/xsd/surefire-test-report.xsd" name="Happy_Path_Patient_Web_and_MR.cukes.DemoWebBestBuy" time="243.528" tests="2" errors="0" skipped="0" failures="1">
  <properties>
    <property name="idea.version" value="2022.2.3"/>
    <property name="app" value="Happy_Path_Patient_Web_and_MR"/>
    <property name="java.runtime.name" value="Java(TM) SE Runtime Environment"/>
    <property name="sun.boot.library.path" value="C:\Program Files\Java\jdk1.8.0_351\jre\bin"/>
    <property name="runner" value="DemoWebBestBuy"/>
    <property name="java.vm.version" value="25.351-b10"/>
    <property name="java.vm.vendor" value="Oracle Corporation"/>
    <property name="maven.multiModuleProjectDirectory" value="E:\ShareWebCopy_Guvi_BestBuy"/>
    <property name="java.vendor.url" value="http://java.oracle.com/"/>
    <property name="path.separator" value=";"/>
    <property name="guice.disable.misplaced.annotation.check" value="true"/>
    <property name="java.vm.name" value="Java HotSpot(TM) 64-Bit Server VM"/>
    <property name="file.encoding.pkg" value="sun.io"/>
    <property name="user.script" value=""/>
    <property name="env" value="QA"/>
    <property name="user.country" value="IN"/>
    <property name="sun.java.launcher" value="SUN_STANDARD"/>
    <property name="sun.os.patch.level" value=""/>
    <property name="java.vm.specification.name" value="Java Virtual Machine Specification"/>
    <property name="user.dir" value="E:\ShareWebCopy_Guvi_BestBuy"/>
    <property name="java.runtime.version" value="1.8.0_351-b10"/>
    <property name="java.awt.graphicsenv" value="sun.awt.Win32GraphicsEnvironment"/>
    <property name="java.endorsed.dirs" value="C:\Program Files\Java\jdk1.8.0_351\jre\lib\endorsed"/>
    <property name="os.arch" value="amd64"/>
    <property name="java.io.tmpdir" value="C:\Users\BHAANU~1\AppData\Local\Temp\"/>
    <property name="line.separator" value="&#10;"/>
    <property name="java.vm.specification.vendor" value="Oracle Corporation"/>
    <property name="user.variant" value=""/>
    <property name="os.name" value="Windows 11"/>
    <property name="maven.ext.class.path" value="C:\Program Files\JetBrains\IntelliJ IDEA Community Edition 2022.2.3\plugins\maven\lib\maven-event-listener.jar"/>
    <property name="classworlds.conf" value="C:\Program Files\JetBrains\IntelliJ IDEA Community Edition 2022.2.3\plugins\maven\lib\maven3\bin\m2.conf"/>
    <property name="sun.jnu.encoding" value="Cp1252"/>
    <property name="execution_type" value="browser"/>
    <property name="java.library.path" value="C:\Program Files\Java\jdk1.8.0_351\bin;C:\WINDOWS\Sun\Java\bin;C:\WINDOWS\system32;C:\WINDOWS;C:\Python311\Scripts\;C:\Python311\;C:\Program Files (x86)\Common Files\Oracle\Java\javapath;C:\WINDOWS\system32;C:\WINDOWS;C:\WINDOWS\System32\Wbem;C:\WINDOWS\System32\WindowsPowerShell\v1.0\;C:\WINDOWS\System32\OpenSSH\;C:\Program Files\Java\jdk1.8.0_351\bin;C:\Users\Bhaanureaka K\AppData\Local\Android\Sdk\build-tools;C:\Users\Bhaanureaka K\AppData\Local\Android\Sdk\platform-tools;C:\Users\Bhaanureaka K\AppData\Local\Android\Sdk\tools\bin;C:\Program Files\Git\cmd;C:\Program Files\Maven\apache-maven-3.6.0-bin\bin;C:\Users\Bhaanureaka K\AppData\Local\Android\Sdk\cmdline-tools;C:\ProgramData\chocolatey\bin;C:\Program Files\nodejs\;C:\strawberry\c\bin;C:\strawberry\perl\bin;C:\Program Files\MySQL\MySQL Shell 8.0\bin\;C:\Users\Bhaanureaka K\AppData\Local\Microsoft\WindowsApps;C:\Users\Bhaanureaka K\AppData\Roaming\npm;."/>
    <property name="maven.conf" value="C:\Program Files\JetBrains\IntelliJ IDEA Community Edition 2022.2.3\plugins\maven\lib\maven3/conf"/>
    <property name="java.class.version" value="52.0"/>
    <property name="java.specification.name" value="Java Platform API Specification"/>
    <property name="sun.management.compiler" value="HotSpot 64-Bit Tiered Compilers"/>
    <property name="os.version" value="10.0"/>
    <property name="user.home" value="C:\Users\Bhaanureaka K"/>
    <property name="user.timezone" value="Asia/Calcutta"/>
    <property name="java.awt.printerjob" value="sun.awt.windows.WPrinterJob"/>
    <property name="java.specification.version" value="1.8"/>
    <property name="file.encoding" value="UTF-8"/>
    <property name="user.name" value="Bhaanureaka K"/>
    <property name="java.class.path" value="C:\Program Files\JetBrains\IntelliJ IDEA Community Edition 2022.2.3\plugins\maven\lib\maven3\boot\plexus-classworlds-2.6.0.jar;C:\Program Files\JetBrains\IntelliJ IDEA Community Edition 2022.2.3\plugins\maven\lib\maven3\boot\plexus-classworlds.license;C:\Program Files\JetBrains\IntelliJ IDEA Community Edition 2022.2.3\lib\idea_rt.jar"/>
    <property name="browser_name" value="firefox"/>
    <property name="java.vm.specification.version" value="1.8"/>
    <property name="sun.arch.data.model" value="64"/>
    <property name="java.home" value="C:\Program Files\Java\jdk1.8.0_351\jre"/>
    <property name="sun.java.command" value="org.codehaus.classworlds.Launcher -Didea.version=2022.2.3 clean test -Dapp=Happy_Path_Patient_Web_and_MR -Dexecution_type=browser -Drunner=DemoWebBestBuy -Dbrowser_name=firefox -Denv=QA -DargLine=-Dextent.reporter.spark.out=reports/Extent-Report/Web-QAResults.html -Dsysteminfo.AppName=BestBuy-Website"/>
    <property name="java.specification.vendor" value="Oracle Corporation"/>
    <property name="user.language" value="en"/>
    <property name="awt.toolkit" value="sun.awt.windows.WToolkit"/>
    <property name="java.vm.info" value="mixed mode"/>
    <property name="java.version" value="1.8.0_351"/>
    <property name="java.ext.dirs" value="C:\Program Files\Java\jdk1.8.0_351\jre\lib\ext;C:\WINDOWS\Sun\Java\lib\ext"/>
    <property name="sun.boot.class.path" value="C:\Program Files\Java\jdk1.8.0_351\jre\lib\resources.jar;C:\Program Files\Java\jdk1.8.0_351\jre\lib\rt.jar;C:\Program Files\Java\jdk1.8.0_351\jre\lib\jsse.jar;C:\Program Files\Java\jdk1.8.0_351\jre\lib\jce.jar;C:\Program Files\Java\jdk1.8.0_351\jre\lib\charsets.jar;C:\Program Files\Java\jdk1.8.0_351\jre\lib\jfr.jar;C:\Program Files\Java\jdk1.8.0_351\jre\classes"/>
    <property name="java.vendor" value="Oracle Corporation"/>
    <property name="java.specification.maintenance.version" value="4"/>
    <property name="maven.home" value="C:\Program Files\JetBrains\IntelliJ IDEA Community Edition 2022.2.3\plugins\maven\lib\maven3"/>
    <property name="file.separator" value="\"/>
    <property name="java.vendor.url.bug" value="http://bugreport.sun.com/bugreport/"/>
    <property name="sun.cpu.endian" value="little"/>
    <property name="sun.io.unicode.encoding" value="UnicodeLittle"/>
    <property name="argLine" value="-Dextent.reporter.spark.out=reports/Extent-Report/Web-QAResults.html -Dsysteminfo.AppName=BestBuy-Website"/>
    <property name="sun.desktop" value="windows"/>
    <property name="sun.cpu.isalist" value="amd64"/>
  </properties>
  <testcase name="runScenario" classname="Happy_Path_Patient_Web_and_MR.cukes.DemoWebBestBuy" time="25.443"/>
  <testcase name="runScenario" classname="Happy_Path_Patient_Web_and_MR.cukes.DemoWebBestBuy" time="216.513">
    <failure message="expected [true] but found [false]" type="java.lang.AssertionError">java.lang.AssertionError: expected [true] but found [false]
</failure>
    <system-out><![CDATA[
@WEB @TEST1 @TC_ID_1009
Scenario Outline: Navigate to Deals Menu , Support and Services Sub-Menu and its Pages and Validate URL # src/test/resources/features/BestBuyPurchase/1_GUVI_BestBuyPurchase.feature:57

    Embedding  [image/png 688272 bytes]

  Given As a user i should click on Menu Button                                                         # Happy_Path_Patient_Web_and_MR.stepDefinitions.BestBuySteps.asAUserIShouldClickOnMenuButton()

    Embedding  [image/png 493828 bytes]

  When I should click on Support and Services Sub-menu                                                  # Happy_Path_Patient_Web_and_MR.stepDefinitions.BestBuySteps.iShouldClickOnSupportAndServicesSubMenu()
Print Deals Sub-menu Text Visit our Support Center
************Exception:  Can't locate an element by this strategy: By.xpath: //div[@id='survey_window']//button[@id='survey_invite_no']   occured in:io.appium.java_client.pagefactory.AppiumElementLocator.findElement(AppiumElementLocator.java:126)********************
Survey Popup inside try true
elmntSubMenuURL value is [[FirefoxDriver: firefox on WINDOWS (c943d2f8-f882-4d7f-9289-4cdbdf04bb68)] -> xpath: //ul[@class='hamburger-menu-flyout-list hamburger-menu-flyout-sidecar-list']//li/a[contains(text(),'Visit our Support Center')]]
strcurrentUrl value is https://www.bestbuy.com/support
for loop int i value is 1
Print Deals Sub-menu Text Repair & Tech Services
Click WebElemnt Sub-Menu URL Located by By.xpath: //button[@class='c-button-unstyled hamburger-menu-button']
************Exception:  Can't locate an element by this strategy: By.xpath: //div[@id='survey_window']//button[@id='survey_invite_no']   occured in:io.appium.java_client.pagefactory.AppiumElementLocator.findElement(AppiumElementLocator.java:126)********************
Survey Popup inside try true
elmntSubMenuURL value is [[FirefoxDriver: firefox on WINDOWS (c943d2f8-f882-4d7f-9289-4cdbdf04bb68)] -> xpath: //ul[@class='hamburger-menu-flyout-list hamburger-menu-flyout-sidecar-list']//li/a[contains(text(),'Repair & Tech Services')]]
strcurrentUrl value is https://www.bestbuy.com/services/triage/home
for loop int i value is 2
Print Deals Sub-menu Text Remote Support
Click WebElemnt Sub-Menu URL Located by By.xpath: //button[@class='c-button-unstyled hamburger-menu-button']
************Exception:  Can't locate an element by this strategy: By.xpath: //div[@id='survey_window']//button[@id='survey_invite_no']   occured in:io.appium.java_client.pagefactory.AppiumElementLocator.findElement(AppiumElementLocator.java:126)********************
Survey Popup inside try true
elmntSubMenuURL value is [[FirefoxDriver: firefox on WINDOWS (c943d2f8-f882-4d7f-9289-4cdbdf04bb68)] -> xpath: //ul[@class='hamburger-menu-flyout-list hamburger-menu-flyout-sidecar-list']//li/a[contains(text(),'Remote Support')]]
strcurrentUrl value is https://www.bestbuy.com/services/remotesupport
for loop int i value is 3
Print Deals Sub-menu Text Manage an Appointment
Click WebElemnt Sub-Menu URL Located by By.xpath: //button[@class='c-button-unstyled hamburger-menu-button']
************Exception:  Can't locate an element by this strategy: By.xpath: //div[@id='survey_window']//button[@id='survey_invite_no']   occured in:io.appium.java_client.pagefactory.AppiumElementLocator.findElement(AppiumElementLocator.java:126)********************
Survey Popup inside try true
elmntSubMenuURL value is [[FirefoxDriver: firefox on WINDOWS (c943d2f8-f882-4d7f-9289-4cdbdf04bb68)] -> xpath: //ul[@class='hamburger-menu-flyout-list hamburger-menu-flyout-sidecar-list']//li/a[contains(text(),'Manage an Appointment')]]
strcurrentUrl value is https://www.bestbuy.com/dossier/service/appointmentfinder
for loop int i value is 4
Print Deals Sub-menu Text Trade In Your Device
Click WebElemnt Sub-Menu URL Located by By.xpath: //button[@class='c-button-unstyled hamburger-menu-button']
************Exception:  Can't locate an element by this strategy: By.xpath: //div[@id='survey_window']//button[@id='survey_invite_no']   occured in:io.appium.java_client.pagefactory.AppiumElementLocator.findElement(AppiumElementLocator.java:126)********************
Survey Popup inside try true
elmntSubMenuURL value is [[FirefoxDriver: firefox on WINDOWS (c943d2f8-f882-4d7f-9289-4cdbdf04bb68)] -> xpath: //ul[@class='hamburger-menu-flyout-list hamburger-menu-flyout-sidecar-list']//li/a[contains(text(),'Trade In Your Device')]]
strcurrentUrl value is https://www.bestbuy.com/trade-in
for loop int i value is 5
Print Deals Sub-menu Text Check Repair Status
Click WebElemnt Sub-Menu URL Located by By.xpath: //button[@class='c-button-unstyled hamburger-menu-button']
************Exception:  Can't locate an element by this strategy: By.xpath: //div[@id='survey_window']//button[@id='survey_invite_no']   occured in:io.appium.java_client.pagefactory.AppiumElementLocator.findElement(AppiumElementLocator.java:126)********************
Survey Popup inside try true
elmntSubMenuURL value is [[FirefoxDriver: firefox on WINDOWS (c943d2f8-f882-4d7f-9289-4cdbdf04bb68)] -> xpath: //ul[@class='hamburger-menu-flyout-list hamburger-menu-flyout-sidecar-list']//li/a[contains(text(),'Check Repair Status')]]
strcurrentUrl value is https://www.bestbuy.com/services/repairtracker
for loop int i value is 6
Print Deals Sub-menu Text Best Buy Brands Support
Click WebElemnt Sub-Menu URL Located by By.xpath: //button[@class='c-button-unstyled hamburger-menu-button']
************Exception:  Can't locate an element by this strategy: By.xpath: //div[@id='survey_window']//button[@id='survey_invite_no']   occured in:io.appium.java_client.pagefactory.AppiumElementLocator.findElement(AppiumElementLocator.java:126)********************
Survey Popup inside try true
elmntSubMenuURL value is [[FirefoxDriver: firefox on WINDOWS (c943d2f8-f882-4d7f-9289-4cdbdf04bb68)] -> xpath: //ul[@class='hamburger-menu-flyout-list hamburger-menu-flyout-sidecar-list']//li/a[contains(text(),'Best Buy Brands Support')]]
strcurrentUrl value is https://www.bestbuy.com/site/best-buy-brands/support/pcmcat1693515381920.c?id=pcmcat1693515381920
for loop int i value is 7
Print Deals Sub-menu Text 
Click WebElemnt Sub-Menu URL Located by By.xpath: //button[@class='c-button-unstyled hamburger-menu-button']
************Exception:  Can't locate an element by this strategy: By.xpath: //div[@id='survey_window']//button[@id='survey_invite_no']   occured in:io.appium.java_client.pagefactory.AppiumElementLocator.findElement(AppiumElementLocator.java:126)********************
Survey Popup inside try true
elmntSubMenuURL value is [[FirefoxDriver: firefox on WINDOWS (c943d2f8-f882-4d7f-9289-4cdbdf04bb68)] -> xpath: //ul[@class='hamburger-menu-flyout-list hamburger-menu-flyout-sidecar-list']//li/a[contains(text(),'')]]
strcurrentUrl value is https://www.bestbuy.com/support
for loop int i value is 8
Print Deals Sub-menu Text TV & Home Theater Services
Click WebElemnt Sub-Menu URL Located by By.xpath: //button[@class='c-button-unstyled hamburger-menu-button']
************Exception:  Can't locate an element by this strategy: By.xpath: //div[@id='survey_window']//button[@id='survey_invite_no']   occured in:io.appium.java_client.pagefactory.AppiumElementLocator.findElement(AppiumElementLocator.java:126)********************
Survey Popup inside try true
elmntSubMenuURL value is [[FirefoxDriver: firefox on WINDOWS (c943d2f8-f882-4d7f-9289-4cdbdf04bb68)] -> xpath: //ul[@class='hamburger-menu-flyout-list hamburger-menu-flyout-sidecar-list']//li/a[contains(text(),'TV & Home Theater Services')]]
strcurrentUrl value is https://www.bestbuy.com/site/services/tv-home-theater-services/pcmcat138100050024.c?id=pcmcat138100050024
for loop int i value is 9
Print Deals Sub-menu Text Appliance Services
Click WebElemnt Sub-Menu URL Located by By.xpath: //button[@class='c-button-unstyled hamburger-menu-button']
************Exception:  Can't locate an element by this strategy: By.xpath: //div[@id='survey_window']//button[@id='survey_invite_no']   occured in:io.appium.java_client.pagefactory.AppiumElementLocator.findElement(AppiumElementLocator.java:126)********************
Survey Popup inside try true
elmntSubMenuURL value is [[FirefoxDriver: firefox on WINDOWS (c943d2f8-f882-4d7f-9289-4cdbdf04bb68)] -> xpath: //ul[@class='hamburger-menu-flyout-list hamburger-menu-flyout-sidecar-list']//li/a[contains(text(),'Appliance Services')]]
strcurrentUrl value is https://www.bestbuy.com/site/services/appliance-services/pcmcat255100050002.c?id=pcmcat255100050002
for loop int i value is 10
Print Deals Sub-menu Text Cell Phone Services
Click WebElemnt Sub-Menu URL Located by By.xpath: //button[@class='c-button-unstyled hamburger-menu-button']
************Exception:  Can't locate an element by this strategy: By.xpath: //div[@id='survey_window']//button[@id='survey_invite_no']   occured in:io.appium.java_client.pagefactory.AppiumElementLocator.findElement(AppiumElementLocator.java:126)********************
Survey Popup inside try true
elmntSubMenuURL value is [[FirefoxDriver: firefox on WINDOWS (c943d2f8-f882-4d7f-9289-4cdbdf04bb68)] -> xpath: //ul[@class='hamburger-menu-flyout-list hamburger-menu-flyout-sidecar-list']//li/a[contains(text(),'Cell Phone Services')]]
strcurrentUrl value is https://www.bestbuy.com/site/services/cell-phone-services/pcmcat286500050002.c?id=pcmcat286500050002
for loop int i value is 11
Print Deals Sub-menu Text Apple Authorized Repair
Click WebElemnt Sub-Menu URL Located by By.xpath: //button[@class='c-button-unstyled hamburger-menu-button']
************Exception:  Can't locate an element by this strategy: By.xpath: //div[@id='survey_window']//button[@id='survey_invite_no']   occured in:io.appium.java_client.pagefactory.AppiumElementLocator.findElement(AppiumElementLocator.java:126)********************
Survey Popup inside try true
elmntSubMenuURL value is [[FirefoxDriver: firefox on WINDOWS (c943d2f8-f882-4d7f-9289-4cdbdf04bb68)] -> xpath: //ul[@class='hamburger-menu-flyout-list hamburger-menu-flyout-sidecar-list']//li/a[contains(text(),'Apple Authorized Repair')]]
strcurrentUrl value is https://www.bestbuy.com/site/services/apple-service-repair/pcmcat1554741516170.c?id=pcmcat1554741516170
for loop int i value is 12
Print Deals Sub-menu Text Smart Home Services
Click WebElemnt Sub-Menu URL Located by By.xpath: //button[@class='c-button-unstyled hamburger-menu-button']
************Exception:  Can't locate an element by this strategy: By.xpath: //div[@id='survey_window']//button[@id='survey_invite_no']   occured in:io.appium.java_client.pagefactory.AppiumElementLocator.findElement(AppiumElementLocator.java:126)********************
Survey Popup inside try true
elmntSubMenuURL value is [[FirefoxDriver: firefox on WINDOWS (c943d2f8-f882-4d7f-9289-4cdbdf04bb68)] -> xpath: //ul[@class='hamburger-menu-flyout-list hamburger-menu-flyout-sidecar-list']//li/a[contains(text(),'Smart Home Services')]]
strcurrentUrl value is https://www.bestbuy.com/site/services/smart-home-services/pcmcat748300595063.c?id=pcmcat748300595063
for loop int i value is 13
Print Deals Sub-menu Text Car Electronics Professional Installation
Click WebElemnt Sub-Menu URL Located by By.xpath: //button[@class='c-button-unstyled hamburger-menu-button']
************Exception:  Can't locate an element by this strategy: By.xpath: //div[@id='survey_window']//button[@id='survey_invite_no']   occured in:io.appium.java_client.pagefactory.AppiumElementLocator.findElement(AppiumElementLocator.java:126)********************
Survey Popup inside try true
elmntSubMenuURL value is [[FirefoxDriver: firefox on WINDOWS (c943d2f8-f882-4d7f-9289-4cdbdf04bb68)] -> xpath: //ul[@class='hamburger-menu-flyout-list hamburger-menu-flyout-sidecar-list']//li/a[contains(text(),'Car Electronics Professional Installation')]]
strcurrentUrl value is https://www.bestbuy.com/site/services/car-electronics-professional-installation/pcmcat59600050005.c?id=pcmcat59600050005
for loop int i value is 14
Print Deals Sub-menu Text Fitness Equipment Services
Click WebElemnt Sub-Menu URL Located by By.xpath: //button[@class='c-button-unstyled hamburger-menu-button']
************Exception:  Can't locate an element by this strategy: By.xpath: //div[@id='survey_window']//button[@id='survey_invite_no']   occured in:io.appium.java_client.pagefactory.AppiumElementLocator.findElement(AppiumElementLocator.java:126)********************
Survey Popup inside try true
elmntSubMenuURL value is [[FirefoxDriver: firefox on WINDOWS (c943d2f8-f882-4d7f-9289-4cdbdf04bb68)] -> xpath: //ul[@class='hamburger-menu-flyout-list hamburger-menu-flyout-sidecar-list']//li/a[contains(text(),'Fitness Equipment Services')]]
strcurrentUrl value is https://www.bestbuy.com/site/services/fitness-equipment-services/pcmcat1603998354691.c?id=pcmcat1603998354691
for loop int i value is 15
Print Deals Sub-menu Text EV Charger Installation
Click WebElemnt Sub-Menu URL Located by By.xpath: //button[@class='c-button-unstyled hamburger-menu-button']
************Exception:  Can't locate an element by this strategy: By.xpath: //div[@id='survey_window']//button[@id='survey_invite_no']   occured in:io.appium.java_client.pagefactory.AppiumElementLocator.findElement(AppiumElementLocator.java:126)********************
Survey Popup inside try true
elmntSubMenuURL value is [[FirefoxDriver: firefox on WINDOWS (c943d2f8-f882-4d7f-9289-4cdbdf04bb68)] -> xpath: //ul[@class='hamburger-menu-flyout-list hamburger-menu-flyout-sidecar-list']//li/a[contains(text(),'EV Charger Installation')]]
strcurrentUrl value is https://www.bestbuy.com/site/services/helm-smart-energy/pcmcat1691432847200.c?id=pcmcat1691432847200
for loop int i value is 16
Print Deals Sub-menu Text All Services
Click WebElemnt Sub-Menu URL Located by By.xpath: //button[@class='c-button-unstyled hamburger-menu-button']
************Exception:  Can't locate an element by this strategy: By.xpath: //div[@id='survey_window']//button[@id='survey_invite_no']   occured in:io.appium.java_client.pagefactory.AppiumElementLocator.findElement(AppiumElementLocator.java:126)********************
Survey Popup inside try true
elmntSubMenuURL value is [[FirefoxDriver: firefox on WINDOWS (c943d2f8-f882-4d7f-9289-4cdbdf04bb68)] -> xpath: //ul[@class='hamburger-menu-flyout-list hamburger-menu-flyout-sidecar-list']//li/a[contains(text(),'All Services')]]
strcurrentUrl value is https://www.bestbuy.com/site/electronics/services/pcmcat1528819595254.c?id=pcmcat1528819595254
for loop int i value is 17
Print Deals Sub-menu Text My Best Buy Total Membership
Click WebElemnt Sub-Menu URL Located by By.xpath: //button[@class='c-button-unstyled hamburger-menu-button']
************Exception:  Can't locate an element by this strategy: By.xpath: //div[@id='survey_window']//button[@id='survey_invite_no']   occured in:io.appium.java_client.pagefactory.AppiumElementLocator.findElement(AppiumElementLocator.java:126)********************
Survey Popup inside try true
elmntSubMenuURL value is [[FirefoxDriver: firefox on WINDOWS (c943d2f8-f882-4d7f-9289-4cdbdf04bb68)] -> xpath: //ul[@class='hamburger-menu-flyout-list hamburger-menu-flyout-sidecar-list']//li/a[contains(text(),'My Best Buy Total Membership')]]
strcurrentUrl value is https://www.bestbuy.com/site/best-buy-membership/best-buy-membership-total/pcmcat1629315977983.c?id=pcmcat1629315977983
for loop int i value is 18
Print Deals Sub-menu Text Geek Squad Protection
Click WebElemnt Sub-Menu URL Located by By.xpath: //button[@class='c-button-unstyled hamburger-menu-button']
************Exception:  Can't locate an element by this strategy: By.xpath: //div[@id='survey_window']//button[@id='survey_invite_no']   occured in:io.appium.java_client.pagefactory.AppiumElementLocator.findElement(AppiumElementLocator.java:126)********************
Survey Popup inside try true
elmntSubMenuURL value is [[FirefoxDriver: firefox on WINDOWS (c943d2f8-f882-4d7f-9289-4cdbdf04bb68)] -> xpath: //ul[@class='hamburger-menu-flyout-list hamburger-menu-flyout-sidecar-list']//li/a[contains(text(),'Geek Squad Protection')]]
strcurrentUrl value is https://www.bestbuy.com/site/geek-squad/geek-squad-protection/pcmcat159800050001.c?id=pcmcat159800050001
for loop int i value is 19
Print Deals Sub-menu Text AppleCare+
Click WebElemnt Sub-Menu URL Located by By.xpath: //button[@class='c-button-unstyled hamburger-menu-button']
************Exception:  Can't locate an element by this strategy: By.xpath: //div[@id='survey_window']//button[@id='survey_invite_no']   occured in:io.appium.java_client.pagefactory.AppiumElementLocator.findElement(AppiumElementLocator.java:126)********************
Survey Popup inside try true
elmntSubMenuURL value is [[FirefoxDriver: firefox on WINDOWS (c943d2f8-f882-4d7f-9289-4cdbdf04bb68)] -> xpath: //ul[@class='hamburger-menu-flyout-list hamburger-menu-flyout-sidecar-list']//li/a[contains(text(),'AppleCare+')]]
strcurrentUrl value is https://www.bestbuy.com/site/services/applecare/pcmcat748300453862.c?id=pcmcat748300453862
for loop int i value is 20
Print Deals Sub-menu Text Best Buy Protection
Click WebElemnt Sub-Menu URL Located by By.xpath: //button[@class='c-button-unstyled hamburger-menu-button']
************Exception:  Can't locate an element by this strategy: By.xpath: //div[@id='survey_window']//button[@id='survey_invite_no']   occured in:io.appium.java_client.pagefactory.AppiumElementLocator.findElement(AppiumElementLocator.java:126)********************
Survey Popup inside try true
elmntSubMenuURL value is [[FirefoxDriver: firefox on WINDOWS (c943d2f8-f882-4d7f-9289-4cdbdf04bb68)] -> xpath: //ul[@class='hamburger-menu-flyout-list hamburger-menu-flyout-sidecar-list']//li/a[contains(text(),'Best Buy Protection')]]
strcurrentUrl value is https://www.bestbuy.com/site/best-buy-membership/best-buy-protection/pcmcat1608643232014.c?id=pcmcat1608643232014
for loop int i value is 21
Print Deals Sub-menu Text Haul Away & Recycling
Click WebElemnt Sub-Menu URL Located by By.xpath: //button[@class='c-button-unstyled hamburger-menu-button']
************Exception:  Can't locate an element by this strategy: By.xpath: //div[@id='survey_window']//button[@id='survey_invite_no']   occured in:io.appium.java_client.pagefactory.AppiumElementLocator.findElement(AppiumElementLocator.java:126)********************
Survey Popup inside try true
elmntSubMenuURL value is [[FirefoxDriver: firefox on WINDOWS (c943d2f8-f882-4d7f-9289-4cdbdf04bb68)] -> xpath: //ul[@class='hamburger-menu-flyout-list hamburger-menu-flyout-sidecar-list']//li/a[contains(text(),'Haul Away & Recycling')]]
strcurrentUrl value is https://www.bestbuy.com/site/services/recycling/pcmcat149900050025.c?id=pcmcat149900050025
for loop int i value is 22
Print Deals Sub-menu Text Find Replacement Parts
Click WebElemnt Sub-Menu URL Located by By.xpath: //button[@class='c-button-unstyled hamburger-menu-button']
************Exception:  Can't locate an element by this strategy: By.xpath: //div[@id='survey_window']//button[@id='survey_invite_no']   occured in:io.appium.java_client.pagefactory.AppiumElementLocator.findElement(AppiumElementLocator.java:126)********************
Survey Popup inside try true
elmntSubMenuURL value is [[FirefoxDriver: firefox on WINDOWS (c943d2f8-f882-4d7f-9289-4cdbdf04bb68)] -> xpath: //ul[@class='hamburger-menu-flyout-list hamburger-menu-flyout-sidecar-list']//li/a[contains(text(),'Find Replacement Parts')]]
strcurrentUrl value is https://partstore.com/
for loop int i value is 23
Navigated Back to BestBuy page
Print Deals Sub-menu Text Subscriptions
Click WebElemnt Sub-Menu URL Located by By.xpath: //button[@class='c-button-unstyled hamburger-menu-button']
************Exception:  Can't locate an element by this strategy: By.xpath: //div[@id='survey_window']//button[@id='survey_invite_no']   occured in:io.appium.java_client.pagefactory.AppiumElementLocator.findElement(AppiumElementLocator.java:126)********************
Survey Popup inside try true
elmntSubMenuURL value is [[FirefoxDriver: firefox on WINDOWS (c943d2f8-f882-4d7f-9289-4cdbdf04bb68)] -> xpath: //ul[@class='hamburger-menu-flyout-list hamburger-menu-flyout-sidecar-list']//li/a[contains(text(),'Subscriptions')]]
strcurrentUrl value is https://www.bestbuy.com/site/electronics/subscriptions/pcmcat1614183089372.c?id=pcmcat1614183089372
for loop int i value is 24
getAllTheSupportAndServicesPagesAndNavigateToEachPage try 
https://www.bestbuy.com/support
https://www.bestbuy.com/services/triage/home
https://www.bestbuy.com/services/remotesupport
https://www.bestbuy.com/dossier/service/appointmentfinder
https://www.bestbuy.com/trade-in
https://www.bestbuy.com/services/repairtracker
https://www.bestbuy.com/site/best-buy-brands/support/pcmcat1693515381920.c?id=pcmcat1693515381920
https://www.bestbuy.com/support
https://www.bestbuy.com/site/services/tv-home-theater-services/pcmcat138100050024.c?id=pcmcat138100050024
https://www.bestbuy.com/site/services/appliance-services/pcmcat255100050002.c?id=pcmcat255100050002
https://www.bestbuy.com/site/services/cell-phone-services/pcmcat286500050002.c?id=pcmcat286500050002
https://www.bestbuy.com/site/services/apple-service-repair/pcmcat1554741516170.c?id=pcmcat1554741516170
https://www.bestbuy.com/site/services/smart-home-services/pcmcat748300595063.c?id=pcmcat748300595063
https://www.bestbuy.com/site/services/car-electronics-professional-installation/pcmcat59600050005.c?id=pcmcat59600050005
https://www.bestbuy.com/site/services/fitness-equipment-services/pcmcat1603998354691.c?id=pcmcat1603998354691
https://www.bestbuy.com/site/services/helm-smart-energy/pcmcat1691432847200.c?id=pcmcat1691432847200
https://www.bestbuy.com/site/electronics/services/pcmcat1528819595254.c?id=pcmcat1528819595254
https://www.bestbuy.com/site/best-buy-membership/best-buy-membership-total/pcmcat1629315977983.c?id=pcmcat1629315977983
https://www.bestbuy.com/site/geek-squad/geek-squad-protection/pcmcat159800050001.c?id=pcmcat159800050001
https://www.bestbuy.com/site/services/applecare/pcmcat748300453862.c?id=pcmcat748300453862
https://www.bestbuy.com/site/best-buy-membership/best-buy-protection/pcmcat1608643232014.c?id=pcmcat1608643232014
https://www.bestbuy.com/site/services/recycling/pcmcat149900050025.c?id=pcmcat149900050025
https://partstore.com/
https://www.bestbuy.com/site/electronics/subscriptions/pcmcat1614183089372.c?id=pcmcat1614183089372

    Embedding  [image/png 408354 bytes]

  And I should get all the Support and Services Pages and Navigate to each page                         # Happy_Path_Patient_Web_and_MR.stepDefinitions.BestBuySteps.iShouldGetAllTheSupportAndServicesPagesAndNavigateToEachPage()
https://www.bestbuy.com/support
https://www.bestbuy.com/services/triage/home
https://www.bestbuy.com/services/remotesupport
https://www.bestbuy.com/dossier/service/appointmentfinder
https://www.bestbuy.com/trade-in
https://www.bestbuy.com/services/repairtracker
https://www.bestbuy.com/site/best-buy-brands/support/pcmcat1693515381920.c?id=pcmcat1693515381920
https://www.bestbuy.com/support
https://www.bestbuy.com/site/services/tv-home-theater-services/pcmcat138100050024.c?id=pcmcat138100050024
https://www.bestbuy.com/site/services/appliance-services/pcmcat255100050002.c?id=pcmcat255100050002
https://www.bestbuy.com/site/services/cell-phone-services/pcmcat286500050002.c?id=pcmcat286500050002
https://www.bestbuy.com/site/services/apple-service-repair/pcmcat1554741516170.c?id=pcmcat1554741516170
https://www.bestbuy.com/site/services/smart-home-services/pcmcat748300595063.c?id=pcmcat748300595063
https://www.bestbuy.com/site/services/car-electronics-professional-installation/pcmcat59600050005.c?id=pcmcat59600050005
https://www.bestbuy.com/site/services/fitness-equipment-services/pcmcat1603998354691.c?id=pcmcat1603998354691
https://www.bestbuy.com/site/services/helm-smart-energy/pcmcat1691432847200.c?id=pcmcat1691432847200
https://www.bestbuy.com/site/electronics/services/pcmcat1528819595254.c?id=pcmcat1528819595254
https://www.bestbuy.com/site/best-buy-membership/best-buy-membership-total/pcmcat1629315977983.c?id=pcmcat1629315977983
https://www.bestbuy.com/site/geek-squad/geek-squad-protection/pcmcat159800050001.c?id=pcmcat159800050001
https://www.bestbuy.com/site/services/applecare/pcmcat748300453862.c?id=pcmcat748300453862
https://www.bestbuy.com/site/best-buy-membership/best-buy-protection/pcmcat1608643232014.c?id=pcmcat1608643232014
https://www.bestbuy.com/site/services/recycling/pcmcat149900050025.c?id=pcmcat149900050025
https://partstore.com/
https://www.bestbuy.com/site/electronics/subscriptions/pcmcat1614183089372.c?id=pcmcat1614183089372
support
services
remotesupport
appointmentfinder
trade-in
repairtracker
best-buy-brands
computer-tablet-services
tv-home-theater-services
appliance-services
cell-phone-services
apple-service-repair
smart-home-services
car-electronics-professional-installation
fitness-equipment-services
helm-smart-energy
electronics/services
best-buy-membership-total
geek-squad-protection
applecare
best-buy-protection
recycling
partstore.com
subscriptions
'support' - Contained: true
'services' - Contained: true
'remotesupport' - Contained: true
'appointmentfinder' - Contained: true
'trade-in' - Contained: true
'repairtracker' - Contained: true
'best-buy-brands' - Contained: true
'computer-tablet-services' - Contained: false
Boolean result value is false

    Embedding  [image/png 408354 bytes]

  Then I should validate Support and Services Sub-Menu URL "&SUPPORTANDSERVICESPAGEURL&"                # Happy_Path_Patient_Web_and_MR.stepDefinitions.BestBuySteps.iShouldValidateSupportAndServicesSubMenuURL(java.lang.String)
      java.lang.AssertionError: expected [true] but found [false]
	at org.testng.Assert.fail(Assert.java:99)
	at org.testng.Assert.failNotEquals(Assert.java:1037)
	at org.testng.Assert.assertTrue(Assert.java:45)
	at org.testng.Assert.assertTrue(Assert.java:55)
	at Happy_Path_Patient_Web_and_MR.stepDefinitions.BestBuySteps.iShouldValidateSupportAndServicesSubMenuURL(BestBuySteps.java:134)
	at âœ½.I should validate Support and Services Sub-Menu URL "&SUPPORTANDSERVICESPAGEURL&"(file:///E:/ShareWebCopy_Guvi_BestBuy/src/test/resources/features/BestBuyPurchase/1_GUVI_BestBuyPurchase.feature:53)


    Embedding  [image/png 408354 bytes]


 Scenario Outline: Navigate to Deals Menu , Support and Services Sub-Menu and its Pages and Validate URL

 Scenario Status: FAILED
]]></system-out>
    <system-err><![CDATA[JavaScript error: https://www.bestbuy.com/~assets/bby/_com/analytics-dotcom/analyticsInit-33af8ccb0f0838a38240714b4caf162f.js, line 2: ChunkLoadError: Loading chunk 9709 failed.
(error: https://www.bestbuy.com/~assets/bby/_com/analytics-dotcom/chunks/csq-beb838b2fc82a920df16.js)
JavaScript error: https://www.bestbuy.com/~assets/bby/_com/analytics-dotcom/analyticsInit-33af8ccb0f0838a38240714b4caf162f.js, line 2: ChunkLoadError: Loading chunk 9709 failed.
(error: https://www.bestbuy.com/~assets/bby/_com/analytics-dotcom/chunks/csq-beb838b2fc82a920df16.js)
JavaScript warning: https://www.bestbuy.com/WvAq5UnWpR/KtBR-G/Fkvc/rYiQNhJYOf4S9J/Z0xzNEUp/GEloW2UN/BDg, line 1: unreachable code after return statement
JavaScript warning: https://www.bestbuy.com/WvAq5UnWpR/KtBR-G/Fkvc/rYiQNhJYOf4S9J/Z0xzNEUp/GEloW2UN/BDg, line 1: unreachable code after return statement
JavaScript warning: https://gumi.criteo.com/syncframe?topUrl=www.bestbuy.com&origin=onetag#{%22bundle%22:{%22identifierExtractor%22:{%22origin%22:0},%22value%22:null},%22cw%22:true,%22optout%22:{%22identifierExtractor%22:{%22origin%22:0},%22value%22:null},%22origin%22:%22onetag%22,%22tld%22:%22bestbuy.com%22,%22topUrl%22:%22www.bestbuy.com%22,%22version%22:%225_37_0%22,%22ifa%22:{%22identifierExtractor%22:{%22origin%22:0},%22value%22:null},%22lsw%22:true,%22pm%22:0}, line 13: Script terminated by timeout at:
r.prototype.flushEventQueue@https://gumi.criteo.com/syncframe?topUrl=www.bestbuy.com&origin=onetag#{%22bundle%22:{%22identifierExtractor%22:{%22origin%22:0},%22value%22:null},%22cw%22:true,%22optout%22:{%22identifierExtractor%22:{%22origin%22:0},%22value%22:null},%22origin%22:%22onetag%22,%22tld%22:%22bestbuy.com%22,%22topUrl%22:%22www.bestbuy.com%22,%22version%22:%225_37_0%22,%22ifa%22:{%22identifierExtractor%22:{%22origin%22:0},%22value%22:null},%22lsw%22:true,%22pm%22:0}:13:3137
r/<@https://gumi.criteo.com/syncframe?topUrl=www.bestbuy.com&origin=onetag#{%22bundle%22:{%22identifierExtractor%22:{%22origin%22:0},%22value%22:null},%22cw%22:true,%22optout%22:{%22identifierExtractor%22:{%22origin%22:0},%22value%22:null},%22origin%22:%22onetag%22,%22tld%22:%22bestbuy.com%22,%22topUrl%22:%22www.bestbuy.com%22,%22version%22:%225_37_0%22,%22ifa%22:{%22identifierExtractor%22:{%22origin%22:0},%22value%22:null},%22lsw%22:true,%22pm%22:0}:13:3642

JavaScript error: https://www.bestbuy.com/~assets/bby/_com/federation/mf-dep-2022-vendors-_yarn___virtual___react-dom-virtual-7a1eb688dc_0_cache_react-dom-npm-18_2_0-0db738f3e-f5258a-2d19c09e8726ad1e8e34.js, line 2: Error: Minified React error #419; visit https://reactjs.org/docs/error-decoder.html?invariant=419 for the full message or use the non-minified dev environment for full errors and additional helpful warnings.
JavaScript warning: https://www.bestbuy.com/WvAq5UnWpR/KtBR-G/Fkvc/rYiQNhJYOf4S9J/Z0xzNEUp/GEloW2UN/BDg, line 1: unreachable code after return statement
JavaScript warning: https://www.bestbuy.com/WvAq5UnWpR/KtBR-G/Fkvc/rYiQNhJYOf4S9J/Z0xzNEUp/GEloW2UN/BDg, line 1: unreachable code after return statement
JavaScript warning: https://www.bestbuy.com/WvAq5UnWpR/KtBR-G/Fkvc/rYiQNhJYOf4S9J/Z0xzNEUp/GEloW2UN/BDg, line 1: WEBGL_debug_renderer_info is deprecated in Firefox and will be removed. Please use RENDERER.
JavaScript warning: https://www.bestbuy.com/WvAq5UnWpR/KtBR-G/Fkvc/rYiQNhJYOf4S9J/Z0xzNEUp/GEloW2UN/BDg, line 1: WEBGL_debug_renderer_info is deprecated in Firefox and will be removed. Please use RENDERER.
JavaScript warning: https://www.bestbuy.com/WvAq5UnWpR/KtBR-G/Fkvc/rYiQNhJYOf4S9J/Z0xzNEUp/GEloW2UN/BDg, line 1: WEBGL_debug_renderer_info is deprecated in Firefox and will be removed. Please use RENDERER.
JavaScript warning: https://www.bestbuy.com/WvAq5UnWpR/KtBR-G/Fkvc/rYiQNhJYOf4S9J/Z0xzNEUp/GEloW2UN/BDg, line 1: WEBGL_debug_renderer_info is deprecated in Firefox and will be removed. Please use RENDERER.
JavaScript error: https://www.bestbuy.com/~assets/bby/_com/shop/customer-data-notification/dist/client/499-c0a6957abbfc8cd07508220d619d2cde.mjs, line 2: ApolloError: Error - Not Found
JavaScript error: https://www.bestbuy.com/~assets/bby/_com/federation/mf-dep-2022-vendors-_yarn___virtual___react-dom-virtual-7a1eb688dc_0_cache_react-dom-npm-18_2_0-0db738f3e-f5258a-2d19c09e8726ad1e8e34.js, line 2: Error: Minified React error #418; visit https://reactjs.org/docs/error-decoder.html?invariant=418 for the full message or use the non-minified dev environment for full errors and additional helpful warnings.
JavaScript error: https://www.bestbuy.com/~assets/bby/_com/federation/mf-dep-2022-vendors-_yarn___virtual___react-dom-virtual-7a1eb688dc_0_cache_react-dom-npm-18_2_0-0db738f3e-f5258a-2d19c09e8726ad1e8e34.js, line 2: Error: Minified React error #423; visit https://reactjs.org/docs/error-decoder.html?invariant=423 for the full message or use the non-minified dev environment for full errors and additional helpful warnings.
JavaScript warning: https://www.bestbuy.com/WvAq5UnWpR/KtBR-G/Fkvc/rYiQNhJYOf4S9J/Z0xzNEUp/GEloW2UN/BDg, line 1: unreachable code after return statement
JavaScript warning: https://www.bestbuy.com/WvAq5UnWpR/KtBR-G/Fkvc/rYiQNhJYOf4S9J/Z0xzNEUp/GEloW2UN/BDg, line 1: unreachable code after return statement
JavaScript error: https://www.bestbuy.com/~assets/bby/_com/federation/mf-dep-2022-vendors-_yarn___virtual___react-dom-virtual-7a1eb688dc_0_cache_react-dom-npm-18_2_0-0db738f3e-f5258a-2d19c09e8726ad1e8e34.js, line 2: Error: Minified React error #419; visit https://reactjs.org/docs/error-decoder.html?invariant=419 for the full message or use the non-minified dev environment for full errors and additional helpful warnings.
JavaScript warning: https://www.bestbuy.com/WvAq5UnWpR/KtBR-G/Fkvc/rYiQNhJYOf4S9J/Z0xzNEUp/GEloW2UN/BDg, line 1: unreachable code after return statement
JavaScript warning: https://www.bestbuy.com/WvAq5UnWpR/KtBR-G/Fkvc/rYiQNhJYOf4S9J/Z0xzNEUp/GEloW2UN/BDg, line 1: unreachable code after return statement
JavaScript warning: https://www.bestbuy.com/WvAq5UnWpR/KtBR-G/Fkvc/rYiQNhJYOf4S9J/Z0xzNEUp/GEloW2UN/BDg, line 1: WEBGL_debug_renderer_info is deprecated in Firefox and will be removed. Please use RENDERER.
JavaScript warning: https://www.bestbuy.com/WvAq5UnWpR/KtBR-G/Fkvc/rYiQNhJYOf4S9J/Z0xzNEUp/GEloW2UN/BDg, line 1: WEBGL_debug_renderer_info is deprecated in Firefox and will be removed. Please use RENDERER.
JavaScript warning: https://www.bestbuy.com/WvAq5UnWpR/KtBR-G/Fkvc/rYiQNhJYOf4S9J/Z0xzNEUp/GEloW2UN/BDg, line 1: WEBGL_debug_renderer_info is deprecated in Firefox and will be removed. Please use RENDERER.
JavaScript warning: https://www.bestbuy.com/WvAq5UnWpR/KtBR-G/Fkvc/rYiQNhJYOf4S9J/Z0xzNEUp/GEloW2UN/BDg, line 1: WEBGL_debug_renderer_info is deprecated in Firefox and will be removed. Please use RENDERER.
JavaScript warning: https://www.bestbuy.com/WvAq5UnWpR/KtBR-G/Fkvc/rYiQNhJYOf4S9J/Z0xzNEUp/GEloW2UN/BDg, line 1: unreachable code after return statement
JavaScript warning: https://www.bestbuy.com/WvAq5UnWpR/KtBR-G/Fkvc/rYiQNhJYOf4S9J/Z0xzNEUp/GEloW2UN/BDg, line 1: unreachable code after return statement
JavaScript error: https://www.bestbuy.com/~assets/bby/_com/federation/mf-dep-2022-vendors-_yarn___virtual___react-dom-virtual-7a1eb688dc_0_cache_react-dom-npm-18_2_0-0db738f3e-f5258a-2d19c09e8726ad1e8e34.js, line 2: Error: Minified React error #419; visit https://reactjs.org/docs/error-decoder.html?invariant=419 for the full message or use the non-minified dev environment for full errors and additional helpful warnings.
JavaScript warning: https://www.bestbuy.com/WvAq5UnWpR/KtBR-G/Fkvc/rYiQNhJYOf4S9J/Z0xzNEUp/GEloW2UN/BDg, line 1: unreachable code after return statement
JavaScript warning: https://www.bestbuy.com/WvAq5UnWpR/KtBR-G/Fkvc/rYiQNhJYOf4S9J/Z0xzNEUp/GEloW2UN/BDg, line 1: unreachable code after return statement
JavaScript warning: https://www.bestbuy.com/WvAq5UnWpR/KtBR-G/Fkvc/rYiQNhJYOf4S9J/Z0xzNEUp/GEloW2UN/BDg, line 1: WEBGL_debug_renderer_info is deprecated in Firefox and will be removed. Please use RENDERER.
JavaScript warning: https://www.bestbuy.com/WvAq5UnWpR/KtBR-G/Fkvc/rYiQNhJYOf4S9J/Z0xzNEUp/GEloW2UN/BDg, line 1: WEBGL_debug_renderer_info is deprecated in Firefox and will be removed. Please use RENDERER.
JavaScript warning: https://www.bestbuy.com/WvAq5UnWpR/KtBR-G/Fkvc/rYiQNhJYOf4S9J/Z0xzNEUp/GEloW2UN/BDg, line 1: WEBGL_debug_renderer_info is deprecated in Firefox and will be removed. Please use RENDERER.
JavaScript warning: https://www.bestbuy.com/WvAq5UnWpR/KtBR-G/Fkvc/rYiQNhJYOf4S9J/Z0xzNEUp/GEloW2UN/BDg, line 1: WEBGL_debug_renderer_info is deprecated in Firefox and will be removed. Please use RENDERER.
JavaScript warning: https://www.bestbuy.com/WvAq5UnWpR/KtBR-G/Fkvc/rYiQNhJYOf4S9J/Z0xzNEUp/GEloW2UN/BDg, line 1: unreachable code after return statement
JavaScript warning: https://www.bestbuy.com/WvAq5UnWpR/KtBR-G/Fkvc/rYiQNhJYOf4S9J/Z0xzNEUp/GEloW2UN/BDg, line 1: unreachable code after return statement
JavaScript error: https://www.bestbuy.com/~assets/bby/_com/federation/mf-dep-2022-vendors-_yarn___virtual___react-dom-virtual-7a1eb688dc_0_cache_react-dom-npm-18_2_0-0db738f3e-f5258a-2d19c09e8726ad1e8e34.js, line 2: Error: Minified React error #419; visit https://reactjs.org/docs/error-decoder.html?invariant=419 for the full message or use the non-minified dev environment for full errors and additional helpful warnings.
JavaScript warning: https://www.bestbuy.com/WvAq5UnWpR/KtBR-G/Fkvc/rYiQNhJYOf4S9J/Z0xzNEUp/GEloW2UN/BDg, line 1: unreachable code after return statement
JavaScript warning: https://www.bestbuy.com/WvAq5UnWpR/KtBR-G/Fkvc/rYiQNhJYOf4S9J/Z0xzNEUp/GEloW2UN/BDg, line 1: unreachable code after return statement
JavaScript warning: https://www.bestbuy.com/WvAq5UnWpR/KtBR-G/Fkvc/rYiQNhJYOf4S9J/Z0xzNEUp/GEloW2UN/BDg, line 1: WEBGL_debug_renderer_info is deprecated in Firefox and will be removed. Please use RENDERER.
JavaScript warning: https://www.bestbuy.com/WvAq5UnWpR/KtBR-G/Fkvc/rYiQNhJYOf4S9J/Z0xzNEUp/GEloW2UN/BDg, line 1: WEBGL_debug_renderer_info is deprecated in Firefox and will be removed. Please use RENDERER.
JavaScript warning: https://www.bestbuy.com/WvAq5UnWpR/KtBR-G/Fkvc/rYiQNhJYOf4S9J/Z0xzNEUp/GEloW2UN/BDg, line 1: WEBGL_debug_renderer_info is deprecated in Firefox and will be removed. Please use RENDERER.
JavaScript warning: https://www.bestbuy.com/WvAq5UnWpR/KtBR-G/Fkvc/rYiQNhJYOf4S9J/Z0xzNEUp/GEloW2UN/BDg, line 1: WEBGL_debug_renderer_info is deprecated in Firefox and will be removed. Please use RENDERER.
JavaScript warning: https://www.bestbuy.com/WvAq5UnWpR/KtBR-G/Fkvc/rYiQNhJYOf4S9J/Z0xzNEUp/GEloW2UN/BDg, line 1: unreachable code after return statement
JavaScript warning: https://www.bestbuy.com/WvAq5UnWpR/KtBR-G/Fkvc/rYiQNhJYOf4S9J/Z0xzNEUp/GEloW2UN/BDg, line 1: unreachable code after return statement
JavaScript error: https://www.bestbuy.com/~assets/bby/_com/federation/mf-dep-2022-vendors-_yarn___virtual___react-dom-virtual-7a1eb688dc_0_cache_react-dom-npm-18_2_0-0db738f3e-f5258a-2d19c09e8726ad1e8e34.js, line 2: Error: Minified React error #419; visit https://reactjs.org/docs/error-decoder.html?invariant=419 for the full message or use the non-minified dev environment for full errors and additional helpful warnings.
JavaScript warning: https://www.bestbuy.com/WvAq5UnWpR/KtBR-G/Fkvc/rYiQNhJYOf4S9J/Z0xzNEUp/GEloW2UN/BDg, line 1: unreachable code after return statement
JavaScript warning: https://www.bestbuy.com/WvAq5UnWpR/KtBR-G/Fkvc/rYiQNhJYOf4S9J/Z0xzNEUp/GEloW2UN/BDg, line 1: unreachable code after return statement
JavaScript warning: https://www.bestbuy.com/WvAq5UnWpR/KtBR-G/Fkvc/rYiQNhJYOf4S9J/Z0xzNEUp/GEloW2UN/BDg, line 1: WEBGL_debug_renderer_info is deprecated in Firefox and will be removed. Please use RENDERER.
JavaScript warning: https://www.bestbuy.com/WvAq5UnWpR/KtBR-G/Fkvc/rYiQNhJYOf4S9J/Z0xzNEUp/GEloW2UN/BDg, line 1: WEBGL_debug_renderer_info is deprecated in Firefox and will be removed. Please use RENDERER.
JavaScript warning: https://www.bestbuy.com/WvAq5UnWpR/KtBR-G/Fkvc/rYiQNhJYOf4S9J/Z0xzNEUp/GEloW2UN/BDg, line 1: WEBGL_debug_renderer_info is deprecated in Firefox and will be removed. Please use RENDERER.
JavaScript warning: https://www.bestbuy.com/WvAq5UnWpR/KtBR-G/Fkvc/rYiQNhJYOf4S9J/Z0xzNEUp/GEloW2UN/BDg, line 1: WEBGL_debug_renderer_info is deprecated in Firefox and will be removed. Please use RENDERER.
JavaScript warning: https://www.bestbuy.com/WvAq5UnWpR/KtBR-G/Fkvc/rYiQNhJYOf4S9J/Z0xzNEUp/GEloW2UN/BDg, line 1: unreachable code after return statement
JavaScript warning: https://www.bestbuy.com/WvAq5UnWpR/KtBR-G/Fkvc/rYiQNhJYOf4S9J/Z0xzNEUp/GEloW2UN/BDg, line 1: unreachable code after return statement
JavaScript warning: https://www.bestbuy.com/WvAq5UnWpR/KtBR-G/Fkvc/rYiQNhJYOf4S9J/Z0xzNEUp/GEloW2UN/BDg, line 1: unreachable code after return statement
JavaScript warning: https://www.bestbuy.com/WvAq5UnWpR/KtBR-G/Fkvc/rYiQNhJYOf4S9J/Z0xzNEUp/GEloW2UN/BDg, line 1: unreachable code after return statement
JavaScript error: https://www.bestbuy.com/~assets/bby/_com/federation/mf-dep-2022-vendors-_yarn___virtual___react-dom-virtual-7a1eb688dc_0_cache_react-dom-npm-18_2_0-0db738f3e-f5258a-2d19c09e8726ad1e8e34.js, line 2: Error: Minified React error #419; visit https://reactjs.org/docs/error-decoder.html?invariant=419 for the full message or use the non-minified dev environment for full errors and additional helpful warnings.
JavaScript warning: https://www.bestbuy.com/WvAq5UnWpR/KtBR-G/Fkvc/rYiQNhJYOf4S9J/Z0xzNEUp/GEloW2UN/BDg, line 1: WEBGL_debug_renderer_info is deprecated in Firefox and will be removed. Please use RENDERER.
JavaScript warning: https://www.bestbuy.com/WvAq5UnWpR/KtBR-G/Fkvc/rYiQNhJYOf4S9J/Z0xzNEUp/GEloW2UN/BDg, line 1: WEBGL_debug_renderer_info is deprecated in Firefox and will be removed. Please use RENDERER.
JavaScript warning: https://www.bestbuy.com/WvAq5UnWpR/KtBR-G/Fkvc/rYiQNhJYOf4S9J/Z0xzNEUp/GEloW2UN/BDg, line 1: WEBGL_debug_renderer_info is deprecated in Firefox and will be removed. Please use RENDERER.
JavaScript warning: https://www.bestbuy.com/WvAq5UnWpR/KtBR-G/Fkvc/rYiQNhJYOf4S9J/Z0xzNEUp/GEloW2UN/BDg, line 1: WEBGL_debug_renderer_info is deprecated in Firefox and will be removed. Please use RENDERER.
JavaScript warning: https://www.bestbuy.com/WvAq5UnWpR/KtBR-G/Fkvc/rYiQNhJYOf4S9J/Z0xzNEUp/GEloW2UN/BDg, line 1: unreachable code after return statement
JavaScript warning: https://www.bestbuy.com/WvAq5UnWpR/KtBR-G/Fkvc/rYiQNhJYOf4S9J/Z0xzNEUp/GEloW2UN/BDg, line 1: unreachable code after return statement
JavaScript warning: https://www.bestbuy.com/WvAq5UnWpR/KtBR-G/Fkvc/pSiQNhJYOf/DWB2NEUp/BwdzU3tC/Al4?v=a9b4cf27-e2dd-479f-109f-98be7120b854, line 1: unreachable code after return statement
JavaScript warning: https://www.bestbuy.com/WvAq5UnWpR/KtBR-G/Fkvc/pSiQNhJYOf/DWB2NEUp/BwdzU3tC/Al4?v=a9b4cf27-e2dd-479f-109f-98be7120b854, line 1: unreachable code after return statement
JavaScript error: https://www.bestbuy.com/~assets/bby/_com/federation/mf-dep-2022-vendors-_yarn___virtual___react-dom-virtual-7a1eb688dc_0_cache_react-dom-npm-18_2_0-0db738f3e-f5258a-2d19c09e8726ad1e8e34.js, line 2: Error: Minified React error #419; visit https://reactjs.org/docs/error-decoder.html?invariant=419 for the full message or use the non-minified dev environment for full errors and additional helpful warnings.
JavaScript warning: https://www.bestbuy.com/WvAq5UnWpR/KtBR-G/Fkvc/rYiQNhJYOf4S9J/Z0xzNEUp/GEloW2UN/BDg, line 1: unreachable code after return statement
JavaScript warning: https://www.bestbuy.com/WvAq5UnWpR/KtBR-G/Fkvc/rYiQNhJYOf4S9J/Z0xzNEUp/GEloW2UN/BDg, line 1: unreachable code after return statement
JavaScript warning: https://www.bestbuy.com/WvAq5UnWpR/KtBR-G/Fkvc/rYiQNhJYOf4S9J/Z0xzNEUp/GEloW2UN/BDg, line 1: WEBGL_debug_renderer_info is deprecated in Firefox and will be removed. Please use RENDERER.
JavaScript warning: https://www.bestbuy.com/WvAq5UnWpR/KtBR-G/Fkvc/rYiQNhJYOf4S9J/Z0xzNEUp/GEloW2UN/BDg, line 1: WEBGL_debug_renderer_info is deprecated in Firefox and will be removed. Please use RENDERER.
JavaScript warning: https://www.bestbuy.com/WvAq5UnWpR/KtBR-G/Fkvc/rYiQNhJYOf4S9J/Z0xzNEUp/GEloW2UN/BDg, line 1: WEBGL_debug_renderer_info is deprecated in Firefox and will be removed. Please use RENDERER.
JavaScript warning: https://www.bestbuy.com/WvAq5UnWpR/KtBR-G/Fkvc/rYiQNhJYOf4S9J/Z0xzNEUp/GEloW2UN/BDg, line 1: WEBGL_debug_renderer_info is deprecated in Firefox and will be removed. Please use RENDERER.
JavaScript warning: https://pagead2.googlesyndication.com/bg/EkdjyKrF1NmAsk7REIAGOde1tWhmsx7zcO2hk2jj3tw.js line 2 > eval line 7258 > eval line 1 > eval line 1 > eval, line 1: WEBGL_debug_renderer_info is deprecated in Firefox and will be removed. Please use RENDERER.
JavaScript warning: https://www.bestbuy.com/WvAq5UnWpR/KtBR-G/Fkvc/pSiQNhJYOf/DWB2NEUp/BwdzU3tC/Al4?v=a9b4cf27-e2dd-479f-109f-98be7120b854, line 1: WEBGL_debug_renderer_info is deprecated in Firefox and will be removed. Please use RENDERER.
JavaScript warning: https://www.bestbuy.com/WvAq5UnWpR/KtBR-G/Fkvc/pSiQNhJYOf/DWB2NEUp/BwdzU3tC/Al4?v=a9b4cf27-e2dd-479f-109f-98be7120b854, line 1: WEBGL_debug_renderer_info is deprecated in Firefox and will be removed. Please use RENDERER.
JavaScript warning: https://gumi.criteo.com/syncframe?topUrl=www.bestbuy.com&origin=onetag#{%22bundle%22:{%22identifierExtractor%22:{%22origin%22:3},%22value%22:%22p_grK19UcUxaenFMZkVpYnVZU0dxZFVlTzdHZVpnUDFkUnRJNDJPbWV5dU9PNVRTUlBvWFAlMkJMdyUyRnpnQSUyQjVHUSUyRnk2UmZsbDh5Vk1KNCUyQkRjVjdLRUoxMmQyU1R4ZnZqbmIxUk1yRGdxalNuanJWYkpCbEJtMGl2OUpJTSUyQlQ3TWZyYnlTNTdFOExMTHhhYzNSOGtQQU1zWnZEVUElM0QlM0Q%22},%22cw%22:true,%22optout%22:{%22identifierExtractor%22:{%22origin%22:0},%22value%22:null},%22origin%22:%22onetag%22,%22tld%22:%22bestbuy.com%22,%22topUrl%22:%22www.bestbuy.com%22,%22version%22:%225_37_0%22,%22ifa%22:{%22identifierExtractor%22:{%22origin%22:0},%22value%22:null},%22lsw%22:true,%22pm%22:0}, line 13: Script terminated by timeout at:
r.prototype.logPixel@https://gumi.criteo.com/syncframe?topUrl=www.bestbuy.com&origin=onetag#{%22bundle%22:{%22identifierExtractor%22:{%22origin%22:3},%22value%22:%22p_grK19UcUxaenFMZkVpYnVZU0dxZFVlTzdHZVpnUDFkUnRJNDJPbWV5dU9PNVRTUlBvWFAlMkJMdyUyRnpnQSUyQjVHUSUyRnk2UmZsbDh5Vk1KNCUyQkRjVjdLRUoxMmQyU1R4ZnZqbmIxUk1yRGdxalNuanJWYkpCbEJtMGl2OUpJTSUyQlQ3TWZyYnlTNTdFOExMTHhhYzNSOGtQQU1zWnZEVUElM0QlM0Q%22},%22cw%22:true,%22optout%22:{%22identifierExtractor%22:{%22origin%22:0},%22value%22:null},%22origin%22:%22onetag%22,%22tld%22:%22bestbuy.com%22,%22topUrl%22:%22www.bestbuy.com%22,%22version%22:%225_37_0%22,%22ifa%22:{%22identifierExtractor%22:{%22origin%22:0},%22value%22:null},%22lsw%22:true,%22pm%22:0}:13:3418
r.prototype.flushEventQueue@https://gumi.criteo.com/syncframe?topUrl=www.bestbuy.com&origin=onetag#{%22bundle%22:{%22identifierExtractor%22:{%22origin%22:3},%22value%22:%22p_grK19UcUxaenFMZkVpYnVZU0dxZFVlTzdHZVpnUDFkUnRJNDJPbWV5dU9PNVRTUlBvWFAlMkJMdyUyRnpnQSUyQjVHUSUyRnk2UmZsbDh5Vk1KNCUyQkRjVjdLRUoxMmQyU1R4ZnZqbmIxUk1yRGdxalNuanJWYkpCbEJtMGl2OUpJTSUyQlQ3TWZyYnlTNTdFOExMTHhhYzNSOGtQQU1zWnZEVUElM0QlM0Q%22},%22cw%22:true,%22optout%22:{%22identifierExtractor%22:{%22origin%22:0},%22value%22:null},%22origin%22:%22onetag%22,%22tld%22:%22bestbuy.com%22,%22topUrl%22:%22www.bestbuy.com%22,%22version%22:%225_37_0%22,%22ifa%22:{%22identifierExtractor%22:{%22origin%22:0},%22value%22:null},%22lsw%22:true,%22pm%22:0}:13:3152
r/<@https://gumi.criteo.com/syncframe?topUrl=www.bestbuy.com&origin=onetag#{%22bundle%22:{%22identifierExtractor%22:{%22origin%22:3},%22value%22:%22p_grK19UcUxaenFMZkVpYnVZU0dxZFVlTzdHZVpnUDFkUnRJNDJPbWV5dU9PNVRTUlBvWFAlMkJMdyUyRnpnQSUyQjVHUSUyRnk2UmZsbDh5Vk1KNCUyQkRjVjdLRUoxMmQyU1R4ZnZqbmIxUk1yRGdxalNuanJWYkpCbEJtMGl2OUpJTSUyQlQ3TWZyYnlTNTdFOExMTHhhYzNSOGtQQU1zWnZEVUElM0QlM0Q%22},%22cw%22:true,%22optout%22:{%22identifierExtractor%22:{%22origin%22:0},%22value%22:null},%22origin%22:%22onetag%22,%22tld%22:%22bestbuy.com%22,%22topUrl%22:%22www.bestbuy.com%22,%22version%22:%225_37_0%22,%22ifa%22:{%22identifierExtractor%22:{%22origin%22:0},%22value%22:null},%22lsw%22:true,%22pm%22:0}:13:3642

JavaScript warning: https://www.bestbuy.com/WvAq5UnWpR/KtBR-G/Fkvc/rYiQNhJYOf4S9J/Z0xzNEUp/GEloW2UN/BDg, line 1: unreachable code after return statement
JavaScript warning: https://www.bestbuy.com/WvAq5UnWpR/KtBR-G/Fkvc/rYiQNhJYOf4S9J/Z0xzNEUp/GEloW2UN/BDg, line 1: unreachable code after return statement
JavaScript error: https://www.bestbuy.com/~assets/bby/_com/federation/mf-dep-2022-vendors-_yarn___virtual___react-dom-virtual-7a1eb688dc_0_cache_react-dom-npm-18_2_0-0db738f3e-f5258a-2d19c09e8726ad1e8e34.js, line 2: Error: Minified React error #419; visit https://reactjs.org/docs/error-decoder.html?invariant=419 for the full message or use the non-minified dev environment for full errors and additional helpful warnings.
JavaScript warning: https://www.bestbuy.com/WvAq5UnWpR/KtBR-G/Fkvc/rYiQNhJYOf4S9J/Z0xzNEUp/GEloW2UN/BDg, line 1: unreachable code after return statement
JavaScript warning: https://www.bestbuy.com/WvAq5UnWpR/KtBR-G/Fkvc/rYiQNhJYOf4S9J/Z0xzNEUp/GEloW2UN/BDg, line 1: unreachable code after return statement
JavaScript warning: https://www.bestbuy.com/WvAq5UnWpR/KtBR-G/Fkvc/rYiQNhJYOf4S9J/Z0xzNEUp/GEloW2UN/BDg, line 1: WEBGL_debug_renderer_info is deprecated in Firefox and will be removed. Please use RENDERER.
JavaScript warning: https://www.bestbuy.com/WvAq5UnWpR/KtBR-G/Fkvc/rYiQNhJYOf4S9J/Z0xzNEUp/GEloW2UN/BDg, line 1: WEBGL_debug_renderer_info is deprecated in Firefox and will be removed. Please use RENDERER.
JavaScript error: https://www.bestbuy.com/~assets/bby/_com/shop/customer-data-notification/dist/client/499-c0a6957abbfc8cd07508220d619d2cde.mjs, line 2: ApolloError: Error - Not Found
JavaScript warning: https://www.bestbuy.com/WvAq5UnWpR/KtBR-G/Fkvc/rYiQNhJYOf4S9J/Z0xzNEUp/GEloW2UN/BDg, line 1: WEBGL_debug_renderer_info is deprecated in Firefox and will be removed. Please use RENDERER.
JavaScript warning: https://www.bestbuy.com/WvAq5UnWpR/KtBR-G/Fkvc/rYiQNhJYOf4S9J/Z0xzNEUp/GEloW2UN/BDg, line 1: WEBGL_debug_renderer_info is deprecated in Firefox and will be removed. Please use RENDERER.
console.error: (new TypeError(" is not a valid URL.", "resource://gre/modules/NetworkGeolocationProvider.sys.mjs", 497))
JavaScript error: https://www.bestbuy.com/~assets/bby/_com/federation/mf-dep-2022-vendors-_yarn___virtual___react-dom-virtual-7a1eb688dc_0_cache_react-dom-npm-18_2_0-0db738f3e-f5258a-2d19c09e8726ad1e8e34.js, line 2: Error: Minified React error #418; visit https://reactjs.org/docs/error-decoder.html?invariant=418 for the full message or use the non-minified dev environment for full errors and additional helpful warnings.
JavaScript error: https://www.bestbuy.com/~assets/bby/_com/federation/mf-dep-2022-vendors-_yarn___virtual___react-dom-virtual-7a1eb688dc_0_cache_react-dom-npm-18_2_0-0db738f3e-f5258a-2d19c09e8726ad1e8e34.js, line 2: Error: Minified React error #423; visit https://reactjs.org/docs/error-decoder.html?invariant=423 for the full message or use the non-minified dev environment for full errors and additional helpful warnings.
JavaScript warning: https://www.bestbuy.com/WvAq5UnWpR/KtBR-G/Fkvc/rYiQNhJYOf4S9J/Z0xzNEUp/GEloW2UN/BDg, line 1: unreachable code after return statement
JavaScript warning: https://www.bestbuy.com/WvAq5UnWpR/KtBR-G/Fkvc/rYiQNhJYOf4S9J/Z0xzNEUp/GEloW2UN/BDg, line 1: unreachable code after return statement
JavaScript warning: https://www.bestbuy.com/WvAq5UnWpR/KtBR-G/Fkvc/pSiQNhJYOf/DWB2NEUp/BwdzU3tC/Al4?v=a9b4cf27-e2dd-479f-109f-98be7120b854, line 1: unreachable code after return statement
JavaScript warning: https://www.bestbuy.com/WvAq5UnWpR/KtBR-G/Fkvc/pSiQNhJYOf/DWB2NEUp/BwdzU3tC/Al4?v=a9b4cf27-e2dd-479f-109f-98be7120b854, line 1: unreachable code after return statement
JavaScript error: https://www.bestbuy.com/~assets/bby/_com/staging-fad56d9ad0f78ba1e7124a8ba5213507.min.js, line 2: TypeError: e.indexOf is not a function
JavaScript error: https://www.bestbuy.com/~assets/bby/_com/federation/mf-dep-2022-vendors-_yarn___virtual___react-dom-virtual-7a1eb688dc_0_cache_react-dom-npm-18_2_0-0db738f3e-f5258a-2d19c09e8726ad1e8e34.js, line 2: Error: Minified React error #419; visit https://reactjs.org/docs/error-decoder.html?invariant=419 for the full message or use the non-minified dev environment for full errors and additional helpful warnings.
JavaScript warning: https://www.bestbuy.com/WvAq5UnWpR/KtBR-G/Fkvc/rYiQNhJYOf4S9J/Z0xzNEUp/GEloW2UN/BDg, line 1: unreachable code after return statement
JavaScript warning: https://www.bestbuy.com/WvAq5UnWpR/KtBR-G/Fkvc/rYiQNhJYOf4S9J/Z0xzNEUp/GEloW2UN/BDg, line 1: unreachable code after return statement
JavaScript error: https://www.bestbuy.com/~assets/bby/_com/staging-fad56d9ad0f78ba1e7124a8ba5213507.min.js, line 2: TypeError: e.indexOf is not a function
JavaScript warning: https://www.bestbuy.com/WvAq5UnWpR/KtBR-G/Fkvc/rYiQNhJYOf4S9J/Z0xzNEUp/GEloW2UN/BDg, line 1: WEBGL_debug_renderer_info is deprecated in Firefox and will be removed. Please use RENDERER.
JavaScript warning: https://www.bestbuy.com/WvAq5UnWpR/KtBR-G/Fkvc/rYiQNhJYOf4S9J/Z0xzNEUp/GEloW2UN/BDg, line 1: WEBGL_debug_renderer_info is deprecated in Firefox and will be removed. Please use RENDERER.
JavaScript warning: https://www.bestbuy.com/WvAq5UnWpR/KtBR-G/Fkvc/rYiQNhJYOf4S9J/Z0xzNEUp/GEloW2UN/BDg, line 1: WEBGL_debug_renderer_info is deprecated in Firefox and will be removed. Please use RENDERER.
JavaScript warning: https://www.bestbuy.com/WvAq5UnWpR/KtBR-G/Fkvc/rYiQNhJYOf4S9J/Z0xzNEUp/GEloW2UN/BDg, line 1: WEBGL_debug_renderer_info is deprecated in Firefox and will be removed. Please use RENDERER.
JavaScript warning: https://pagead2.googlesyndication.com/bg/EkdjyKrF1NmAsk7REIAGOde1tWhmsx7zcO2hk2jj3tw.js line 2 > eval line 3739 > eval line 1 > eval line 1 > eval, line 1: WEBGL_debug_renderer_info is deprecated in Firefox and will be removed. Please use RENDERER.
console.error: (new TypeError(" is not a valid URL.", "resource://gre/modules/NetworkGeolocationProvider.sys.mjs", 497))
JavaScript warning: https://www.bestbuy.com/WvAq5UnWpR/KtBR-G/Fkvc/pSiQNhJYOf/DWB2NEUp/BwdzU3tC/Al4?v=a9b4cf27-e2dd-479f-109f-98be7120b854, line 1: WEBGL_debug_renderer_info is deprecated in Firefox and will be removed. Please use RENDERER.
JavaScript warning: https://www.bestbuy.com/WvAq5UnWpR/KtBR-G/Fkvc/pSiQNhJYOf/DWB2NEUp/BwdzU3tC/Al4?v=a9b4cf27-e2dd-479f-109f-98be7120b854, line 1: WEBGL_debug_renderer_info is deprecated in Firefox and will be removed. Please use RENDERER.
JavaScript error: https://www.bestbuy.com/~assets/bby/_com/federation/mf-dep-2022-vendors-_yarn___virtual___react-dom-virtual-7a1eb688dc_0_cache_react-dom-npm-18_2_0-0db738f3e-f5258a-2d19c09e8726ad1e8e34.js, line 2: Error: Minified React error #418; visit https://reactjs.org/docs/error-decoder.html?invariant=418 for the full message or use the non-minified dev environment for full errors and additional helpful warnings.
JavaScript error: https://www.bestbuy.com/~assets/bby/_com/federation/mf-dep-2022-vendors-_yarn___virtual___react-dom-virtual-7a1eb688dc_0_cache_react-dom-npm-18_2_0-0db738f3e-f5258a-2d19c09e8726ad1e8e34.js, line 2: Error: Minified React error #423; visit https://reactjs.org/docs/error-decoder.html?invariant=423 for the full message or use the non-minified dev environment for full errors and additional helpful warnings.
JavaScript error: https://www.bestbuy.com/~assets/bby/_com/shop/blue-assist/dist/client/7163-e1109bf4004a345d05a7e0c3a42ed799.js, line 2: TypeError: f is not a function
JavaScript error: https://www.bestbuy.com/~assets/bby/_com/shop/blue-assist/dist/client/7163-e1109bf4004a345d05a7e0c3a42ed799.js, line 2: TypeError: f is not a function
JavaScript warning: https://www.bestbuy.com/WvAq5UnWpR/KtBR-G/Fkvc/rYiQNhJYOf4S9J/Z0xzNEUp/GEloW2UN/BDg, line 1: unreachable code after return statement
JavaScript warning: https://www.bestbuy.com/WvAq5UnWpR/KtBR-G/Fkvc/rYiQNhJYOf4S9J/Z0xzNEUp/GEloW2UN/BDg, line 1: unreachable code after return statement
JavaScript warning: https://gumi.criteo.com/syncframe?topUrl=www.bestbuy.com&origin=onetag#{%22bundle%22:{%22identifierExtractor%22:{%22origin%22:3},%22value%22:%22YHt6bF9UcUxaenFMZkVpYnVZU0dxZFVlTzdERk9UWEI5amZoMmVOZVpoVkNaVXNPNGpucXJiZDhFYWVEYWJPbE02Z3ZtdnNMNXpDJTJCUGQxT1BVSFZ5RXNSbVg3RGFpbmhzNzVOblMwOHgzb2lVV01QUU5BQU9IZDNtZSUyRjRxOVlyajN5d0lxQ1VJR2ZOJTJCckJ4TG9GS3Q3bHRma1ElM0QlM0Q%22},%22cw%22:true,%22optout%22:{%22identifierExtractor%22:{%22origin%22:0},%22value%22:null},%22origin%22:%22onetag%22,%22tld%22:%22bestbuy.com%22,%22topUrl%22:%22www.bestbuy.com%22,%22version%22:%225_37_0%22,%22ifa%22:{%22identifierExtractor%22:{%22origin%22:0},%22value%22:null},%22lsw%22:true,%22pm%22:0}, line 13: Script terminated by timeout at:
r.prototype.flushEventQueue@https://gumi.criteo.com/syncframe?topUrl=www.bestbuy.com&origin=onetag#{%22bundle%22:{%22identifierExtractor%22:{%22origin%22:3},%22value%22:%22YHt6bF9UcUxaenFMZkVpYnVZU0dxZFVlTzdERk9UWEI5amZoMmVOZVpoVkNaVXNPNGpucXJiZDhFYWVEYWJPbE02Z3ZtdnNMNXpDJTJCUGQxT1BVSFZ5RXNSbVg3RGFpbmhzNzVOblMwOHgzb2lVV01QUU5BQU9IZDNtZSUyRjRxOVlyajN5d0lxQ1VJR2ZOJTJCckJ4TG9GS3Q3bHRma1ElM0QlM0Q%22},%22cw%22:true,%22optout%22:{%22identifierExtractor%22:{%22origin%22:0},%22value%22:null},%22origin%22:%22onetag%22,%22tld%22:%22bestbuy.com%22,%22topUrl%22:%22www.bestbuy.com%22,%22version%22:%225_37_0%22,%22ifa%22:{%22identifierExtractor%22:{%22origin%22:0},%22value%22:null},%22lsw%22:true,%22pm%22:0}:13:3137
r/<@https://gumi.criteo.com/syncframe?topUrl=www.bestbuy.com&origin=onetag#{%22bundle%22:{%22identifierExtractor%22:{%22origin%22:3},%22value%22:%22YHt6bF9UcUxaenFMZkVpYnVZU0dxZFVlTzdERk9UWEI5amZoMmVOZVpoVkNaVXNPNGpucXJiZDhFYWVEYWJPbE02Z3ZtdnNMNXpDJTJCUGQxT1BVSFZ5RXNSbVg3RGFpbmhzNzVOblMwOHgzb2lVV01QUU5BQU9IZDNtZSUyRjRxOVlyajN5d0lxQ1VJR2ZOJTJCckJ4TG9GS3Q3bHRma1ElM0QlM0Q%22},%22cw%22:true,%22optout%22:{%22identifierExtractor%22:{%22origin%22:0},%22value%22:null},%22origin%22:%22onetag%22,%22tld%22:%22bestbuy.com%22,%22topUrl%22:%22www.bestbuy.com%22,%22version%22:%225_37_0%22,%22ifa%22:{%22identifierExtractor%22:{%22origin%22:0},%22value%22:null},%22lsw%22:true,%22pm%22:0}:13:3642

JavaScript warning: https://www.bestbuy.com/WvAq5UnWpR/KtBR-G/Fkvc/pSiQNhJYOf/DWB2NEUp/BwdzU3tC/Al4?v=a9b4cf27-e2dd-479f-109f-98be7120b854, line 1: unreachable code after return statement
JavaScript warning: https://www.bestbuy.com/WvAq5UnWpR/KtBR-G/Fkvc/pSiQNhJYOf/DWB2NEUp/BwdzU3tC/Al4?v=a9b4cf27-e2dd-479f-109f-98be7120b854, line 1: unreachable code after return statement
JavaScript error: https://www.bestbuy.com/~assets/bby/_com/federation/mf-dep-2022-vendors-_yarn___virtual___react-dom-virtual-7a1eb688dc_0_cache_react-dom-npm-18_2_0-0db738f3e-f5258a-2d19c09e8726ad1e8e34.js, line 2: Error: Minified React error #419; visit https://reactjs.org/docs/error-decoder.html?invariant=419 for the full message or use the non-minified dev environment for full errors and additional helpful warnings.
JavaScript warning: https://www.bestbuy.com/WvAq5UnWpR/KtBR-G/Fkvc/rYiQNhJYOf4S9J/Z0xzNEUp/GEloW2UN/BDg, line 1: unreachable code after return statement
JavaScript warning: https://www.bestbuy.com/WvAq5UnWpR/KtBR-G/Fkvc/rYiQNhJYOf4S9J/Z0xzNEUp/GEloW2UN/BDg, line 1: unreachable code after return statement
JavaScript error: https://www.bestbuy.com/~assets/bby/_com/staging-fad56d9ad0f78ba1e7124a8ba5213507.min.js, line 2: TypeError: e.indexOf is not a function
JavaScript warning: https://www.bestbuy.com/WvAq5UnWpR/KtBR-G/Fkvc/rYiQNhJYOf4S9J/Z0xzNEUp/GEloW2UN/BDg, line 1: WEBGL_debug_renderer_info is deprecated in Firefox and will be removed. Please use RENDERER.
JavaScript warning: https://www.bestbuy.com/WvAq5UnWpR/KtBR-G/Fkvc/rYiQNhJYOf4S9J/Z0xzNEUp/GEloW2UN/BDg, line 1: WEBGL_debug_renderer_info is deprecated in Firefox and will be removed. Please use RENDERER.
JavaScript warning: https://www.bestbuy.com/WvAq5UnWpR/KtBR-G/Fkvc/rYiQNhJYOf4S9J/Z0xzNEUp/GEloW2UN/BDg, line 1: WEBGL_debug_renderer_info is deprecated in Firefox and will be removed. Please use RENDERER.
JavaScript warning: https://www.bestbuy.com/WvAq5UnWpR/KtBR-G/Fkvc/rYiQNhJYOf4S9J/Z0xzNEUp/GEloW2UN/BDg, line 1: WEBGL_debug_renderer_info is deprecated in Firefox and will be removed. Please use RENDERER.
JavaScript warning: https://pagead2.googlesyndication.com/bg/EkdjyKrF1NmAsk7REIAGOde1tWhmsx7zcO2hk2jj3tw.js line 2 > eval line 2990 > eval line 1 > eval line 1 > eval, line 1: WEBGL_debug_renderer_info is deprecated in Firefox and will be removed. Please use RENDERER.
JavaScript warning: https://www.bestbuy.com/WvAq5UnWpR/KtBR-G/Fkvc/pSiQNhJYOf/DWB2NEUp/BwdzU3tC/Al4?v=a9b4cf27-e2dd-479f-109f-98be7120b854, line 1: WEBGL_debug_renderer_info is deprecated in Firefox and will be removed. Please use RENDERER.
JavaScript warning: https://www.bestbuy.com/WvAq5UnWpR/KtBR-G/Fkvc/pSiQNhJYOf/DWB2NEUp/BwdzU3tC/Al4?v=a9b4cf27-e2dd-479f-109f-98be7120b854, line 1: WEBGL_debug_renderer_info is deprecated in Firefox and will be removed. Please use RENDERER.
JavaScript warning: https://gumi.criteo.com/syncframe?topUrl=www.bestbuy.com&origin=onetag#{%22bundle%22:{%22identifierExtractor%22:{%22origin%22:3},%22value%22:%223844Tl9UcUxaenFMZkVpYnVZU0dxZFVlTzdFVmhEem5lb0k3b0NKR0NkWXJJYmxCJTJCSUlhZjdEWCUyQnVVaUM1MDVQUGJJWm1YUDM4V0FsWEJSdnRabnk2JTJCVm94QWtpVEl5YmxINWhFQkkyYTRVMTVZdXlhTFpSMkl4ZzByc1lOOWZHbkJ0cmV6c1lhVEclMkZySnpQcDVISXZ3OHhXQSUzRCUzRA%22},%22cw%22:true,%22optout%22:{%22identifierExtractor%22:{%22origin%22:0},%22value%22:null},%22origin%22:%22onetag%22,%22tld%22:%22bestbuy.com%22,%22topUrl%22:%22www.bestbuy.com%22,%22version%22:%225_37_0%22,%22ifa%22:{%22identifierExtractor%22:{%22origin%22:0},%22value%22:null},%22lsw%22:true,%22pm%22:0}, line 13: Script terminated by timeout at:
r.prototype.logPixel@https://gumi.criteo.com/syncframe?topUrl=www.bestbuy.com&origin=onetag#{%22bundle%22:{%22identifierExtractor%22:{%22origin%22:3},%22value%22:%223844Tl9UcUxaenFMZkVpYnVZU0dxZFVlTzdFVmhEem5lb0k3b0NKR0NkWXJJYmxCJTJCSUlhZjdEWCUyQnVVaUM1MDVQUGJJWm1YUDM4V0FsWEJSdnRabnk2JTJCVm94QWtpVEl5YmxINWhFQkkyYTRVMTVZdXlhTFpSMkl4ZzByc1lOOWZHbkJ0cmV6c1lhVEclMkZySnpQcDVISXZ3OHhXQSUzRCUzRA%22},%22cw%22:true,%22optout%22:{%22identifierExtractor%22:{%22origin%22:0},%22value%22:null},%22origin%22:%22onetag%22,%22tld%22:%22bestbuy.com%22,%22topUrl%22:%22www.bestbuy.com%22,%22version%22:%225_37_0%22,%22ifa%22:{%22identifierExtractor%22:{%22origin%22:0},%22value%22:null},%22lsw%22:true,%22pm%22:0}:13:3418
r.prototype.flushEventQueue@https://gumi.criteo.com/syncframe?topUrl=www.bestbuy.com&origin=onetag#{%22bundle%22:{%22identifierExtractor%22:{%22origin%22:3},%22value%22:%223844Tl9UcUxaenFMZkVpYnVZU0dxZFVlTzdFVmhEem5lb0k3b0NKR0NkWXJJYmxCJTJCSUlhZjdEWCUyQnVVaUM1MDVQUGJJWm1YUDM4V0FsWEJSdnRabnk2JTJCVm94QWtpVEl5YmxINWhFQkkyYTRVMTVZdXlhTFpSMkl4ZzByc1lOOWZHbkJ0cmV6c1lhVEclMkZySnpQcDVISXZ3OHhXQSUzRCUzRA%22},%22cw%22:true,%22optout%22:{%22identifierExtractor%22:{%22origin%22:0},%22value%22:null},%22origin%22:%22onetag%22,%22tld%22:%22bestbuy.com%22,%22topUrl%22:%22www.bestbuy.com%22,%22version%22:%225_37_0%22,%22ifa%22:{%22identifierExtractor%22:{%22origin%22:0},%22value%22:null},%22lsw%22:true,%22pm%22:0}:13:3152
r/<@https://gumi.criteo.com/syncframe?topUrl=www.bestbuy.com&origin=onetag#{%22bundle%22:{%22identifierExtractor%22:{%22origin%22:3},%22value%22:%223844Tl9UcUxaenFMZkVpYnVZU0dxZFVlTzdFVmhEem5lb0k3b0NKR0NkWXJJYmxCJTJCSUlhZjdEWCUyQnVVaUM1MDVQUGJJWm1YUDM4V0FsWEJSdnRabnk2JTJCVm94QWtpVEl5YmxINWhFQkkyYTRVMTVZdXlhTFpSMkl4ZzByc1lOOWZHbkJ0cmV6c1lhVEclMkZySnpQcDVISXZ3OHhXQSUzRCUzRA%22},%22cw%22:true,%22optout%22:{%22identifierExtractor%22:{%22origin%22:0},%22value%22:null},%22origin%22:%22onetag%22,%22tld%22:%22bestbuy.com%22,%22topUrl%22:%22www.bestbuy.com%22,%22version%22:%225_37_0%22,%22ifa%22:{%22identifierExtractor%22:{%22origin%22:0},%22value%22:null},%22lsw%22:true,%22pm%22:0}:13:3642

JavaScript warning: https://www.bestbuy.com/WvAq5UnWpR/KtBR-G/Fkvc/rYiQNhJYOf4S9J/Z0xzNEUp/GEloW2UN/BDg, line 1: unreachable code after return statement
JavaScript warning: https://www.bestbuy.com/WvAq5UnWpR/KtBR-G/Fkvc/rYiQNhJYOf4S9J/Z0xzNEUp/GEloW2UN/BDg, line 1: unreachable code after return statement
JavaScript error: https://www.bestbuy.com/~assets/bby/_com/staging-fad56d9ad0f78ba1e7124a8ba5213507.min.js, line 2: TypeError: e.indexOf is not a function
JavaScript warning: https://www.bestbuy.com/WvAq5UnWpR/KtBR-G/Fkvc/rYiQNhJYOf4S9J/Z0xzNEUp/GEloW2UN/BDg, line 1: unreachable code after return statement
JavaScript warning: https://www.bestbuy.com/WvAq5UnWpR/KtBR-G/Fkvc/rYiQNhJYOf4S9J/Z0xzNEUp/GEloW2UN/BDg, line 1: unreachable code after return statement
JavaScript error: https://www.bestbuy.com/~assets/bby/_com/federation/mf-dep-2022-vendors-_yarn___virtual___react-dom-virtual-7a1eb688dc_0_cache_react-dom-npm-18_2_0-0db738f3e-f5258a-2d19c09e8726ad1e8e34.js, line 2: Error: Minified React error #419; visit https://reactjs.org/docs/error-decoder.html?invariant=419 for the full message or use the non-minified dev environment for full errors and additional helpful warnings.
JavaScript error: https://www.bestbuy.com/~assets/bby/_com/staging-fad56d9ad0f78ba1e7124a8ba5213507.min.js, line 2: TypeError: e.indexOf is not a function
JavaScript warning: https://www.bestbuy.com/WvAq5UnWpR/KtBR-G/Fkvc/rYiQNhJYOf4S9J/Z0xzNEUp/GEloW2UN/BDg, line 1: WEBGL_debug_renderer_info is deprecated in Firefox and will be removed. Please use RENDERER.
JavaScript warning: https://www.bestbuy.com/WvAq5UnWpR/KtBR-G/Fkvc/rYiQNhJYOf4S9J/Z0xzNEUp/GEloW2UN/BDg, line 1: WEBGL_debug_renderer_info is deprecated in Firefox and will be removed. Please use RENDERER.
JavaScript warning: https://www.bestbuy.com/WvAq5UnWpR/KtBR-G/Fkvc/rYiQNhJYOf4S9J/Z0xzNEUp/GEloW2UN/BDg, line 1: WEBGL_debug_renderer_info is deprecated in Firefox and will be removed. Please use RENDERER.
JavaScript warning: https://www.bestbuy.com/WvAq5UnWpR/KtBR-G/Fkvc/rYiQNhJYOf4S9J/Z0xzNEUp/GEloW2UN/BDg, line 1: WEBGL_debug_renderer_info is deprecated in Firefox and will be removed. Please use RENDERER.
JavaScript warning: https://pagead2.googlesyndication.com/bg/EkdjyKrF1NmAsk7REIAGOde1tWhmsx7zcO2hk2jj3tw.js line 2 > eval line 2232 > eval line 1 > eval line 1 > eval, line 1: WEBGL_debug_renderer_info is deprecated in Firefox and will be removed. Please use RENDERER.
JavaScript warning: https://www.bestbuy.com/WvAq5UnWpR/KtBR-G/Fkvc/pSiQNhJYOf/DWB2NEUp/BwdzU3tC/Al4?v=a9b4cf27-e2dd-479f-109f-98be7120b854, line 1: WEBGL_debug_renderer_info is deprecated in Firefox and will be removed. Please use RENDERER.
JavaScript warning: https://www.bestbuy.com/WvAq5UnWpR/KtBR-G/Fkvc/pSiQNhJYOf/DWB2NEUp/BwdzU3tC/Al4?v=a9b4cf27-e2dd-479f-109f-98be7120b854, line 1: WEBGL_debug_renderer_info is deprecated in Firefox and will be removed. Please use RENDERER.
JavaScript warning: https://www.bestbuy.com/WvAq5UnWpR/KtBR-G/Fkvc/rYiQNhJYOf4S9J/Z0xzNEUp/GEloW2UN/BDg, line 1: unreachable code after return statement
JavaScript warning: https://www.bestbuy.com/WvAq5UnWpR/KtBR-G/Fkvc/rYiQNhJYOf4S9J/Z0xzNEUp/GEloW2UN/BDg, line 1: unreachable code after return statement
JavaScript warning: https://gumi.criteo.com/syncframe?topUrl=www.bestbuy.com&origin=onetag#{%22bundle%22:{%22identifierExtractor%22:{%22origin%22:3},%22value%22:%22reXXyV9UcUxaenFMZkVpYnVZU0dxZFVlTzdJcWR6T2dNN3NyU1lPclU5RURrTTBUYkxKRXBhOE1NcjZ6TzN1dSUyQllKTFk4bXhHVzBEcm5qc0k1Rmp2NE5YSGdwVTV5QUR0M2tzJTJCUmpvR2JNRnlvbmsxJTJGcE9nb0cxUWc4aDNWVmttaDZ2eWcxZlBqbDEzU2ZndGp2YVhRdmxCN0ElM0QlM0Q%22},%22cw%22:true,%22optout%22:{%22identifierExtractor%22:{%22origin%22:0},%22value%22:null},%22origin%22:%22onetag%22,%22tld%22:%22bestbuy.com%22,%22topUrl%22:%22www.bestbuy.com%22,%22version%22:%225_37_0%22,%22ifa%22:{%22identifierExtractor%22:{%22origin%22:0},%22value%22:null},%22lsw%22:true,%22pm%22:0}, line 13: Script terminated by timeout at:
r.prototype.flushEventQueue@https://gumi.criteo.com/syncframe?topUrl=www.bestbuy.com&origin=onetag#{%22bundle%22:{%22identifierExtractor%22:{%22origin%22:3},%22value%22:%22reXXyV9UcUxaenFMZkVpYnVZU0dxZFVlTzdJcWR6T2dNN3NyU1lPclU5RURrTTBUYkxKRXBhOE1NcjZ6TzN1dSUyQllKTFk4bXhHVzBEcm5qc0k1Rmp2NE5YSGdwVTV5QUR0M2tzJTJCUmpvR2JNRnlvbmsxJTJGcE9nb0cxUWc4aDNWVmttaDZ2eWcxZlBqbDEzU2ZndGp2YVhRdmxCN0ElM0QlM0Q%22},%22cw%22:true,%22optout%22:{%22identifierExtractor%22:{%22origin%22:0},%22value%22:null},%22origin%22:%22onetag%22,%22tld%22:%22bestbuy.com%22,%22topUrl%22:%22www.bestbuy.com%22,%22version%22:%225_37_0%22,%22ifa%22:{%22identifierExtractor%22:{%22origin%22:0},%22value%22:null},%22lsw%22:true,%22pm%22:0}:13:3137
r/<@https://gumi.criteo.com/syncframe?topUrl=www.bestbuy.com&origin=onetag#{%22bundle%22:{%22identifierExtractor%22:{%22origin%22:3},%22value%22:%22reXXyV9UcUxaenFMZkVpYnVZU0dxZFVlTzdJcWR6T2dNN3NyU1lPclU5RURrTTBUYkxKRXBhOE1NcjZ6TzN1dSUyQllKTFk4bXhHVzBEcm5qc0k1Rmp2NE5YSGdwVTV5QUR0M2tzJTJCUmpvR2JNRnlvbmsxJTJGcE9nb0cxUWc4aDNWVmttaDZ2eWcxZlBqbDEzU2ZndGp2YVhRdmxCN0ElM0QlM0Q%22},%22cw%22:true,%22optout%22:{%22identifierExtractor%22:{%22origin%22:0},%22value%22:null},%22origin%22:%22onetag%22,%22tld%22:%22bestbuy.com%22,%22topUrl%22:%22www.bestbuy.com%22,%22version%22:%225_37_0%22,%22ifa%22:{%22identifierExtractor%22:{%22origin%22:0},%22value%22:null},%22lsw%22:true,%22pm%22:0}:13:3642

JavaScript error: https://www.bestbuy.com/~assets/bby/_com/federation/mf-dep-2022-vendors-_yarn___virtual___react-dom-virtual-7a1eb688dc_0_cache_react-dom-npm-18_2_0-0db738f3e-f5258a-2d19c09e8726ad1e8e34.js, line 2: Error: Minified React error #419; visit https://reactjs.org/docs/error-decoder.html?invariant=419 for the full message or use the non-minified dev environment for full errors and additional helpful warnings.
JavaScript warning: https://www.bestbuy.com/WvAq5UnWpR/KtBR-G/Fkvc/rYiQNhJYOf4S9J/Z0xzNEUp/GEloW2UN/BDg, line 1: unreachable code after return statement
JavaScript warning: https://www.bestbuy.com/WvAq5UnWpR/KtBR-G/Fkvc/rYiQNhJYOf4S9J/Z0xzNEUp/GEloW2UN/BDg, line 1: unreachable code after return statement
JavaScript warning: https://www.bestbuy.com/WvAq5UnWpR/KtBR-G/Fkvc/rYiQNhJYOf4S9J/Z0xzNEUp/GEloW2UN/BDg, line 1: WEBGL_debug_renderer_info is deprecated in Firefox and will be removed. Please use RENDERER.
JavaScript warning: https://www.bestbuy.com/WvAq5UnWpR/KtBR-G/Fkvc/rYiQNhJYOf4S9J/Z0xzNEUp/GEloW2UN/BDg, line 1: WEBGL_debug_renderer_info is deprecated in Firefox and will be removed. Please use RENDERER.
JavaScript warning: https://pagead2.googlesyndication.com/bg/EkdjyKrF1NmAsk7REIAGOde1tWhmsx7zcO2hk2jj3tw.js line 2 > eval line 1057 > eval line 1 > eval line 1 > eval, line 1: WEBGL_debug_renderer_info is deprecated in Firefox and will be removed. Please use RENDERER.
JavaScript warning: https://www.bestbuy.com/WvAq5UnWpR/KtBR-G/Fkvc/rYiQNhJYOf4S9J/Z0xzNEUp/GEloW2UN/BDg, line 1: WEBGL_debug_renderer_info is deprecated in Firefox and will be removed. Please use RENDERER.
JavaScript warning: https://www.bestbuy.com/WvAq5UnWpR/KtBR-G/Fkvc/rYiQNhJYOf4S9J/Z0xzNEUp/GEloW2UN/BDg, line 1: WEBGL_debug_renderer_info is deprecated in Firefox and will be removed. Please use RENDERER.
JavaScript warning: https://www.bestbuy.com/WvAq5UnWpR/KtBR-G/Fkvc/pSiQNhJYOf/DWB2NEUp/BwdzU3tC/Al4?v=a9b4cf27-e2dd-479f-109f-98be7120b854, line 1: WEBGL_debug_renderer_info is deprecated in Firefox and will be removed. Please use RENDERER.
JavaScript warning: https://www.bestbuy.com/WvAq5UnWpR/KtBR-G/Fkvc/pSiQNhJYOf/DWB2NEUp/BwdzU3tC/Al4?v=a9b4cf27-e2dd-479f-109f-98be7120b854, line 1: WEBGL_debug_renderer_info is deprecated in Firefox and will be removed. Please use RENDERER.
JavaScript warning: https://www.bestbuy.com/WvAq5UnWpR/KtBR-G/Fkvc/rYiQNhJYOf4S9J/Z0xzNEUp/GEloW2UN/BDg, line 1: unreachable code after return statement
JavaScript warning: https://www.bestbuy.com/WvAq5UnWpR/KtBR-G/Fkvc/rYiQNhJYOf4S9J/Z0xzNEUp/GEloW2UN/BDg, line 1: unreachable code after return statement
JavaScript warning: https://gumi.criteo.com/syncframe?topUrl=www.bestbuy.com&origin=onetag#{%22bundle%22:{%22identifierExtractor%22:{%22origin%22:3},%22value%22:%22GIFFt19UcUxaenFMZkVpYnVZU0dxZFVlTzdPeHJkemVKajQxUTk1dk5QdjlvazZKU1BoWmxqNEtZaVRyWlBQUXpDdnc5QTVTeVpUTFNlMGhHa0lqdlRDUjgxR2JhU0h5TFFMTExBbEtrZzN6cUFBSVNUTXIlMkJ6cCUyRldrS20ybkFtbERVZlEzSzQ3TDQ2Q2lQdU5PUHNCZGRUVSUyQnclM0QlM0Q%22},%22cw%22:true,%22optout%22:{%22identifierExtractor%22:{%22origin%22:0},%22value%22:null},%22origin%22:%22onetag%22,%22tld%22:%22bestbuy.com%22,%22topUrl%22:%22www.bestbuy.com%22,%22version%22:%225_37_0%22,%22ifa%22:{%22identifierExtractor%22:{%22origin%22:0},%22value%22:null},%22lsw%22:true,%22pm%22:0}, line 13: Script terminated by timeout at:
r.prototype.flushEventQueue@https://gumi.criteo.com/syncframe?topUrl=www.bestbuy.com&origin=onetag#{%22bundle%22:{%22identifierExtractor%22:{%22origin%22:3},%22value%22:%22GIFFt19UcUxaenFMZkVpYnVZU0dxZFVlTzdPeHJkemVKajQxUTk1dk5QdjlvazZKU1BoWmxqNEtZaVRyWlBQUXpDdnc5QTVTeVpUTFNlMGhHa0lqdlRDUjgxR2JhU0h5TFFMTExBbEtrZzN6cUFBSVNUTXIlMkJ6cCUyRldrS20ybkFtbERVZlEzSzQ3TDQ2Q2lQdU5PUHNCZGRUVSUyQnclM0QlM0Q%22},%22cw%22:true,%22optout%22:{%22identifierExtractor%22:{%22origin%22:0},%22value%22:null},%22origin%22:%22onetag%22,%22tld%22:%22bestbuy.com%22,%22topUrl%22:%22www.bestbuy.com%22,%22version%22:%225_37_0%22,%22ifa%22:{%22identifierExtractor%22:{%22origin%22:0},%22value%22:null},%22lsw%22:true,%22pm%22:0}:13:3137
r/<@https://gumi.criteo.com/syncframe?topUrl=www.bestbuy.com&origin=onetag#{%22bundle%22:{%22identifierExtractor%22:{%22origin%22:3},%22value%22:%22GIFFt19UcUxaenFMZkVpYnVZU0dxZFVlTzdPeHJkemVKajQxUTk1dk5QdjlvazZKU1BoWmxqNEtZaVRyWlBQUXpDdnc5QTVTeVpUTFNlMGhHa0lqdlRDUjgxR2JhU0h5TFFMTExBbEtrZzN6cUFBSVNUTXIlMkJ6cCUyRldrS20ybkFtbERVZlEzSzQ3TDQ2Q2lQdU5PUHNCZGRUVSUyQnclM0QlM0Q%22},%22cw%22:true,%22optout%22:{%22identifierExtractor%22:{%22origin%22:0},%22value%22:null},%22origin%22:%22onetag%22,%22tld%22:%22bestbuy.com%22,%22topUrl%22:%22www.bestbuy.com%22,%22version%22:%225_37_0%22,%22ifa%22:{%22identifierExtractor%22:{%22origin%22:0},%22value%22:null},%22lsw%22:true,%22pm%22:0}:13:3642

JavaScript error: https://www.bestbuy.com/~assets/bby/_com/staging-fad56d9ad0f78ba1e7124a8ba5213507.min.js, line 2: TypeError: e.indexOf is not a function
JavaScript error: https://www.bestbuy.com/~assets/bby/_com/federation/mf-dep-2022-vendors-_yarn___virtual___react-dom-virtual-7a1eb688dc_0_cache_react-dom-npm-18_2_0-0db738f3e-f5258a-2d19c09e8726ad1e8e34.js, line 2: Error: Minified React error #419; visit https://reactjs.org/docs/error-decoder.html?invariant=419 for the full message or use the non-minified dev environment for full errors and additional helpful warnings.
JavaScript error: https://www.bestbuy.com/~assets/bby/_com/staging-fad56d9ad0f78ba1e7124a8ba5213507.min.js, line 2: TypeError: e.indexOf is not a function
JavaScript warning: https://www.bestbuy.com/WvAq5UnWpR/KtBR-G/Fkvc/rYiQNhJYOf4S9J/Z0xzNEUp/GEloW2UN/BDg, line 1: unreachable code after return statement
JavaScript warning: https://www.bestbuy.com/WvAq5UnWpR/KtBR-G/Fkvc/rYiQNhJYOf4S9J/Z0xzNEUp/GEloW2UN/BDg, line 1: unreachable code after return statement
JavaScript warning: https://www.bestbuy.com/WvAq5UnWpR/KtBR-G/Fkvc/rYiQNhJYOf4S9J/Z0xzNEUp/GEloW2UN/BDg, line 1: WEBGL_debug_renderer_info is deprecated in Firefox and will be removed. Please use RENDERER.
JavaScript warning: https://www.bestbuy.com/WvAq5UnWpR/KtBR-G/Fkvc/rYiQNhJYOf4S9J/Z0xzNEUp/GEloW2UN/BDg, line 1: WEBGL_debug_renderer_info is deprecated in Firefox and will be removed. Please use RENDERER.
JavaScript warning: https://www.bestbuy.com/WvAq5UnWpR/KtBR-G/Fkvc/rYiQNhJYOf4S9J/Z0xzNEUp/GEloW2UN/BDg, line 1: WEBGL_debug_renderer_info is deprecated in Firefox and will be removed. Please use RENDERER.
JavaScript warning: https://www.bestbuy.com/WvAq5UnWpR/KtBR-G/Fkvc/rYiQNhJYOf4S9J/Z0xzNEUp/GEloW2UN/BDg, line 1: WEBGL_debug_renderer_info is deprecated in Firefox and will be removed. Please use RENDERER.
JavaScript warning: https://pagead2.googlesyndication.com/bg/EkdjyKrF1NmAsk7REIAGOde1tWhmsx7zcO2hk2jj3tw.js line 2 > eval line 2343 > eval line 1 > eval line 1 > eval, line 1: WEBGL_debug_renderer_info is deprecated in Firefox and will be removed. Please use RENDERER.
JavaScript warning: https://www.bestbuy.com/WvAq5UnWpR/KtBR-G/Fkvc/pSiQNhJYOf/DWB2NEUp/BwdzU3tC/Al4?v=a9b4cf27-e2dd-479f-109f-98be7120b854, line 1: WEBGL_debug_renderer_info is deprecated in Firefox and will be removed. Please use RENDERER.
JavaScript warning: https://www.bestbuy.com/WvAq5UnWpR/KtBR-G/Fkvc/pSiQNhJYOf/DWB2NEUp/BwdzU3tC/Al4?v=a9b4cf27-e2dd-479f-109f-98be7120b854, line 1: WEBGL_debug_renderer_info is deprecated in Firefox and will be removed. Please use RENDERER.
JavaScript warning: https://www.bestbuy.com/WvAq5UnWpR/KtBR-G/Fkvc/rYiQNhJYOf4S9J/Z0xzNEUp/GEloW2UN/BDg, line 1: unreachable code after return statement
JavaScript warning: https://www.bestbuy.com/WvAq5UnWpR/KtBR-G/Fkvc/rYiQNhJYOf4S9J/Z0xzNEUp/GEloW2UN/BDg, line 1: unreachable code after return statement
JavaScript warning: https://gumi.criteo.com/syncframe?topUrl=www.bestbuy.com&origin=onetag#{%22bundle%22:{%22identifierExtractor%22:{%22origin%22:3},%22value%22:%22kaKWwF9UcUxaenFMZkVpYnVZU0dxZFVlTzdIUGpranRhNjJoQVlRZnNEamslMkYwQ2NKS1RVQ3BoQUJqenRjdiUyRnlLTVU1Q1FaUEhKcFF3Y1JSeWx2WU5CZFNFeWNoQWl3ckxJWkh5UE1ERDZ0T0xvS2k2Q1ZTYlllUmhWWEZTVkJtNU1WaFRWZ2tIdWdzSnp1ZGdEaiUyRm1EdkxmVEElM0QlM0Q%22},%22cw%22:true,%22optout%22:{%22identifierExtractor%22:{%22origin%22:0},%22value%22:null},%22origin%22:%22onetag%22,%22tld%22:%22bestbuy.com%22,%22topUrl%22:%22www.bestbuy.com%22,%22version%22:%225_37_0%22,%22ifa%22:{%22identifierExtractor%22:{%22origin%22:0},%22value%22:null},%22lsw%22:true,%22pm%22:0}, line 13: Script terminated by timeout at:
r.prototype.flushEventQueue@https://gumi.criteo.com/syncframe?topUrl=www.bestbuy.com&origin=onetag#{%22bundle%22:{%22identifierExtractor%22:{%22origin%22:3},%22value%22:%22kaKWwF9UcUxaenFMZkVpYnVZU0dxZFVlTzdIUGpranRhNjJoQVlRZnNEamslMkYwQ2NKS1RVQ3BoQUJqenRjdiUyRnlLTVU1Q1FaUEhKcFF3Y1JSeWx2WU5CZFNFeWNoQWl3ckxJWkh5UE1ERDZ0T0xvS2k2Q1ZTYlllUmhWWEZTVkJtNU1WaFRWZ2tIdWdzSnp1ZGdEaiUyRm1EdkxmVEElM0QlM0Q%22},%22cw%22:true,%22optout%22:{%22identifierExtractor%22:{%22origin%22:0},%22value%22:null},%22origin%22:%22onetag%22,%22tld%22:%22bestbuy.com%22,%22topUrl%22:%22www.bestbuy.com%22,%22version%22:%225_37_0%22,%22ifa%22:{%22identifierExtractor%22:{%22origin%22:0},%22value%22:null},%22lsw%22:true,%22pm%22:0}:13:3137
r/<@https://gumi.criteo.com/syncframe?topUrl=www.bestbuy.com&origin=onetag#{%22bundle%22:{%22identifierExtractor%22:{%22origin%22:3},%22value%22:%22kaKWwF9UcUxaenFMZkVpYnVZU0dxZFVlTzdIUGpranRhNjJoQVlRZnNEamslMkYwQ2NKS1RVQ3BoQUJqenRjdiUyRnlLTVU1Q1FaUEhKcFF3Y1JSeWx2WU5CZFNFeWNoQWl3ckxJWkh5UE1ERDZ0T0xvS2k2Q1ZTYlllUmhWWEZTVkJtNU1WaFRWZ2tIdWdzSnp1ZGdEaiUyRm1EdkxmVEElM0QlM0Q%22},%22cw%22:true,%22optout%22:{%22identifierExtractor%22:{%22origin%22:0},%22value%22:null},%22origin%22:%22onetag%22,%22tld%22:%22bestbuy.com%22,%22topUrl%22:%22www.bestbuy.com%22,%22version%22:%225_37_0%22,%22ifa%22:{%22identifierExtractor%22:{%22origin%22:0},%22value%22:null},%22lsw%22:true,%22pm%22:0}:13:3642

JavaScript error: https://www.bestbuy.com/~assets/bby/_com/staging-fad56d9ad0f78ba1e7124a8ba5213507.min.js, line 2: TypeError: e.indexOf is not a function
JavaScript warning: https://www.bestbuy.com/WvAq5UnWpR/KtBR-G/Fkvc/rYiQNhJYOf4S9J/Z0xzNEUp/GEloW2UN/BDg, line 1: unreachable code after return statement
JavaScript warning: https://www.bestbuy.com/WvAq5UnWpR/KtBR-G/Fkvc/rYiQNhJYOf4S9J/Z0xzNEUp/GEloW2UN/BDg, line 1: unreachable code after return statement
JavaScript error: https://www.bestbuy.com/~assets/bby/_com/federation/mf-dep-2022-vendors-_yarn___virtual___react-dom-virtual-7a1eb688dc_0_cache_react-dom-npm-18_2_0-0db738f3e-f5258a-2d19c09e8726ad1e8e34.js, line 2: Error: Minified React error #419; visit https://reactjs.org/docs/error-decoder.html?invariant=419 for the full message or use the non-minified dev environment for full errors and additional helpful warnings.
JavaScript error: https://www.bestbuy.com/~assets/bby/_com/staging-fad56d9ad0f78ba1e7124a8ba5213507.min.js, line 2: TypeError: e.indexOf is not a function
JavaScript warning: https://www.bestbuy.com/WvAq5UnWpR/KtBR-G/Fkvc/rYiQNhJYOf4S9J/Z0xzNEUp/GEloW2UN/BDg, line 1: WEBGL_debug_renderer_info is deprecated in Firefox and will be removed. Please use RENDERER.
JavaScript warning: https://www.bestbuy.com/WvAq5UnWpR/KtBR-G/Fkvc/rYiQNhJYOf4S9J/Z0xzNEUp/GEloW2UN/BDg, line 1: WEBGL_debug_renderer_info is deprecated in Firefox and will be removed. Please use RENDERER.
JavaScript warning: https://www.bestbuy.com/WvAq5UnWpR/KtBR-G/Fkvc/rYiQNhJYOf4S9J/Z0xzNEUp/GEloW2UN/BDg, line 1: WEBGL_debug_renderer_info is deprecated in Firefox and will be removed. Please use RENDERER.
JavaScript warning: https://www.bestbuy.com/WvAq5UnWpR/KtBR-G/Fkvc/rYiQNhJYOf4S9J/Z0xzNEUp/GEloW2UN/BDg, line 1: WEBGL_debug_renderer_info is deprecated in Firefox and will be removed. Please use RENDERER.
JavaScript warning: https://pagead2.googlesyndication.com/bg/EkdjyKrF1NmAsk7REIAGOde1tWhmsx7zcO2hk2jj3tw.js line 2 > eval line 2544 > eval line 1 > eval line 1 > eval, line 1: WEBGL_debug_renderer_info is deprecated in Firefox and will be removed. Please use RENDERER.
JavaScript warning: https://www.bestbuy.com/WvAq5UnWpR/KtBR-G/Fkvc/pSiQNhJYOf/DWB2NEUp/BwdzU3tC/Al4?v=a9b4cf27-e2dd-479f-109f-98be7120b854, line 1: WEBGL_debug_renderer_info is deprecated in Firefox and will be removed. Please use RENDERER.
JavaScript warning: https://www.bestbuy.com/WvAq5UnWpR/KtBR-G/Fkvc/pSiQNhJYOf/DWB2NEUp/BwdzU3tC/Al4?v=a9b4cf27-e2dd-479f-109f-98be7120b854, line 1: WEBGL_debug_renderer_info is deprecated in Firefox and will be removed. Please use RENDERER.
JavaScript warning: https://gumi.criteo.com/syncframe?topUrl=www.bestbuy.com&origin=onetag#{%22bundle%22:{%22identifierExtractor%22:{%22origin%22:3},%22value%22:%221oMfF19UcUxaenFMZkVpYnVZU0dxZFVlTzdIclFseFFsU2RYR0RSd29oR2IyJTJGaGhocTU0NFRpUnB4Yk9rcm9Fdlg4dFY0N3VlMlZsMkdFR0E0cm9GQndwMzlWNUZHcXBTbEE0NEhaOUYlMkJXVlRwWjhwYWdkQVh6bXdJOUlpN1o4MVFiemRuNklDZVM1ellxN3hQT254T0FOQXhnJTNEJTNE%22},%22cw%22:true,%22optout%22:{%22identifierExtractor%22:{%22origin%22:0},%22value%22:null},%22origin%22:%22onetag%22,%22tld%22:%22bestbuy.com%22,%22topUrl%22:%22www.bestbuy.com%22,%22version%22:%225_37_0%22,%22ifa%22:{%22identifierExtractor%22:{%22origin%22:0},%22value%22:null},%22lsw%22:true,%22pm%22:0}, line 13: Script terminated by timeout at:
r.prototype.flushEventQueue@https://gumi.criteo.com/syncframe?topUrl=www.bestbuy.com&origin=onetag#{%22bundle%22:{%22identifierExtractor%22:{%22origin%22:3},%22value%22:%221oMfF19UcUxaenFMZkVpYnVZU0dxZFVlTzdIclFseFFsU2RYR0RSd29oR2IyJTJGaGhocTU0NFRpUnB4Yk9rcm9Fdlg4dFY0N3VlMlZsMkdFR0E0cm9GQndwMzlWNUZHcXBTbEE0NEhaOUYlMkJXVlRwWjhwYWdkQVh6bXdJOUlpN1o4MVFiemRuNklDZVM1ellxN3hQT254T0FOQXhnJTNEJTNE%22},%22cw%22:true,%22optout%22:{%22identifierExtractor%22:{%22origin%22:0},%22value%22:null},%22origin%22:%22onetag%22,%22tld%22:%22bestbuy.com%22,%22topUrl%22:%22www.bestbuy.com%22,%22version%22:%225_37_0%22,%22ifa%22:{%22identifierExtractor%22:{%22origin%22:0},%22value%22:null},%22lsw%22:true,%22pm%22:0}:13:3137
r/<@https://gumi.criteo.com/syncframe?topUrl=www.bestbuy.com&origin=onetag#{%22bundle%22:{%22identifierExtractor%22:{%22origin%22:3},%22value%22:%221oMfF19UcUxaenFMZkVpYnVZU0dxZFVlTzdIclFseFFsU2RYR0RSd29oR2IyJTJGaGhocTU0NFRpUnB4Yk9rcm9Fdlg4dFY0N3VlMlZsMkdFR0E0cm9GQndwMzlWNUZHcXBTbEE0NEhaOUYlMkJXVlRwWjhwYWdkQVh6bXdJOUlpN1o4MVFiemRuNklDZVM1ellxN3hQT254T0FOQXhnJTNEJTNE%22},%22cw%22:true,%22optout%22:{%22identifierExtractor%22:{%22origin%22:0},%22value%22:null},%22origin%22:%22onetag%22,%22tld%22:%22bestbuy.com%22,%22topUrl%22:%22www.bestbuy.com%22,%22version%22:%225_37_0%22,%22ifa%22:{%22identifierExtractor%22:{%22origin%22:0},%22value%22:null},%22lsw%22:true,%22pm%22:0}:13:3642

JavaScript warning: https://www.bestbuy.com/WvAq5UnWpR/KtBR-G/Fkvc/rYiQNhJYOf4S9J/Z0xzNEUp/GEloW2UN/BDg, line 1: unreachable code after return statement
JavaScript warning: https://www.bestbuy.com/WvAq5UnWpR/KtBR-G/Fkvc/rYiQNhJYOf4S9J/Z0xzNEUp/GEloW2UN/BDg, line 1: unreachable code after return statement
JavaScript error: https://www.bestbuy.com/~assets/bby/_com/staging-fad56d9ad0f78ba1e7124a8ba5213507.min.js, line 2: TypeError: e.indexOf is not a function
JavaScript warning: https://www.bestbuy.com/WvAq5UnWpR/KtBR-G/Fkvc/rYiQNhJYOf4S9J/Z0xzNEUp/GEloW2UN/BDg, line 1: unreachable code after return statement
JavaScript warning: https://www.bestbuy.com/WvAq5UnWpR/KtBR-G/Fkvc/rYiQNhJYOf4S9J/Z0xzNEUp/GEloW2UN/BDg, line 1: unreachable code after return statement
JavaScript error: https://www.bestbuy.com/~assets/bby/_com/federation/mf-dep-2022-vendors-_yarn___virtual___react-dom-virtual-7a1eb688dc_0_cache_react-dom-npm-18_2_0-0db738f3e-f5258a-2d19c09e8726ad1e8e34.js, line 2: Error: Minified React error #419; visit https://reactjs.org/docs/error-decoder.html?invariant=419 for the full message or use the non-minified dev environment for full errors and additional helpful warnings.
JavaScript warning: https://www.bestbuy.com/WvAq5UnWpR/KtBR-G/Fkvc/rYiQNhJYOf4S9J/Z0xzNEUp/GEloW2UN/BDg, line 1: WEBGL_debug_renderer_info is deprecated in Firefox and will be removed. Please use RENDERER.
JavaScript warning: https://www.bestbuy.com/WvAq5UnWpR/KtBR-G/Fkvc/rYiQNhJYOf4S9J/Z0xzNEUp/GEloW2UN/BDg, line 1: WEBGL_debug_renderer_info is deprecated in Firefox and will be removed. Please use RENDERER.
JavaScript warning: https://www.bestbuy.com/WvAq5UnWpR/KtBR-G/Fkvc/rYiQNhJYOf4S9J/Z0xzNEUp/GEloW2UN/BDg, line 1: WEBGL_debug_renderer_info is deprecated in Firefox and will be removed. Please use RENDERER.
JavaScript warning: https://www.bestbuy.com/WvAq5UnWpR/KtBR-G/Fkvc/rYiQNhJYOf4S9J/Z0xzNEUp/GEloW2UN/BDg, line 1: WEBGL_debug_renderer_info is deprecated in Firefox and will be removed. Please use RENDERER.
JavaScript warning: https://pagead2.googlesyndication.com/bg/EkdjyKrF1NmAsk7REIAGOde1tWhmsx7zcO2hk2jj3tw.js line 2 > eval line 4842 > eval line 1 > eval line 1 > eval, line 1: WEBGL_debug_renderer_info is deprecated in Firefox and will be removed. Please use RENDERER.
JavaScript warning: https://www.bestbuy.com/WvAq5UnWpR/KtBR-G/Fkvc/pSiQNhJYOf/DWB2NEUp/BwdzU3tC/Al4?v=a9b4cf27-e2dd-479f-109f-98be7120b854, line 1: WEBGL_debug_renderer_info is deprecated in Firefox and will be removed. Please use RENDERER.
JavaScript warning: https://www.bestbuy.com/WvAq5UnWpR/KtBR-G/Fkvc/pSiQNhJYOf/DWB2NEUp/BwdzU3tC/Al4?v=a9b4cf27-e2dd-479f-109f-98be7120b854, line 1: WEBGL_debug_renderer_info is deprecated in Firefox and will be removed. Please use RENDERER.
JavaScript warning: https://gumi.criteo.com/syncframe?topUrl=www.bestbuy.com&origin=onetag#{%22bundle%22:{%22identifierExtractor%22:{%22origin%22:3},%22value%22:%222se1KV9UcUxaenFMZkVpYnVZU0dxZFVlTzdGbzNRY2slMkJHUkUwV1pWdlJ2ZXRBWUNrOEg3SEd3b1hVYzQxQ1luR2htdHh4R2ZrU2JWcmNWTFhyMjJrMloxNVZLTE1YdUJSSnRuNnRnbGtxRE94SUVub2I1bHRuRVQyJTJCVWpITnJNR1I0ek5lbG9QSzJuQjhjNHNaMVhMc0ljckVnJTNEJTNE%22},%22cw%22:true,%22optout%22:{%22identifierExtractor%22:{%22origin%22:0},%22value%22:null},%22origin%22:%22onetag%22,%22tld%22:%22bestbuy.com%22,%22topUrl%22:%22www.bestbuy.com%22,%22version%22:%225_37_0%22,%22ifa%22:{%22identifierExtractor%22:{%22origin%22:0},%22value%22:null},%22lsw%22:true,%22pm%22:0}, line 13: Script terminated by timeout at:
r.prototype.flushEventQueue@https://gumi.criteo.com/syncframe?topUrl=www.bestbuy.com&origin=onetag#{%22bundle%22:{%22identifierExtractor%22:{%22origin%22:3},%22value%22:%222se1KV9UcUxaenFMZkVpYnVZU0dxZFVlTzdGbzNRY2slMkJHUkUwV1pWdlJ2ZXRBWUNrOEg3SEd3b1hVYzQxQ1luR2htdHh4R2ZrU2JWcmNWTFhyMjJrMloxNVZLTE1YdUJSSnRuNnRnbGtxRE94SUVub2I1bHRuRVQyJTJCVWpITnJNR1I0ek5lbG9QSzJuQjhjNHNaMVhMc0ljckVnJTNEJTNE%22},%22cw%22:true,%22optout%22:{%22identifierExtractor%22:{%22origin%22:0},%22value%22:null},%22origin%22:%22onetag%22,%22tld%22:%22bestbuy.com%22,%22topUrl%22:%22www.bestbuy.com%22,%22version%22:%225_37_0%22,%22ifa%22:{%22identifierExtractor%22:{%22origin%22:0},%22value%22:null},%22lsw%22:true,%22pm%22:0}:13:3137
r/<@https://gumi.criteo.com/syncframe?topUrl=www.bestbuy.com&origin=onetag#{%22bundle%22:{%22identifierExtractor%22:{%22origin%22:3},%22value%22:%222se1KV9UcUxaenFMZkVpYnVZU0dxZFVlTzdGbzNRY2slMkJHUkUwV1pWdlJ2ZXRBWUNrOEg3SEd3b1hVYzQxQ1luR2htdHh4R2ZrU2JWcmNWTFhyMjJrMloxNVZLTE1YdUJSSnRuNnRnbGtxRE94SUVub2I1bHRuRVQyJTJCVWpITnJNR1I0ek5lbG9QSzJuQjhjNHNaMVhMc0ljckVnJTNEJTNE%22},%22cw%22:true,%22optout%22:{%22identifierExtractor%22:{%22origin%22:0},%22value%22:null},%22origin%22:%22onetag%22,%22tld%22:%22bestbuy.com%22,%22topUrl%22:%22www.bestbuy.com%22,%22version%22:%225_37_0%22,%22ifa%22:{%22identifierExtractor%22:{%22origin%22:0},%22value%22:null},%22lsw%22:true,%22pm%22:0}:13:3642

JavaScript warning: https://www.bestbuy.com/WvAq5UnWpR/KtBR-G/Fkvc/rYiQNhJYOf4S9J/Z0xzNEUp/GEloW2UN/BDg, line 1: unreachable code after return statement
JavaScript warning: https://www.bestbuy.com/WvAq5UnWpR/KtBR-G/Fkvc/rYiQNhJYOf4S9J/Z0xzNEUp/GEloW2UN/BDg, line 1: unreachable code after return statement
JavaScript error: https://www.bestbuy.com/~assets/bby/_com/staging-fad56d9ad0f78ba1e7124a8ba5213507.min.js, line 2: TypeError: e.indexOf is not a function
JavaScript error: https://www.bestbuy.com/~assets/bby/_com/federation/mf-dep-2022-vendors-_yarn___virtual___react-dom-virtual-7a1eb688dc_0_cache_react-dom-npm-18_2_0-0db738f3e-f5258a-2d19c09e8726ad1e8e34.js, line 2: Error: Minified React error #419; visit https://reactjs.org/docs/error-decoder.html?invariant=419 for the full message or use the non-minified dev environment for full errors and additional helpful warnings.
JavaScript warning: https://www.bestbuy.com/WvAq5UnWpR/KtBR-G/Fkvc/rYiQNhJYOf4S9J/Z0xzNEUp/GEloW2UN/BDg, line 1: unreachable code after return statement
JavaScript warning: https://www.bestbuy.com/WvAq5UnWpR/KtBR-G/Fkvc/rYiQNhJYOf4S9J/Z0xzNEUp/GEloW2UN/BDg, line 1: unreachable code after return statement
JavaScript error: https://www.bestbuy.com/~assets/bby/_com/staging-fad56d9ad0f78ba1e7124a8ba5213507.min.js, line 2: TypeError: e.indexOf is not a function
JavaScript warning: https://www.bestbuy.com/WvAq5UnWpR/KtBR-G/Fkvc/rYiQNhJYOf4S9J/Z0xzNEUp/GEloW2UN/BDg, line 1: WEBGL_debug_renderer_info is deprecated in Firefox and will be removed. Please use RENDERER.
JavaScript warning: https://www.bestbuy.com/WvAq5UnWpR/KtBR-G/Fkvc/rYiQNhJYOf4S9J/Z0xzNEUp/GEloW2UN/BDg, line 1: WEBGL_debug_renderer_info is deprecated in Firefox and will be removed. Please use RENDERER.
JavaScript warning: https://www.bestbuy.com/WvAq5UnWpR/KtBR-G/Fkvc/rYiQNhJYOf4S9J/Z0xzNEUp/GEloW2UN/BDg, line 1: WEBGL_debug_renderer_info is deprecated in Firefox and will be removed. Please use RENDERER.
JavaScript warning: https://www.bestbuy.com/WvAq5UnWpR/KtBR-G/Fkvc/rYiQNhJYOf4S9J/Z0xzNEUp/GEloW2UN/BDg, line 1: WEBGL_debug_renderer_info is deprecated in Firefox and will be removed. Please use RENDERER.
JavaScript warning: https://pagead2.googlesyndication.com/bg/EkdjyKrF1NmAsk7REIAGOde1tWhmsx7zcO2hk2jj3tw.js line 2 > eval line 3012 > eval line 1 > eval line 1 > eval, line 1: WEBGL_debug_renderer_info is deprecated in Firefox and will be removed. Please use RENDERER.
JavaScript warning: https://www.bestbuy.com/WvAq5UnWpR/KtBR-G/Fkvc/pSiQNhJYOf/DWB2NEUp/BwdzU3tC/Al4?v=a9b4cf27-e2dd-479f-109f-98be7120b854, line 1: WEBGL_debug_renderer_info is deprecated in Firefox and will be removed. Please use RENDERER.
JavaScript warning: https://www.bestbuy.com/WvAq5UnWpR/KtBR-G/Fkvc/pSiQNhJYOf/DWB2NEUp/BwdzU3tC/Al4?v=a9b4cf27-e2dd-479f-109f-98be7120b854, line 1: WEBGL_debug_renderer_info is deprecated in Firefox and will be removed. Please use RENDERER.
JavaScript warning: https://gumi.criteo.com/syncframe?topUrl=www.bestbuy.com&origin=onetag#{%22bundle%22:{%22identifierExtractor%22:{%22origin%22:3},%22value%22:%22QEtvWF9UcUxaenFMZkVpYnVZU0dxZFVlTzdPYTNDRSUyQm1Nc1A4RTEzcm8zdElmRDhtNGlZYWJKZkYydWU1SEl6UG9pTDliajhtTWFhJTJCd295QWUydExXTmIlMkJsU2hmeHJGaUg1bWh2dW9EcU9CVzdabXZ5VU13bWp3cjFNZ0JjVTJTVGlHMlElMkI1aE1ORWI5RzlZZXlUQjVoMElwZyUzRCUzRA%22},%22cw%22:true,%22optout%22:{%22identifierExtractor%22:{%22origin%22:0},%22value%22:null},%22origin%22:%22onetag%22,%22tld%22:%22bestbuy.com%22,%22topUrl%22:%22www.bestbuy.com%22,%22version%22:%225_37_0%22,%22ifa%22:{%22identifierExtractor%22:{%22origin%22:0},%22value%22:null},%22lsw%22:true,%22pm%22:0}, line 13: Script terminated by timeout at:
r.prototype.logPixel@https://gumi.criteo.com/syncframe?topUrl=www.bestbuy.com&origin=onetag#{%22bundle%22:{%22identifierExtractor%22:{%22origin%22:3},%22value%22:%22QEtvWF9UcUxaenFMZkVpYnVZU0dxZFVlTzdPYTNDRSUyQm1Nc1A4RTEzcm8zdElmRDhtNGlZYWJKZkYydWU1SEl6UG9pTDliajhtTWFhJTJCd295QWUydExXTmIlMkJsU2hmeHJGaUg1bWh2dW9EcU9CVzdabXZ5VU13bWp3cjFNZ0JjVTJTVGlHMlElMkI1aE1ORWI5RzlZZXlUQjVoMElwZyUzRCUzRA%22},%22cw%22:true,%22optout%22:{%22identifierExtractor%22:{%22origin%22:0},%22value%22:null},%22origin%22:%22onetag%22,%22tld%22:%22bestbuy.com%22,%22topUrl%22:%22www.bestbuy.com%22,%22version%22:%225_37_0%22,%22ifa%22:{%22identifierExtractor%22:{%22origin%22:0},%22value%22:null},%22lsw%22:true,%22pm%22:0}:13:3418
r.prototype.flushEventQueue@https://gumi.criteo.com/syncframe?topUrl=www.bestbuy.com&origin=onetag#{%22bundle%22:{%22identifierExtractor%22:{%22origin%22:3},%22value%22:%22QEtvWF9UcUxaenFMZkVpYnVZU0dxZFVlTzdPYTNDRSUyQm1Nc1A4RTEzcm8zdElmRDhtNGlZYWJKZkYydWU1SEl6UG9pTDliajhtTWFhJTJCd295QWUydExXTmIlMkJsU2hmeHJGaUg1bWh2dW9EcU9CVzdabXZ5VU13bWp3cjFNZ0JjVTJTVGlHMlElMkI1aE1ORWI5RzlZZXlUQjVoMElwZyUzRCUzRA%22},%22cw%22:true,%22optout%22:{%22identifierExtractor%22:{%22origin%22:0},%22value%22:null},%22origin%22:%22onetag%22,%22tld%22:%22bestbuy.com%22,%22topUrl%22:%22www.bestbuy.com%22,%22version%22:%225_37_0%22,%22ifa%22:{%22identifierExtractor%22:{%22origin%22:0},%22value%22:null},%22lsw%22:true,%22pm%22:0}:13:3152
r/<@https://gumi.criteo.com/syncframe?topUrl=www.bestbuy.com&origin=onetag#{%22bundle%22:{%22identifierExtractor%22:{%22origin%22:3},%22value%22:%22QEtvWF9UcUxaenFMZkVpYnVZU0dxZFVlTzdPYTNDRSUyQm1Nc1A4RTEzcm8zdElmRDhtNGlZYWJKZkYydWU1SEl6UG9pTDliajhtTWFhJTJCd295QWUydExXTmIlMkJsU2hmeHJGaUg1bWh2dW9EcU9CVzdabXZ5VU13bWp3cjFNZ0JjVTJTVGlHMlElMkI1aE1ORWI5RzlZZXlUQjVoMElwZyUzRCUzRA%22},%22cw%22:true,%22optout%22:{%22identifierExtractor%22:{%22origin%22:0},%22value%22:null},%22origin%22:%22onetag%22,%22tld%22:%22bestbuy.com%22,%22topUrl%22:%22www.bestbuy.com%22,%22version%22:%225_37_0%22,%22ifa%22:{%22identifierExtractor%22:{%22origin%22:0},%22value%22:null},%22lsw%22:true,%22pm%22:0}:13:3642

JavaScript warning: https://www.bestbuy.com/WvAq5UnWpR/KtBR-G/Fkvc/rYiQNhJYOf4S9J/Z0xzNEUp/GEloW2UN/BDg, line 1: unreachable code after return statement
JavaScript warning: https://www.bestbuy.com/WvAq5UnWpR/KtBR-G/Fkvc/rYiQNhJYOf4S9J/Z0xzNEUp/GEloW2UN/BDg, line 1: unreachable code after return statement
JavaScript warning: https://www.bestbuy.com/WvAq5UnWpR/KtBR-G/Fkvc/rYiQNhJYOf4S9J/Z0xzNEUp/GEloW2UN/BDg, line 1: unreachable code after return statement
JavaScript warning: https://www.bestbuy.com/WvAq5UnWpR/KtBR-G/Fkvc/rYiQNhJYOf4S9J/Z0xzNEUp/GEloW2UN/BDg, line 1: unreachable code after return statement
JavaScript error: https://www.bestbuy.com/~assets/bby/_com/federation/mf-dep-2022-vendors-_yarn___virtual___react-dom-virtual-7a1eb688dc_0_cache_react-dom-npm-18_2_0-0db738f3e-f5258a-2d19c09e8726ad1e8e34.js, line 2: Error: Minified React error #419; visit https://reactjs.org/docs/error-decoder.html?invariant=419 for the full message or use the non-minified dev environment for full errors and additional helpful warnings.
JavaScript warning: https://www.bestbuy.com/WvAq5UnWpR/KtBR-G/Fkvc/rYiQNhJYOf4S9J/Z0xzNEUp/GEloW2UN/BDg, line 1: WEBGL_debug_renderer_info is deprecated in Firefox and will be removed. Please use RENDERER.
JavaScript warning: https://www.bestbuy.com/WvAq5UnWpR/KtBR-G/Fkvc/rYiQNhJYOf4S9J/Z0xzNEUp/GEloW2UN/BDg, line 1: WEBGL_debug_renderer_info is deprecated in Firefox and will be removed. Please use RENDERER.
JavaScript warning: https://www.bestbuy.com/WvAq5UnWpR/KtBR-G/Fkvc/rYiQNhJYOf4S9J/Z0xzNEUp/GEloW2UN/BDg, line 1: WEBGL_debug_renderer_info is deprecated in Firefox and will be removed. Please use RENDERER.
JavaScript warning: https://www.bestbuy.com/WvAq5UnWpR/KtBR-G/Fkvc/rYiQNhJYOf4S9J/Z0xzNEUp/GEloW2UN/BDg, line 1: WEBGL_debug_renderer_info is deprecated in Firefox and will be removed. Please use RENDERER.
JavaScript warning: https://pagead2.googlesyndication.com/bg/EkdjyKrF1NmAsk7REIAGOde1tWhmsx7zcO2hk2jj3tw.js line 2 > eval line 4652 > eval line 1 > eval line 1 > eval, line 1: WEBGL_debug_renderer_info is deprecated in Firefox and will be removed. Please use RENDERER.
JavaScript warning: https://www.bestbuy.com/WvAq5UnWpR/KtBR-G/Fkvc/pSiQNhJYOf/DWB2NEUp/BwdzU3tC/Al4?v=a9b4cf27-e2dd-479f-109f-98be7120b854, line 1: WEBGL_debug_renderer_info is deprecated in Firefox and will be removed. Please use RENDERER.
JavaScript warning: https://www.bestbuy.com/WvAq5UnWpR/KtBR-G/Fkvc/pSiQNhJYOf/DWB2NEUp/BwdzU3tC/Al4?v=a9b4cf27-e2dd-479f-109f-98be7120b854, line 1: WEBGL_debug_renderer_info is deprecated in Firefox and will be removed. Please use RENDERER.
JavaScript warning: https://gumi.criteo.com/syncframe?topUrl=www.bestbuy.com&origin=onetag#{%22bundle%22:{%22identifierExtractor%22:{%22origin%22:3},%22value%22:%22O05sul9UcUxaenFMZkVpYnVZU0dxZFVlTzdKQWk3UTA0Zm1pSThQQnpVUk15RGlKMVlsaGpZek5sS2F3dE5IQktGQjFDOWVQTlB1bnhnVHJXWlBSQVhodzZ3QUJoQ2xDNlIzVUt3cmxHUEpjRCUyRmoyTVNYS0lJREtKY0lPajdaZWd1QXVsUEtwRjVCNllzJTJGZUhPMXpZVUlWOGV3JTNEJTNE%22},%22cw%22:true,%22optout%22:{%22identifierExtractor%22:{%22origin%22:0},%22value%22:null},%22origin%22:%22onetag%22,%22tld%22:%22bestbuy.com%22,%22topUrl%22:%22www.bestbuy.com%22,%22version%22:%225_37_0%22,%22ifa%22:{%22identifierExtractor%22:{%22origin%22:0},%22value%22:null},%22lsw%22:true,%22pm%22:0}, line 13: Script terminated by timeout at:
r.prototype.logPixel@https://gumi.criteo.com/syncframe?topUrl=www.bestbuy.com&origin=onetag#{%22bundle%22:{%22identifierExtractor%22:{%22origin%22:3},%22value%22:%22O05sul9UcUxaenFMZkVpYnVZU0dxZFVlTzdKQWk3UTA0Zm1pSThQQnpVUk15RGlKMVlsaGpZek5sS2F3dE5IQktGQjFDOWVQTlB1bnhnVHJXWlBSQVhodzZ3QUJoQ2xDNlIzVUt3cmxHUEpjRCUyRmoyTVNYS0lJREtKY0lPajdaZWd1QXVsUEtwRjVCNllzJTJGZUhPMXpZVUlWOGV3JTNEJTNE%22},%22cw%22:true,%22optout%22:{%22identifierExtractor%22:{%22origin%22:0},%22value%22:null},%22origin%22:%22onetag%22,%22tld%22:%22bestbuy.com%22,%22topUrl%22:%22www.bestbuy.com%22,%22version%22:%225_37_0%22,%22ifa%22:{%22identifierExtractor%22:{%22origin%22:0},%22value%22:null},%22lsw%22:true,%22pm%22:0}:13:3418
r.prototype.flushEventQueue@https://gumi.criteo.com/syncframe?topUrl=www.bestbuy.com&origin=onetag#{%22bundle%22:{%22identifierExtractor%22:{%22origin%22:3},%22value%22:%22O05sul9UcUxaenFMZkVpYnVZU0dxZFVlTzdKQWk3UTA0Zm1pSThQQnpVUk15RGlKMVlsaGpZek5sS2F3dE5IQktGQjFDOWVQTlB1bnhnVHJXWlBSQVhodzZ3QUJoQ2xDNlIzVUt3cmxHUEpjRCUyRmoyTVNYS0lJREtKY0lPajdaZWd1QXVsUEtwRjVCNllzJTJGZUhPMXpZVUlWOGV3JTNEJTNE%22},%22cw%22:true,%22optout%22:{%22identifierExtractor%22:{%22origin%22:0},%22value%22:null},%22origin%22:%22onetag%22,%22tld%22:%22bestbuy.com%22,%22topUrl%22:%22www.bestbuy.com%22,%22version%22:%225_37_0%22,%22ifa%22:{%22identifierExtractor%22:{%22origin%22:0},%22value%22:null},%22lsw%22:true,%22pm%22:0}:13:3152
r/<@https://gumi.criteo.com/syncframe?topUrl=www.bestbuy.com&origin=onetag#{%22bundle%22:{%22identifierExtractor%22:{%22origin%22:3},%22value%22:%22O05sul9UcUxaenFMZkVpYnVZU0dxZFVlTzdKQWk3UTA0Zm1pSThQQnpVUk15RGlKMVlsaGpZek5sS2F3dE5IQktGQjFDOWVQTlB1bnhnVHJXWlBSQVhodzZ3QUJoQ2xDNlIzVUt3cmxHUEpjRCUyRmoyTVNYS0lJREtKY0lPajdaZWd1QXVsUEtwRjVCNllzJTJGZUhPMXpZVUlWOGV3JTNEJTNE%22},%22cw%22:true,%22optout%22:{%22identifierExtractor%22:{%22origin%22:0},%22value%22:null},%22origin%22:%22onetag%22,%22tld%22:%22bestbuy.com%22,%22topUrl%22:%22www.bestbuy.com%22,%22version%22:%225_37_0%22,%22ifa%22:{%22identifierExtractor%22:{%22origin%22:0},%22value%22:null},%22lsw%22:true,%22pm%22:0}:13:3642

JavaScript warning: https://www.bestbuy.com/WvAq5UnWpR/KtBR-G/Fkvc/rYiQNhJYOf4S9J/Z0xzNEUp/GEloW2UN/BDg, line 1: unreachable code after return statement
JavaScript warning: https://www.bestbuy.com/WvAq5UnWpR/KtBR-G/Fkvc/rYiQNhJYOf4S9J/Z0xzNEUp/GEloW2UN/BDg, line 1: unreachable code after return statement
JavaScript error: https://www.bestbuy.com/~assets/bby/_com/staging-fad56d9ad0f78ba1e7124a8ba5213507.min.js, line 2: TypeError: e.indexOf is not a function
JavaScript warning: https://www.bestbuy.com/WvAq5UnWpR/KtBR-G/Fkvc/rYiQNhJYOf4S9J/Z0xzNEUp/GEloW2UN/BDg, line 1: unreachable code after return statement
JavaScript warning: https://www.bestbuy.com/WvAq5UnWpR/KtBR-G/Fkvc/rYiQNhJYOf4S9J/Z0xzNEUp/GEloW2UN/BDg, line 1: unreachable code after return statement
JavaScript error: https://www.bestbuy.com/~assets/bby/_com/federation/mf-dep-2022-vendors-_yarn___virtual___react-dom-virtual-7a1eb688dc_0_cache_react-dom-npm-18_2_0-0db738f3e-f5258a-2d19c09e8726ad1e8e34.js, line 2: Error: Minified React error #419; visit https://reactjs.org/docs/error-decoder.html?invariant=419 for the full message or use the non-minified dev environment for full errors and additional helpful warnings.
JavaScript error: https://www.bestbuy.com/~assets/bby/_com/staging-fad56d9ad0f78ba1e7124a8ba5213507.min.js, line 2: TypeError: e.indexOf is not a function
JavaScript warning: https://www.bestbuy.com/WvAq5UnWpR/KtBR-G/Fkvc/rYiQNhJYOf4S9J/Z0xzNEUp/GEloW2UN/BDg, line 1: WEBGL_debug_renderer_info is deprecated in Firefox and will be removed. Please use RENDERER.
JavaScript warning: https://www.bestbuy.com/WvAq5UnWpR/KtBR-G/Fkvc/rYiQNhJYOf4S9J/Z0xzNEUp/GEloW2UN/BDg, line 1: WEBGL_debug_renderer_info is deprecated in Firefox and will be removed. Please use RENDERER.
JavaScript warning: https://www.bestbuy.com/WvAq5UnWpR/KtBR-G/Fkvc/rYiQNhJYOf4S9J/Z0xzNEUp/GEloW2UN/BDg, line 1: WEBGL_debug_renderer_info is deprecated in Firefox and will be removed. Please use RENDERER.
JavaScript warning: https://www.bestbuy.com/WvAq5UnWpR/KtBR-G/Fkvc/rYiQNhJYOf4S9J/Z0xzNEUp/GEloW2UN/BDg, line 1: WEBGL_debug_renderer_info is deprecated in Firefox and will be removed. Please use RENDERER.
JavaScript warning: https://pagead2.googlesyndication.com/bg/EkdjyKrF1NmAsk7REIAGOde1tWhmsx7zcO2hk2jj3tw.js line 2 > eval line 5127 > eval line 1 > eval line 1 > eval, line 1: WEBGL_debug_renderer_info is deprecated in Firefox and will be removed. Please use RENDERER.
JavaScript warning: https://www.bestbuy.com/WvAq5UnWpR/KtBR-G/Fkvc/pSiQNhJYOf/DWB2NEUp/BwdzU3tC/Al4?v=a9b4cf27-e2dd-479f-109f-98be7120b854, line 1: WEBGL_debug_renderer_info is deprecated in Firefox and will be removed. Please use RENDERER.
JavaScript warning: https://www.bestbuy.com/WvAq5UnWpR/KtBR-G/Fkvc/pSiQNhJYOf/DWB2NEUp/BwdzU3tC/Al4?v=a9b4cf27-e2dd-479f-109f-98be7120b854, line 1: WEBGL_debug_renderer_info is deprecated in Firefox and will be removed. Please use RENDERER.
JavaScript warning: https://gumi.criteo.com/syncframe?topUrl=www.bestbuy.com&origin=onetag#{%22bundle%22:{%22identifierExtractor%22:{%22origin%22:3},%22value%22:%22sLUHwF9UcUxaenFMZkVpYnVZU0dxZFVlTzdFVEVQRTVnWXRDblRCVGNGSzViTG5naGJ5M3oyTWdYM3J5akNYRkxka3kwaFN2cm9EeSUyRkZ1UU9mZmM2Q1ZYbWpqZVdVcWtoeGNVTFltS2lWa0YzTDBWZFo2U1dHcnNZVk91Q1pNcmw3ZmZnRmpFJTJCVGxIbVRWWHZwME40NVNBJTJCcVElM0QlM0Q%22},%22cw%22:true,%22optout%22:{%22identifierExtractor%22:{%22origin%22:0},%22value%22:null},%22origin%22:%22onetag%22,%22tld%22:%22bestbuy.com%22,%22topUrl%22:%22www.bestbuy.com%22,%22version%22:%225_37_0%22,%22ifa%22:{%22identifierExtractor%22:{%22origin%22:0},%22value%22:null},%22lsw%22:true,%22pm%22:0}, line 13: Script terminated by timeout at:
r.prototype.flushEventQueue@https://gumi.criteo.com/syncframe?topUrl=www.bestbuy.com&origin=onetag#{%22bundle%22:{%22identifierExtractor%22:{%22origin%22:3},%22value%22:%22sLUHwF9UcUxaenFMZkVpYnVZU0dxZFVlTzdFVEVQRTVnWXRDblRCVGNGSzViTG5naGJ5M3oyTWdYM3J5akNYRkxka3kwaFN2cm9EeSUyRkZ1UU9mZmM2Q1ZYbWpqZVdVcWtoeGNVTFltS2lWa0YzTDBWZFo2U1dHcnNZVk91Q1pNcmw3ZmZnRmpFJTJCVGxIbVRWWHZwME40NVNBJTJCcVElM0QlM0Q%22},%22cw%22:true,%22optout%22:{%22identifierExtractor%22:{%22origin%22:0},%22value%22:null},%22origin%22:%22onetag%22,%22tld%22:%22bestbuy.com%22,%22topUrl%22:%22www.bestbuy.com%22,%22version%22:%225_37_0%22,%22ifa%22:{%22identifierExtractor%22:{%22origin%22:0},%22value%22:null},%22lsw%22:true,%22pm%22:0}:13:3137
r/<@https://gumi.criteo.com/syncframe?topUrl=www.bestbuy.com&origin=onetag#{%22bundle%22:{%22identifierExtractor%22:{%22origin%22:3},%22value%22:%22sLUHwF9UcUxaenFMZkVpYnVZU0dxZFVlTzdFVEVQRTVnWXRDblRCVGNGSzViTG5naGJ5M3oyTWdYM3J5akNYRkxka3kwaFN2cm9EeSUyRkZ1UU9mZmM2Q1ZYbWpqZVdVcWtoeGNVTFltS2lWa0YzTDBWZFo2U1dHcnNZVk91Q1pNcmw3ZmZnRmpFJTJCVGxIbVRWWHZwME40NVNBJTJCcVElM0QlM0Q%22},%22cw%22:true,%22optout%22:{%22identifierExtractor%22:{%22origin%22:0},%22value%22:null},%22origin%22:%22onetag%22,%22tld%22:%22bestbuy.com%22,%22topUrl%22:%22www.bestbuy.com%22,%22version%22:%225_37_0%22,%22ifa%22:{%22identifierExtractor%22:{%22origin%22:0},%22value%22:null},%22lsw%22:true,%22pm%22:0}:13:3642

JavaScript warning: https://www.bestbuy.com/WvAq5UnWpR/KtBR-G/Fkvc/rYiQNhJYOf4S9J/Z0xzNEUp/GEloW2UN/BDg, line 1: unreachable code after return statement
JavaScript warning: https://www.bestbuy.com/WvAq5UnWpR/KtBR-G/Fkvc/rYiQNhJYOf4S9J/Z0xzNEUp/GEloW2UN/BDg, line 1: unreachable code after return statement
JavaScript warning: https://www.bestbuy.com/WvAq5UnWpR/KtBR-G/Fkvc/rYiQNhJYOf4S9J/Z0xzNEUp/GEloW2UN/BDg, line 1: unreachable code after return statement
JavaScript warning: https://www.bestbuy.com/WvAq5UnWpR/KtBR-G/Fkvc/rYiQNhJYOf4S9J/Z0xzNEUp/GEloW2UN/BDg, line 1: unreachable code after return statement
JavaScript error: https://www.bestbuy.com/~assets/bby/_com/federation/mf-dep-2022-vendors-_yarn___virtual___react-dom-virtual-7a1eb688dc_0_cache_react-dom-npm-18_2_0-0db738f3e-f5258a-2d19c09e8726ad1e8e34.js, line 2: Error: Minified React error #419; visit https://reactjs.org/docs/error-decoder.html?invariant=419 for the full message or use the non-minified dev environment for full errors and additional helpful warnings.
JavaScript warning: https://www.bestbuy.com/WvAq5UnWpR/KtBR-G/Fkvc/rYiQNhJYOf4S9J/Z0xzNEUp/GEloW2UN/BDg, line 1: WEBGL_debug_renderer_info is deprecated in Firefox and will be removed. Please use RENDERER.
JavaScript warning: https://www.bestbuy.com/WvAq5UnWpR/KtBR-G/Fkvc/rYiQNhJYOf4S9J/Z0xzNEUp/GEloW2UN/BDg, line 1: WEBGL_debug_renderer_info is deprecated in Firefox and will be removed. Please use RENDERER.
JavaScript warning: https://www.bestbuy.com/WvAq5UnWpR/KtBR-G/Fkvc/rYiQNhJYOf4S9J/Z0xzNEUp/GEloW2UN/BDg, line 1: WEBGL_debug_renderer_info is deprecated in Firefox and will be removed. Please use RENDERER.
JavaScript warning: https://www.bestbuy.com/WvAq5UnWpR/KtBR-G/Fkvc/rYiQNhJYOf4S9J/Z0xzNEUp/GEloW2UN/BDg, line 1: WEBGL_debug_renderer_info is deprecated in Firefox and will be removed. Please use RENDERER.
JavaScript warning: https://pagead2.googlesyndication.com/bg/EkdjyKrF1NmAsk7REIAGOde1tWhmsx7zcO2hk2jj3tw.js line 2 > eval line 1421 > eval line 1 > eval line 1 > eval, line 1: WEBGL_debug_renderer_info is deprecated in Firefox and will be removed. Please use RENDERER.
JavaScript warning: https://www.bestbuy.com/WvAq5UnWpR/KtBR-G/Fkvc/pSiQNhJYOf/DWB2NEUp/BwdzU3tC/Al4?v=a9b4cf27-e2dd-479f-109f-98be7120b854, line 1: WEBGL_debug_renderer_info is deprecated in Firefox and will be removed. Please use RENDERER.
JavaScript warning: https://www.bestbuy.com/WvAq5UnWpR/KtBR-G/Fkvc/pSiQNhJYOf/DWB2NEUp/BwdzU3tC/Al4?v=a9b4cf27-e2dd-479f-109f-98be7120b854, line 1: WEBGL_debug_renderer_info is deprecated in Firefox and will be removed. Please use RENDERER.
JavaScript warning: https://gumi.criteo.com/syncframe?topUrl=www.bestbuy.com&origin=onetag#{%22bundle%22:{%22identifierExtractor%22:{%22origin%22:3},%22value%22:%22Z4FfC19UcUxaenFMZkVpYnVZU0dxZFVlTzdMOXFLNVR5S1loVzdVYzhUOGUxdk9VZGZxNkJqZzRINVFHTnNETnJuU1Q3NUI5ODdpc3JnTTM2WFFxdVV2byUyRjllU3lBTUZmOHdEU2tnU1pMd1luZ291b3BjUEYyWVlnQUNYbzI2M0dGU1lLb3M0aDBqdHJWc3k2aWhJYkt5SXNPUSUzRCUzRA%22},%22cw%22:true,%22optout%22:{%22identifierExtractor%22:{%22origin%22:0},%22value%22:null},%22origin%22:%22onetag%22,%22tld%22:%22bestbuy.com%22,%22topUrl%22:%22www.bestbuy.com%22,%22version%22:%225_37_0%22,%22ifa%22:{%22identifierExtractor%22:{%22origin%22:0},%22value%22:null},%22lsw%22:true,%22pm%22:0}, line 13: Script terminated by timeout at:
r.prototype.logPixel@https://gumi.criteo.com/syncframe?topUrl=www.bestbuy.com&origin=onetag#{%22bundle%22:{%22identifierExtractor%22:{%22origin%22:3},%22value%22:%22Z4FfC19UcUxaenFMZkVpYnVZU0dxZFVlTzdMOXFLNVR5S1loVzdVYzhUOGUxdk9VZGZxNkJqZzRINVFHTnNETnJuU1Q3NUI5ODdpc3JnTTM2WFFxdVV2byUyRjllU3lBTUZmOHdEU2tnU1pMd1luZ291b3BjUEYyWVlnQUNYbzI2M0dGU1lLb3M0aDBqdHJWc3k2aWhJYkt5SXNPUSUzRCUzRA%22},%22cw%22:true,%22optout%22:{%22identifierExtractor%22:{%22origin%22:0},%22value%22:null},%22origin%22:%22onetag%22,%22tld%22:%22bestbuy.com%22,%22topUrl%22:%22www.bestbuy.com%22,%22version%22:%225_37_0%22,%22ifa%22:{%22identifierExtractor%22:{%22origin%22:0},%22value%22:null},%22lsw%22:true,%22pm%22:0}:13:3418
r.prototype.flushEventQueue@https://gumi.criteo.com/syncframe?topUrl=www.bestbuy.com&origin=onetag#{%22bundle%22:{%22identifierExtractor%22:{%22origin%22:3},%22value%22:%22Z4FfC19UcUxaenFMZkVpYnVZU0dxZFVlTzdMOXFLNVR5S1loVzdVYzhUOGUxdk9VZGZxNkJqZzRINVFHTnNETnJuU1Q3NUI5ODdpc3JnTTM2WFFxdVV2byUyRjllU3lBTUZmOHdEU2tnU1pMd1luZ291b3BjUEYyWVlnQUNYbzI2M0dGU1lLb3M0aDBqdHJWc3k2aWhJYkt5SXNPUSUzRCUzRA%22},%22cw%22:true,%22optout%22:{%22identifierExtractor%22:{%22origin%22:0},%22value%22:null},%22origin%22:%22onetag%22,%22tld%22:%22bestbuy.com%22,%22topUrl%22:%22www.bestbuy.com%22,%22version%22:%225_37_0%22,%22ifa%22:{%22identifierExtractor%22:{%22origin%22:0},%22value%22:null},%22lsw%22:true,%22pm%22:0}:13:3152
r/<@https://gumi.criteo.com/syncframe?topUrl=www.bestbuy.com&origin=onetag#{%22bundle%22:{%22identifierExtractor%22:{%22origin%22:3},%22value%22:%22Z4FfC19UcUxaenFMZkVpYnVZU0dxZFVlTzdMOXFLNVR5S1loVzdVYzhUOGUxdk9VZGZxNkJqZzRINVFHTnNETnJuU1Q3NUI5ODdpc3JnTTM2WFFxdVV2byUyRjllU3lBTUZmOHdEU2tnU1pMd1luZ291b3BjUEYyWVlnQUNYbzI2M0dGU1lLb3M0aDBqdHJWc3k2aWhJYkt5SXNPUSUzRCUzRA%22},%22cw%22:true,%22optout%22:{%22identifierExtractor%22:{%22origin%22:0},%22value%22:null},%22origin%22:%22onetag%22,%22tld%22:%22bestbuy.com%22,%22topUrl%22:%22www.bestbuy.com%22,%22version%22:%225_37_0%22,%22ifa%22:{%22identifierExtractor%22:{%22origin%22:0},%22value%22:null},%22lsw%22:true,%22pm%22:0}:13:3642

JavaScript warning: https://www.bestbuy.com/WvAq5UnWpR/KtBR-G/Fkvc/rYiQNhJYOf4S9J/Z0xzNEUp/GEloW2UN/BDg, line 1: unreachable code after return statement
JavaScript warning: https://www.bestbuy.com/WvAq5UnWpR/KtBR-G/Fkvc/rYiQNhJYOf4S9J/Z0xzNEUp/GEloW2UN/BDg, line 1: unreachable code after return statement
JavaScript error: https://www.bestbuy.com/~assets/bby/_com/staging-fad56d9ad0f78ba1e7124a8ba5213507.min.js, line 2: TypeError: e.indexOf is not a function
JavaScript error: https://www.bestbuy.com/~assets/bby/_com/federation/mf-dep-2022-vendors-_yarn___virtual___react-dom-virtual-7a1eb688dc_0_cache_react-dom-npm-18_2_0-0db738f3e-f5258a-2d19c09e8726ad1e8e34.js, line 2: Error: Minified React error #419; visit https://reactjs.org/docs/error-decoder.html?invariant=419 for the full message or use the non-minified dev environment for full errors and additional helpful warnings.
JavaScript warning: https://www.bestbuy.com/WvAq5UnWpR/KtBR-G/Fkvc/rYiQNhJYOf4S9J/Z0xzNEUp/GEloW2UN/BDg, line 1: unreachable code after return statement
JavaScript warning: https://www.bestbuy.com/WvAq5UnWpR/KtBR-G/Fkvc/rYiQNhJYOf4S9J/Z0xzNEUp/GEloW2UN/BDg, line 1: unreachable code after return statement
JavaScript warning: https://www.bestbuy.com/WvAq5UnWpR/KtBR-G/Fkvc/rYiQNhJYOf4S9J/Z0xzNEUp/GEloW2UN/BDg, line 1: WEBGL_debug_renderer_info is deprecated in Firefox and will be removed. Please use RENDERER.
JavaScript warning: https://www.bestbuy.com/WvAq5UnWpR/KtBR-G/Fkvc/rYiQNhJYOf4S9J/Z0xzNEUp/GEloW2UN/BDg, line 1: WEBGL_debug_renderer_info is deprecated in Firefox and will be removed. Please use RENDERER.
JavaScript warning: https://www.bestbuy.com/WvAq5UnWpR/KtBR-G/Fkvc/rYiQNhJYOf4S9J/Z0xzNEUp/GEloW2UN/BDg, line 1: WEBGL_debug_renderer_info is deprecated in Firefox and will be removed. Please use RENDERER.
JavaScript warning: https://www.bestbuy.com/WvAq5UnWpR/KtBR-G/Fkvc/rYiQNhJYOf4S9J/Z0xzNEUp/GEloW2UN/BDg, line 1: WEBGL_debug_renderer_info is deprecated in Firefox and will be removed. Please use RENDERER.
JavaScript warning: https://pagead2.googlesyndication.com/bg/EkdjyKrF1NmAsk7REIAGOde1tWhmsx7zcO2hk2jj3tw.js line 2 > eval line 4199 > eval line 1 > eval line 1 > eval, line 1: WEBGL_debug_renderer_info is deprecated in Firefox and will be removed. Please use RENDERER.
JavaScript warning: https://www.bestbuy.com/WvAq5UnWpR/KtBR-G/Fkvc/pSiQNhJYOf/DWB2NEUp/BwdzU3tC/Al4?v=a9b4cf27-e2dd-479f-109f-98be7120b854, line 1: WEBGL_debug_renderer_info is deprecated in Firefox and will be removed. Please use RENDERER.
JavaScript warning: https://www.bestbuy.com/WvAq5UnWpR/KtBR-G/Fkvc/pSiQNhJYOf/DWB2NEUp/BwdzU3tC/Al4?v=a9b4cf27-e2dd-479f-109f-98be7120b854, line 1: WEBGL_debug_renderer_info is deprecated in Firefox and will be removed. Please use RENDERER.
JavaScript warning: https://gumi.criteo.com/syncframe?topUrl=www.bestbuy.com&origin=onetag#{%22bundle%22:{%22identifierExtractor%22:{%22origin%22:3},%22value%22:%22pkhfqF9UcUxaenFMZkVpYnVZU0dxZFVlTzdITVBybTBmMFIxTU16dXdrSjBtcGZteTRPSGdQRjh6cExVWk92S2pmbVBlSWJoSFp2dk5lWDk3Z0tKYVZyMktkbEhNaCUyQmhlMzAwRVFwNEx5SCUyQldRcnBWUFZ4JTJCOERvTTlhODBtdXpMQ25xSFBRTmdPWTRaTmo4JTJCTlBhblZoVjZZZyUzRCUzRA%22},%22cw%22:true,%22optout%22:{%22identifierExtractor%22:{%22origin%22:0},%22value%22:null},%22origin%22:%22onetag%22,%22tld%22:%22bestbuy.com%22,%22topUrl%22:%22www.bestbuy.com%22,%22version%22:%225_37_0%22,%22ifa%22:{%22identifierExtractor%22:{%22origin%22:0},%22value%22:null},%22lsw%22:true,%22pm%22:0}, line 13: Script terminated by timeout at:
r.prototype.flushEventQueue@https://gumi.criteo.com/syncframe?topUrl=www.bestbuy.com&origin=onetag#{%22bundle%22:{%22identifierExtractor%22:{%22origin%22:3},%22value%22:%22pkhfqF9UcUxaenFMZkVpYnVZU0dxZFVlTzdITVBybTBmMFIxTU16dXdrSjBtcGZteTRPSGdQRjh6cExVWk92S2pmbVBlSWJoSFp2dk5lWDk3Z0tKYVZyMktkbEhNaCUyQmhlMzAwRVFwNEx5SCUyQldRcnBWUFZ4JTJCOERvTTlhODBtdXpMQ25xSFBRTmdPWTRaTmo4JTJCTlBhblZoVjZZZyUzRCUzRA%22},%22cw%22:true,%22optout%22:{%22identifierExtractor%22:{%22origin%22:0},%22value%22:null},%22origin%22:%22onetag%22,%22tld%22:%22bestbuy.com%22,%22topUrl%22:%22www.bestbuy.com%22,%22version%22:%225_37_0%22,%22ifa%22:{%22identifierExtractor%22:{%22origin%22:0},%22value%22:null},%22lsw%22:true,%22pm%22:0}:13:3137
r/<@https://gumi.criteo.com/syncframe?topUrl=www.bestbuy.com&origin=onetag#{%22bundle%22:{%22identifierExtractor%22:{%22origin%22:3},%22value%22:%22pkhfqF9UcUxaenFMZkVpYnVZU0dxZFVlTzdITVBybTBmMFIxTU16dXdrSjBtcGZteTRPSGdQRjh6cExVWk92S2pmbVBlSWJoSFp2dk5lWDk3Z0tKYVZyMktkbEhNaCUyQmhlMzAwRVFwNEx5SCUyQldRcnBWUFZ4JTJCOERvTTlhODBtdXpMQ25xSFBRTmdPWTRaTmo4JTJCTlBhblZoVjZZZyUzRCUzRA%22},%22cw%22:true,%22optout%22:{%22identifierExtractor%22:{%22origin%22:0},%22value%22:null},%22origin%22:%22onetag%22,%22tld%22:%22bestbuy.com%22,%22topUrl%22:%22www.bestbuy.com%22,%22version%22:%225_37_0%22,%22ifa%22:{%22identifierExtractor%22:{%22origin%22:0},%22value%22:null},%22lsw%22:true,%22pm%22:0}:13:3642

JavaScript warning: https://www.bestbuy.com/WvAq5UnWpR/KtBR-G/Fkvc/rYiQNhJYOf4S9J/Z0xzNEUp/GEloW2UN/BDg, line 1: unreachable code after return statement
JavaScript warning: https://www.bestbuy.com/WvAq5UnWpR/KtBR-G/Fkvc/rYiQNhJYOf4S9J/Z0xzNEUp/GEloW2UN/BDg, line 1: unreachable code after return statement
JavaScript error: https://www.bestbuy.com/~assets/bby/_com/staging-fad56d9ad0f78ba1e7124a8ba5213507.min.js, line 2: TypeError: e.indexOf is not a function
JavaScript error: https://www.bestbuy.com/~assets/bby/_com/federation/mf-dep-2022-vendors-_yarn___virtual___react-dom-virtual-7a1eb688dc_0_cache_react-dom-npm-18_2_0-0db738f3e-f5258a-2d19c09e8726ad1e8e34.js, line 2: Error: Minified React error #419; visit https://reactjs.org/docs/error-decoder.html?invariant=419 for the full message or use the non-minified dev environment for full errors and additional helpful warnings.
JavaScript warning: https://www.bestbuy.com/WvAq5UnWpR/KtBR-G/Fkvc/rYiQNhJYOf4S9J/Z0xzNEUp/GEloW2UN/BDg, line 1: unreachable code after return statement
JavaScript warning: https://www.bestbuy.com/WvAq5UnWpR/KtBR-G/Fkvc/rYiQNhJYOf4S9J/Z0xzNEUp/GEloW2UN/BDg, line 1: unreachable code after return statement
JavaScript warning: https://www.bestbuy.com/WvAq5UnWpR/KtBR-G/Fkvc/rYiQNhJYOf4S9J/Z0xzNEUp/GEloW2UN/BDg, line 1: WEBGL_debug_renderer_info is deprecated in Firefox and will be removed. Please use RENDERER.
JavaScript warning: https://www.bestbuy.com/WvAq5UnWpR/KtBR-G/Fkvc/rYiQNhJYOf4S9J/Z0xzNEUp/GEloW2UN/BDg, line 1: WEBGL_debug_renderer_info is deprecated in Firefox and will be removed. Please use RENDERER.
JavaScript warning: https://www.bestbuy.com/WvAq5UnWpR/KtBR-G/Fkvc/rYiQNhJYOf4S9J/Z0xzNEUp/GEloW2UN/BDg, line 1: WEBGL_debug_renderer_info is deprecated in Firefox and will be removed. Please use RENDERER.
JavaScript warning: https://www.bestbuy.com/WvAq5UnWpR/KtBR-G/Fkvc/rYiQNhJYOf4S9J/Z0xzNEUp/GEloW2UN/BDg, line 1: WEBGL_debug_renderer_info is deprecated in Firefox and will be removed. Please use RENDERER.
JavaScript warning: https://pagead2.googlesyndication.com/bg/EkdjyKrF1NmAsk7REIAGOde1tWhmsx7zcO2hk2jj3tw.js line 2 > eval line 899 > eval line 1 > eval line 1 > eval, line 1: WEBGL_debug_renderer_info is deprecated in Firefox and will be removed. Please use RENDERER.
JavaScript warning: https://www.bestbuy.com/WvAq5UnWpR/KtBR-G/Fkvc/pSiQNhJYOf/DWB2NEUp/BwdzU3tC/Al4?v=a9b4cf27-e2dd-479f-109f-98be7120b854, line 1: WEBGL_debug_renderer_info is deprecated in Firefox and will be removed. Please use RENDERER.
JavaScript warning: https://www.bestbuy.com/WvAq5UnWpR/KtBR-G/Fkvc/pSiQNhJYOf/DWB2NEUp/BwdzU3tC/Al4?v=a9b4cf27-e2dd-479f-109f-98be7120b854, line 1: WEBGL_debug_renderer_info is deprecated in Firefox and will be removed. Please use RENDERER.
JavaScript warning: https://gumi.criteo.com/syncframe?topUrl=www.bestbuy.com&origin=onetag#{%22bundle%22:{%22identifierExtractor%22:{%22origin%22:3},%22value%22:%22hhvGnV9UcUxaenFMZkVpYnVZU0dxZFVlTzdMdTNFUzVabnVETk9HMm5nbTRRVG1lbUElMkZqaVg1b2dSVkUyZFRsSE10YW1xWWZIRmZ5MmlJJTJCOXhjVyUyQmRWY0w0Q3d3S1pVclJaTHF5REFDbDE0TkkyQmJOMnYxJTJCM094bjFwdW9tZE5nQm5RdTY0SWtvT3RBQ1VmY0Mxa2lyT1kzZyUzRCUzRA%22},%22cw%22:true,%22optout%22:{%22identifierExtractor%22:{%22origin%22:0},%22value%22:null},%22origin%22:%22onetag%22,%22tld%22:%22bestbuy.com%22,%22topUrl%22:%22www.bestbuy.com%22,%22version%22:%225_37_0%22,%22ifa%22:{%22identifierExtractor%22:{%22origin%22:0},%22value%22:null},%22lsw%22:true,%22pm%22:0}, line 13: Script terminated by timeout at:
r.prototype.flushEventQueue@https://gumi.criteo.com/syncframe?topUrl=www.bestbuy.com&origin=onetag#{%22bundle%22:{%22identifierExtractor%22:{%22origin%22:3},%22value%22:%22hhvGnV9UcUxaenFMZkVpYnVZU0dxZFVlTzdMdTNFUzVabnVETk9HMm5nbTRRVG1lbUElMkZqaVg1b2dSVkUyZFRsSE10YW1xWWZIRmZ5MmlJJTJCOXhjVyUyQmRWY0w0Q3d3S1pVclJaTHF5REFDbDE0TkkyQmJOMnYxJTJCM094bjFwdW9tZE5nQm5RdTY0SWtvT3RBQ1VmY0Mxa2lyT1kzZyUzRCUzRA%22},%22cw%22:true,%22optout%22:{%22identifierExtractor%22:{%22origin%22:0},%22value%22:null},%22origin%22:%22onetag%22,%22tld%22:%22bestbuy.com%22,%22topUrl%22:%22www.bestbuy.com%22,%22version%22:%225_37_0%22,%22ifa%22:{%22identifierExtractor%22:{%22origin%22:0},%22value%22:null},%22lsw%22:true,%22pm%22:0}:13:3137
r/<@https://gumi.criteo.com/syncframe?topUrl=www.bestbuy.com&origin=onetag#{%22bundle%22:{%22identifierExtractor%22:{%22origin%22:3},%22value%22:%22hhvGnV9UcUxaenFMZkVpYnVZU0dxZFVlTzdMdTNFUzVabnVETk9HMm5nbTRRVG1lbUElMkZqaVg1b2dSVkUyZFRsSE10YW1xWWZIRmZ5MmlJJTJCOXhjVyUyQmRWY0w0Q3d3S1pVclJaTHF5REFDbDE0TkkyQmJOMnYxJTJCM094bjFwdW9tZE5nQm5RdTY0SWtvT3RBQ1VmY0Mxa2lyT1kzZyUzRCUzRA%22},%22cw%22:true,%22optout%22:{%22identifierExtractor%22:{%22origin%22:0},%22value%22:null},%22origin%22:%22onetag%22,%22tld%22:%22bestbuy.com%22,%22topUrl%22:%22www.bestbuy.com%22,%22version%22:%225_37_0%22,%22ifa%22:{%22identifierExtractor%22:{%22origin%22:0},%22value%22:null},%22lsw%22:true,%22pm%22:0}:13:3642

JavaScript error: https://www.bestbuy.com/~assets/bby/_com/staging-fad56d9ad0f78ba1e7124a8ba5213507.min.js, line 2: TypeError: e.indexOf is not a function
JavaScript warning: https://www.bestbuy.com/WvAq5UnWpR/KtBR-G/Fkvc/rYiQNhJYOf4S9J/Z0xzNEUp/GEloW2UN/BDg, line 1: unreachable code after return statement
JavaScript warning: https://www.bestbuy.com/WvAq5UnWpR/KtBR-G/Fkvc/rYiQNhJYOf4S9J/Z0xzNEUp/GEloW2UN/BDg, line 1: unreachable code after return statement
JavaScript error: https://www.bestbuy.com/~assets/bby/_com/federation/mf-dep-2022-vendors-_yarn___virtual___react-dom-virtual-7a1eb688dc_0_cache_react-dom-npm-18_2_0-0db738f3e-f5258a-2d19c09e8726ad1e8e34.js, line 2: Error: Minified React error #419; visit https://reactjs.org/docs/error-decoder.html?invariant=419 for the full message or use the non-minified dev environment for full errors and additional helpful warnings.
JavaScript warning: https://www.bestbuy.com/WvAq5UnWpR/KtBR-G/Fkvc/rYiQNhJYOf4S9J/Z0xzNEUp/GEloW2UN/BDg, line 1: unreachable code after return statement
JavaScript warning: https://www.bestbuy.com/WvAq5UnWpR/KtBR-G/Fkvc/rYiQNhJYOf4S9J/Z0xzNEUp/GEloW2UN/BDg, line 1: unreachable code after return statement
JavaScript warning: https://www.bestbuy.com/WvAq5UnWpR/KtBR-G/Fkvc/rYiQNhJYOf4S9J/Z0xzNEUp/GEloW2UN/BDg, line 1: WEBGL_debug_renderer_info is deprecated in Firefox and will be removed. Please use RENDERER.
JavaScript warning: https://www.bestbuy.com/WvAq5UnWpR/KtBR-G/Fkvc/rYiQNhJYOf4S9J/Z0xzNEUp/GEloW2UN/BDg, line 1: WEBGL_debug_renderer_info is deprecated in Firefox and will be removed. Please use RENDERER.
JavaScript warning: https://www.bestbuy.com/WvAq5UnWpR/KtBR-G/Fkvc/rYiQNhJYOf4S9J/Z0xzNEUp/GEloW2UN/BDg, line 1: WEBGL_debug_renderer_info is deprecated in Firefox and will be removed. Please use RENDERER.
JavaScript warning: https://www.bestbuy.com/WvAq5UnWpR/KtBR-G/Fkvc/rYiQNhJYOf4S9J/Z0xzNEUp/GEloW2UN/BDg, line 1: WEBGL_debug_renderer_info is deprecated in Firefox and will be removed. Please use RENDERER.
JavaScript warning: https://pagead2.googlesyndication.com/bg/EkdjyKrF1NmAsk7REIAGOde1tWhmsx7zcO2hk2jj3tw.js line 2 > eval line 71 > eval line 1 > eval line 1 > eval, line 1: WEBGL_debug_renderer_info is deprecated in Firefox and will be removed. Please use RENDERER.
JavaScript warning: https://www.bestbuy.com/WvAq5UnWpR/KtBR-G/Fkvc/pSiQNhJYOf/DWB2NEUp/BwdzU3tC/Al4?v=a9b4cf27-e2dd-479f-109f-98be7120b854, line 1: WEBGL_debug_renderer_info is deprecated in Firefox and will be removed. Please use RENDERER.
JavaScript warning: https://www.bestbuy.com/WvAq5UnWpR/KtBR-G/Fkvc/pSiQNhJYOf/DWB2NEUp/BwdzU3tC/Al4?v=a9b4cf27-e2dd-479f-109f-98be7120b854, line 1: WEBGL_debug_renderer_info is deprecated in Firefox and will be removed. Please use RENDERER.
JavaScript warning: https://www.bestbuy.com/~assets/bby/_js/ext/bbydyn/dyn_digital_gvp.js, line 94: Script terminated by timeout at:
H@https://www.bestbuy.com/~assets/bby/_js/ext/bbydyn/dyn_digital_gvp.js:94:406
Pe@https://www.bestbuy.com/~assets/bby/_js/ext/bbydyn/dyn_digital_gvp.js:171:316
Kh@https://www.bestbuy.com/~assets/bby/_js/ext/bbydyn/dyn_digital_gvp.js:176:149

JavaScript warning: https://gumi.criteo.com/syncframe?topUrl=www.bestbuy.com&origin=onetag#{%22bundle%22:{%22identifierExtractor%22:{%22origin%22:3},%22value%22:%22ZyRUfF9UcUxaenFMZkVpYnVZU0dxZFVlTzdOY3dSMW5nT091TVBRVFUlMkJLTjlsdnBBSHpLQ3RJSElFS1FFdEc2aDB6UU9FbXBFNjJQNkZRcmtoYjVKNGhaSEtJaFBWWlo2UHFNS0lUeUd5Q0RaaGwwM3hXQnZiUmRZMGRWJTJGSDhmcW5yczdIMFFlbVdnaHo5RzJhV1dmZ2owZWVBJTNEJTNE%22},%22cw%22:true,%22optout%22:{%22identifierExtractor%22:{%22origin%22:0},%22value%22:null},%22origin%22:%22onetag%22,%22tld%22:%22bestbuy.com%22,%22topUrl%22:%22www.bestbuy.com%22,%22version%22:%225_37_0%22,%22ifa%22:{%22identifierExtractor%22:{%22origin%22:0},%22value%22:null},%22lsw%22:true,%22pm%22:0}, line 13: Script terminated by timeout at:
r.prototype.flushEventQueue@https://gumi.criteo.com/syncframe?topUrl=www.bestbuy.com&origin=onetag#{%22bundle%22:{%22identifierExtractor%22:{%22origin%22:3},%22value%22:%22ZyRUfF9UcUxaenFMZkVpYnVZU0dxZFVlTzdOY3dSMW5nT091TVBRVFUlMkJLTjlsdnBBSHpLQ3RJSElFS1FFdEc2aDB6UU9FbXBFNjJQNkZRcmtoYjVKNGhaSEtJaFBWWlo2UHFNS0lUeUd5Q0RaaGwwM3hXQnZiUmRZMGRWJTJGSDhmcW5yczdIMFFlbVdnaHo5RzJhV1dmZ2owZWVBJTNEJTNE%22},%22cw%22:true,%22optout%22:{%22identifierExtractor%22:{%22origin%22:0},%22value%22:null},%22origin%22:%22onetag%22,%22tld%22:%22bestbuy.com%22,%22topUrl%22:%22www.bestbuy.com%22,%22version%22:%225_37_0%22,%22ifa%22:{%22identifierExtractor%22:{%22origin%22:0},%22value%22:null},%22lsw%22:true,%22pm%22:0}:13:3137
r/<@https://gumi.criteo.com/syncframe?topUrl=www.bestbuy.com&origin=onetag#{%22bundle%22:{%22identifierExtractor%22:{%22origin%22:3},%22value%22:%22ZyRUfF9UcUxaenFMZkVpYnVZU0dxZFVlTzdOY3dSMW5nT091TVBRVFUlMkJLTjlsdnBBSHpLQ3RJSElFS1FFdEc2aDB6UU9FbXBFNjJQNkZRcmtoYjVKNGhaSEtJaFBWWlo2UHFNS0lUeUd5Q0RaaGwwM3hXQnZiUmRZMGRWJTJGSDhmcW5yczdIMFFlbVdnaHo5RzJhV1dmZ2owZWVBJTNEJTNE%22},%22cw%22:true,%22optout%22:{%22identifierExtractor%22:{%22origin%22:0},%22value%22:null},%22origin%22:%22onetag%22,%22tld%22:%22bestbuy.com%22,%22topUrl%22:%22www.bestbuy.com%22,%22version%22:%225_37_0%22,%22ifa%22:{%22identifierExtractor%22:{%22origin%22:0},%22value%22:null},%22lsw%22:true,%22pm%22:0}:13:3642

JavaScript error: https://partstore.com/cdn/shop/t/12/assets/jquery.slick.min.js?v=89044120418723834191726471700, line 1: TypeError: e.$slides is null
JavaScript error: https://www.bestbuy.com/~assets/bby/_com/staging-fad56d9ad0f78ba1e7124a8ba5213507.min.js, line 2: TypeError: e.indexOf is not a function
JavaScript warning: https://www.bestbuy.com/WvAq5UnWpR/KtBR-G/Fkvc/rYiQNhJYOf4S9J/Z0xzNEUp/GEloW2UN/BDg, line 1: unreachable code after return statement
JavaScript warning: https://www.bestbuy.com/WvAq5UnWpR/KtBR-G/Fkvc/rYiQNhJYOf4S9J/Z0xzNEUp/GEloW2UN/BDg, line 1: unreachable code after return statement
JavaScript warning: https://www.bestbuy.com/WvAq5UnWpR/KtBR-G/Fkvc/rYiQNhJYOf4S9J/Z0xzNEUp/GEloW2UN/BDg, line 1: unreachable code after return statement
JavaScript warning: https://www.bestbuy.com/WvAq5UnWpR/KtBR-G/Fkvc/rYiQNhJYOf4S9J/Z0xzNEUp/GEloW2UN/BDg, line 1: unreachable code after return statement
JavaScript error: https://www.bestbuy.com/~assets/bby/_com/federation/mf-dep-2022-vendors-_yarn___virtual___react-dom-virtual-7a1eb688dc_0_cache_react-dom-npm-18_2_0-0db738f3e-f5258a-2d19c09e8726ad1e8e34.js, line 2: Error: Minified React error #419; visit https://reactjs.org/docs/error-decoder.html?invariant=419 for the full message or use the non-minified dev environment for full errors and additional helpful warnings.
JavaScript warning: https://www.bestbuy.com/WvAq5UnWpR/KtBR-G/Fkvc/rYiQNhJYOf4S9J/Z0xzNEUp/GEloW2UN/BDg, line 1: WEBGL_debug_renderer_info is deprecated in Firefox and will be removed. Please use RENDERER.
JavaScript warning: https://www.bestbuy.com/WvAq5UnWpR/KtBR-G/Fkvc/rYiQNhJYOf4S9J/Z0xzNEUp/GEloW2UN/BDg, line 1: WEBGL_debug_renderer_info is deprecated in Firefox and will be removed. Please use RENDERER.
JavaScript warning: https://www.bestbuy.com/WvAq5UnWpR/KtBR-G/Fkvc/rYiQNhJYOf4S9J/Z0xzNEUp/GEloW2UN/BDg, line 1: WEBGL_debug_renderer_info is deprecated in Firefox and will be removed. Please use RENDERER.
JavaScript warning: https://www.bestbuy.com/WvAq5UnWpR/KtBR-G/Fkvc/rYiQNhJYOf4S9J/Z0xzNEUp/GEloW2UN/BDg, line 1: WEBGL_debug_renderer_info is deprecated in Firefox and will be removed. Please use RENDERER.
JavaScript warning: https://pagead2.googlesyndication.com/bg/EkdjyKrF1NmAsk7REIAGOde1tWhmsx7zcO2hk2jj3tw.js line 2 > eval line 5026 > eval line 1 > eval line 1 > eval, line 1: WEBGL_debug_renderer_info is deprecated in Firefox and will be removed. Please use RENDERER.
JavaScript warning: https://www.bestbuy.com/WvAq5UnWpR/KtBR-G/Fkvc/pSiQNhJYOf/DWB2NEUp/BwdzU3tC/Al4?v=a9b4cf27-e2dd-479f-109f-98be7120b854, line 1: WEBGL_debug_renderer_info is deprecated in Firefox and will be removed. Please use RENDERER.
JavaScript warning: https://www.bestbuy.com/WvAq5UnWpR/KtBR-G/Fkvc/pSiQNhJYOf/DWB2NEUp/BwdzU3tC/Al4?v=a9b4cf27-e2dd-479f-109f-98be7120b854, line 1: WEBGL_debug_renderer_info is deprecated in Firefox and will be removed. Please use RENDERER.
JavaScript warning: https://www.bestbuy.com/WvAq5UnWpR/KtBR-G/Fkvc/rYiQNhJYOf4S9J/Z0xzNEUp/GEloW2UN/BDg, line 1: unreachable code after return statement
JavaScript warning: https://www.bestbuy.com/WvAq5UnWpR/KtBR-G/Fkvc/rYiQNhJYOf4S9J/Z0xzNEUp/GEloW2UN/BDg, line 1: unreachable code after return statement
JavaScript warning: https://www.bestbuy.com/WvAq5UnWpR/KtBR-G/Fkvc/rYiQNhJYOf4S9J/Z0xzNEUp/GEloW2UN/BDg, line 1: unreachable code after return statement
JavaScript warning: https://www.bestbuy.com/WvAq5UnWpR/KtBR-G/Fkvc/rYiQNhJYOf4S9J/Z0xzNEUp/GEloW2UN/BDg, line 1: unreachable code after return statement
JavaScript error: https://www.bestbuy.com/~assets/bby/_com/federation/mf-dep-2022-vendors-_yarn___virtual___react-dom-virtual-7a1eb688dc_0_cache_react-dom-npm-18_2_0-0db738f3e-f5258a-2d19c09e8726ad1e8e34.js, line 2: Error: Minified React error #419; visit https://reactjs.org/docs/error-decoder.html?invariant=419 for the full message or use the non-minified dev environment for full errors and additional helpful warnings.
JavaScript warning: https://www.bestbuy.com/WvAq5UnWpR/KtBR-G/Fkvc/rYiQNhJYOf4S9J/Z0xzNEUp/GEloW2UN/BDg, line 1: WEBGL_debug_renderer_info is deprecated in Firefox and will be removed. Please use RENDERER.
JavaScript warning: https://www.bestbuy.com/WvAq5UnWpR/KtBR-G/Fkvc/rYiQNhJYOf4S9J/Z0xzNEUp/GEloW2UN/BDg, line 1: WEBGL_debug_renderer_info is deprecated in Firefox and will be removed. Please use RENDERER.
JavaScript warning: https://www.bestbuy.com/WvAq5UnWpR/KtBR-G/Fkvc/rYiQNhJYOf4S9J/Z0xzNEUp/GEloW2UN/BDg, line 1: WEBGL_debug_renderer_info is deprecated in Firefox and will be removed. Please use RENDERER.
JavaScript warning: https://www.bestbuy.com/WvAq5UnWpR/KtBR-G/Fkvc/rYiQNhJYOf4S9J/Z0xzNEUp/GEloW2UN/BDg, line 1: WEBGL_debug_renderer_info is deprecated in Firefox and will be removed. Please use RENDERER.
JavaScript warning: https://pagead2.googlesyndication.com/bg/EkdjyKrF1NmAsk7REIAGOde1tWhmsx7zcO2hk2jj3tw.js line 2 > eval line 3586 > eval line 1 > eval line 1 > eval, line 1: WEBGL_debug_renderer_info is deprecated in Firefox and will be removed. Please use RENDERER.
JavaScript warning: https://www.bestbuy.com/WvAq5UnWpR/KtBR-G/Fkvc/pSiQNhJYOf/DWB2NEUp/BwdzU3tC/Al4?v=a9b4cf27-e2dd-479f-109f-98be7120b854, line 1: WEBGL_debug_renderer_info is deprecated in Firefox and will be removed. Please use RENDERER.
JavaScript warning: https://www.bestbuy.com/WvAq5UnWpR/KtBR-G/Fkvc/pSiQNhJYOf/DWB2NEUp/BwdzU3tC/Al4?v=a9b4cf27-e2dd-479f-109f-98be7120b854, line 1: WEBGL_debug_renderer_info is deprecated in Firefox and will be removed. Please use RENDERER.
]]></system-err>
  </testcase>
</testsuite>