<?xml version="1.0" encoding="UTF-8"?>
<!-- Generated by org.testng.reporters.JUnitReportReporter -->
<testsuite skipped="0" hostname="LAPTOP-G0UQGSFP" name="Happy_Path_Patient_Web_and_MR.cukes.DemoWebBestBuy" tests="2" failures="1" timestamp="2025-04-26T17:29:20 IST" time="241.941" errors="0">
  <testcase name="runScenario" time="216.501" classname="Happy_Path_Patient_Web_and_MR.cukes.DemoWebBestBuy">
    <failure type="java.lang.AssertionError" message="expected [true] but found [false]">
      <![CDATA[java.lang.AssertionError: expected [true] but found [false]
at org.testng.Assert.fail(Assert.java:99)
at org.testng.Assert.failNotEquals(Assert.java:1037)
at org.testng.Assert.assertTrue(Assert.java:45)
at org.testng.Assert.assertTrue(Assert.java:55)
at Happy_Path_Patient_Web_and_MR.stepDefinitions.BestBuySteps.iShouldValidateSupportAndServicesSubMenuURL(BestBuySteps.java:134)
at âœ½.I should validate Support and Services Sub-Menu URL "&SUPPORTANDSERVICESPAGEURL&"(file:///E:/ShareWebCopy_Guvi_BestBuy/src/test/resources/features/BestBuyPurchase/1_GUVI_BestBuyPurchase.feature:53)
]]>
    </failure>
  </testcase> <!-- runScenario -->
  <system-out/>
  <testcase name="runScenario" time="25.440" classname="Happy_Path_Patient_Web_and_MR.cukes.DemoWebBestBuy"/>
  <system-out/>
</testsuite> <!-- Happy_Path_Patient_Web_and_MR.cukes.DemoWebBestBuy -->
