<?xml version="1.0" encoding="UTF-8"?>
<!-- Generated by org.testng.reporters.JUnitReportReporter -->
<testsuite skipped="0" hostname="LAPTOP-G0UQGSFP" name="Happy_Path_Patient_Web_and_MR.cukes.DemoWebBestBuy" tests="2" failures="0" timestamp="2025-04-19T20:11:48 IST" time="53.069" errors="0">
  <testcase name="runScenario" time="32.686" classname="Happy_Path_Patient_Web_and_MR.cukes.DemoWebBestBuy"/>
  <system-out/>
  <testcase name="runScenario" time="20.383" classname="Happy_Path_Patient_Web_and_MR.cukes.DemoWebBestBuy"/>
  <system-out/>
</testsuite> <!-- Happy_Path_Patient_Web_and_MR.cukes.DemoWebBestBuy -->
