<?xml version="1.0" encoding="UTF-8"?>
<!-- Generated by org.testng.reporters.JUnitReportReporter -->
<testsuite skipped="0" hostname="LAPTOP-G0UQGSFP" name="Happy_Path_Patient_Web_and_MR.cukes.DemoWebBestBuy" tests="2" failures="0" timestamp="2025-04-13T16:49:34 IST" time="65.852" errors="0">
  <testcase name="runScenario" time="40.302" classname="Happy_Path_Patient_Web_and_MR.cukes.DemoWebBestBuy"/>
  <system-out/>
  <testcase name="runScenario" time="25.550" classname="Happy_Path_Patient_Web_and_MR.cukes.DemoWebBestBuy"/>
  <system-out/>
</testsuite> <!-- Happy_Path_Patient_Web_and_MR.cukes.DemoWebBestBuy -->
